2002.041096
   Z       E            F
   1  1.000E-02  8.418E+00
   1  1.150E-02  9.820E+00
   1  1.322E-02  1.146E+01
   1  1.520E-02  1.337E+01
   1  1.748E-02  1.561E+01
   1  2.009E-02  1.823E+01
   1  2.310E-02  2.131E+01
   1  2.656E-02  2.492E+01
   1  3.054E-02  2.916E+01
   1  3.511E-02  3.415E+01
   1  4.037E-02  4.001E+01
   1  4.642E-02  4.691E+01
   1  5.337E-02  5.503E+01
   1  6.136E-02  6.456E+01
   1  7.055E-02  7.573E+01
   1  8.111E-02  8.877E+01
   1  9.326E-02  1.039E+02
   1  1.072E-01  1.213E+02
   1  1.233E-01  1.412E+02
   1  1.417E-01  1.636E+02
   1  1.630E-01  1.885E+02
   1  1.874E-01  2.156E+02
   1  2.154E-01  2.445E+02
   1  2.477E-01  2.745E+02
   1  2.848E-01  3.047E+02
   1  3.275E-01  3.340E+02
   1  3.765E-01  3.611E+02
   1  4.329E-01  3.846E+02
   1  4.977E-01  4.032E+02
   1  5.722E-01  4.157E+02
   1  6.579E-01  4.214E+02
   1  7.565E-01  4.197E+02
   1  8.697E-01  4.106E+02
   1  1.000E+00  3.944E+02
   1  1.150E+00  3.720E+02
   1  1.322E+00  3.445E+02
   1  1.520E+00  3.132E+02
   1  1.748E+00  2.796E+02
   1  2.009E+00  2.452E+02
   1  2.310E+00  2.113E+02
   1  2.656E+00  1.790E+02
   1  3.054E+00  1.492E+02
   1  3.511E+00  1.223E+02
   1  4.037E+00  9.871E+01
   1  4.642E+00  7.854E+01
   1  5.337E+00  6.161E+01
   1  6.136E+00  4.768E+01
   1  7.055E+00  3.646E+01
   1  8.111E+00  2.756E+01
   1  9.326E+00  2.060E+01
   1  1.072E+01  1.524E+01
   1  1.233E+01  1.118E+01
   1  1.417E+01  8.127E+00
   1  1.630E+01  5.870E+00
   1  1.874E+01  4.208E+00
   1  2.154E+01  2.995E+00
   1  2.477E+01  2.124E+00
   1  2.848E+01  1.496E+00
   1  3.275E+01  1.050E+00
   1  3.765E+01  7.340E-01
   1  4.329E+01  5.108E-01
   1  4.977E+01  3.549E-01
   1  5.722E+01  2.457E-01
   1  6.579E+01  1.697E-01
   1  7.565E+01  1.170E-01
   1  8.697E+01  8.040E-02
   1  1.000E+02  5.528E-02
   1  1.150E+02  3.789E-02
   1  1.322E+02  2.595E-02
   1  1.520E+02  1.776E-02
   1  1.748E+02  1.213E-02
   1  2.009E+02  8.287E-03
   1  2.310E+02  5.656E-03
   1  2.656E+02  3.855E-03
   1  3.054E+02  2.628E-03
   1  3.511E+02  1.791E-03
   1  4.037E+02  1.218E-03
   1  4.642E+02  8.303E-04
   1  5.337E+02  5.643E-04
   1  6.136E+02  3.841E-04
   1  7.055E+02  2.611E-04
   1  8.111E+02  1.776E-04
   1  9.326E+02  1.207E-04
   1  1.072E+03  8.205E-05
   1  1.233E+03  5.575E-05
   1  1.417E+03  3.788E-05
   1  1.630E+03  2.575E-05
   1  1.874E+03  1.749E-05
   1  2.154E+03  1.187E-05
   1  2.477E+03  8.072E-06
   1  2.848E+03  5.478E-06
   1  3.275E+03  3.722E-06
   1  3.765E+03  2.527E-06
   1  4.329E+03  1.717E-06
   1  4.977E+03  1.165E-06
   1  5.722E+03  7.929E-07
   1  6.579E+03  5.361E-07
   1  7.565E+03  3.665E-07
   1  8.697E+03  2.463E-07
   1  1.000E+04  1.698E-07
   2  4.000E-02  1.107E+00
   2  4.599E-02  1.291E+00
   2  5.288E-02  1.507E+00
   2  6.080E-02  1.760E+00
   2  6.990E-02  2.056E+00
   2  8.037E-02  2.402E+00
   2  9.241E-02  2.809E+00
   2  1.062E-01  3.284E+00
   2  1.222E-01  3.840E+00
   2  1.404E-01  4.487E+00
   2  1.615E-01  5.239E+00
   2  1.857E-01  6.105E+00
   2  2.135E-01  7.098E+00
   2  2.454E-01  8.224E+00
   2  2.822E-01  9.486E+00
   2  3.245E-01  1.088E+01
   2  3.730E-01  1.239E+01
   2  4.289E-01  1.399E+01
   2  4.931E-01  1.565E+01
   2  5.670E-01  1.732E+01
   2  6.519E-01  1.894E+01
   2  7.495E-01  2.044E+01
   2  8.618E-01  2.176E+01
   2  9.908E-01  2.282E+01
   2  1.139E+00  2.358E+01
   2  1.310E+00  2.397E+01
   2  1.506E+00  2.397E+01
   2  1.732E+00  2.358E+01
   2  1.991E+00  2.282E+01
   2  2.289E+00  2.171E+01
   2  2.632E+00  2.031E+01
   2  3.026E+00  1.868E+01
   2  3.479E+00  1.690E+01
   2  4.000E+00  1.504E+01
   2  4.599E+00  1.317E+01
   2  5.288E+00  1.135E+01
   2  6.080E+00  9.632E+00
   2  6.990E+00  8.047E+00
   2  8.037E+00  6.624E+00
   2  9.241E+00  5.373E+00
   2  1.062E+01  4.299E+00
   2  1.222E+01  3.395E+00
   2  1.404E+01  2.645E+00
   2  1.615E+01  2.036E+00
   2  1.857E+01  1.550E+00
   2  2.135E+01  1.167E+00
   2  2.454E+01  8.695E-01
   2  2.822E+01  6.419E-01
   2  3.245E+01  4.699E-01
   2  3.730E+01  3.412E-01
   2  4.289E+01  2.459E-01
   2  4.931E+01  1.761E-01
   2  5.670E+01  1.253E-01
   2  6.519E+01  8.869E-02
   2  7.495E+01  6.251E-02
   2  8.618E+01  4.378E-02
   2  9.908E+01  3.061E-02
   2  1.139E+02  2.130E-02
   2  1.310E+02  1.477E-02
   2  1.506E+02  1.023E-02
   2  1.732E+02  7.056E-03
   2  1.991E+02  4.861E-03
   2  2.289E+02  3.344E-03
   2  2.632E+02  2.295E-03
   2  3.026E+02  1.572E-03
   2  3.479E+02  1.076E-03
   2  4.000E+02  7.356E-04
   2  4.599E+02  5.029E-04
   2  5.288E+02  3.429E-04
   2  6.080E+02  2.339E-04
   2  6.990E+02  1.593E-04
   2  8.037E+02  1.086E-04
   2  9.241E+02  7.395E-05
   2  1.062E+03  5.029E-05
   2  1.222E+03  3.420E-05
   2  1.404E+03  2.326E-05
   2  1.615E+03  1.581E-05
   2  1.857E+03  1.075E-05
   2  2.135E+03  7.303E-06
   2  2.454E+03  4.961E-06
   2  2.822E+03  3.369E-06
   2  3.245E+03  2.289E-06
   2  3.730E+03  1.554E-06
   2  4.289E+03  1.055E-06
   2  4.931E+03  7.169E-07
   2  5.670E+03  4.859E-07
   2  6.519E+03  3.301E-07
   2  7.495E+03  2.240E-07
   2  8.618E+03  1.520E-07
   2  9.908E+03  1.032E-07
   2  1.139E+04  7.002E-08
   2  1.310E+04  4.751E-08
   2  1.506E+04  3.225E-08
   2  1.732E+04  2.189E-08
   2  1.991E+04  1.484E-08
   2  2.289E+04  1.010E-08
   2  2.632E+04  6.819E-09
   2  3.026E+04  4.659E-09
   2  3.479E+04  3.129E-09
   2  4.000E+04  2.155E-09
   3  7.000E-02  2.826E-03
   3  8.048E-02  3.293E-03
   3  9.254E-02  3.839E-03
   3  1.064E-01  4.476E-03
   3  1.223E-01  5.222E-03
   3  1.406E-01  6.092E-03
   3  1.617E-01  7.109E-03
   3  1.859E-01  8.294E-03
   3  2.138E-01  9.674E-03
   3  2.458E-01  1.127E-02
   3  2.826E-01  1.312E-02
   3  3.249E-01  1.524E-02
   3  3.736E-01  1.766E-02
   3  4.295E-01  2.038E-02
   3  4.938E-01  2.342E-02
   3  5.678E-01  2.675E-02
   3  6.528E-01  3.035E-02
   3  7.506E-01  3.415E-02
   3  8.630E-01  3.807E-02
   3  9.922E-01  4.199E-02
   3  1.141E+00  4.578E-02
   3  1.312E+00  4.927E-02
   3  1.508E+00  5.229E-02
   3  1.734E+00  5.469E-02
   3  1.994E+00  5.632E-02
   3  2.292E+00  5.706E-02
   3  2.635E+00  5.683E-02
   3  3.030E+00  5.561E-02
   3  3.484E+00  5.345E-02
   3  4.006E+00  5.043E-02
   3  4.606E+00  4.670E-02
   3  5.295E+00  4.244E-02
   3  6.088E+00  3.783E-02
   3  7.000E+00  3.309E-02
   3  8.048E+00  2.839E-02
   3  9.254E+00  2.390E-02
   3  1.064E+01  1.975E-02
   3  1.223E+01  1.602E-02
   3  1.406E+01  1.277E-02
   3  1.617E+01  1.000E-02
   3  1.859E+01  7.708E-03
   3  2.138E+01  5.843E-03
   3  2.458E+01  4.362E-03
   3  2.826E+01  3.210E-03
   3  3.249E+01  2.331E-03
   3  3.736E+01  1.672E-03
   3  4.295E+01  1.185E-03
   3  4.938E+01  8.309E-04
   3  5.678E+01  5.770E-04
   3  6.528E+01  3.971E-04
   3  7.506E+01  2.710E-04
   3  8.630E+01  1.835E-04
   3  9.922E+01  1.236E-04
   3  1.141E+02  8.266E-05
   3  1.312E+02  5.497E-05
   3  1.508E+02  3.643E-05
   3  1.734E+02  2.402E-05
   3  1.994E+02  1.577E-05
   3  2.292E+02  1.033E-05
   3  2.635E+02  6.740E-06
   3  3.030E+02  4.389E-06
   3  3.484E+02  2.853E-06
   3  4.006E+02  1.849E-06
   3  4.606E+02  1.197E-06
   3  5.295E+02  7.724E-07
   3  6.088E+02  4.991E-07
   3  7.000E+02  3.215E-07
   3  8.048E+02  2.071E-07
   3  9.254E+02  1.332E-07
   3  1.064E+03  8.558E-08
   3  1.223E+03  5.496E-08
   3  1.406E+03  3.532E-08
   3  1.617E+03  2.263E-08
   3  1.859E+03  1.452E-08
   3  2.138E+03  9.309E-09
   3  2.458E+03  5.962E-09
   3  2.826E+03  3.823E-09
   3  3.249E+03  2.447E-09
   3  3.736E+03  1.567E-09
   3  4.295E+03  1.003E-09
   3  4.938E+03  6.420E-10
   3  5.678E+03  4.109E-10
   3  6.528E+03  2.629E-10
   3  7.506E+03  1.682E-10
   3  8.630E+03  1.076E-10
   3  9.922E+03  6.890E-11
   3  1.141E+04  4.403E-11
   3  1.312E+04  2.816E-11
   3  1.508E+04  1.802E-11
   3  1.734E+04  1.152E-11
   3  1.994E+04  7.363E-12
   3  2.292E+04  4.715E-12
   3  2.635E+04  3.010E-12
   3  3.030E+04  1.929E-12
   3  3.484E+04  1.231E-12
   3  4.006E+04  7.888E-13
   3  4.606E+04  5.026E-13
   3  5.295E+04  3.231E-13
   3  6.088E+04  2.049E-13
   3  7.000E+04  1.328E-13
   4  9.000E-02  1.540E-03
   4  1.035E-01  1.789E-03
   4  1.190E-01  2.079E-03
   4  1.368E-01  2.416E-03
   4  1.573E-01  2.807E-03
   4  1.808E-01  3.263E-03
   4  2.079E-01  3.792E-03
   4  2.390E-01  4.408E-03
   4  2.748E-01  5.123E-03
   4  3.160E-01  5.953E-03
   4  3.633E-01  6.914E-03
   4  4.177E-01  8.024E-03
   4  4.803E-01  9.302E-03
   4  5.522E-01  1.077E-02
   4  6.349E-01  1.243E-02
   4  7.300E-01  1.432E-02
   4  8.393E-01  1.644E-02
   4  9.650E-01  1.878E-02
   4  1.110E+00  2.135E-02
   4  1.276E+00  2.412E-02
   4  1.467E+00  2.704E-02
   4  1.686E+00  3.006E-02
   4  1.939E+00  3.309E-02
   4  2.229E+00  3.602E-02
   4  2.563E+00  3.872E-02
   4  2.947E+00  4.105E-02
   4  3.388E+00  4.286E-02
   4  3.896E+00  4.402E-02
   4  4.479E+00  4.441E-02
   4  5.150E+00  4.396E-02
   4  5.921E+00  4.264E-02
   4  6.808E+00  4.051E-02
   4  7.828E+00  3.765E-02
   4  9.000E+00  3.422E-02
   4  1.035E+01  3.039E-02
   4  1.190E+01  2.637E-02
   4  1.368E+01  2.236E-02
   4  1.573E+01  1.853E-02
   4  1.808E+01  1.502E-02
   4  2.079E+01  1.192E-02
   4  2.390E+01  9.263E-03
   4  2.748E+01  7.056E-03
   4  3.160E+01  5.273E-03
   4  3.633E+01  3.872E-03
   4  4.177E+01  2.798E-03
   4  4.803E+01  1.991E-03
   4  5.522E+01  1.398E-03
   4  6.349E+01  9.686E-04
   4  7.300E+01  6.636E-04
   4  8.393E+01  4.498E-04
   4  9.650E+01  3.021E-04
   4  1.110E+02  2.011E-04
   4  1.276E+02  1.330E-04
   4  1.467E+02  8.727E-05
   4  1.686E+02  5.692E-05
   4  1.939E+02  3.699E-05
   4  2.229E+02  2.388E-05
   4  2.563E+02  1.537E-05
   4  2.947E+02  9.850E-06
   4  3.388E+02  6.295E-06
   4  3.896E+02  4.010E-06
   4  4.479E+02  2.551E-06
   4  5.150E+02  1.617E-06
   4  5.921E+02  1.023E-06
   4  6.808E+02  6.471E-07
   4  7.828E+02  4.084E-07
   4  9.000E+02  2.575E-07
   4  1.035E+03  1.620E-07
   4  1.190E+03  1.019E-07
   4  1.368E+03  6.407E-08
   4  1.573E+03  4.025E-08
   4  1.808E+03  2.526E-08
   4  2.079E+03  1.585E-08
   4  2.390E+03  9.926E-09
   4  2.748E+03  6.226E-09
   4  3.160E+03  3.902E-09
   4  3.633E+03  2.442E-09
   4  4.177E+03  1.530E-09
   4  4.803E+03  9.568E-10
   4  5.522E+03  5.993E-10
   4  6.349E+03  3.750E-10
   4  7.300E+03  2.347E-10
   4  8.393E+03  1.467E-10
   4  9.650E+03  9.172E-11
   4  1.110E+04  5.742E-11
   4  1.276E+04  3.588E-11
   4  1.467E+04  2.245E-11
   4  1.686E+04  1.404E-11
   4  1.939E+04  8.768E-12
   4  2.229E+04  5.486E-12
   4  2.563E+04  3.428E-12
   4  2.947E+04  2.145E-12
   4  3.388E+04  1.340E-12
   4  3.896E+04  8.377E-13
   4  4.479E+04  5.233E-13
   4  5.150E+04  3.276E-13
   4  5.921E+04  2.043E-13
   4  6.808E+04  1.283E-13
   4  7.828E+04  7.951E-14
   4  9.000E+04  5.038E-14
   5  1.100E-01  3.772E-03
   5  1.265E-01  4.387E-03
   5  1.454E-01  5.103E-03
   5  1.672E-01  5.937E-03
   5  1.922E-01  6.908E-03
   5  2.210E-01  8.040E-03
   5  2.541E-01  9.359E-03
   5  2.922E-01  1.089E-02
   5  3.359E-01  1.268E-02
   5  3.862E-01  1.476E-02
   5  4.441E-01  1.716E-02
   5  5.106E-01  1.994E-02
   5  5.870E-01  2.313E-02
   5  6.749E-01  2.678E-02
   5  7.760E-01  3.093E-02
   5  8.922E-01  3.559E-02
   5  1.026E+00  4.078E-02
   5  1.179E+00  4.647E-02
   5  1.356E+00  5.261E-02
   5  1.559E+00  5.912E-02
   5  1.793E+00  6.586E-02
   5  2.061E+00  7.264E-02
   5  2.370E+00  7.922E-02
   5  2.725E+00  8.534E-02
   5  3.133E+00  9.067E-02
   5  3.602E+00  9.492E-02
   5  4.141E+00  9.779E-02
   5  4.762E+00  9.903E-02
   5  5.475E+00  9.848E-02
   5  6.295E+00  9.606E-02
   5  7.237E+00  9.184E-02
   5  8.321E+00  8.599E-02
   5  9.567E+00  7.882E-02
   5  1.100E+01  7.068E-02
   5  1.265E+01  6.201E-02
   5  1.454E+01  5.322E-02
   5  1.672E+01  4.467E-02
   5  1.922E+01  3.668E-02
   5  2.210E+01  2.949E-02
   5  2.541E+01  2.322E-02
   5  2.922E+01  1.793E-02
   5  3.359E+01  1.358E-02
   5  3.862E+01  1.010E-02
   5  4.441E+01  7.388E-03
   5  5.106E+01  5.320E-03
   5  5.870E+01  3.773E-03
   5  6.749E+01  2.641E-03
   5  7.760E+01  1.826E-03
   5  8.922E+01  1.247E-03
   5  1.026E+02  8.438E-04
   5  1.179E+02  5.657E-04
   5  1.356E+02  3.759E-04
   5  1.559E+02  2.478E-04
   5  1.793E+02  1.624E-04
   5  2.061E+02  1.058E-04
   5  2.370E+02  6.856E-05
   5  2.725E+02  4.419E-05
   5  3.133E+02  2.839E-05
   5  3.602E+02  1.816E-05
   5  4.141E+02  1.158E-05
   5  4.762E+02  7.365E-06
   5  5.475E+02  4.669E-06
   5  6.295E+02  2.956E-06
   5  7.237E+02  1.868E-06
   5  8.321E+02  1.178E-06
   5  9.567E+02  7.420E-07
   5  1.100E+03  4.663E-07
   5  1.265E+03  2.931E-07
   5  1.454E+03  1.839E-07
   5  1.672E+03  1.153E-07
   5  1.922E+03  7.229E-08
   5  2.210E+03  4.522E-08
   5  2.541E+03  2.833E-08
   5  2.922E+03  1.771E-08
   5  3.359E+03  1.108E-08
   5  3.862E+03  6.924E-09
   5  4.441E+03  4.325E-09
   5  5.106E+03  2.702E-09
   5  5.870E+03  1.688E-09
   5  6.749E+03  1.054E-09
   5  7.760E+03  6.581E-10
   5  8.922E+03  4.103E-10
   5  1.026E+04  2.561E-10
   5  1.179E+04  1.598E-10
   5  1.356E+04  9.979E-11
   5  1.559E+04  6.222E-11
   5  1.793E+04  3.881E-11
   5  2.061E+04  2.421E-11
   5  2.370E+04  1.510E-11
   5  2.725E+04  9.417E-12
   5  3.133E+04  5.877E-12
   5  3.602E+04  3.661E-12
   5  4.141E+04  2.283E-12
   5  4.762E+04  1.425E-12
   5  5.475E+04  8.874E-13
   5  6.295E+04  5.547E-13
   5  7.237E+04  3.445E-13
   5  8.321E+04  2.161E-13
   5  9.567E+04  1.335E-13
   5  1.100E+05  8.443E-14
   6  1.200E-01  1.094E-02
   6  1.380E-01  1.274E-02
   6  1.586E-01  1.484E-02
   6  1.824E-01  1.730E-02
   6  2.097E-01  2.017E-02
   6  2.411E-01  2.352E-02
   6  2.772E-01  2.743E-02
   6  3.187E-01  3.200E-02
   6  3.665E-01  3.733E-02
   6  4.213E-01  4.354E-02
   6  4.844E-01  5.074E-02
   6  5.570E-01  5.908E-02
   6  6.404E-01  6.866E-02
   6  7.363E-01  7.960E-02
   6  8.466E-01  9.197E-02
   6  9.734E-01  1.058E-01
   6  1.119E+00  1.211E-01
   6  1.287E+00  1.377E-01
   6  1.479E+00  1.554E-01
   6  1.701E+00  1.739E-01
   6  1.956E+00  1.926E-01
   6  2.249E+00  2.109E-01
   6  2.585E+00  2.281E-01
   6  2.972E+00  2.436E-01
   6  3.418E+00  2.564E-01
   6  3.929E+00  2.658E-01
   6  4.518E+00  2.713E-01
   6  5.195E+00  2.723E-01
   6  5.972E+00  2.686E-01
   6  6.867E+00  2.604E-01
   6  7.895E+00  2.479E-01
   6  9.078E+00  2.317E-01
   6  1.044E+01  2.126E-01
   6  1.200E+01  1.915E-01
   6  1.380E+01  1.693E-01
   6  1.586E+01  1.469E-01
   6  1.824E+01  1.251E-01
   6  2.097E+01  1.047E-01
   6  2.411E+01  8.602E-02
   6  2.772E+01  6.949E-02
   6  3.187E+01  5.522E-02
   6  3.665E+01  4.320E-02
   6  4.213E+01  3.328E-02
   6  4.844E+01  2.528E-02
   6  5.570E+01  1.895E-02
   6  6.404E+01  1.402E-02
   6  7.363E+01  1.026E-02
   6  8.466E+01  7.425E-03
   6  9.734E+01  5.320E-03
   6  1.119E+02  3.778E-03
   6  1.287E+02  2.662E-03
   6  1.479E+02  1.861E-03
   6  1.701E+02  1.292E-03
   6  1.956E+02  8.925E-04
   6  2.249E+02  6.131E-04
   6  2.585E+02  4.187E-04
   6  2.972E+02  2.850E-04
   6  3.418E+02  1.932E-04
   6  3.929E+02  1.305E-04
   6  4.518E+02  8.796E-05
   6  5.195E+02  5.906E-05
   6  5.972E+02  3.961E-05
   6  6.867E+02  2.651E-05
   6  7.895E+02  1.769E-05
   6  9.078E+02  1.180E-05
   6  1.044E+03  7.850E-06
   6  1.200E+03  5.223E-06
   6  1.380E+03  3.473E-06
   6  1.586E+03  2.303E-06
   6  1.824E+03  1.528E-06
   6  2.097E+03  1.012E-06
   6  2.411E+03  6.706E-07
   6  2.772E+03  4.441E-07
   6  3.187E+03  2.938E-07
   6  3.665E+03  1.943E-07
   6  4.213E+03  1.284E-07
   6  4.844E+03  8.491E-08
   6  5.570E+03  5.615E-08
   6  6.404E+03  3.707E-08
   6  7.363E+03  2.449E-08
   6  8.466E+03  1.617E-08
   6  9.734E+03  1.069E-08
   6  1.119E+04  7.050E-09
   6  1.287E+04  4.655E-09
   6  1.479E+04  3.073E-09
   6  1.701E+04  2.028E-09
   6  1.956E+04  1.339E-09
   6  2.249E+04  8.834E-10
   6  2.585E+04  5.826E-10
   6  2.972E+04  3.848E-10
   6  3.418E+04  2.537E-10
   6  3.929E+04  1.674E-10
   6  4.518E+04  1.104E-10
   6  5.195E+04  7.291E-11
   6  5.972E+04  4.805E-11
   6  6.867E+04  3.177E-11
   6  7.895E+04  2.087E-11
   6  9.078E+04  1.387E-11
   6  1.044E+05  9.055E-12
   6  1.200E+05  6.061E-12
   7  1.400E-01  2.380E-03
   7  1.610E-01  2.771E-03
   7  1.851E-01  3.226E-03
   7  2.128E-01  3.757E-03
   7  2.447E-01  4.377E-03
   7  2.813E-01  5.100E-03
   7  3.234E-01  5.944E-03
   7  3.719E-01  6.929E-03
   7  4.275E-01  8.076E-03
   7  4.916E-01  9.412E-03
   7  5.652E-01  1.096E-02
   7  6.498E-01  1.276E-02
   7  7.471E-01  1.482E-02
   7  8.590E-01  1.719E-02
   7  9.877E-01  1.987E-02
   7  1.136E+00  2.289E-02
   7  1.306E+00  2.625E-02
   7  1.501E+00  2.992E-02
   7  1.726E+00  3.387E-02
   7  1.984E+00  3.804E-02
   7  2.282E+00  4.232E-02
   7  2.623E+00  4.660E-02
   7  3.016E+00  5.072E-02
   7  3.468E+00  5.450E-02
   7  3.987E+00  5.775E-02
   7  4.584E+00  6.030E-02
   7  5.271E+00  6.196E-02
   7  6.060E+00  6.261E-02
   7  6.968E+00  6.217E-02
   7  8.011E+00  6.060E-02
   7  9.211E+00  5.797E-02
   7  1.059E+01  5.438E-02
   7  1.218E+01  5.002E-02
   7  1.400E+01  4.509E-02
   7  1.610E+01  3.984E-02
   7  1.851E+01  3.448E-02
   7  2.128E+01  2.925E-02
   7  2.447E+01  2.433E-02
   7  2.813E+01  1.985E-02
   7  3.234E+01  1.589E-02
   7  3.719E+01  1.249E-02
   7  4.275E+01  9.654E-03
   7  4.916E+01  7.335E-03
   7  5.652E+01  5.487E-03
   7  6.498E+01  4.046E-03
   7  7.471E+01  2.943E-03
   7  8.590E+01  2.114E-03
   7  9.877E+01  1.501E-03
   7  1.136E+02  1.054E-03
   7  1.306E+02  7.333E-04
   7  1.501E+02  5.055E-04
   7  1.726E+02  3.460E-04
   7  1.984E+02  2.349E-04
   7  2.282E+02  1.585E-04
   7  2.623E+02  1.065E-04
   7  3.016E+02  7.100E-05
   7  3.468E+02  4.719E-05
   7  3.987E+02  3.126E-05
   7  4.584E+02  2.060E-05
   7  5.271E+02  1.355E-05
   7  6.060E+02  8.882E-06
   7  6.968E+02  5.809E-06
   7  8.011E+02  3.795E-06
   7  9.211E+02  2.471E-06
   7  1.059E+03  1.607E-06
   7  1.218E+03  1.043E-06
   7  1.400E+03  6.772E-07
   7  1.610E+03  4.389E-07
   7  1.851E+03  2.840E-07
   7  2.128E+03  1.838E-07
   7  2.447E+03  1.186E-07
   7  2.813E+03  7.669E-08
   7  3.234E+03  4.952E-08
   7  3.719E+03  3.192E-08
   7  4.275E+03  2.061E-08
   7  4.916E+03  1.328E-08
   7  5.652E+03  8.558E-09
   7  6.498E+03  5.520E-09
   7  7.471E+03  3.553E-09
   7  8.590E+03  2.289E-09
   7  9.877E+03  1.473E-09
   7  1.136E+04  9.491E-10
   7  1.306E+04  6.108E-10
   7  1.501E+04  3.928E-10
   7  1.726E+04  2.532E-10
   7  1.984E+04  1.628E-10
   7  2.282E+04  1.048E-10
   7  2.623E+04  6.743E-11
   7  3.016E+04  4.336E-11
   7  3.468E+04  2.792E-11
   7  3.987E+04  1.795E-11
   7  4.584E+04  1.155E-11
   7  5.271E+04  7.431E-12
   7  6.060E+04  4.779E-12
   7  6.968E+04  3.074E-12
   7  8.011E+04  1.980E-12
   7  9.211E+04  1.269E-12
   7  1.059E+05  8.214E-13
   7  1.218E+05  5.232E-13
   7  1.400E+05  3.414E-13
   8  1.600E-01  7.635E-03
   8  1.840E-01  8.894E-03
   8  2.115E-01  1.036E-02
   8  2.432E-01  1.208E-02
   8  2.796E-01  1.409E-02
   8  3.215E-01  1.643E-02
   8  3.696E-01  1.917E-02
   8  4.250E-01  2.237E-02
   8  4.886E-01  2.610E-02
   8  5.618E-01  3.045E-02
   8  6.459E-01  3.549E-02
   8  7.427E-01  4.132E-02
   8  8.539E-01  4.803E-02
   8  9.817E-01  5.567E-02
   8  1.129E+00  6.432E-02
   8  1.298E+00  7.399E-02
   8  1.492E+00  8.464E-02
   8  1.716E+00  9.619E-02
   8  1.973E+00  1.085E-01
   8  2.268E+00  1.212E-01
   8  2.608E+00  1.341E-01
   8  2.998E+00  1.466E-01
   8  3.447E+00  1.584E-01
   8  3.963E+00  1.688E-01
   8  4.557E+00  1.774E-01
   8  5.239E+00  1.837E-01
   8  6.024E+00  1.871E-01
   8  6.926E+00  1.876E-01
   8  7.963E+00  1.848E-01
   8  9.156E+00  1.790E-01
   8  1.053E+01  1.703E-01
   8  1.210E+01  1.591E-01
   8  1.392E+01  1.460E-01
   8  1.600E+01  1.316E-01
   8  1.840E+01  1.165E-01
   8  2.115E+01  1.012E-01
   8  2.432E+01  8.638E-02
   8  2.796E+01  7.245E-02
   8  3.215E+01  5.973E-02
   8  3.696E+01  4.844E-02
   8  4.250E+01  3.866E-02
   8  4.886E+01  3.038E-02
   8  5.618E+01  2.352E-02
   8  6.459E+01  1.796E-02
   8  7.427E+01  1.355E-02
   8  8.539E+01  1.009E-02
   8  9.817E+01  7.429E-03
   8  1.129E+02  5.415E-03
   8  1.298E+02  3.908E-03
   8  1.492E+02  2.796E-03
   8  1.716E+02  1.984E-03
   8  1.973E+02  1.399E-03
   8  2.268E+02  9.790E-04
   8  2.608E+02  6.814E-04
   8  2.998E+02  4.720E-04
   8  3.447E+02  3.249E-04
   8  3.963E+02  2.231E-04
   8  4.557E+02  1.525E-04
   8  5.239E+02  1.039E-04
   8  6.024E+02  7.059E-05
   8  6.926E+02  4.782E-05
   8  7.963E+02  3.234E-05
   8  9.156E+02  2.183E-05
   8  1.053E+03  1.470E-05
   8  1.210E+03  9.886E-06
   8  1.392E+03  6.639E-06
   8  1.600E+03  4.455E-06
   8  1.840E+03  2.988E-06
   8  2.115E+03  1.999E-06
   8  2.432E+03  1.338E-06
   8  2.796E+03  8.945E-07
   8  3.215E+03  5.978E-07
   8  3.696E+03  3.994E-07
   8  4.250E+03  2.664E-07
   8  4.886E+03  1.778E-07
   8  5.618E+03  1.187E-07
   8  6.459E+03  7.906E-08
   8  7.427E+03  5.280E-08
   8  8.539E+03  3.514E-08
   8  9.817E+03  2.344E-08
   8  1.129E+04  1.561E-08
   8  1.298E+04  1.041E-08
   8  1.492E+04  6.928E-09
   8  1.716E+04  4.613E-09
   8  1.973E+04  3.074E-09
   8  2.268E+04  2.046E-09
   8  2.608E+04  1.363E-09
   8  2.998E+04  9.073E-10
   8  3.447E+04  6.041E-10
   8  3.963E+04  4.024E-10
   8  4.557E+04  2.677E-10
   8  5.239E+04  1.782E-10
   8  6.024E+04  1.187E-10
   8  6.926E+04  7.899E-11
   8  7.963E+04  5.253E-11
   8  9.156E+04  3.504E-11
   8  1.053E+05  2.323E-11
   8  1.210E+05  1.556E-11
   8  1.392E+05  1.026E-11
   8  1.600E+05  6.928E-12
   9  1.900E-01  1.176E-04
   9  2.185E-01  1.367E-04
   9  2.512E-01  1.590E-04
   9  2.888E-01  1.849E-04
   9  3.320E-01  2.151E-04
   9  3.818E-01  2.503E-04
   9  4.389E-01  2.913E-04
   9  5.047E-01  3.390E-04
   9  5.802E-01  3.945E-04
   9  6.671E-01  4.590E-04
   9  7.670E-01  5.338E-04
   9  8.819E-01  6.203E-04
   9  1.014E+00  7.198E-04
   9  1.166E+00  8.339E-04
   9  1.340E+00  9.637E-04
   9  1.541E+00  1.110E-03
   9  1.772E+00  1.274E-03
   9  2.037E+00  1.455E-03
   9  2.342E+00  1.651E-03
   9  2.693E+00  1.861E-03
   9  3.097E+00  2.081E-03
   9  3.560E+00  2.305E-03
   9  4.093E+00  2.526E-03
   9  4.706E+00  2.735E-03
   9  5.411E+00  2.924E-03
   9  6.222E+00  3.082E-03
   9  7.153E+00  3.198E-03
   9  8.225E+00  3.265E-03
   9  9.456E+00  3.274E-03
   9  1.087E+01  3.223E-03
   9  1.250E+01  3.111E-03
   9  1.437E+01  2.943E-03
   9  1.653E+01  2.727E-03
   9  1.900E+01  2.473E-03
   9  2.185E+01  2.195E-03
   9  2.512E+01  1.906E-03
   9  2.888E+01  1.620E-03
   9  3.320E+01  1.348E-03
   9  3.818E+01  1.098E-03
   9  4.389E+01  8.764E-04
   9  5.047E+01  6.860E-04
   9  5.802E+01  5.270E-04
   9  6.671E+01  3.978E-04
   9  7.670E+01  2.952E-04
   9  8.819E+01  2.158E-04
   9  1.014E+02  1.554E-04
   9  1.166E+02  1.105E-04
   9  1.340E+02  7.758E-05
   9  1.541E+02  5.384E-05
   9  1.772E+02  3.704E-05
   9  2.037E+02  2.523E-05
   9  2.342E+02  1.703E-05
   9  2.693E+02  1.143E-05
   9  3.097E+02  7.611E-06
   9  3.560E+02  5.043E-06
   9  4.093E+02  3.322E-06
   9  4.706E+02  2.178E-06
   9  5.411E+02  1.423E-06
   9  6.222E+02  9.258E-07
   9  7.153E+02  6.012E-07
   9  8.225E+02  3.885E-07
   9  9.456E+02  2.507E-07
   9  1.087E+03  1.616E-07
   9  1.250E+03  1.038E-07
   9  1.437E+03  6.666E-08
   9  1.653E+03  4.266E-08
   9  1.900E+03  2.732E-08
   9  2.185E+03  1.745E-08
   9  2.512E+03  1.115E-08
   9  2.888E+03  7.117E-09
   9  3.320E+03  4.536E-09
   9  3.818E+03  2.891E-09
   9  4.389E+03  1.842E-09
   9  5.047E+03  1.172E-09
   9  5.802E+03  7.459E-10
   9  6.671E+03  4.744E-10
   9  7.670E+03  3.016E-10
   9  8.819E+03  1.917E-10
   9  1.014E+04  1.219E-10
   9  1.166E+04  7.742E-11
   9  1.340E+04  4.922E-11
   9  1.541E+04  3.122E-11
   9  1.772E+04  1.987E-11
   9  2.037E+04  1.259E-11
   9  2.342E+04  8.005E-12
   9  2.693E+04  5.079E-12
   9  3.097E+04  3.225E-12
   9  3.560E+04  2.048E-12
   9  4.093E+04  1.299E-12
   9  4.706E+04  8.251E-13
   9  5.411E+04  5.236E-13
   9  6.222E+04  3.324E-13
   9  7.153E+04  2.108E-13
   9  8.225E+04  1.339E-13
   9  9.456E+04  8.486E-14
   9  1.087E+05  5.398E-14
   9  1.250E+05  3.411E-14
   9  1.437E+05  2.178E-14
   9  1.653E+05  1.370E-14
   9  1.900E+05  8.815E-15
  10  2.000E-01  9.067E-04
  10  2.300E-01  1.056E-03
  10  2.644E-01  1.230E-03
  10  3.040E-01  1.432E-03
  10  3.495E-01  1.669E-03
  10  4.018E-01  1.946E-03
  10  4.620E-01  2.268E-03
  10  5.312E-01  2.645E-03
  10  6.108E-01  3.084E-03
  10  7.022E-01  3.595E-03
  10  8.074E-01  4.188E-03
  10  9.283E-01  4.874E-03
  10  1.067E+00  5.663E-03
  10  1.227E+00  6.564E-03
  10  1.411E+00  7.585E-03
  10  1.622E+00  8.729E-03
  10  1.865E+00  9.995E-03
  10  2.145E+00  1.138E-02
  10  2.466E+00  1.285E-02
  10  2.835E+00  1.440E-02
  10  3.260E+00  1.597E-02
  10  3.748E+00  1.753E-02
  10  4.309E+00  1.902E-02
  10  4.954E+00  2.037E-02
  10  5.696E+00  2.151E-02
  10  6.549E+00  2.238E-02
  10  7.530E+00  2.293E-02
  10  8.658E+00  2.311E-02
  10  9.954E+00  2.290E-02
  10  1.144E+01  2.229E-02
  10  1.316E+01  2.131E-02
  10  1.513E+01  2.001E-02
  10  1.739E+01  1.844E-02
  10  2.000E+01  1.668E-02
  10  2.300E+01  1.480E-02
  10  2.644E+01  1.289E-02
  10  3.040E+01  1.102E-02
  10  3.495E+01  9.253E-03
  10  4.018E+01  7.630E-03
  10  4.620E+01  6.182E-03
  10  5.312E+01  4.929E-03
  10  6.108E+01  3.868E-03
  10  7.022E+01  2.988E-03
  10  8.074E+01  2.274E-03
  10  9.283E+01  1.709E-03
  10  1.067E+02  1.268E-03
  10  1.227E+02  9.297E-04
  10  1.411E+02  6.745E-04
  10  1.622E+02  4.844E-04
  10  1.865E+02  3.448E-04
  10  2.145E+02  2.434E-04
  10  2.466E+02  1.706E-04
  10  2.835E+02  1.187E-04
  10  3.260E+02  8.216E-05
  10  3.748E+02  5.660E-05
  10  4.309E+02  3.872E-05
  10  4.954E+02  2.644E-05
  10  5.696E+02  1.796E-05
  10  6.549E+02  1.216E-05
  10  7.530E+02  8.216E-06
  10  8.658E+02  5.527E-06
  10  9.954E+02  3.716E-06
  10  1.144E+03  2.492E-06
  10  1.316E+03  1.668E-06
  10  1.513E+03  1.115E-06
  10  1.739E+03  7.442E-07
  10  2.000E+03  4.963E-07
  10  2.300E+03  3.306E-07
  10  2.644E+03  2.199E-07
  10  3.040E+03  1.463E-07
  10  3.495E+03  9.705E-08
  10  4.018E+03  6.451E-08
  10  4.620E+03  4.282E-08
  10  5.312E+03  2.838E-08
  10  6.108E+03  1.884E-08
  10  7.022E+03  1.248E-08
  10  8.074E+03  8.275E-09
  10  9.283E+03  5.479E-09
  10  1.067E+04  3.631E-09
  10  1.227E+04  2.403E-09
  10  1.411E+04  1.592E-09
  10  1.622E+04  1.052E-09
  10  1.865E+04  6.980E-10
  10  2.145E+04  4.612E-10
  10  2.466E+04  3.055E-10
  10  2.835E+04  2.021E-10
  10  3.260E+04  1.337E-10
  10  3.748E+04  8.850E-11
  10  4.309E+04  5.850E-11
  10  4.954E+04  3.874E-11
  10  5.696E+04  2.562E-11
  10  6.549E+04  1.695E-11
  10  7.530E+04  1.121E-11
  10  8.658E+04  7.419E-12
  10  9.954E+04  4.902E-12
  10  1.144E+05  3.248E-12
  10  1.316E+05  2.141E-12
  10  1.513E+05  1.424E-12
  10  1.739E+05  9.337E-13
  10  2.000E+05  6.261E-13
  11  2.300E-01  1.659E-04
  11  2.644E-01  1.930E-04
  11  3.040E-01  2.246E-04
  11  3.496E-01  2.615E-04
  11  4.019E-01  3.045E-04
  11  4.621E-01  3.546E-04
  11  5.313E-01  4.130E-04
  11  6.109E-01  4.811E-04
  11  7.024E-01  5.604E-04
  11  8.076E-01  6.526E-04
  11  9.285E-01  7.595E-04
  11  1.068E+00  8.831E-04
  11  1.227E+00  1.025E-03
  11  1.411E+00  1.188E-03
  11  1.623E+00  1.372E-03
  11  1.866E+00  1.579E-03
  11  2.145E+00  1.809E-03
  11  2.466E+00  2.060E-03
  11  2.836E+00  2.331E-03
  11  3.260E+00  2.617E-03
  11  3.748E+00  2.911E-03
  11  4.310E+00  3.206E-03
  11  4.955E+00  3.490E-03
  11  5.697E+00  3.753E-03
  11  6.550E+00  3.980E-03
  11  7.531E+00  4.160E-03
  11  8.659E+00  4.280E-03
  11  9.956E+00  4.331E-03
  11  1.145E+01  4.306E-03
  11  1.316E+01  4.204E-03
  11  1.513E+01  4.028E-03
  11  1.740E+01  3.784E-03
  11  2.000E+01  3.485E-03
  11  2.300E+01  3.146E-03
  11  2.644E+01  2.782E-03
  11  3.040E+01  2.411E-03
  11  3.496E+01  2.047E-03
  11  4.019E+01  1.703E-03
  11  4.621E+01  1.390E-03
  11  5.313E+01  1.113E-03
  11  6.109E+01  8.752E-04
  11  7.024E+01  6.763E-04
  11  8.076E+01  5.140E-04
  11  9.285E+01  3.844E-04
  11  1.068E+02  2.834E-04
  11  1.227E+02  2.061E-04
  11  1.411E+02  1.480E-04
  11  1.623E+02  1.051E-04
  11  1.866E+02  7.380E-05
  11  2.145E+02  5.137E-05
  11  2.466E+02  3.542E-05
  11  2.836E+02  2.423E-05
  11  3.260E+02  1.647E-05
  11  3.748E+02  1.112E-05
  11  4.310E+02  7.470E-06
  11  4.955E+02  4.990E-06
  11  5.697E+02  3.318E-06
  11  6.550E+02  2.198E-06
  11  7.531E+02  1.451E-06
  11  8.659E+02  9.554E-07
  11  9.956E+02  6.264E-07
  11  1.145E+03  4.105E-07
  11  1.316E+03  2.680E-07
  11  1.513E+03  1.749E-07
  11  1.740E+03  1.140E-07
  11  2.000E+03  7.401E-08
  11  2.300E+03  4.807E-08
  11  2.644E+03  3.119E-08
  11  3.040E+03  2.022E-08
  11  3.496E+03  1.310E-08
  11  4.019E+03  8.471E-09
  11  4.621E+03  5.478E-09
  11  5.313E+03  3.542E-09
  11  6.109E+03  2.288E-09
  11  7.024E+03  1.479E-09
  11  8.076E+03  9.535E-10
  11  9.285E+03  6.159E-10
  11  1.068E+04  3.970E-10
  11  1.227E+04  2.563E-10
  11  1.411E+04  1.653E-10
  11  1.623E+04  1.065E-10
  11  1.866E+04  6.873E-11
  11  2.145E+04  4.428E-11
  11  2.466E+04  2.855E-11
  11  2.836E+04  1.839E-11
  11  3.260E+04  1.185E-11
  11  3.748E+04  7.638E-12
  11  4.310E+04  4.922E-12
  11  4.955E+04  3.171E-12
  11  5.697E+04  2.042E-12
  11  6.550E+04  1.316E-12
  11  7.531E+04  8.476E-13
  11  8.659E+04  5.460E-13
  11  9.956E+04  3.519E-13
  11  1.145E+05  2.264E-13
  11  1.316E+05  1.462E-13
  11  1.513E+05  9.378E-14
  11  1.740E+05  6.077E-14
  11  2.000E+05  3.879E-14
  11  2.300E+05  2.533E-14
  12  2.400E-01  1.015E-03
  12  2.759E-01  1.182E-03
  12  3.173E-01  1.377E-03
  12  3.648E-01  1.604E-03
  12  4.194E-01  1.870E-03
  12  4.822E-01  2.180E-03
  12  5.544E-01  2.542E-03
  12  6.375E-01  2.965E-03
  12  7.329E-01  3.458E-03
  12  8.427E-01  4.032E-03
  12  9.689E-01  4.697E-03
  12  1.114E+00  5.467E-03
  12  1.281E+00  6.352E-03
  12  1.473E+00  7.362E-03
  12  1.693E+00  8.505E-03
  12  1.947E+00  9.784E-03
  12  2.238E+00  1.120E-02
  12  2.573E+00  1.273E-02
  12  2.959E+00  1.437E-02
  12  3.402E+00  1.608E-02
  12  3.911E+00  1.781E-02
  12  4.497E+00  1.952E-02
  12  5.171E+00  2.113E-02
  12  5.945E+00  2.258E-02
  12  6.835E+00  2.379E-02
  12  7.859E+00  2.470E-02
  12  9.036E+00  2.524E-02
  12  1.039E+01  2.538E-02
  12  1.194E+01  2.508E-02
  12  1.373E+01  2.436E-02
  12  1.579E+01  2.324E-02
  12  1.816E+01  2.177E-02
  12  2.087E+01  2.002E-02
  12  2.400E+01  1.807E-02
  12  2.759E+01  1.602E-02
  12  3.173E+01  1.393E-02
  12  3.648E+01  1.190E-02
  12  4.194E+01  9.977E-03
  12  4.822E+01  8.221E-03
  12  5.544E+01  6.660E-03
  12  6.375E+01  5.309E-03
  12  7.329E+01  4.166E-03
  12  8.427E+01  3.219E-03
  12  9.689E+01  2.453E-03
  12  1.114E+02  1.844E-03
  12  1.281E+02  1.369E-03
  12  1.473E+02  1.005E-03
  12  1.693E+02  7.302E-04
  12  1.947E+02  5.250E-04
  12  2.238E+02  3.742E-04
  12  2.573E+02  2.646E-04
  12  2.959E+02  1.857E-04
  12  3.402E+02  1.295E-04
  12  3.911E+02  8.977E-05
  12  4.497E+02  6.192E-05
  12  5.171E+02  4.245E-05
  12  5.945E+02  2.904E-05
  12  6.835E+02  1.975E-05
  12  7.859E+02  1.341E-05
  12  9.036E+02  9.072E-06
  12  1.039E+03  6.117E-06
  12  1.194E+03  4.119E-06
  12  1.373E+03  2.769E-06
  12  1.579E+03  1.856E-06
  12  1.816E+03  1.243E-06
  12  2.087E+03  8.318E-07
  12  2.400E+03  5.549E-07
  12  2.759E+03  3.707E-07
  12  3.173E+03  2.470E-07
  12  3.648E+03  1.647E-07
  12  4.194E+03  1.095E-07
  12  4.822E+03  7.290E-08
  12  5.544E+03  4.848E-08
  12  6.375E+03  3.223E-08
  12  7.329E+03  2.141E-08
  12  8.427E+03  1.422E-08
  12  9.689E+03  9.435E-09
  12  1.114E+04  6.270E-09
  12  1.281E+04  4.157E-09
  12  1.473E+04  2.760E-09
  12  1.693E+04  1.832E-09
  12  1.947E+04  1.214E-09
  12  2.238E+04  8.059E-10
  12  2.573E+04  5.337E-10
  12  2.959E+04  3.544E-10
  12  3.402E+04  2.349E-10
  12  3.911E+04  1.557E-10
  12  4.497E+04  1.033E-10
  12  5.171E+04  6.840E-11
  12  5.945E+04  4.538E-11
  12  6.835E+04  3.007E-11
  12  7.859E+04  1.993E-11
  12  9.036E+04  1.321E-11
  12  1.039E+05  8.757E-12
  12  1.194E+05  5.799E-12
  12  1.373E+05  3.848E-12
  12  1.579E+05  2.541E-12
  12  1.816E+05  1.696E-12
  12  2.087E+05  1.113E-12
  12  2.400E+05  7.480E-13
  13  2.700E-01  1.456E-04
  13  3.104E-01  1.695E-04
  13  3.569E-01  1.974E-04
  13  4.104E-01  2.298E-04
  13  4.718E-01  2.677E-04
  13  5.425E-01  3.119E-04
  13  6.237E-01  3.634E-04
  13  7.171E-01  4.235E-04
  13  8.245E-01  4.936E-04
  13  9.480E-01  5.750E-04
  13  1.090E+00  6.694E-04
  13  1.253E+00  7.785E-04
  13  1.441E+00  9.040E-04
  13  1.657E+00  1.047E-03
  13  1.905E+00  1.210E-03
  13  2.190E+00  1.391E-03
  13  2.518E+00  1.593E-03
  13  2.895E+00  1.813E-03
  13  3.329E+00  2.048E-03
  13  3.827E+00  2.296E-03
  13  4.400E+00  2.549E-03
  13  5.059E+00  2.801E-03
  13  5.817E+00  3.042E-03
  13  6.688E+00  3.262E-03
  13  7.690E+00  3.451E-03
  13  8.841E+00  3.597E-03
  13  1.017E+01  3.692E-03
  13  1.169E+01  3.729E-03
  13  1.344E+01  3.702E-03
  13  1.545E+01  3.611E-03
  13  1.776E+01  3.459E-03
  13  2.042E+01  3.252E-03
  13  2.348E+01  3.000E-03
  13  2.700E+01  2.715E-03
  13  3.104E+01  2.410E-03
  13  3.569E+01  2.099E-03
  13  4.104E+01  1.794E-03
  13  4.718E+01  1.505E-03
  13  5.425E+01  1.239E-03
  13  6.237E+01  1.002E-03
  13  7.171E+01  7.969E-04
  13  8.245E+01  6.236E-04
  13  9.480E+01  4.803E-04
  13  1.090E+02  3.645E-04
  13  1.253E+02  2.729E-04
  13  1.441E+02  2.017E-04
  13  1.657E+02  1.473E-04
  13  1.905E+02  1.064E-04
  13  2.190E+02  7.611E-05
  13  2.518E+02  5.397E-05
  13  2.895E+02  3.794E-05
  13  3.329E+02  2.646E-05
  13  3.827E+02  1.834E-05
  13  4.400E+02  1.264E-05
  13  5.059E+02  8.664E-06
  13  5.817E+02  5.904E-06
  13  6.688E+02  4.010E-06
  13  7.690E+02  2.711E-06
  13  8.841E+02  1.829E-06
  13  1.017E+03  1.230E-06
  13  1.169E+03  8.238E-07
  13  1.344E+03  5.515E-07
  13  1.545E+03  3.679E-07
  13  1.776E+03  2.454E-07
  13  2.042E+03  1.632E-07
  13  2.348E+03  1.084E-07
  13  2.700E+03  7.201E-08
  13  3.104E+03  4.773E-08
  13  3.569E+03  3.162E-08
  13  4.104E+03  2.093E-08
  13  4.718E+03  1.384E-08
  13  5.425E+03  9.151E-09
  13  6.237E+03  6.047E-09
  13  7.171E+03  3.992E-09
  13  8.245E+03  2.639E-09
  13  9.480E+03  1.738E-09
  13  1.090E+04  1.148E-09
  13  1.253E+04  7.570E-10
  13  1.441E+04  4.991E-10
  13  1.657E+04  3.293E-10
  13  1.905E+04  2.168E-10
  13  2.190E+04  1.430E-10
  13  2.518E+04  9.426E-11
  13  2.895E+04  6.203E-11
  13  3.329E+04  4.094E-11
  13  3.827E+04  2.693E-11
  13  4.400E+04  1.776E-11
  13  5.059E+04  1.169E-11
  13  5.817E+04  7.700E-12
  13  6.688E+04  5.074E-12
  13  7.690E+04  3.337E-12
  13  8.841E+04  2.200E-12
  13  1.017E+05  1.447E-12
  13  1.169E+05  9.551E-13
  13  1.344E+05  6.269E-13
  13  1.545E+05  4.143E-13
  13  1.776E+05  2.715E-13
  13  2.042E+05  1.801E-13
  13  2.348E+05  1.173E-13
  13  2.700E+05  7.841E-14
  14  2.800E-01  6.210E-04
  14  3.219E-01  7.232E-04
  14  3.701E-01  8.423E-04
  14  4.256E-01  9.814E-04
  14  4.893E-01  1.144E-03
  14  5.626E-01  1.333E-03
  14  6.468E-01  1.555E-03
  14  7.437E-01  1.813E-03
  14  8.551E-01  2.115E-03
  14  9.831E-01  2.466E-03
  14  1.130E+00  2.873E-03
  14  1.300E+00  3.344E-03
  14  1.494E+00  3.886E-03
  14  1.718E+00  4.506E-03
  14  1.975E+00  5.207E-03
  14  2.271E+00  5.994E-03
  14  2.611E+00  6.864E-03
  14  3.002E+00  7.812E-03
  14  3.452E+00  8.826E-03
  14  3.969E+00  9.888E-03
  14  4.563E+00  1.097E-02
  14  5.247E+00  1.204E-02
  14  6.032E+00  1.306E-02
  14  6.936E+00  1.399E-02
  14  7.975E+00  1.477E-02
  14  9.169E+00  1.537E-02
  14  1.054E+01  1.576E-02
  14  1.212E+01  1.589E-02
  14  1.394E+01  1.576E-02
  14  1.602E+01  1.536E-02
  14  1.842E+01  1.471E-02
  14  2.118E+01  1.384E-02
  14  2.435E+01  1.278E-02
  14  2.800E+01  1.160E-02
  14  3.219E+01  1.033E-02
  14  3.701E+01  9.034E-03
  14  4.256E+01  7.759E-03
  14  4.893E+01  6.547E-03
  14  5.626E+01  5.430E-03
  14  6.468E+01  4.429E-03
  14  7.437E+01  3.554E-03
  14  8.551E+01  2.809E-03
  14  9.831E+01  2.187E-03
  14  1.130E+02  1.679E-03
  14  1.300E+02  1.272E-03
  14  1.494E+02  9.526E-04
  14  1.718E+02  7.050E-04
  14  1.975E+02  5.164E-04
  14  2.271E+02  3.746E-04
  14  2.611E+02  2.694E-04
  14  3.002E+02  1.921E-04
  14  3.452E+02  1.361E-04
  14  3.969E+02  9.571E-05
  14  4.563E+02  6.699E-05
  14  5.247E+02  4.664E-05
  14  6.032E+02  3.227E-05
  14  6.936E+02  2.227E-05
  14  7.975E+02  1.530E-05
  14  9.169E+02  1.047E-05
  14  1.054E+03  7.158E-06
  14  1.212E+03  4.872E-06
  14  1.394E+03  3.313E-06
  14  1.602E+03  2.248E-06
  14  1.842E+03  1.522E-06
  14  2.118E+03  1.029E-06
  14  2.435E+03  6.944E-07
  14  2.800E+03  4.686E-07
  14  3.219E+03  3.159E-07
  14  3.701E+03  2.125E-07
  14  4.256E+03  1.430E-07
  14  4.893E+03  9.606E-08
  14  5.626E+03  6.458E-08
  14  6.468E+03  4.337E-08
  14  7.437E+03  2.909E-08
  14  8.551E+03  1.952E-08
  14  9.831E+03  1.309E-08
  14  1.130E+04  8.771E-09
  14  1.300E+04  5.889E-09
  14  1.494E+04  3.942E-09
  14  1.718E+04  2.642E-09
  14  1.975E+04  1.769E-09
  14  2.271E+04  1.185E-09
  14  2.611E+04  7.939E-10
  14  3.002E+04  5.313E-10
  14  3.452E+04  3.562E-10
  14  3.969E+04  2.381E-10
  14  4.563E+04  1.595E-10
  14  5.247E+04  1.068E-10
  14  6.032E+04  7.147E-11
  14  6.936E+04  4.783E-11
  14  7.975E+04  3.202E-11
  14  9.169E+04  2.142E-11
  14  1.054E+05  1.434E-11
  14  1.212E+05  9.599E-12
  14  1.394E+05  6.420E-12
  14  1.602E+05  4.305E-12
  14  1.842E+05  2.868E-12
  14  2.118E+05  1.933E-12
  14  2.435E+05  1.281E-12
  14  2.800E+05  8.695E-13
  15  3.100E-01  1.818E-05
  15  3.564E-01  2.114E-05
  15  4.098E-01  2.458E-05
  15  4.712E-01  2.859E-05
  15  5.417E-01  3.325E-05
  15  6.229E-01  3.868E-05
  15  7.161E-01  4.500E-05
  15  8.234E-01  5.237E-05
  15  9.467E-01  6.093E-05
  15  1.088E+00  7.088E-05
  15  1.251E+00  8.243E-05
  15  1.439E+00  9.579E-05
  15  1.654E+00  1.112E-04
  15  1.902E+00  1.289E-04
  15  2.187E+00  1.490E-04
  15  2.515E+00  1.718E-04
  15  2.891E+00  1.974E-04
  15  3.324E+00  2.258E-04
  15  3.822E+00  2.568E-04
  15  4.394E+00  2.902E-04
  15  5.052E+00  3.254E-04
  15  5.809E+00  3.616E-04
  15  6.679E+00  3.979E-04
  15  7.679E+00  4.330E-04
  15  8.829E+00  4.653E-04
  15  1.015E+01  4.934E-04
  15  1.167E+01  5.154E-04
  15  1.342E+01  5.300E-04
  15  1.543E+01  5.359E-04
  15  1.774E+01  5.321E-04
  15  2.040E+01  5.186E-04
  15  2.345E+01  4.956E-04
  15  2.696E+01  4.643E-04
  15  3.100E+01  4.260E-04
  15  3.564E+01  3.828E-04
  15  4.098E+01  3.369E-04
  15  4.712E+01  2.903E-04
  15  5.417E+01  2.450E-04
  15  6.229E+01  2.026E-04
  15  7.161E+01  1.643E-04
  15  8.234E+01  1.307E-04
  15  9.467E+01  1.022E-04
  15  1.088E+02  7.848E-05
  15  1.251E+02  5.932E-05
  15  1.439E+02  4.417E-05
  15  1.654E+02  3.243E-05
  15  1.902E+02  2.349E-05
  15  2.187E+02  1.682E-05
  15  2.515E+02  1.191E-05
  15  2.891E+02  8.361E-06
  15  3.324E+02  5.814E-06
  15  3.822E+02  4.010E-06
  15  4.394E+02  2.746E-06
  15  5.052E+02  1.869E-06
  15  5.809E+02  1.266E-06
  15  6.679E+02  8.517E-07
  15  7.679E+02  5.711E-07
  15  8.829E+02  3.812E-07
  15  1.015E+03  2.537E-07
  15  1.167E+03  1.683E-07
  15  1.342E+03  1.112E-07
  15  1.543E+03  7.343E-08
  15  1.774E+03  4.838E-08
  15  2.040E+03  3.177E-08
  15  2.345E+03  2.088E-08
  15  2.696E+03  1.366E-08
  15  3.100E+03  8.949E-09
  15  3.564E+03  5.850E-09
  15  4.098E+03  3.821E-09
  15  4.712E+03  2.495E-09
  15  5.417E+03  1.626E-09
  15  6.229E+03  1.061E-09
  15  7.161E+03  6.909E-10
  15  8.234E+03  4.500E-10
  15  9.467E+03  2.928E-10
  15  1.088E+04  1.905E-10
  15  1.251E+04  1.240E-10
  15  1.439E+04  8.063E-11
  15  1.654E+04  5.241E-11
  15  1.902E+04  3.409E-11
  15  2.187E+04  2.213E-11
  15  2.515E+04  1.438E-11
  15  2.891E+04  9.351E-12
  15  3.324E+04  6.072E-12
  15  3.822E+04  3.947E-12
  15  4.394E+04  2.561E-12
  15  5.052E+04  1.664E-12
  15  5.809E+04  1.081E-12
  15  6.679E+04  7.017E-13
  15  7.679E+04  4.560E-13
  15  8.829E+04  2.957E-13
  15  1.015E+05  1.923E-13
  15  1.167E+05  1.247E-13
  15  1.342E+05  8.105E-14
  15  1.543E+05  5.257E-14
  15  1.774E+05  3.420E-14
  15  2.040E+05  2.211E-14
  15  2.345E+05  1.444E-14
  15  2.696E+05  9.291E-15
  15  3.100E+05  6.117E-15
  16  3.200E-01  9.231E-05
  16  3.679E-01  1.074E-04
  16  4.230E-01  1.250E-04
  16  4.864E-01  1.456E-04
  16  5.592E-01  1.695E-04
  16  6.430E-01  1.975E-04
  16  7.392E-01  2.301E-04
  16  8.499E-01  2.681E-04
  16  9.772E-01  3.124E-04
  16  1.124E+00  3.639E-04
  16  1.292E+00  4.238E-04
  16  1.485E+00  4.930E-04
  16  1.708E+00  5.728E-04
  16  1.963E+00  6.641E-04
  16  2.258E+00  7.680E-04
  16  2.596E+00  8.850E-04
  16  2.984E+00  1.015E-03
  16  3.431E+00  1.158E-03
  16  3.945E+00  1.313E-03
  16  4.536E+00  1.477E-03
  16  5.215E+00  1.647E-03
  16  5.996E+00  1.819E-03
  16  6.894E+00  1.986E-03
  16  7.927E+00  2.142E-03
  16  9.114E+00  2.281E-03
  16  1.048E+01  2.394E-03
  16  1.205E+01  2.475E-03
  16  1.385E+01  2.519E-03
  16  1.593E+01  2.521E-03
  16  1.831E+01  2.479E-03
  16  2.105E+01  2.395E-03
  16  2.421E+01  2.271E-03
  16  2.783E+01  2.114E-03
  16  3.200E+01  1.931E-03
  16  3.679E+01  1.730E-03
  16  4.230E+01  1.521E-03
  16  4.864E+01  1.311E-03
  16  5.592E+01  1.110E-03
  16  6.430E+01  9.220E-04
  16  7.392E+01  7.527E-04
  16  8.499E+01  6.041E-04
  16  9.772E+01  4.770E-04
  16  1.124E+02  3.707E-04
  16  1.292E+02  2.838E-04
  16  1.485E+02  2.144E-04
  16  1.708E+02  1.599E-04
  16  1.963E+02  1.178E-04
  16  2.258E+02  8.589E-05
  16  2.596E+02  6.199E-05
  16  2.984E+02  4.432E-05
  16  3.431E+02  3.143E-05
  16  3.945E+02  2.213E-05
  16  4.536E+02  1.546E-05
  16  5.215E+02  1.075E-05
  16  5.996E+02  7.435E-06
  16  6.894E+02  5.108E-06
  16  7.927E+02  3.501E-06
  16  9.114E+02  2.389E-06
  16  1.048E+03  1.624E-06
  16  1.205E+03  1.102E-06
  16  1.385E+03  7.446E-07
  16  1.593E+03  5.025E-07
  16  1.831E+03  3.385E-07
  16  2.105E+03  2.275E-07
  16  2.421E+03  1.527E-07
  16  2.783E+03  1.023E-07
  16  3.200E+03  6.851E-08
  16  3.679E+03  4.584E-08
  16  4.230E+03  3.061E-08
  16  4.864E+03  2.044E-08
  16  5.592E+03  1.364E-08
  16  6.430E+03  9.093E-09
  16  7.392E+03  6.064E-09
  16  8.499E+03  4.035E-09
  16  9.772E+03  2.688E-09
  16  1.124E+04  1.789E-09
  16  1.292E+04  1.190E-09
  16  1.485E+04  7.927E-10
  16  1.708E+04  5.265E-10
  16  1.963E+04  3.504E-10
  16  2.258E+04  2.328E-10
  16  2.596E+04  1.548E-10
  16  2.984E+04  1.029E-10
  16  3.431E+04  6.836E-11
  16  3.945E+04  4.548E-11
  16  4.536E+04  3.017E-11
  16  5.215E+04  2.008E-11
  16  5.996E+04  1.333E-11
  16  6.894E+04  8.856E-12
  16  7.927E+04  5.888E-12
  16  9.114E+04  3.907E-12
  16  1.048E+05  2.596E-12
  16  1.205E+05  1.725E-12
  16  1.385E+05  1.145E-12
  16  1.593E+05  7.605E-13
  16  1.831E+05  5.060E-13
  16  2.105E+05  3.347E-13
  16  2.421E+05  2.238E-13
  16  2.783E+05  1.472E-13
  16  3.200E+05  9.916E-14
  17  3.500E-01  1.602E-05
  17  4.024E-01  1.862E-05
  17  4.627E-01  2.165E-05
  17  5.320E-01  2.516E-05
  17  6.116E-01  2.926E-05
  17  7.032E-01  3.402E-05
  17  8.085E-01  3.957E-05
  17  9.296E-01  4.602E-05
  17  1.069E+00  5.352E-05
  17  1.229E+00  6.224E-05
  17  1.413E+00  7.235E-05
  17  1.625E+00  8.405E-05
  17  1.868E+00  9.754E-05
  17  2.148E+00  1.130E-04
  17  2.469E+00  1.307E-04
  17  2.839E+00  1.508E-04
  17  3.264E+00  1.733E-04
  17  3.753E+00  1.984E-04
  17  4.315E+00  2.259E-04
  17  4.961E+00  2.556E-04
  17  5.704E+00  2.871E-04
  17  6.558E+00  3.198E-04
  17  7.541E+00  3.528E-04
  17  8.670E+00  3.849E-04
  17  9.968E+00  4.150E-04
  17  1.146E+01  4.414E-04
  17  1.318E+01  4.626E-04
  17  1.515E+01  4.772E-04
  17  1.742E+01  4.839E-04
  17  2.003E+01  4.819E-04
  17  2.303E+01  4.708E-04
  17  2.648E+01  4.508E-04
  17  3.044E+01  4.227E-04
  17  3.500E+01  3.881E-04
  17  4.024E+01  3.488E-04
  17  4.627E+01  3.067E-04
  17  5.320E+01  2.638E-04
  17  6.116E+01  2.221E-04
  17  7.032E+01  1.831E-04
  17  8.085E+01  1.478E-04
  17  9.296E+01  1.170E-04
  17  1.069E+02  9.096E-05
  17  1.229E+02  6.943E-05
  17  1.413E+02  5.209E-05
  17  1.625E+02  3.850E-05
  17  1.868E+02  2.804E-05
  17  2.148E+02  2.015E-05
  17  2.469E+02  1.430E-05
  17  2.839E+02  1.004E-05
  17  3.264E+02  6.978E-06
  17  3.753E+02  4.804E-06
  17  4.315E+02  3.281E-06
  17  4.961E+02  2.225E-06
  17  5.704E+02  1.499E-06
  17  6.558E+02  1.005E-06
  17  7.541E+02  6.691E-07
  17  8.670E+02  4.436E-07
  17  9.968E+02  2.931E-07
  17  1.146E+03  1.929E-07
  17  1.318E+03  1.266E-07
  17  1.515E+03  8.279E-08
  17  1.742E+03  5.405E-08
  17  2.003E+03  3.520E-08
  17  2.303E+03  2.289E-08
  17  2.648E+03  1.487E-08
  17  3.044E+03  9.623E-09
  17  3.500E+03  6.236E-09
  17  4.024E+03  4.030E-09
  17  4.627E+03  2.605E-09
  17  5.320E+03  1.681E-09
  17  6.116E+03  1.083E-09
  17  7.032E+03  6.991E-10
  17  8.085E+03  4.502E-10
  17  9.296E+03  2.900E-10
  17  1.069E+04  1.866E-10
  17  1.229E+04  1.200E-10
  17  1.413E+04  7.730E-11
  17  1.625E+04  4.966E-11
  17  1.868E+04  3.194E-11
  17  2.148E+04  2.053E-11
  17  2.469E+04  1.319E-11
  17  2.839E+04  8.479E-12
  17  3.264E+04  5.449E-12
  17  3.753E+04  3.497E-12
  17  4.315E+04  2.250E-12
  17  4.961E+04  1.443E-12
  17  5.704E+04  9.272E-13
  17  6.558E+04  5.952E-13
  17  7.541E+04  3.822E-13
  17  8.670E+04  2.455E-13
  17  9.968E+04  1.576E-13
  17  1.146E+05  1.012E-13
  17  1.318E+05  6.498E-14
  17  1.515E+05  4.171E-14
  17  1.742E+05  2.677E-14
  17  2.003E+05  1.721E-14
  17  2.303E+05  1.102E-14
  17  2.648E+05  7.110E-15
  17  3.044E+05  4.527E-15
  17  3.500E+05  2.946E-15
  18  4.000E-01  3.253E-05
  18  4.599E-01  3.784E-05
  18  5.288E-01  4.402E-05
  18  6.080E-01  5.122E-05
  18  6.990E-01  5.962E-05
  18  8.037E-01  6.940E-05
  18  9.241E-01  8.079E-05
  18  1.062E+00  9.406E-05
  18  1.222E+00  1.095E-04
  18  1.404E+00  1.274E-04
  18  1.615E+00  1.481E-04
  18  1.857E+00  1.721E-04
  18  2.135E+00  1.995E-04
  18  2.454E+00  2.309E-04
  18  2.822E+00  2.663E-04
  18  3.245E+00  3.061E-04
  18  3.730E+00  3.501E-04
  18  4.289E+00  3.982E-04
  18  4.931E+00  4.498E-04
  18  5.670E+00  5.042E-04
  18  6.519E+00  5.600E-04
  18  7.495E+00  6.159E-04
  18  8.618E+00  6.697E-04
  18  9.908E+00  7.194E-04
  18  1.139E+01  7.625E-04
  18  1.310E+01  7.967E-04
  18  1.506E+01  8.198E-04
  18  1.732E+01  8.299E-04
  18  1.991E+01  8.259E-04
  18  2.289E+01  8.075E-04
  18  2.632E+01  7.750E-04
  18  3.026E+01  7.299E-04
  18  3.479E+01  6.742E-04
  18  4.000E+01  6.107E-04
  18  4.599E+01  5.423E-04
  18  5.288E+01  4.721E-04
  18  6.080E+01  4.030E-04
  18  6.990E+01  3.374E-04
  18  8.037E+01  2.771E-04
  18  9.241E+01  2.235E-04
  18  1.062E+02  1.772E-04
  18  1.222E+02  1.380E-04
  18  1.404E+02  1.058E-04
  18  1.615E+02  7.996E-05
  18  1.857E+02  5.955E-05
  18  2.135E+02  4.378E-05
  18  2.454E+02  3.183E-05
  18  2.822E+02  2.287E-05
  18  3.245E+02  1.625E-05
  18  3.730E+02  1.146E-05
  18  4.289E+02  8.009E-06
  18  4.931E+02  5.551E-06
  18  5.670E+02  3.827E-06
  18  6.519E+02  2.621E-06
  18  7.495E+02  1.785E-06
  18  8.618E+02  1.210E-06
  18  9.908E+02  8.175E-07
  18  1.139E+03  5.497E-07
  18  1.310E+03  3.683E-07
  18  1.506E+03  2.463E-07
  18  1.732E+03  1.643E-07
  18  1.991E+03  1.092E-07
  18  2.289E+03  7.254E-08
  18  2.632E+03  4.804E-08
  18  3.026E+03  3.181E-08
  18  3.479E+03  2.102E-08
  18  4.000E+03  1.387E-08
  18  4.599E+03  9.152E-09
  18  5.288E+03  6.025E-09
  18  6.080E+03  3.969E-09
  18  6.990E+03  2.611E-09
  18  8.037E+03  1.717E-09
  18  9.241E+03  1.129E-09
  18  1.062E+04  7.409E-10
  18  1.222E+04  4.868E-10
  18  1.404E+04  3.193E-10
  18  1.615E+04  2.097E-10
  18  1.857E+04  1.376E-10
  18  2.135E+04  9.017E-11
  18  2.454E+04  5.917E-11
  18  2.822E+04  3.878E-11
  18  3.245E+04  2.543E-11
  18  3.730E+04  1.667E-11
  18  4.289E+04  1.091E-11
  18  4.931E+04  7.163E-12
  18  5.670E+04  4.688E-12
  18  6.519E+04  3.076E-12
  18  7.495E+04  2.013E-12
  18  8.618E+04  1.319E-12
  18  9.908E+04  8.647E-13
  18  1.139E+05  5.664E-13
  18  1.310E+05  3.710E-13
  18  1.506E+05  2.430E-13
  18  1.732E+05  1.592E-13
  18  1.991E+05  1.042E-13
  18  2.289E+05  6.843E-14
  18  2.632E+05  4.463E-14
  18  3.026E+05  2.942E-14
  18  3.479E+05  1.908E-14
  18  4.000E+05  1.268E-14
  19  3.900E-01  2.236E-05
  19  4.484E-01  2.601E-05
  19  5.156E-01  3.026E-05
  19  5.928E-01  3.521E-05
  19  6.815E-01  4.098E-05
  19  7.836E-01  4.771E-05
  19  9.010E-01  5.555E-05
  19  1.036E+00  6.469E-05
  19  1.191E+00  7.533E-05
  19  1.369E+00  8.770E-05
  19  1.574E+00  1.020E-04
  19  1.810E+00  1.186E-04
  19  2.081E+00  1.378E-04
  19  2.393E+00  1.597E-04
  19  2.751E+00  1.846E-04
  19  3.163E+00  2.127E-04
  19  3.637E+00  2.441E-04
  19  4.182E+00  2.786E-04
  19  4.808E+00  3.161E-04
  19  5.528E+00  3.560E-04
  19  6.356E+00  3.975E-04
  19  7.308E+00  4.396E-04
  19  8.402E+00  4.810E-04
  19  9.661E+00  5.200E-04
  19  1.111E+01  5.547E-04
  19  1.277E+01  5.835E-04
  19  1.468E+01  6.044E-04
  19  1.688E+01  6.159E-04
  19  1.941E+01  6.168E-04
  19  2.232E+01  6.066E-04
  19  2.566E+01  5.853E-04
  19  2.950E+01  5.538E-04
  19  3.392E+01  5.137E-04
  19  3.900E+01  4.668E-04
  19  4.484E+01  4.156E-04
  19  5.156E+01  3.624E-04
  19  5.928E+01  3.095E-04
  19  6.815E+01  2.590E-04
  19  7.836E+01  2.125E-04
  19  9.010E+01  1.710E-04
  19  1.036E+02  1.351E-04
  19  1.191E+02  1.048E-04
  19  1.369E+02  7.999E-05
  19  1.574E+02  6.005E-05
  19  1.810E+02  4.443E-05
  19  2.081E+02  3.242E-05
  19  2.393E+02  2.335E-05
  19  2.751E+02  1.662E-05
  19  3.163E+02  1.170E-05
  19  3.637E+02  8.166E-06
  19  4.182E+02  5.645E-06
  19  4.808E+02  3.870E-06
  19  5.528E+02  2.635E-06
  19  6.356E+02  1.784E-06
  19  7.308E+02  1.201E-06
  19  8.402E+02  8.031E-07
  19  9.661E+02  5.356E-07
  19  1.111E+03  3.553E-07
  19  1.277E+03  2.349E-07
  19  1.468E+03  1.550E-07
  19  1.688E+03  1.018E-07
  19  1.941E+03  6.683E-08
  19  2.232E+03  4.374E-08
  19  2.566E+03  2.859E-08
  19  2.950E+03  1.865E-08
  19  3.392E+03  1.214E-08
  19  3.900E+03  7.897E-09
  19  4.484E+03  5.136E-09
  19  5.156E+03  3.333E-09
  19  5.928E+03  2.162E-09
  19  6.815E+03  1.402E-09
  19  7.836E+03  9.079E-10
  19  9.010E+03  5.882E-10
  19  1.036E+04  3.803E-10
  19  1.191E+04  2.463E-10
  19  1.369E+04  1.591E-10
  19  1.574E+04  1.029E-10
  19  1.810E+04  6.656E-11
  19  2.081E+04  4.296E-11
  19  2.393E+04  2.779E-11
  19  2.751E+04  1.793E-11
  19  3.163E+04  1.158E-11
  19  3.637E+04  7.480E-12
  19  4.182E+04  4.829E-12
  19  4.808E+04  3.119E-12
  19  5.528E+04  2.012E-12
  19  6.356E+04  1.299E-12
  19  7.308E+04  8.383E-13
  19  8.402E+04  5.408E-13
  19  9.661E+04  3.496E-13
  19  1.111E+05  2.251E-13
  19  1.277E+05  1.455E-13
  19  1.468E+05  9.380E-14
  19  1.688E+05  6.060E-14
  19  1.941E+05  3.905E-14
  19  2.232E+05  2.523E-14
  19  2.566E+05  1.623E-14
  19  2.950E+05  1.053E-14
  19  3.392E+05  6.733E-15
  19  3.900E+05  4.405E-15
  20  4.000E-01  5.675E-05
  20  4.599E-01  6.609E-05
  20  5.288E-01  7.698E-05
  20  6.080E-01  8.969E-05
  20  6.990E-01  1.045E-04
  20  8.037E-01  1.219E-04
  20  9.241E-01  1.421E-04
  20  1.062E+00  1.657E-04
  20  1.222E+00  1.933E-04
  20  1.404E+00  2.254E-04
  20  1.615E+00  2.626E-04
  20  1.857E+00  3.057E-04
  20  2.135E+00  3.552E-04
  20  2.454E+00  4.119E-04
  20  2.822E+00  4.760E-04
  20  3.245E+00  5.479E-04
  20  3.730E+00  6.275E-04
  20  4.289E+00  7.141E-04
  20  4.931E+00  8.068E-04
  20  5.670E+00  9.037E-04
  20  6.519E+00  1.002E-03
  20  7.495E+00  1.100E-03
  20  8.618E+00  1.193E-03
  20  9.908E+00  1.277E-03
  20  1.139E+01  1.348E-03
  20  1.310E+01  1.401E-03
  20  1.506E+01  1.435E-03
  20  1.732E+01  1.445E-03
  20  1.991E+01  1.431E-03
  20  2.289E+01  1.392E-03
  20  2.632E+01  1.330E-03
  20  3.026E+01  1.248E-03
  20  3.479E+01  1.149E-03
  20  4.000E+01  1.039E-03
  20  4.599E+01  9.213E-04
  20  5.288E+01  8.021E-04
  20  6.080E+01  6.855E-04
  20  6.990E+01  5.752E-04
  20  8.037E+01  4.742E-04
  20  9.241E+01  3.842E-04
  20  1.062E+02  3.062E-04
  20  1.222E+02  2.403E-04
  20  1.404E+02  1.856E-04
  20  1.615E+02  1.413E-04
  20  1.857E+02  1.062E-04
  20  2.135E+02  7.879E-05
  20  2.454E+02  5.778E-05
  20  2.822E+02  4.192E-05
  20  3.245E+02  3.012E-05
  20  3.730E+02  2.144E-05
  20  4.289E+02  1.514E-05
  20  4.931E+02  1.062E-05
  20  5.670E+02  7.386E-06
  20  6.519E+02  5.113E-06
  20  7.495E+02  3.523E-06
  20  8.618E+02  2.411E-06
  20  9.908E+02  1.645E-06
  20  1.139E+03  1.118E-06
  20  1.310E+03  7.570E-07
  20  1.506E+03  5.114E-07
  20  1.732E+03  3.443E-07
  20  1.991E+03  2.314E-07
  20  2.289E+03  1.553E-07
  20  2.632E+03  1.039E-07
  20  3.026E+03  6.944E-08
  20  3.479E+03  4.635E-08
  20  4.000E+03  3.092E-08
  20  4.599E+03  2.060E-08
  20  5.288E+03  1.370E-08
  20  6.080E+03  9.112E-09
  20  6.990E+03  6.050E-09
  20  8.037E+03  4.018E-09
  20  9.241E+03  2.669E-09
  20  1.062E+04  1.769E-09
  20  1.222E+04  1.173E-09
  20  1.404E+04  7.779E-10
  20  1.615E+04  5.153E-10
  20  1.857E+04  3.418E-10
  20  2.135E+04  2.262E-10
  20  2.454E+04  1.498E-10
  20  2.822E+04  9.913E-11
  20  3.245E+04  6.568E-11
  20  3.730E+04  4.345E-11
  20  4.289E+04  2.875E-11
  20  4.931E+04  1.905E-11
  20  5.670E+04  1.259E-11
  20  6.519E+04  8.338E-12
  20  7.495E+04  5.514E-12
  20  8.618E+04  3.648E-12
  20  9.908E+04  2.414E-12
  20  1.139E+05  1.596E-12
  20  1.310E+05  1.056E-12
  20  1.506E+05  6.985E-13
  20  1.732E+05  4.621E-13
  20  1.991E+05  3.055E-13
  20  2.289E+05  2.024E-13
  20  2.632E+05  1.333E-13
  20  3.026E+05  8.880E-14
  20  3.479E+05  5.813E-14
  20  4.000E+05  3.901E-14
  21  4.500E-01  1.115E-05
  21  5.174E-01  1.297E-05
  21  5.949E-01  1.510E-05
  21  6.840E-01  1.759E-05
  21  7.864E-01  2.048E-05
  21  9.042E-01  2.386E-05
  21  1.040E+00  2.780E-05
  21  1.195E+00  3.239E-05
  21  1.374E+00  3.773E-05
  21  1.580E+00  4.394E-05
  21  1.817E+00  5.114E-05
  21  2.089E+00  5.945E-05
  21  2.402E+00  6.898E-05
  21  2.761E+00  7.986E-05
  21  3.175E+00  9.216E-05
  21  3.650E+00  1.059E-04
  21  4.197E+00  1.211E-04
  21  4.825E+00  1.377E-04
  21  5.548E+00  1.554E-04
  21  6.379E+00  1.739E-04
  21  7.334E+00  1.927E-04
  21  8.432E+00  2.114E-04
  21  9.695E+00  2.291E-04
  21  1.115E+01  2.452E-04
  21  1.282E+01  2.587E-04
  21  1.474E+01  2.690E-04
  21  1.694E+01  2.753E-04
  21  1.948E+01  2.771E-04
  21  2.240E+01  2.741E-04
  21  2.575E+01  2.663E-04
  21  2.961E+01  2.540E-04
  21  3.404E+01  2.376E-04
  21  3.914E+01  2.180E-04
  21  4.500E+01  1.961E-04
  21  5.174E+01  1.730E-04
  21  5.949E+01  1.496E-04
  21  6.840E+01  1.268E-04
  21  7.864E+01  1.055E-04
  21  9.042E+01  8.612E-05
  21  1.040E+02  6.903E-05
  21  1.195E+02  5.435E-05
  21  1.374E+02  4.208E-05
  21  1.580E+02  3.207E-05
  21  1.817E+02  2.408E-05
  21  2.089E+02  1.782E-05
  21  2.402E+02  1.302E-05
  21  2.761E+02  9.394E-06
  21  3.175E+02  6.707E-06
  21  3.650E+02  4.735E-06
  21  4.197E+02  3.314E-06
  21  4.825E+02  2.301E-06
  21  5.548E+02  1.584E-06
  21  6.379E+02  1.083E-06
  21  7.334E+02  7.361E-07
  21  8.432E+02  4.983E-07
  21  9.695E+02  3.352E-07
  21  1.115E+03  2.244E-07
  21  1.282E+03  1.499E-07
  21  1.474E+03  9.960E-08
  21  1.694E+03  6.612E-08
  21  1.948E+03  4.371E-08
  21  2.240E+03  2.884E-08
  21  2.575E+03  1.899E-08
  21  2.961E+03  1.249E-08
  21  3.404E+03  8.194E-09
  21  3.914E+03  5.370E-09
  21  4.500E+03  3.514E-09
  21  5.174E+03  2.300E-09
  21  5.949E+03  1.502E-09
  21  6.840E+03  9.811E-10
  21  7.864E+03  6.399E-10
  21  9.042E+03  4.168E-10
  21  1.040E+04  2.718E-10
  21  1.195E+04  1.771E-10
  21  1.374E+04  1.152E-10
  21  1.580E+04  7.506E-11
  21  1.817E+04  4.875E-11
  21  2.089E+04  3.177E-11
  21  2.402E+04  2.064E-11
  21  2.761E+04  1.344E-11
  21  3.175E+04  8.728E-12
  21  3.650E+04  5.667E-12
  21  4.197E+04  3.690E-12
  21  4.825E+04  2.395E-12
  21  5.548E+04  1.558E-12
  21  6.379E+04  1.011E-12
  21  7.334E+04  6.569E-13
  21  8.432E+04  4.269E-13
  21  9.695E+04  2.774E-13
  21  1.115E+05  1.801E-13
  21  1.282E+05  1.170E-13
  21  1.474E+05  7.600E-14
  21  1.694E+05  4.932E-14
  21  1.948E+05  3.208E-14
  21  2.240E+05  2.079E-14
  21  2.575E+05  1.354E-14
  21  2.961E+05  8.756E-15
  21  3.404E+05  5.722E-15
  21  3.914E+05  3.682E-15
  21  4.500E+05  2.425E-15
  22  4.800E-01  4.249E-05
  22  5.519E-01  4.947E-05
  22  6.345E-01  5.763E-05
  22  7.296E-01  6.714E-05
  22  8.388E-01  7.825E-05
  22  9.644E-01  9.121E-05
  22  1.109E+00  1.063E-04
  22  1.275E+00  1.240E-04
  22  1.466E+00  1.445E-04
  22  1.685E+00  1.684E-04
  22  1.938E+00  1.960E-04
  22  2.228E+00  2.279E-04
  22  2.562E+00  2.644E-04
  22  2.945E+00  3.059E-04
  22  3.386E+00  3.526E-04
  22  3.893E+00  4.045E-04
  22  4.476E+00  4.614E-04
  22  5.147E+00  5.227E-04
  22  5.918E+00  5.875E-04
  22  6.804E+00  6.542E-04
  22  7.823E+00  7.210E-04
  22  8.994E+00  7.855E-04
  22  1.034E+01  8.451E-04
  22  1.189E+01  8.969E-04
  22  1.367E+01  9.381E-04
  22  1.572E+01  9.663E-04
  22  1.807E+01  9.793E-04
  22  2.078E+01  9.758E-04
  22  2.389E+01  9.554E-04
  22  2.747E+01  9.186E-04
  22  3.158E+01  8.670E-04
  22  3.631E+01  8.029E-04
  22  4.175E+01  7.294E-04
  22  4.800E+01  6.498E-04
  22  5.519E+01  5.679E-04
  22  6.345E+01  4.869E-04
  22  7.296E+01  4.096E-04
  22  8.388E+01  3.382E-04
  22  9.644E+01  2.741E-04
  22  1.109E+02  2.182E-04
  22  1.275E+02  1.708E-04
  22  1.466E+02  1.316E-04
  22  1.685E+02  9.974E-05
  22  1.938E+02  7.454E-05
  22  2.228E+02  5.495E-05
  22  2.562E+02  3.999E-05
  22  2.945E+02  2.876E-05
  22  3.386E+02  2.046E-05
  22  3.893E+02  1.441E-05
  22  4.476E+02  1.005E-05
  22  5.147E+02  6.955E-06
  22  5.918E+02  4.779E-06
  22  6.804E+02  3.259E-06
  22  7.823E+02  2.210E-06
  22  8.994E+02  1.491E-06
  22  1.034E+03  1.001E-06
  22  1.189E+03  6.690E-07
  22  1.367E+03  4.455E-07
  22  1.572E+03  2.954E-07
  22  1.807E+03  1.957E-07
  22  2.078E+03  1.291E-07
  22  2.389E+03  8.495E-08
  22  2.747E+03  5.585E-08
  22  3.158E+03  3.663E-08
  22  3.631E+03  2.399E-08
  22  4.175E+03  1.570E-08
  22  4.800E+03  1.024E-08
  22  5.519E+03  6.687E-09
  22  6.345E+03  4.358E-09
  22  7.296E+03  2.842E-09
  22  8.388E+03  1.850E-09
  22  9.644E+03  1.203E-09
  22  1.109E+04  7.821E-10
  22  1.275E+04  5.083E-10
  22  1.466E+04  3.305E-10
  22  1.685E+04  2.146E-10
  22  1.938E+04  1.392E-10
  22  2.228E+04  9.042E-11
  22  2.562E+04  5.865E-11
  22  2.945E+04  3.809E-11
  22  3.386E+04  2.470E-11
  22  3.893E+04  1.602E-11
  22  4.476E+04  1.039E-11
  22  5.147E+04  6.737E-12
  22  5.918E+04  4.369E-12
  22  6.804E+04  2.834E-12
  22  7.823E+04  1.836E-12
  22  8.994E+04  1.190E-12
  22  1.034E+05  7.715E-13
  22  1.189E+05  5.004E-13
  22  1.367E+05  3.242E-13
  22  1.572E+05  2.101E-13
  22  1.807E+05  1.362E-13
  22  2.078E+05  8.825E-14
  22  2.389E+05  5.716E-14
  22  2.747E+05  3.713E-14
  22  3.158E+05  2.395E-14
  22  3.631E+05  1.564E-14
  22  4.175E+05  1.003E-14
  22  4.800E+05  6.595E-15
  23  5.100E-01  1.876E-05
  23  5.864E-01  2.184E-05
  23  6.742E-01  2.543E-05
  23  7.752E-01  2.962E-05
  23  8.912E-01  3.451E-05
  23  1.025E+00  4.022E-05
  23  1.178E+00  4.688E-05
  23  1.355E+00  5.464E-05
  23  1.557E+00  6.368E-05
  23  1.791E+00  7.417E-05
  23  2.059E+00  8.631E-05
  23  2.367E+00  1.003E-04
  23  2.722E+00  1.163E-04
  23  3.129E+00  1.345E-04
  23  3.598E+00  1.550E-04
  23  4.137E+00  1.778E-04
  23  4.756E+00  2.028E-04
  23  5.469E+00  2.297E-04
  23  6.288E+00  2.582E-04
  23  7.229E+00  2.876E-04
  23  8.312E+00  3.170E-04
  23  9.556E+00  3.456E-04
  23  1.099E+01  3.721E-04
  23  1.263E+01  3.953E-04
  23  1.452E+01  4.139E-04
  23  1.670E+01  4.269E-04
  23  1.920E+01  4.333E-04
  23  2.208E+01  4.324E-04
  23  2.538E+01  4.242E-04
  23  2.918E+01  4.086E-04
  23  3.355E+01  3.865E-04
  23  3.858E+01  3.587E-04
  23  4.436E+01  3.267E-04
  23  5.100E+01  2.918E-04
  23  5.864E+01  2.557E-04
  23  6.742E+01  2.199E-04
  23  7.752E+01  1.855E-04
  23  8.912E+01  1.536E-04
  23  1.025E+02  1.249E-04
  23  1.178E+02  9.975E-05
  23  1.355E+02  7.834E-05
  23  1.557E+02  6.053E-05
  23  1.791E+02  4.606E-05
  23  2.059E+02  3.455E-05
  23  2.367E+02  2.555E-05
  23  2.722E+02  1.866E-05
  23  3.129E+02  1.348E-05
  23  3.598E+02  9.629E-06
  23  4.137E+02  6.806E-06
  23  4.756E+02  4.769E-06
  23  5.469E+02  3.316E-06
  23  6.288E+02  2.287E-06
  23  7.229E+02  1.568E-06
  23  8.312E+02  1.068E-06
  23  9.556E+02  7.238E-07
  23  1.099E+03  4.882E-07
  23  1.263E+03  3.279E-07
  23  1.452E+03  2.195E-07
  23  1.670E+03  1.461E-07
  23  1.920E+03  9.733E-08
  23  2.208E+03  6.450E-08
  23  2.538E+03  4.270E-08
  23  2.918E+03  2.819E-08
  23  3.355E+03  1.858E-08
  23  3.858E+03  1.224E-08
  23  4.436E+03  8.042E-09
  23  5.100E+03  5.282E-09
  23  5.864E+03  3.466E-09
  23  6.742E+03  2.270E-09
  23  7.752E+03  1.488E-09
  23  8.912E+03  9.741E-10
  23  1.025E+04  6.361E-10
  23  1.178E+04  4.166E-10
  23  1.355E+04  2.716E-10
  23  1.557E+04  1.776E-10
  23  1.791E+04  1.159E-10
  23  2.059E+04  7.569E-11
  23  2.367E+04  4.942E-11
  23  2.722E+04  3.219E-11
  23  3.129E+04  2.104E-11
  23  3.598E+04  1.370E-11
  23  4.137E+04  8.944E-12
  23  4.756E+04  5.831E-12
  23  5.469E+04  3.797E-12
  23  6.288E+04  2.478E-12
  23  7.229E+04  1.614E-12
  23  8.312E+04  1.053E-12
  23  9.556E+04  6.859E-13
  23  1.099E+05  4.465E-13
  23  1.263E+05  2.914E-13
  23  1.452E+05  1.897E-13
  23  1.670E+05  1.237E-13
  23  1.920E+05  8.054E-14
  23  2.208E+05  5.249E-14
  23  2.538E+05  3.419E-14
  23  2.918E+05  2.232E-14
  23  3.355E+05  1.449E-14
  23  3.858E+05  9.495E-15
  23  4.436E+05  6.125E-15
  23  5.100E+05  4.049E-15
  24  5.200E-01  3.642E-05
  24  5.979E-01  4.241E-05
  24  6.874E-01  4.940E-05
  24  7.904E-01  5.756E-05
  24  9.087E-01  6.709E-05
  24  1.045E+00  7.821E-05
  24  1.201E+00  9.119E-05
  24  1.381E+00  1.063E-04
  24  1.588E+00  1.240E-04
  24  1.826E+00  1.444E-04
  24  2.099E+00  1.682E-04
  24  2.414E+00  1.955E-04
  24  2.775E+00  2.268E-04
  24  3.191E+00  2.624E-04
  24  3.668E+00  3.025E-04
  24  4.218E+00  3.471E-04
  24  4.850E+00  3.960E-04
  24  5.576E+00  4.486E-04
  24  6.411E+00  5.042E-04
  24  7.371E+00  5.616E-04
  24  8.475E+00  6.190E-04
  24  9.744E+00  6.745E-04
  24  1.120E+01  7.259E-04
  24  1.288E+01  7.708E-04
  24  1.481E+01  8.068E-04
  24  1.703E+01  8.318E-04
  24  1.958E+01  8.440E-04
  24  2.251E+01  8.423E-04
  24  2.588E+01  8.263E-04
  24  2.976E+01  7.964E-04
  24  3.421E+01  7.537E-04
  24  3.934E+01  7.004E-04
  24  4.523E+01  6.389E-04
  24  5.200E+01  5.719E-04
  24  5.979E+01  5.026E-04
  24  6.874E+01  4.336E-04
  24  7.904E+01  3.672E-04
  24  9.087E+01  3.054E-04
  24  1.045E+02  2.496E-04
  24  1.201E+02  2.005E-04
  24  1.381E+02  1.585E-04
  24  1.588E+02  1.233E-04
  24  1.826E+02  9.447E-05
  24  2.099E+02  7.142E-05
  24  2.414E+02  5.326E-05
  24  2.775E+02  3.922E-05
  24  3.191E+02  2.857E-05
  24  3.668E+02  2.059E-05
  24  4.218E+02  1.469E-05
  24  4.850E+02  1.039E-05
  24  5.576E+02  7.295E-06
  24  6.411E+02  5.083E-06
  24  7.371E+02  3.517E-06
  24  8.475E+02  2.418E-06
  24  9.744E+02  1.657E-06
  24  1.120E+03  1.129E-06
  24  1.288E+03  7.657E-07
  24  1.481E+03  5.177E-07
  24  1.703E+03  3.487E-07
  24  1.958E+03  2.344E-07
  24  2.251E+03  1.570E-07
  24  2.588E+03  1.050E-07
  24  2.976E+03  7.007E-08
  24  3.421E+03  4.668E-08
  24  3.934E+03  3.107E-08
  24  4.523E+03  2.064E-08
  24  5.200E+03  1.368E-08
  24  5.979E+03  9.078E-09
  24  6.874E+03  6.009E-09
  24  7.904E+03  3.978E-09
  24  9.087E+03  2.630E-09
  24  1.045E+04  1.738E-09
  24  1.201E+04  1.148E-09
  24  1.381E+04  7.588E-10
  24  1.588E+04  5.004E-10
  24  1.826E+04  3.306E-10
  24  2.099E+04  2.177E-10
  24  2.414E+04  1.437E-10
  24  2.775E+04  9.471E-11
  24  3.191E+04  6.246E-11
  24  3.668E+04  4.119E-11
  24  4.218E+04  2.712E-11
  24  4.850E+04  1.787E-11
  24  5.576E+04  1.178E-11
  24  6.411E+04  7.758E-12
  24  7.371E+04  5.114E-12
  24  8.475E+04  3.363E-12
  24  9.744E+04  2.219E-12
  24  1.120E+05  1.459E-12
  24  1.288E+05  9.619E-13
  24  1.481E+05  6.332E-13
  24  1.703E+05  4.170E-13
  24  1.958E+05  2.744E-13
  24  2.251E+05  1.809E-13
  24  2.588E+05  1.189E-13
  24  2.976E+05  7.853E-14
  24  3.421E+05  5.147E-14
  24  3.934E+05  3.414E-14
  24  4.523E+05  2.223E-14
  24  5.200E+05  1.486E-14
  25  5.500E-01  2.219E-05
  25  6.324E-01  2.583E-05
  25  7.271E-01  3.008E-05
  25  8.360E-01  3.504E-05
  25  9.611E-01  4.082E-05
  25  1.105E+00  4.757E-05
  25  1.271E+00  5.545E-05
  25  1.461E+00  6.463E-05
  25  1.680E+00  7.531E-05
  25  1.931E+00  8.772E-05
  25  2.220E+00  1.021E-04
  25  2.553E+00  1.186E-04
  25  2.935E+00  1.376E-04
  25  3.375E+00  1.592E-04
  25  3.880E+00  1.835E-04
  25  4.461E+00  2.105E-04
  25  5.129E+00  2.402E-04
  25  5.897E+00  2.722E-04
  25  6.781E+00  3.061E-04
  25  7.796E+00  3.412E-04
  25  8.964E+00  3.766E-04
  25  1.031E+01  4.110E-04
  25  1.185E+01  4.431E-04
  25  1.362E+01  4.715E-04
  25  1.566E+01  4.948E-04
  25  1.801E+01  5.115E-04
  25  2.071E+01  5.207E-04
  25  2.381E+01  5.215E-04
  25  2.737E+01  5.135E-04
  25  3.147E+01  4.970E-04
  25  3.619E+01  4.726E-04
  25  4.161E+01  4.413E-04
  25  4.784E+01  4.046E-04
  25  5.500E+01  3.642E-04
  25  6.324E+01  3.219E-04
  25  7.271E+01  2.794E-04
  25  8.360E+01  2.381E-04
  25  9.611E+01  1.994E-04
  25  1.105E+02  1.640E-04
  25  1.271E+02  1.327E-04
  25  1.461E+02  1.056E-04
  25  1.680E+02  8.279E-05
  25  1.931E+02  6.397E-05
  25  2.220E+02  4.875E-05
  25  2.553E+02  3.666E-05
  25  2.935E+02  2.724E-05
  25  3.375E+02  2.001E-05
  25  3.880E+02  1.456E-05
  25  4.461E+02  1.048E-05
  25  5.129E+02  7.482E-06
  25  5.897E+02  5.303E-06
  25  6.781E+02  3.730E-06
  25  7.796E+02  2.608E-06
  25  8.964E+02  1.812E-06
  25  1.031E+03  1.253E-06
  25  1.185E+03  8.628E-07
  25  1.362E+03  5.915E-07
  25  1.566E+03  4.041E-07
  25  1.801E+03  2.750E-07
  25  2.071E+03  1.869E-07
  25  2.381E+03  1.265E-07
  25  2.737E+03  8.550E-08
  25  3.147E+03  5.774E-08
  25  3.619E+03  3.883E-08
  25  4.161E+03  2.613E-08
  25  4.784E+03  1.755E-08
  25  5.500E+03  1.177E-08
  25  6.324E+03  7.894E-09
  25  7.271E+03  5.280E-09
  25  8.360E+03  3.536E-09
  25  9.611E+03  2.365E-09
  25  1.105E+04  1.579E-09
  25  1.271E+04  1.055E-09
  25  1.461E+04  7.042E-10
  25  1.680E+04  4.703E-10
  25  1.931E+04  3.139E-10
  25  2.220E+04  2.092E-10
  25  2.553E+04  1.396E-10
  25  2.935E+04  9.296E-11
  25  3.375E+04  6.205E-11
  25  3.880E+04  4.133E-11
  25  4.461E+04  2.753E-11
  25  5.129E+04  1.836E-11
  25  5.897E+04  1.222E-11
  25  6.781E+04  8.141E-12
  25  7.796E+04  5.431E-12
  25  8.964E+04  3.611E-12
  25  1.031E+05  2.409E-12
  25  1.185E+05  1.602E-12
  25  1.362E+05  1.068E-12
  25  1.566E+05  7.106E-13
  25  1.801E+05  4.734E-13
  25  2.071E+05  3.152E-13
  25  2.381E+05  2.099E-13
  25  2.737E+05  1.397E-13
  25  3.147E+05  9.315E-14
  25  3.619E+05  6.182E-14
  25  4.161E+05  4.140E-14
  25  4.784E+05  2.730E-14
  25  5.500E+05  1.844E-14
  26  5.600E-01  2.236E-04
  26  6.439E-01  2.604E-04
  26  7.403E-01  3.034E-04
  26  8.512E-01  3.535E-04
  26  9.786E-01  4.121E-04
  26  1.125E+00  4.805E-04
  26  1.294E+00  5.604E-04
  26  1.487E+00  6.535E-04
  26  1.710E+00  7.620E-04
  26  1.966E+00  8.881E-04
  26  2.261E+00  1.034E-03
  26  2.599E+00  1.203E-03
  26  2.989E+00  1.395E-03
  26  3.436E+00  1.615E-03
  26  3.951E+00  1.861E-03
  26  4.542E+00  2.136E-03
  26  5.223E+00  2.437E-03
  26  6.005E+00  2.761E-03
  26  6.904E+00  3.103E-03
  26  7.938E+00  3.455E-03
  26  9.127E+00  3.809E-03
  26  1.049E+01  4.151E-03
  26  1.206E+01  4.469E-03
  26  1.387E+01  4.747E-03
  26  1.595E+01  4.973E-03
  26  1.834E+01  5.134E-03
  26  2.108E+01  5.219E-03
  26  2.424E+01  5.221E-03
  26  2.787E+01  5.139E-03
  26  3.205E+01  4.974E-03
  26  3.684E+01  4.732E-03
  26  4.236E+01  4.425E-03
  26  4.871E+01  4.067E-03
  26  5.600E+01  3.674E-03
  26  6.439E+01  3.262E-03
  26  7.403E+01  2.846E-03
  26  8.512E+01  2.442E-03
  26  9.786E+01  2.060E-03
  26  1.125E+02  1.711E-03
  26  1.294E+02  1.398E-03
  26  1.487E+02  1.125E-03
  26  1.710E+02  8.925E-04
  26  1.966E+02  6.984E-04
  26  2.261E+02  5.395E-04
  26  2.599E+02  4.117E-04
  26  2.989E+02  3.105E-04
  26  3.436E+02  2.317E-04
  26  3.951E+02  1.713E-04
  26  4.542E+02  1.254E-04
  26  5.223E+02  9.111E-05
  26  6.005E+02  6.571E-05
  26  6.904E+02  4.705E-05
  26  7.938E+02  3.349E-05
  26  9.127E+02  2.370E-05
  26  1.049E+03  1.671E-05
  26  1.206E+03  1.172E-05
  26  1.387E+03  8.182E-06
  26  1.595E+03  5.700E-06
  26  1.834E+03  3.954E-06
  26  2.108E+03  2.739E-06
  26  2.424E+03  1.891E-06
  26  2.787E+03  1.303E-06
  26  3.205E+03  8.962E-07
  26  3.684E+03  6.158E-07
  26  4.236E+03  4.220E-07
  26  4.871E+03  2.891E-07
  26  5.600E+03  1.977E-07
  26  6.439E+03  1.352E-07
  26  7.403E+03  9.228E-08
  26  8.511E+03  6.303E-08
  26  9.786E+03  4.296E-08
  26  1.125E+04  2.927E-08
  26  1.294E+04  1.996E-08
  26  1.487E+04  1.359E-08
  26  1.710E+04  9.256E-09
  26  1.966E+04  6.297E-09
  26  2.261E+04  4.280E-09
  26  2.599E+04  2.914E-09
  26  2.989E+04  1.981E-09
  26  3.436E+04  1.347E-09
  26  3.951E+04  9.163E-10
  26  4.542E+04  6.219E-10
  26  5.223E+04  4.232E-10
  26  6.005E+04  2.874E-10
  26  6.904E+04  1.954E-10
  26  7.938E+04  1.327E-10
  26  9.127E+04  9.015E-11
  26  1.049E+05  6.125E-11
  26  1.206E+05  4.163E-11
  26  1.387E+05  2.826E-11
  26  1.595E+05  1.921E-11
  26  1.834E+05  1.305E-11
  26  2.108E+05  8.852E-12
  26  2.424E+05  6.022E-12
  26  2.787E+05  4.081E-12
  26  3.205E+05  2.782E-12
  26  3.684E+05  1.879E-12
  26  4.236E+05  1.285E-12
  26  4.871E+05  8.641E-13
  26  5.600E+05  5.955E-13
  27  5.900E-01  9.014E-07
  27  6.784E-01  1.049E-06
  27  7.799E-01  1.222E-06
  27  8.967E-01  1.423E-06
  27  1.031E+00  1.658E-06
  27  1.185E+00  1.932E-06
  27  1.363E+00  2.251E-06
  27  1.567E+00  2.624E-06
  27  1.802E+00  3.057E-06
  27  2.072E+00  3.561E-06
  27  2.382E+00  4.144E-06
  27  2.739E+00  4.816E-06
  27  3.149E+00  5.587E-06
  27  3.620E+00  6.464E-06
  27  4.162E+00  7.452E-06
  27  4.786E+00  8.554E-06
  27  5.502E+00  9.766E-06
  27  6.326E+00  1.108E-05
  27  7.274E+00  1.247E-05
  27  8.363E+00  1.392E-05
  27  9.616E+00  1.538E-05
  27  1.106E+01  1.681E-05
  27  1.271E+01  1.816E-05
  27  1.461E+01  1.937E-05
  27  1.680E+01  2.037E-05
  27  1.932E+01  2.112E-05
  27  2.221E+01  2.157E-05
  27  2.554E+01  2.167E-05
  27  2.936E+01  2.143E-05
  27  3.376E+01  2.083E-05
  27  3.882E+01  1.989E-05
  27  4.463E+01  1.867E-05
  27  5.132E+01  1.721E-05
  27  5.900E+01  1.558E-05
  27  6.784E+01  1.386E-05
  27  7.799E+01  1.211E-05
  27  8.967E+01  1.039E-05
  27  1.031E+02  8.768E-06
  27  1.185E+02  7.272E-06
  27  1.363E+02  5.934E-06
  27  1.567E+02  4.765E-06
  27  1.802E+02  3.770E-06
  27  2.072E+02  2.940E-06
  27  2.382E+02  2.262E-06
  27  2.739E+02  1.719E-06
  27  3.149E+02  1.290E-06
  27  3.620E+02  9.582E-07
  27  4.162E+02  7.049E-07
  27  4.786E+02  5.133E-07
  27  5.502E+02  3.707E-07
  27  6.326E+02  2.657E-07
  27  7.274E+02  1.891E-07
  27  8.363E+02  1.338E-07
  27  9.616E+02  9.407E-08
  27  1.106E+03  6.587E-08
  27  1.271E+03  4.589E-08
  27  1.461E+03  3.187E-08
  27  1.680E+03  2.203E-08
  27  1.932E+03  1.518E-08
  27  2.221E+03  1.045E-08
  27  2.554E+03  7.167E-09
  27  2.936E+03  4.903E-09
  27  3.376E+03  3.353E-09
  27  3.882E+03  2.286E-09
  27  4.463E+03  1.558E-09
  27  5.132E+03  1.060E-09
  27  5.900E+03  7.199E-10
  27  6.784E+03  4.886E-10
  27  7.799E+03  3.314E-10
  27  8.967E+03  2.248E-10
  27  1.031E+04  1.523E-10
  27  1.185E+04  1.030E-10
  27  1.363E+04  6.975E-11
  27  1.567E+04  4.717E-11
  27  1.802E+04  3.189E-11
  27  2.072E+04  2.156E-11
  27  2.382E+04  1.456E-11
  27  2.739E+04  9.841E-12
  27  3.149E+04  6.644E-12
  27  3.620E+04  4.490E-12
  27  4.162E+04  3.031E-12
  27  4.786E+04  2.045E-12
  27  5.502E+04  1.381E-12
  27  6.326E+04  9.319E-13
  27  7.274E+04  6.291E-13
  27  8.363E+04  4.246E-13
  27  9.616E+04  2.863E-13
  27  1.106E+05  1.933E-13
  27  1.271E+05  1.303E-13
  27  1.461E+05  8.800E-14
  27  1.680E+05  5.936E-14
  27  1.932E+05  4.004E-14
  27  2.221E+05  2.702E-14
  27  2.554E+05  1.822E-14
  27  2.936E+05  1.228E-14
  27  3.376E+05  8.301E-15
  27  3.882E+05  5.580E-15
  27  4.463E+05  3.789E-15
  27  5.132E+05  2.530E-15
  27  5.900E+05  1.731E-15
  28  5.800E-01  9.609E-06
  28  6.669E-01  1.118E-05
  28  7.667E-01  1.302E-05
  28  8.815E-01  1.516E-05
  28  1.014E+00  1.766E-05
  28  1.165E+00  2.057E-05
  28  1.340E+00  2.397E-05
  28  1.541E+00  2.793E-05
  28  1.771E+00  3.254E-05
  28  2.036E+00  3.790E-05
  28  2.341E+00  4.412E-05
  28  2.692E+00  5.130E-05
  28  3.095E+00  5.956E-05
  28  3.559E+00  6.898E-05
  28  4.092E+00  7.965E-05
  28  4.705E+00  9.161E-05
  28  5.409E+00  1.048E-04
  28  6.219E+00  1.193E-04
  28  7.151E+00  1.348E-04
  28  8.221E+00  1.510E-04
  28  9.453E+00  1.677E-04
  28  1.087E+01  1.842E-04
  28  1.250E+01  2.002E-04
  28  1.437E+01  2.148E-04
  28  1.652E+01  2.274E-04
  28  1.899E+01  2.374E-04
  28  2.184E+01  2.441E-04
  28  2.511E+01  2.471E-04
  28  2.887E+01  2.461E-04
  28  3.319E+01  2.410E-04
  28  3.816E+01  2.319E-04
  28  4.387E+01  2.192E-04
  28  5.045E+01  2.035E-04
  28  5.800E+01  1.855E-04
  28  6.669E+01  1.661E-04
  28  7.667E+01  1.460E-04
  28  8.815E+01  1.260E-04
  28  1.014E+02  1.069E-04
  28  1.165E+02  8.910E-05
  28  1.340E+02  7.304E-05
  28  1.541E+02  5.892E-05
  28  1.771E+02  4.680E-05
  28  2.036E+02  3.663E-05
  28  2.341E+02  2.827E-05
  28  2.692E+02  2.155E-05
  28  3.095E+02  1.622E-05
  28  3.559E+02  1.208E-05
  28  4.092E+02  8.899E-06
  28  4.705E+02  6.490E-06
  28  5.409E+02  4.698E-06
  28  6.219E+02  3.374E-06
  28  7.151E+02  2.404E-06
  28  8.221E+02  1.704E-06
  28  9.453E+02  1.200E-06
  28  1.087E+03  8.414E-07
  28  1.250E+03  5.867E-07
  28  1.437E+03  4.077E-07
  28  1.652E+03  2.823E-07
  28  1.899E+03  1.947E-07
  28  2.184E+03  1.341E-07
  28  2.511E+03  9.195E-08
  28  2.887E+03  6.306E-08
  28  3.319E+03  4.308E-08
  28  3.816E+03  2.943E-08
  28  4.387E+03  2.005E-08
  28  5.045E+03  1.364E-08
  28  5.800E+03  9.284E-09
  28  6.669E+03  6.303E-09
  28  7.667E+03  4.279E-09
  28  8.815E+03  2.903E-09
  28  1.014E+04  1.965E-09
  28  1.165E+04  1.333E-09
  28  1.340E+04  9.016E-10
  28  1.541E+04  6.105E-10
  28  1.771E+04  4.129E-10
  28  2.036E+04  2.790E-10
  28  2.341E+04  1.888E-10
  28  2.692E+04  1.276E-10
  28  3.095E+04  8.617E-11
  28  3.559E+04  5.830E-11
  28  4.092E+04  3.932E-11
  28  4.705E+04  2.658E-11
  28  5.409E+04  1.794E-11
  28  6.219E+04  1.212E-11
  28  7.151E+04  8.184E-12
  28  8.221E+04  5.522E-12
  28  9.453E+04  3.729E-12
  28  1.087E+05  2.517E-12
  28  1.250E+05  1.699E-12
  28  1.437E+05  1.147E-12
  28  1.652E+05  7.743E-13
  28  1.899E+05  5.224E-13
  28  2.184E+05  3.527E-13
  28  2.511E+05  2.380E-13
  28  2.887E+05  1.605E-13
  28  3.319E+05  1.085E-13
  28  3.816E+05  7.294E-14
  28  4.387E+05  4.958E-14
  28  5.045E+05  3.312E-14
  28  5.800E+05  2.267E-14
