2023.873973
    Z       E            F 
   1  1.000E-02  4.847E+06
   1  1.150E-02  3.976E+06
   1  1.322E-02  3.263E+06
   1  1.520E-02  2.677E+06
   1  1.748E-02  2.195E+06
   1  2.009E-02  1.800E+06
   1  2.310E-02  1.476E+06
   1  2.656E-02  1.209E+06
   1  3.054E-02  9.905E+05
   1  3.511E-02  8.112E+05
   1  4.037E-02  6.640E+05
   1  4.642E-02  5.431E+05
   1  5.337E-02  4.441E+05
   1  6.136E-02  3.629E+05
   1  7.055E-02  2.962E+05
   1  8.111E-02  2.417E+05
   1  9.326E-02  1.969E+05
   1  1.072E-01  1.604E+05
   1  1.233E-01  1.303E+05
   1  1.417E-01  1.059E+05
   1  1.630E-01  8.572E+04
   1  1.874E-01  6.935E+04
   1  2.154E-01  5.601E+04
   1  2.477E-01  4.510E+04
   1  2.848E-01  3.623E+04
   1  3.275E-01  2.901E+04
   1  3.765E-01  2.317E+04
   1  4.329E-01  1.843E+04
   1  4.977E-01  1.461E+04
   1  5.722E-01  1.153E+04
   1  6.579E-01  9.055E+03
   1  7.565E-01  7.077E+03
   1  8.697E-01  5.503E+03
   1  1.000E+00  4.255E+03
   1  1.150E+00  3.269E+03
   1  1.322E+00  2.498E+03
   1  1.520E+00  1.896E+03
   1  1.748E+00  1.430E+03
   1  2.009E+00  1.072E+03
   1  2.310E+00  7.980E+02
   1  2.656E+00  5.902E+02
   1  3.054E+00  4.337E+02
   1  3.511E+00  3.168E+02
   1  4.037E+00  2.299E+02
   1  4.642E+00  1.659E+02
   1  5.337E+00  1.191E+02
   1  6.136E+00  8.510E+01
   1  7.055E+00  6.049E+01
   1  8.111E+00  4.282E+01
   1  9.326E+00  3.018E+01
   1  1.072E+01  2.120E+01
   1  1.233E+01  1.483E+01
   1  1.417E+01  1.036E+01
   1  1.630E+01  7.197E+00
   1  1.874E+01  4.996E+00
   1  2.154E+01  3.462E+00
   1  2.477E+01  2.392E+00
   1  2.848E+01  1.650E+00
   1  3.275E+01  1.136E+00
   1  3.765E+01  7.821E-01
   1  4.329E+01  5.373E-01
   1  4.977E+01  3.689E-01
   1  5.722E+01  2.530E-01
   1  6.579E+01  1.733E-01
   1  7.565E+01  1.187E-01
   1  8.697E+01  8.122E-02
   1  1.000E+02  5.553E-02
   1  1.150E+02  3.794E-02
   1  1.322E+02  2.593E-02
   1  1.520E+02  1.771E-02
   1  1.748E+02  1.209E-02
   1  2.009E+02  8.258E-03
   1  2.310E+02  5.635E-03
   1  2.656E+02  3.844E-03
   1  3.054E+02  2.622E-03
   1  3.511E+02  1.789E-03
   1  4.037E+02  1.220E-03
   1  4.642E+02  8.314E-04
   1  5.337E+02  5.669E-04
   1  6.136E+02  3.865E-04
   1  7.055E+02  2.634E-04
   1  8.111E+02  1.796E-04
   1  9.326E+02  1.224E-04
   1  1.072E+03  8.348E-05
   1  1.233E+03  5.683E-05
   1  1.417E+03  3.878E-05
   1  1.630E+03  2.639E-05
   1  1.874E+03  1.799E-05
   1  2.154E+03  1.227E-05
   1  2.477E+03  8.354E-06
   1  2.848E+03  5.692E-06
   1  3.275E+03  3.877E-06
   1  3.765E+03  2.642E-06
   1  4.329E+03  1.800E-06
   1  4.977E+03  1.227E-06
   1  5.722E+03  8.359E-07
   1  6.579E+03  5.698E-07
   1  7.565E+03  3.880E-07
   1  8.697E+03  2.645E-07
   1  1.000E+04  1.801E-07
   2  4.000E-02  1.422E+04
   2  4.600E-02  1.234E+04
   2  5.288E-02  1.071E+04
   2  6.080E-02  9.286E+03
   2  6.992E-02  8.049E+03
   2  8.036E-02  6.979E+03
   2  9.240E-02  6.045E+03
   2  1.062E-01  5.232E+03
   2  1.222E-01  4.526E+03
   2  1.404E-01  3.913E+03
   2  1.615E-01  3.379E+03
   2  1.857E-01  2.915E+03
   2  2.135E-01  2.512E+03
   2  2.454E-01  2.162E+03
   2  2.822E-01  1.858E+03
   2  3.244E-01  1.594E+03
   2  3.730E-01  1.365E+03
   2  4.288E-01  1.166E+03
   2  4.932E-01  9.936E+02
   2  5.668E-01  8.450E+02
   2  6.520E-01  7.157E+02
   2  7.496E-01  6.044E+02
   2  8.616E-01  5.087E+02
   2  9.908E-01  4.261E+02
   2  1.139E+00  3.554E+02
   2  1.310E+00  2.949E+02
   2  1.506E+00  2.434E+02
   2  1.732E+00  1.997E+02
   2  1.991E+00  1.628E+02
   2  2.289E+00  1.319E+02
   2  2.632E+00  1.060E+02
   2  3.026E+00  8.459E+01
   2  3.479E+00  6.699E+01
   2  4.000E+00  5.261E+01
   2  4.600E+00  4.096E+01
   2  5.288E+00  3.165E+01
   2  6.080E+00  2.424E+01
   2  6.992E+00  1.840E+01
   2  8.036E+00  1.386E+01
   2  9.240E+00  1.035E+01
   2  1.062E+01  7.669E+00
   2  1.222E+01  5.637E+00
   2  1.404E+01  4.115E+00
   2  1.615E+01  2.982E+00
   2  1.857E+01  2.146E+00
   2  2.135E+01  1.535E+00
   2  2.454E+01  1.092E+00
   2  2.822E+01  7.730E-01
   2  3.244E+01  5.444E-01
   2  3.730E+01  3.817E-01
   2  4.288E+01  2.667E-01
   2  4.932E+01  1.854E-01
   2  5.668E+01  1.287E-01
   2  6.520E+01  8.889E-02
   2  7.496E+01  6.132E-02
   2  8.616E+01  4.223E-02
   2  9.908E+01  2.898E-02
   2  1.139E+02  1.986E-02
   2  1.310E+02  1.359E-02
   2  1.506E+02  9.288E-03
   2  1.732E+02  6.338E-03
   2  1.991E+02  4.322E-03
   2  2.289E+02  2.944E-03
   2  2.632E+02  2.003E-03
   2  3.026E+02  1.362E-03
   2  3.479E+02  9.258E-04
   2  4.000E+02  6.287E-04
   2  4.600E+02  4.265E-04
   2  5.288E+02  2.895E-04
   2  6.080E+02  1.964E-04
   2  6.992E+02  1.331E-04
   2  8.036E+02  9.031E-05
   2  9.240E+02  6.119E-05
   2  1.062E+03  4.146E-05
   2  1.222E+03  2.808E-05
   2  1.404E+03  1.902E-05
   2  1.615E+03  1.288E-05
   2  1.857E+03  8.720E-06
   2  2.135E+03  5.904E-06
   2  2.454E+03  3.998E-06
   2  2.822E+03  2.706E-06
   2  3.244E+03  1.832E-06
   2  3.730E+03  1.240E-06
   2  4.288E+03  8.397E-07
   2  4.932E+03  5.677E-07
   2  5.668E+03  3.847E-07
   2  6.520E+03  2.600E-07
   2  7.496E+03  1.759E-07
   2  8.616E+03  1.192E-07
   2  9.908E+03  8.059E-08
   2  1.139E+04  5.453E-08
   2  1.310E+04  3.688E-08
   2  1.506E+04  2.496E-08
   2  1.732E+04  1.689E-08
   2  1.991E+04  1.143E-08
   2  2.289E+04  7.712E-09
   2  2.632E+04  5.235E-09
   2  3.026E+04  3.540E-09
   2  3.479E+04  2.396E-09
   2  4.000E+04  1.620E-09
   3  7.000E-02  3.998E+00
   3  8.050E-02  3.793E+00
   3  9.254E-02  3.596E+00
   3  1.064E-01  3.407E+00
   3  1.224E-01  3.225E+00
   3  1.406E-01  3.051E+00
   3  1.617E-01  2.882E+00
   3  1.859E-01  2.719E+00
   3  2.138E-01  2.562E+00
   3  2.458E-01  2.411E+00
   3  2.826E-01  2.264E+00
   3  3.249E-01  2.121E+00
   3  3.736E-01  1.983E+00
   3  4.295E-01  1.849E+00
   3  4.939E-01  1.719E+00
   3  5.678E-01  1.592E+00
   3  6.528E-01  1.469E+00
   3  7.504E-01  1.350E+00
   3  8.631E-01  1.234E+00
   3  9.919E-01  1.123E+00
   3  1.141E+00  1.015E+00
   3  1.312E+00  9.112E-01
   3  1.508E+00  8.125E-01
   3  1.734E+00  7.183E-01
   3  1.994E+00  6.296E-01
   3  2.292E+00  5.465E-01
   3  2.636E+00  4.697E-01
   3  3.030E+00  3.993E-01
   3  3.484E+00  3.355E-01
   3  4.005E+00  2.785E-01
   3  4.605E+00  2.283E-01
   3  5.296E+00  1.846E-01
   3  6.088E+00  1.474E-01
   3  7.000E+00  1.160E-01
   3  8.050E+00  9.003E-02
   3  9.254E+00  6.898E-02
   3  1.064E+01  5.212E-02
   3  1.224E+01  3.885E-02
   3  1.406E+01  2.863E-02
   3  1.617E+01  2.082E-02
   3  1.859E+01  1.496E-02
   3  2.138E+01  1.064E-02
   3  2.458E+01  7.484E-03
   3  2.826E+01  5.214E-03
   3  3.249E+01  3.600E-03
   3  3.736E+01  2.466E-03
   3  4.295E+01  1.676E-03
   3  4.938E+01  1.132E-03
   3  5.678E+01  7.595E-04
   3  6.528E+01  5.067E-04
   3  7.504E+01  3.367E-04
   3  8.631E+01  2.223E-04
   3  9.919E+01  1.465E-04
   3  1.141E+02  9.598E-05
   3  1.312E+02  6.278E-05
   3  1.508E+02  4.097E-05
   3  1.734E+02  2.664E-05
   3  1.994E+02  1.729E-05
   3  2.292E+02  1.120E-05
   3  2.636E+02  7.245E-06
   3  3.030E+02  4.678E-06
   3  3.484E+02  3.018E-06
   3  4.005E+02  1.945E-06
   3  4.605E+02  1.252E-06
   3  5.296E+02  8.047E-07
   3  6.088E+02  5.173E-07
   3  7.000E+02  3.321E-07
   3  8.050E+02  2.130E-07
   3  9.254E+02  1.367E-07
   3  1.064E+03  8.767E-08
   3  1.224E+03  5.615E-08
   3  1.406E+03  3.603E-08
   3  1.617E+03  2.307E-08
   3  1.859E+03  1.478E-08
   3  2.138E+03  9.458E-09
   3  2.458E+03  6.056E-09
   3  2.826E+03  3.876E-09
   3  3.249E+03  2.480E-09
   3  3.736E+03  1.587E-09
   3  4.295E+03  1.015E-09
   3  4.938E+03  6.495E-10
   3  5.678E+03  4.156E-10
   3  6.528E+03  2.658E-10
   3  7.504E+03  1.701E-10
   3  8.631E+03  1.087E-10
   3  9.919E+03  6.961E-11
   3  1.141E+04  4.445E-11
   3  1.312E+04  2.843E-11
   3  1.508E+04  1.820E-11
   3  1.734E+04  1.163E-11
   3  1.994E+04  7.435E-12
   3  2.292E+04  4.752E-12
   3  2.636E+04  3.040E-12
   3  3.030E+04  1.943E-12
   3  3.484E+04  1.243E-12
   3  4.005E+04  7.951E-13
   3  4.605E+04  5.084E-13
   3  5.296E+04  3.249E-13
   3  6.088E+04  2.078E-13
   3  7.000E+04  1.328E-13
   4  9.000E-02  3.050E-02
   4  1.035E-01  3.366E-02
   4  1.190E-01  3.710E-02
   4  1.368E-01  4.084E-02
   4  1.573E-01  4.492E-02
   4  1.808E-01  4.932E-02
   4  2.079E-01  5.407E-02
   4  2.390E-01  5.917E-02
   4  2.749E-01  6.462E-02
   4  3.160E-01  7.039E-02
   4  3.633E-01  7.647E-02
   4  4.178E-01  8.283E-02
   4  4.803E-01  8.939E-02
   4  5.522E-01  9.608E-02
   4  6.350E-01  1.028E-01
   4  7.300E-01  1.095E-01
   4  8.393E-01  1.159E-01
   4  9.648E-01  1.218E-01
   4  1.110E+00  1.272E-01
   4  1.275E+00  1.318E-01
   4  1.467E+00  1.353E-01
   4  1.687E+00  1.376E-01
   4  1.939E+00  1.384E-01
   4  2.229E+00  1.376E-01
   4  2.563E+00  1.350E-01
   4  2.947E+00  1.307E-01
   4  3.389E+00  1.247E-01
   4  3.896E+00  1.171E-01
   4  4.479E+00  1.082E-01
   4  5.150E+00  9.832E-02
   4  5.921E+00  8.775E-02
   4  6.809E+00  7.691E-02
   4  7.827E+00  6.619E-02
   4  9.000E+00  5.593E-02
   4  1.035E+01  4.639E-02
   4  1.190E+01  3.782E-02
   4  1.368E+01  3.029E-02
   4  1.573E+01  2.386E-02
   4  1.808E+01  1.851E-02
   4  2.079E+01  1.413E-02
   4  2.390E+01  1.064E-02
   4  2.749E+01  7.909E-03
   4  3.160E+01  5.809E-03
   4  3.633E+01  4.219E-03
   4  4.178E+01  3.033E-03
   4  4.803E+01  2.161E-03
   4  5.522E+01  1.528E-03
   4  6.349E+01  1.072E-03
   4  7.300E+01  7.473E-04
   4  8.393E+01  5.179E-04
   4  9.648E+01  3.573E-04
   4  1.110E+02  2.450E-04
   4  1.275E+02  1.677E-04
   4  1.467E+02  1.141E-04
   4  1.687E+02  7.753E-05
   4  1.939E+02  5.256E-05
   4  2.229E+02  3.550E-05
   4  2.563E+02  2.394E-05
   4  2.948E+02  1.611E-05
   4  3.389E+02  1.083E-05
   4  3.896E+02  7.266E-06
   4  4.479E+02  4.871E-06
   4  5.150E+02  3.262E-06
   4  5.921E+02  2.182E-06
   4  6.809E+02  1.458E-06
   4  7.827E+02  9.745E-07
   4  9.000E+02  6.504E-07
   4  1.035E+03  4.337E-07
   4  1.190E+03  2.894E-07
   4  1.368E+03  1.929E-07
   4  1.573E+03  1.285E-07
   4  1.808E+03  8.569E-08
   4  2.079E+03  5.706E-08
   4  2.390E+03  3.800E-08
   4  2.749E+03  2.529E-08
   4  3.160E+03  1.684E-08
   4  3.633E+03  1.120E-08
   4  4.178E+03  7.454E-09
   4  4.803E+03  4.960E-09
   4  5.522E+03  3.300E-09
   4  6.350E+03  2.196E-09
   4  7.300E+03  1.461E-09
   4  8.393E+03  9.715E-10
   4  9.648E+03  6.466E-10
   4  1.110E+04  4.296E-10
   4  1.275E+04  2.861E-10
   4  1.467E+04  1.900E-10
   4  1.687E+04  1.264E-10
   4  1.939E+04  8.410E-11
   4  2.229E+04  5.589E-11
   4  2.563E+04  3.717E-11
   4  2.948E+04  2.470E-11
   4  3.388E+04  1.643E-11
   4  3.896E+04  1.092E-11
   4  4.479E+04  7.265E-12
   4  5.150E+04  4.833E-12
   4  5.921E+04  3.213E-12
   4  6.808E+04  2.136E-12
   4  7.827E+04  1.421E-12
   4  9.000E+04  9.440E-13
   5  1.100E-01  2.575E+00
   5  1.265E-01  2.494E+00
   5  1.454E-01  2.413E+00
   5  1.672E-01  2.334E+00
   5  1.923E-01  2.255E+00
   5  2.210E-01  2.177E+00
   5  2.541E-01  2.099E+00
   5  2.922E-01  2.021E+00
   5  3.359E-01  1.944E+00
   5  3.862E-01  1.867E+00
   5  4.441E-01  1.789E+00
   5  5.106E-01  1.711E+00
   5  5.871E-01  1.633E+00
   5  6.750E-01  1.554E+00
   5  7.761E-01  1.474E+00
   5  8.922E-01  1.394E+00
   5  1.026E+00  1.312E+00
   5  1.179E+00  1.231E+00
   5  1.356E+00  1.148E+00
   5  1.559E+00  1.066E+00
   5  1.793E+00  9.832E-01
   5  2.061E+00  9.011E-01
   5  2.369E+00  8.199E-01
   5  2.725E+00  7.398E-01
   5  3.133E+00  6.617E-01
   5  3.602E+00  5.862E-01
   5  4.142E+00  5.142E-01
   5  4.762E+00  4.461E-01
   5  5.475E+00  3.826E-01
   5  6.294E+00  3.242E-01
   5  7.237E+00  2.713E-01
   5  8.322E+00  2.240E-01
   5  9.567E+00  1.826E-01
   5  1.100E+01  1.468E-01
   5  1.265E+01  1.164E-01
   5  1.454E+01  9.114E-02
   5  1.672E+01  7.040E-02
   5  1.923E+01  5.365E-02
   5  2.210E+01  4.044E-02
   5  2.541E+01  3.008E-02
   5  2.922E+01  2.213E-02
   5  3.359E+01  1.611E-02
   5  3.862E+01  1.161E-02
   5  4.441E+01  8.287E-03
   5  5.106E+01  5.864E-03
   5  5.871E+01  4.119E-03
   5  6.750E+01  2.872E-03
   5  7.760E+01  1.989E-03
   5  8.922E+01  1.370E-03
   5  1.026E+02  9.384E-04
   5  1.179E+02  6.402E-04
   5  1.356E+02  4.342E-04
   5  1.559E+02  2.940E-04
   5  1.793E+02  1.979E-04
   5  2.061E+02  1.330E-04
   5  2.369E+02  8.923E-05
   5  2.725E+02  5.964E-05
   5  3.133E+02  3.980E-05
   5  3.602E+02  2.650E-05
   5  4.142E+02  1.763E-05
   5  4.762E+02  1.171E-05
   5  5.475E+02  7.770E-06
   5  6.294E+02  5.150E-06
   5  7.237E+02  3.410E-06
   5  8.322E+02  2.255E-06
   5  9.567E+02  1.491E-06
   5  1.100E+03  9.851E-07
   5  1.265E+03  6.501E-07
   5  1.454E+03  4.293E-07
   5  1.672E+03  2.832E-07
   5  1.923E+03  1.867E-07
   5  2.210E+03  1.232E-07
   5  2.541E+03  8.119E-08
   5  2.922E+03  5.350E-08
   5  3.359E+03  3.524E-08
   5  3.862E+03  2.322E-08
   5  4.441E+03  1.529E-08
   5  5.106E+03  1.007E-08
   5  5.871E+03  6.629E-09
   5  6.750E+03  4.365E-09
   5  7.760E+03  2.873E-09
   5  8.922E+03  1.892E-09
   5  1.026E+04  1.245E-09
   5  1.179E+04  8.202E-10
   5  1.356E+04  5.392E-10
   5  1.559E+04  3.554E-10
   5  1.793E+04  2.335E-10
   5  2.061E+04  1.537E-10
   5  2.369E+04  1.012E-10
   5  2.725E+04  6.658E-11
   5  3.133E+04  4.381E-11
   5  3.602E+04  2.882E-11
   5  4.142E+04  1.897E-11
   5  4.762E+04  1.248E-11
   5  5.475E+04  8.213E-12
   5  6.294E+04  5.407E-12
   5  7.237E+04  3.557E-12
   5  8.322E+04  2.340E-12
   5  9.567E+04  1.540E-12
   5  1.100E+05  1.013E-12
   6  1.200E-01  1.164E+02
   6  1.380E-01  1.010E+02
   6  1.586E-01  8.765E+01
   6  1.824E-01  7.605E+01
   6  2.098E-01  6.594E+01
   6  2.411E-01  5.718E+01
   6  2.772E-01  4.954E+01
   6  3.187E-01  4.290E+01
   6  3.665E-01  3.713E+01
   6  4.213E-01  3.211E+01
   6  4.844E-01  2.775E+01
   6  5.570E-01  2.395E+01
   6  6.404E-01  2.065E+01
   6  7.363E-01  1.779E+01
   6  8.466E-01  1.530E+01
   6  9.733E-01  1.314E+01
   6  1.119E+00  1.126E+01
   6  1.286E+00  9.640E+00
   6  1.480E+00  8.225E+00
   6  1.700E+00  7.007E+00
   6  1.956E+00  5.946E+00
   6  2.249E+00  5.033E+00
   6  2.585E+00  4.246E+00
   6  2.972E+00  3.567E+00
   6  3.418E+00  2.984E+00
   6  3.930E+00  2.484E+00
   6  4.518E+00  2.058E+00
   6  5.195E+00  1.696E+00
   6  5.972E+00  1.389E+00
   6  6.866E+00  1.131E+00
   6  7.895E+00  9.142E-01
   6  9.078E+00  7.338E-01
   6  1.044E+01  5.849E-01
   6  1.200E+01  4.625E-01
   6  1.380E+01  3.628E-01
   6  1.586E+01  2.826E-01
   6  1.824E+01  2.182E-01
   6  2.098E+01  1.671E-01
   6  2.411E+01  1.271E-01
   6  2.772E+01  9.584E-02
   6  3.187E+01  7.172E-02
   6  3.665E+01  5.328E-02
   6  4.213E+01  3.931E-02
   6  4.844E+01  2.880E-02
   6  5.570E+01  2.097E-02
   6  6.404E+01  1.518E-02
   6  7.363E+01  1.093E-02
   6  8.466E+01  7.830E-03
   6  9.733E+01  5.584E-03
   6  1.119E+02  3.964E-03
   6  1.286E+02  2.806E-03
   6  1.480E+02  1.976E-03
   6  1.700E+02  1.390E-03
   6  1.956E+02  9.724E-04
   6  2.249E+02  6.797E-04
   6  2.585E+02  4.743E-04
   6  2.972E+02  3.300E-04
   6  3.418E+02  2.292E-04
   6  3.930E+02  1.589E-04
   6  4.518E+02  1.101E-04
   6  5.195E+02  7.619E-05
   6  5.972E+02  5.267E-05
   6  6.866E+02  3.637E-05
   6  7.895E+02  2.509E-05
   6  9.078E+02  1.729E-05
   6  1.044E+03  1.192E-05
   6  1.200E+03  8.207E-06
   6  1.380E+03  5.645E-06
   6  1.586E+03  3.886E-06
   6  1.824E+03  2.672E-06
   6  2.098E+03  1.836E-06
   6  2.411E+03  1.264E-06
   6  2.772E+03  8.681E-07
   6  3.187E+03  5.964E-07
   6  3.665E+03  4.096E-07
   6  4.213E+03  2.814E-07
   6  4.844E+03  1.932E-07
   6  5.570E+03  1.326E-07
   6  6.404E+03  9.106E-08
   6  7.363E+03  6.252E-08
   6  8.466E+03  4.291E-08
   6  9.733E+03  2.946E-08
   6  1.119E+04  2.022E-08
   6  1.286E+04  1.388E-08
   6  1.480E+04  9.519E-09
   6  1.700E+04  6.540E-09
   6  1.956E+04  4.482E-09
   6  2.249E+04  3.076E-09
   6  2.585E+04  2.113E-09
   6  2.972E+04  1.449E-09
   6  3.418E+04  9.941E-10
   6  3.930E+04  6.818E-10
   6  4.518E+04  4.680E-10
   6  5.195E+04  3.211E-10
   6  5.972E+04  2.203E-10
   6  6.866E+04  1.512E-10
   6  7.895E+04  1.038E-10
   6  9.078E+04  7.116E-11
   6  1.044E+05  4.885E-11
   6  1.200E+05  3.349E-11
   7  1.400E-01  2.741E+00
   7  1.610E-01  2.619E+00
   7  1.851E-01  2.500E+00
   7  2.128E-01  2.385E+00
   7  2.447E-01  2.273E+00
   7  2.813E-01  2.166E+00
   7  3.234E-01  2.061E+00
   7  3.718E-01  1.958E+00
   7  4.276E-01  1.859E+00
   7  4.915E-01  1.762E+00
   7  5.652E-01  1.667E+00
   7  6.499E-01  1.574E+00
   7  7.472E-01  1.483E+00
   7  8.590E-01  1.394E+00
   7  9.877E-01  1.307E+00
   7  1.136E+00  1.221E+00
   7  1.306E+00  1.136E+00
   7  1.501E+00  1.054E+00
   7  1.726E+00  9.725E-01
   7  1.984E+00  8.933E-01
   7  2.282E+00  8.156E-01
   7  2.624E+00  7.402E-01
   7  3.016E+00  6.674E-01
   7  3.468E+00  5.970E-01
   7  3.987E+00  5.298E-01
   7  4.585E+00  4.659E-01
   7  5.271E+00  4.060E-01
   7  6.061E+00  3.501E-01
   7  6.968E+00  2.988E-01
   7  8.011E+00  2.521E-01
   7  9.211E+00  2.101E-01
   7  1.059E+01  1.730E-01
   7  1.218E+01  1.408E-01
   7  1.400E+01  1.130E-01
   7  1.610E+01  8.960E-02
   7  1.851E+01  7.017E-02
   7  2.128E+01  5.425E-02
   7  2.447E+01  4.142E-02
   7  2.813E+01  3.129E-02
   7  3.234E+01  2.335E-02
   7  3.718E+01  1.723E-02
   7  4.276E+01  1.259E-02
   7  4.915E+01  9.114E-03
   7  5.652E+01  6.536E-03
   7  6.499E+01  4.649E-03
   7  7.472E+01  3.282E-03
   7  8.590E+01  2.301E-03
   7  9.877E+01  1.603E-03
   7  1.136E+02  1.111E-03
   7  1.306E+02  7.653E-04
   7  1.501E+02  5.254E-04
   7  1.726E+02  3.585E-04
   7  1.984E+02  2.443E-04
   7  2.282E+02  1.655E-04
   7  2.624E+02  1.120E-04
   7  3.016E+02  7.563E-05
   7  3.468E+02  5.089E-05
   7  3.987E+02  3.419E-05
   7  4.585E+02  2.292E-05
   7  5.271E+02  1.535E-05
   7  6.061E+02  1.027E-05
   7  6.968E+02  6.858E-06
   7  8.011E+02  4.577E-06
   7  9.211E+02  3.051E-06
   7  1.059E+03  2.032E-06
   7  1.218E+03  1.353E-06
   7  1.400E+03  8.999E-07
   7  1.610E+03  5.980E-07
   7  1.851E+03  3.976E-07
   7  2.128E+03  2.641E-07
   7  2.447E+03  1.753E-07
   7  2.813E+03  1.165E-07
   7  3.234E+03  7.732E-08
   7  3.718E+03  5.131E-08
   7  4.276E+03  3.403E-08
   7  4.915E+03  2.258E-08
   7  5.652E+03  1.497E-08
   7  6.499E+03  9.926E-09
   7  7.472E+03  6.582E-09
   7  8.590E+03  4.364E-09
   7  9.877E+03  2.893E-09
   7  1.136E+04  1.918E-09
   7  1.306E+04  1.271E-09
   7  1.501E+04  8.432E-10
   7  1.726E+04  5.583E-10
   7  1.984E+04  3.705E-10
   7  2.282E+04  2.452E-10
   7  2.624E+04  1.625E-10
   7  3.016E+04  1.078E-10
   7  3.468E+04  7.138E-11
   7  3.987E+04  4.730E-11
   7  4.585E+04  3.133E-11
   7  5.271E+04  2.076E-11
   7  6.061E+04  1.376E-11
   7  6.968E+04  9.117E-12
   7  8.011E+04  6.044E-12
   7  9.211E+04  4.005E-12
   7  1.059E+05  2.652E-12
   7  1.218E+05  1.758E-12
   7  1.400E+05  1.164E-12
   8  1.600E-01  7.385E+01
   8  1.840E-01  6.454E+01
   8  2.115E-01  5.640E+01
   8  2.432E-01  4.926E+01
   8  2.797E-01  4.300E+01
   8  3.214E-01  3.754E+01
   8  3.696E-01  3.275E+01
   8  4.250E-01  2.855E+01
   8  4.886E-01  2.487E+01
   8  5.618E-01  2.165E+01
   8  6.459E-01  1.882E+01
   8  7.427E-01  1.635E+01
   8  8.539E-01  1.419E+01
   8  9.818E-01  1.230E+01
   8  1.129E+00  1.064E+01
   8  1.298E+00  9.195E+00
   8  1.492E+00  7.928E+00
   8  1.715E+00  6.823E+00
   8  1.973E+00  5.854E+00
   8  2.267E+00  5.013E+00
   8  2.608E+00  4.276E+00
   8  2.998E+00  3.637E+00
   8  3.446E+00  3.082E+00
   8  3.963E+00  2.600E+00
   8  4.557E+00  2.184E+00
   8  5.240E+00  1.825E+00
   8  6.024E+00  1.517E+00
   8  6.926E+00  1.254E+00
   8  7.963E+00  1.030E+00
   8  9.155E+00  8.399E-01
   8  1.053E+01  6.803E-01
   8  1.210E+01  5.468E-01
   8  1.392E+01  4.363E-01
   8  1.600E+01  3.452E-01
   8  1.840E+01  2.709E-01
   8  2.115E+01  2.109E-01
   8  2.432E+01  1.628E-01
   8  2.797E+01  1.246E-01
   8  3.214E+01  9.463E-02
   8  3.696E+01  7.125E-02
   8  4.250E+01  5.323E-02
   8  4.886E+01  3.946E-02
   8  5.618E+01  2.906E-02
   8  6.459E+01  2.124E-02
   8  7.427E+01  1.543E-02
   8  8.539E+01  1.114E-02
   8  9.818E+01  7.998E-03
   8  1.129E+02  5.713E-03
   8  1.298E+02  4.062E-03
   8  1.492E+02  2.875E-03
   8  1.715E+02  2.028E-03
   8  1.973E+02  1.424E-03
   8  2.267E+02  9.983E-04
   8  2.608E+02  6.963E-04
   8  2.998E+02  4.851E-04
   8  3.446E+02  3.374E-04
   8  3.963E+02  2.339E-04
   8  4.557E+02  1.620E-04
   8  5.240E+02  1.119E-04
   8  6.024E+02  7.730E-05
   8  6.926E+02  5.329E-05
   8  7.963E+02  3.671E-05
   8  9.155E+02  2.527E-05
   8  1.053E+03  1.737E-05
   8  1.210E+03  1.193E-05
   8  1.392E+03  8.195E-06
   8  1.600E+03  5.623E-06
   8  1.840E+03  3.855E-06
   8  2.115E+03  2.644E-06
   8  2.432E+03  1.812E-06
   8  2.797E+03  1.241E-06
   8  3.214E+03  8.509E-07
   8  3.696E+03  5.826E-07
   8  4.250E+03  3.989E-07
   8  4.886E+03  2.730E-07
   8  5.618E+03  1.869E-07
   8  6.459E+03  1.279E-07
   8  7.427E+03  8.747E-08
   8  8.539E+03  5.985E-08
   8  9.818E+03  4.095E-08
   8  1.129E+04  2.801E-08
   8  1.298E+04  1.916E-08
   8  1.492E+04  1.310E-08
   8  1.715E+04  8.968E-09
   8  1.973E+04  6.127E-09
   8  2.267E+04  4.195E-09
   8  2.608E+04  2.865E-09
   8  2.998E+04  1.959E-09
   8  3.446E+04  1.341E-09
   8  3.963E+04  9.164E-10
   8  4.557E+04  6.266E-10
   8  5.240E+04  4.283E-10
   8  6.024E+04  2.929E-10
   8  6.926E+04  2.003E-10
   8  7.963E+04  1.369E-10
   8  9.155E+04  9.368E-11
   8  1.053E+05  6.405E-11
   8  1.210E+05  4.377E-11
   8  1.392E+05  2.994E-11
   8  1.600E+05  2.046E-11
   9  1.900E-01  2.835E-02
   9  2.185E-01  2.900E-02
   9  2.512E-01  2.964E-02
   9  2.888E-01  3.027E-02
   9  3.321E-01  3.087E-02
   9  3.817E-01  3.146E-02
   9  4.389E-01  3.201E-02
   9  5.046E-01  3.251E-02
   9  5.803E-01  3.297E-02
   9  6.671E-01  3.337E-02
   9  7.670E-01  3.370E-02
   9  8.820E-01  3.394E-02
   9  1.014E+00  3.408E-02
   9  1.166E+00  3.411E-02
   9  1.340E+00  3.401E-02
   9  1.541E+00  3.377E-02
   9  1.772E+00  3.336E-02
   9  2.037E+00  3.279E-02
   9  2.343E+00  3.203E-02
   9  2.692E+00  3.108E-02
   9  3.097E+00  2.992E-02
   9  3.561E+00  2.858E-02
   9  4.093E+00  2.706E-02
   9  4.706E+00  2.535E-02
   9  5.411E+00  2.351E-02
   9  6.222E+00  2.154E-02
   9  7.154E+00  1.949E-02
   9  8.225E+00  1.741E-02
   9  9.456E+00  1.533E-02
   9  1.087E+01  1.331E-02
   9  1.250E+01  1.137E-02
   9  1.437E+01  9.568E-03
   9  1.652E+01  7.925E-03
   9  1.900E+01  6.458E-03
   9  2.185E+01  5.178E-03
   9  2.512E+01  4.089E-03
   9  2.888E+01  3.178E-03
   9  3.321E+01  2.433E-03
   9  3.817E+01  1.838E-03
   9  4.389E+01  1.368E-03
   9  5.046E+01  1.005E-03
   9  5.803E+01  7.300E-04
   9  6.671E+01  5.243E-04
   9  7.670E+01  3.725E-04
   9  8.820E+01  2.621E-04
   9  1.014E+02  1.829E-04
   9  1.166E+02  1.267E-04
   9  1.340E+02  8.707E-05
   9  1.541E+02  5.949E-05
   9  1.772E+02  4.040E-05
   9  2.037E+02  2.732E-05
   9  2.343E+02  1.836E-05
   9  2.692E+02  1.232E-05
   9  3.097E+02  8.212E-06
   9  3.561E+02  5.467E-06
   9  4.093E+02  3.632E-06
   9  4.706E+02  2.403E-06
   9  5.411E+02  1.588E-06
   9  6.222E+02  1.047E-06
   9  7.154E+02  6.895E-07
   9  8.225E+02  4.533E-07
   9  9.456E+02  2.977E-07
   9  1.087E+03  1.953E-07
   9  1.250E+03  1.280E-07
   9  1.437E+03  8.377E-08
   9  1.652E+03  5.483E-08
   9  1.900E+03  3.585E-08
   9  2.185E+03  2.341E-08
   9  2.512E+03  1.530E-08
   9  2.888E+03  9.989E-09
   9  3.321E+03  6.515E-09
   9  3.817E+03  4.256E-09
   9  4.389E+03  2.776E-09
   9  5.046E+03  1.810E-09
   9  5.803E+03  1.180E-09
   9  6.671E+03  7.694E-10
   9  7.670E+03  5.014E-10
   9  8.820E+03  3.267E-10
   9  1.014E+04  2.129E-10
   9  1.166E+04  1.387E-10
   9  1.340E+04  9.037E-11
   9  1.541E+04  5.888E-11
   9  1.772E+04  3.835E-11
   9  2.037E+04  2.500E-11
   9  2.343E+04  1.626E-11
   9  2.692E+04  1.061E-11
   9  3.097E+04  6.897E-12
   9  3.561E+04  4.492E-12
   9  4.093E+04  2.928E-12
   9  4.706E+04  1.906E-12
   9  5.411E+04  1.241E-12
   9  6.222E+04  8.077E-13
   9  7.154E+04  5.261E-13
   9  8.225E+04  3.426E-13
   9  9.456E+04  2.232E-13
   9  1.087E+05  1.454E-13
   9  1.250E+05  9.464E-14
   9  1.437E+05  6.159E-14
   9  1.652E+05  4.013E-14
   9  1.900E+05  2.611E-14
  10  2.000E-01  5.678E+00
  10  2.300E-01  5.065E+00
  10  2.644E-01  4.518E+00
  10  3.040E-01  4.027E+00
  10  3.496E-01  3.588E+00
  10  4.018E-01  3.196E+00
  10  4.620E-01  2.845E+00
  10  5.312E-01  2.530E+00
  10  6.108E-01  2.248E+00
  10  7.022E-01  1.996E+00
  10  8.074E-01  1.770E+00
  10  9.284E-01  1.568E+00
  10  1.067E+00  1.387E+00
  10  1.227E+00  1.225E+00
  10  1.411E+00  1.080E+00
  10  1.622E+00  9.505E-01
  10  1.865E+00  8.344E-01
  10  2.144E+00  7.309E-01
  10  2.466E+00  6.379E-01
  10  2.834E+00  5.555E-01
  10  3.260E+00  4.815E-01
  10  3.748E+00  4.160E-01
  10  4.308E+00  3.579E-01
  10  4.954E+00  3.062E-01
  10  5.696E+00  2.607E-01
  10  6.550E+00  2.206E-01
  10  7.530E+00  1.856E-01
  10  8.658E+00  1.551E-01
  10  9.954E+00  1.287E-01
  10  1.144E+01  1.059E-01
  10  1.316E+01  8.649E-02
  10  1.513E+01  7.002E-02
  10  1.739E+01  5.621E-02
  10  2.000E+01  4.472E-02
  10  2.300E+01  3.524E-02
  10  2.644E+01  2.753E-02
  10  3.040E+01  2.131E-02
  10  3.496E+01  1.633E-02
  10  4.018E+01  1.242E-02
  10  4.620E+01  9.360E-03
  10  5.312E+01  6.992E-03
  10  6.108E+01  5.181E-03
  10  7.022E+01  3.811E-03
  10  8.074E+01  2.782E-03
  10  9.284E+01  2.017E-03
  10  1.067E+02  1.453E-03
  10  1.227E+02  1.041E-03
  10  1.411E+02  7.419E-04
  10  1.622E+02  5.261E-04
  10  1.865E+02  3.713E-04
  10  2.144E+02  2.612E-04
  10  2.466E+02  1.828E-04
  10  2.834E+02  1.278E-04
  10  3.260E+02  8.885E-05
  10  3.748E+02  6.170E-05
  10  4.308E+02  4.278E-05
  10  4.954E+02  2.956E-05
  10  5.696E+02  2.040E-05
  10  6.550E+02  1.405E-05
  10  7.530E+02  9.670E-06
  10  8.658E+02  6.644E-06
  10  9.954E+02  4.562E-06
  10  1.144E+03  3.129E-06
  10  1.316E+03  2.144E-06
  10  1.513E+03  1.467E-06
  10  1.739E+03  1.004E-06
  10  2.000E+03  6.868E-07
  10  2.300E+03  4.692E-07
  10  2.644E+03  3.207E-07
  10  3.040E+03  2.191E-07
  10  3.496E+03  1.495E-07
  10  4.018E+03  1.021E-07
  10  4.620E+03  6.969E-08
  10  5.312E+03  4.755E-08
  10  6.108E+03  3.243E-08
  10  7.022E+03  2.212E-08
  10  8.074E+03  1.508E-08
  10  9.284E+03  1.028E-08
  10  1.067E+04  7.011E-09
  10  1.227E+04  4.780E-09
  10  1.411E+04  3.258E-09
  10  1.622E+04  2.221E-09
  10  1.865E+04  1.514E-09
  10  2.144E+04  1.032E-09
  10  2.466E+04  7.029E-10
  10  2.834E+04  4.796E-10
  10  3.260E+04  3.264E-10
  10  3.748E+04  2.225E-10
  10  4.308E+04  1.517E-10
  10  4.954E+04  1.033E-10
  10  5.696E+04  7.040E-11
  10  6.550E+04  4.795E-11
  10  7.530E+04  3.268E-11
  10  8.658E+04  2.227E-11
  10  9.954E+04  1.517E-11
  10  1.144E+05  1.034E-11
  10  1.316E+05  7.047E-12
  10  1.513E+05  4.799E-12
  10  1.739E+05  3.272E-12
  10  2.000E+05  2.228E-12
  11  2.300E-01  1.299E+00
  11  2.645E-01  1.143E+00
  11  3.041E-01  1.006E+00
  11  3.496E-01  8.843E-01
  11  4.020E-01  7.772E-01
  11  4.621E-01  6.831E-01
  11  5.313E-01  5.999E-01
  11  6.109E-01  5.264E-01
  11  7.024E-01  4.616E-01
  11  8.075E-01  4.045E-01
  11  9.285E-01  3.541E-01
  11  1.068E+00  3.097E-01
  11  1.228E+00  2.705E-01
  11  1.411E+00  2.359E-01
  11  1.623E+00  2.054E-01
  11  1.866E+00  1.786E-01
  11  2.145E+00  1.549E-01
  11  2.466E+00  1.341E-01
  11  2.836E+00  1.157E-01
  11  3.259E+00  9.969E-02
  11  3.749E+00  8.550E-02
  11  4.310E+00  7.311E-02
  11  4.954E+00  6.229E-02
  11  5.697E+00  5.281E-02
  11  6.550E+00  4.457E-02
  11  7.532E+00  3.741E-02
  11  8.660E+00  3.123E-02
  11  9.957E+00  2.591E-02
  11  1.145E+01  2.136E-02
  11  1.316E+01  1.749E-02
  11  1.513E+01  1.421E-02
  11  1.740E+01  1.145E-02
  11  2.000E+01  9.162E-03
  11  2.300E+01  7.267E-03
  11  2.645E+01  5.713E-03
  11  3.041E+01  4.457E-03
  11  3.496E+01  3.445E-03
  11  4.020E+01  2.640E-03
  11  4.621E+01  2.008E-03
  11  5.313E+01  1.513E-03
  11  6.109E+01  1.132E-03
  11  7.024E+01  8.395E-04
  11  8.075E+01  6.185E-04
  11  9.285E+01  4.523E-04
  11  1.068E+02  3.286E-04
  11  1.228E+02  2.374E-04
  11  1.411E+02  1.705E-04
  11  1.623E+02  1.218E-04
  11  1.866E+02  8.661E-05
  11  2.145E+02  6.131E-05
  11  2.466E+02  4.326E-05
  11  2.836E+02  3.037E-05
  11  3.259E+02  2.129E-05
  11  3.749E+02  1.485E-05
  11  4.310E+02  1.035E-05
  11  4.954E+02  7.198E-06
  11  5.697E+02  4.991E-06
  11  6.550E+02  3.455E-06
  11  7.532E+02  2.388E-06
  11  8.660E+02  1.649E-06
  11  9.957E+02  1.137E-06
  11  1.145E+03  7.832E-07
  11  1.316E+03  5.390E-07
  11  1.513E+03  3.706E-07
  11  1.740E+03  2.546E-07
  11  2.000E+03  1.748E-07
  11  2.300E+03  1.200E-07
  11  2.645E+03  8.224E-08
  11  3.041E+03  5.641E-08
  11  3.496E+03  3.866E-08
  11  4.020E+03  2.647E-08
  11  4.621E+03  1.815E-08
  11  5.313E+03  1.243E-08
  11  6.109E+03  8.509E-09
  11  7.024E+03  5.823E-09
  11  8.075E+03  3.987E-09
  11  9.285E+03  2.728E-09
  11  1.068E+04  1.866E-09
  11  1.228E+04  1.277E-09
  11  1.411E+04  8.735E-10
  11  1.623E+04  5.975E-10
  11  1.866E+04  4.088E-10
  11  2.145E+04  2.795E-10
  11  2.466E+04  1.913E-10
  11  2.836E+04  1.307E-10
  11  3.259E+04  8.949E-11
  11  3.749E+04  6.112E-11
  11  4.310E+04  4.180E-11
  11  4.954E+04  2.861E-11
  11  5.697E+04  1.955E-11
  11  6.550E+04  1.337E-11
  11  7.532E+04  9.136E-12
  11  8.660E+04  6.249E-12
  11  9.957E+04  4.272E-12
  11  1.145E+05  2.922E-12
  11  1.316E+05  1.998E-12
  11  1.513E+05  1.366E-12
  11  1.740E+05  9.338E-13
  11  2.000E+05  6.388E-13
  11  2.300E+05  4.365E-13
  12  2.400E-01  2.386E+01
  12  2.760E-01  2.015E+01
  12  3.173E-01  1.702E+01
  12  3.648E-01  1.437E+01
  12  4.195E-01  1.212E+01
  12  4.822E-01  1.023E+01
  12  5.544E-01  8.629E+00
  12  6.374E-01  7.274E+00
  12  7.330E-01  6.129E+00
  12  8.426E-01  5.163E+00
  12  9.689E-01  4.345E+00
  12  1.114E+00  3.654E+00
  12  1.281E+00  3.071E+00
  12  1.473E+00  2.578E+00
  12  1.693E+00  2.162E+00
  12  1.947E+00  1.812E+00
  12  2.238E+00  1.516E+00
  12  2.573E+00  1.266E+00
  12  2.959E+00  1.055E+00
  12  3.401E+00  8.788E-01
  12  3.912E+00  7.293E-01
  12  4.498E+00  6.042E-01
  12  5.170E+00  4.993E-01
  12  5.945E+00  4.111E-01
  12  6.835E+00  3.374E-01
  12  7.860E+00  2.759E-01
  12  9.036E+00  2.247E-01
  12  1.039E+01  1.822E-01
  12  1.194E+01  1.470E-01
  12  1.373E+01  1.180E-01
  12  1.579E+01  9.422E-02
  12  1.816E+01  7.476E-02
  12  2.087E+01  5.897E-02
  12  2.400E+01  4.620E-02
  12  2.760E+01  3.594E-02
  12  3.173E+01  2.778E-02
  12  3.648E+01  2.132E-02
  12  4.195E+01  1.624E-02
  12  4.822E+01  1.229E-02
  12  5.544E+01  9.234E-03
  12  6.374E+01  6.888E-03
  12  7.330E+01  5.102E-03
  12  8.426E+01  3.756E-03
  12  9.689E+01  2.747E-03
  12  1.114E+02  1.997E-03
  12  1.281E+02  1.444E-03
  12  1.473E+02  1.039E-03
  12  1.693E+02  7.435E-04
  12  1.947E+02  5.299E-04
  12  2.238E+02  3.760E-04
  12  2.573E+02  2.660E-04
  12  2.959E+02  1.872E-04
  12  3.401E+02  1.317E-04
  12  3.912E+02  9.213E-05
  12  4.498E+02  6.439E-05
  12  5.170E+02  4.493E-05
  12  5.945E+02  3.125E-05
  12  6.835E+02  2.171E-05
  12  7.860E+02  1.505E-05
  12  9.036E+02  1.043E-05
  12  1.039E+03  7.215E-06
  12  1.194E+03  4.987E-06
  12  1.373E+03  3.444E-06
  12  1.579E+03  2.376E-06
  12  1.816E+03  1.638E-06
  12  2.087E+03  1.129E-06
  12  2.400E+03  7.771E-07
  12  2.760E+03  5.346E-07
  12  3.173E+03  3.679E-07
  12  3.648E+03  2.530E-07
  12  4.195E+03  1.739E-07
  12  4.822E+03  1.196E-07
  12  5.544E+03  8.220E-08
  12  6.374E+03  5.647E-08
  12  7.330E+03  3.878E-08
  12  8.426E+03  2.664E-08
  12  9.689E+03  1.829E-08
  12  1.114E+04  1.256E-08
  12  1.281E+04  8.622E-09
  12  1.473E+04  5.920E-09
  12  1.693E+04  4.063E-09
  12  1.947E+04  2.789E-09
  12  2.238E+04  1.914E-09
  12  2.573E+04  1.315E-09
  12  2.959E+04  9.013E-10
  12  3.401E+04  6.193E-10
  12  3.912E+04  4.244E-10
  12  4.498E+04  2.913E-10
  12  5.170E+04  2.000E-10
  12  5.945E+04  1.372E-10
  12  6.835E+04  9.413E-11
  12  7.860E+04  6.456E-11
  12  9.036E+04  4.431E-11
  12  1.039E+05  3.040E-11
  12  1.194E+05  2.086E-11
  12  1.373E+05  1.432E-11
  12  1.579E+05  9.825E-12
  12  1.816E+05  6.738E-12
  12  2.087E+05  4.625E-12
  12  2.400E+05  3.172E-12
  13  2.700E-01  6.446E-01
  13  3.105E-01  5.829E-01
  13  3.569E-01  5.271E-01
  13  4.104E-01  4.764E-01
  13  4.720E-01  4.302E-01
  13  5.424E-01  3.885E-01
  13  6.237E-01  3.504E-01
  13  7.171E-01  3.159E-01
  13  8.246E-01  2.844E-01
  13  9.480E-01  2.559E-01
  13  1.090E+00  2.300E-01
  13  1.253E+00  2.064E-01
  13  1.441E+00  1.849E-01
  13  1.657E+00  1.654E-01
  13  1.905E+00  1.477E-01
  13  2.190E+00  1.316E-01
  13  2.518E+00  1.169E-01
  13  2.894E+00  1.037E-01
  13  3.329E+00  9.155E-02
  13  3.826E+00  8.063E-02
  13  4.401E+00  7.068E-02
  13  5.060E+00  6.172E-02
  13  5.816E+00  5.365E-02
  13  6.688E+00  4.637E-02
  13  7.690E+00  3.986E-02
  13  8.842E+00  3.404E-02
  13  1.017E+01  2.888E-02
  13  1.169E+01  2.432E-02
  13  1.344E+01  2.033E-02
  13  1.545E+01  1.685E-02
  13  1.776E+01  1.385E-02
  13  2.043E+01  1.128E-02
  13  2.348E+01  9.101E-03
  13  2.700E+01  7.274E-03
  13  3.105E+01  5.756E-03
  13  3.569E+01  4.513E-03
  13  4.104E+01  3.504E-03
  13  4.720E+01  2.694E-03
  13  5.424E+01  2.054E-03
  13  6.237E+01  1.550E-03
  13  7.171E+01  1.160E-03
  13  8.246E+01  8.606E-04
  13  9.480E+01  6.338E-04
  13  1.090E+02  4.631E-04
  13  1.253E+02  3.360E-04
  13  1.441E+02  2.423E-04
  13  1.657E+02  1.736E-04
  13  1.905E+02  1.238E-04
  13  2.190E+02  8.779E-05
  13  2.518E+02  6.198E-05
  13  2.894E+02  4.361E-05
  13  3.329E+02  3.052E-05
  13  3.826E+02  2.134E-05
  13  4.401E+02  1.484E-05
  13  5.060E+02  1.031E-05
  13  5.816E+02  7.145E-06
  13  6.688E+02  4.938E-06
  13  7.690E+02  3.408E-06
  13  8.842E+02  2.347E-06
  13  1.017E+03  1.615E-06
  13  1.169E+03  1.110E-06
  13  1.344E+03  7.620E-07
  13  1.545E+03  5.227E-07
  13  1.776E+03  3.581E-07
  13  2.043E+03  2.452E-07
  13  2.348E+03  1.678E-07
  13  2.700E+03  1.147E-07
  13  3.105E+03  7.838E-08
  13  3.569E+03  5.358E-08
  13  4.104E+03  3.660E-08
  13  4.720E+03  2.497E-08
  13  5.424E+03  1.706E-08
  13  6.237E+03  1.164E-08
  13  7.171E+03  7.943E-09
  13  8.246E+03  5.417E-09
  13  9.480E+03  3.696E-09
  13  1.090E+04  2.520E-09
  13  1.253E+04  1.718E-09
  13  1.441E+04  1.171E-09
  13  1.657E+04  7.986E-10
  13  1.905E+04  5.444E-10
  13  2.190E+04  3.711E-10
  13  2.518E+04  2.529E-10
  13  2.894E+04  1.725E-10
  13  3.329E+04  1.174E-10
  13  3.826E+04  8.013E-11
  13  4.401E+04  5.453E-11
  13  5.060E+04  3.716E-11
  13  5.816E+04  2.534E-11
  13  6.688E+04  1.726E-11
  13  7.690E+04  1.176E-11
  13  8.842E+04  8.011E-12
  13  1.017E+05  5.460E-12
  13  1.169E+05  3.720E-12
  13  1.344E+05  2.535E-12
  13  1.545E+05  1.728E-12
  13  1.776E+05  1.177E-12
  13  2.043E+05  8.018E-13
  13  2.348E+05  5.465E-13
  13  2.700E+05  3.722E-13
  14  2.800E-01  1.491E+01
  14  3.220E-01  1.259E+01
  14  3.702E-01  1.064E+01
  14  4.256E-01  8.982E+00
  14  4.894E-01  7.579E+00
  14  5.625E-01  6.399E+00
  14  6.468E-01  5.397E+00
  14  7.437E-01  4.551E+00
  14  8.551E-01  3.835E+00
  14  9.831E-01  3.231E+00
  14  1.130E+00  2.720E+00
  14  1.300E+00  2.288E+00
  14  1.494E+00  1.924E+00
  14  1.718E+00  1.616E+00
  14  1.975E+00  1.356E+00
  14  2.271E+00  1.137E+00
  14  2.611E+00  9.513E-01
  14  3.002E+00  7.954E-01
  14  3.452E+00  6.634E-01
  14  3.968E+00  5.529E-01
  14  4.564E+00  4.593E-01
  14  5.247E+00  3.809E-01
  14  6.031E+00  3.152E-01
  14  6.936E+00  2.599E-01
  14  7.974E+00  2.136E-01
  14  9.170E+00  1.749E-01
  14  1.054E+01  1.428E-01
  14  1.212E+01  1.160E-01
  14  1.394E+01  9.382E-02
  14  1.602E+01  7.551E-02
  14  1.842E+01  6.045E-02
  14  2.118E+01  4.810E-02
  14  2.435E+01  3.807E-02
  14  2.800E+01  2.993E-02
  14  3.220E+01  2.337E-02
  14  3.702E+01  1.814E-02
  14  4.256E+01  1.398E-02
  14  4.894E+01  1.069E-02
  14  5.625E+01  8.133E-03
  14  6.468E+01  6.138E-03
  14  7.437E+01  4.602E-03
  14  8.551E+01  3.427E-03
  14  9.831E+01  2.537E-03
  14  1.130E+02  1.866E-03
  14  1.300E+02  1.364E-03
  14  1.494E+02  9.921E-04
  14  1.718E+02  7.179E-04
  14  1.975E+02  5.170E-04
  14  2.271E+02  3.708E-04
  14  2.611E+02  2.647E-04
  14  3.002E+02  1.885E-04
  14  3.452E+02  1.335E-04
  14  3.968E+02  9.453E-05
  14  4.564E+02  6.657E-05
  14  5.247E+02  4.684E-05
  14  6.031E+02  3.290E-05
  14  6.936E+02  2.304E-05
  14  7.974E+02  1.611E-05
  14  9.170E+02  1.125E-05
  14  1.054E+03  7.846E-06
  14  1.212E+03  5.465E-06
  14  1.394E+03  3.803E-06
  14  1.602E+03  2.645E-06
  14  1.842E+03  1.837E-06
  14  2.118E+03  1.275E-06
  14  2.435E+03  8.848E-07
  14  2.800E+03  6.134E-07
  14  3.220E+03  4.249E-07
  14  3.702E+03  2.945E-07
  14  4.256E+03  2.039E-07
  14  4.894E+03  1.411E-07
  14  5.625E+03  9.777E-08
  14  6.468E+03  6.764E-08
  14  7.437E+03  4.679E-08
  14  8.551E+03  3.236E-08
  14  9.831E+03  2.239E-08
  14  1.130E+04  1.548E-08
  14  1.300E+04  1.070E-08
  14  1.494E+04  7.398E-09
  14  1.718E+04  5.114E-09
  14  1.975E+04  3.535E-09
  14  2.271E+04  2.444E-09
  14  2.611E+04  1.689E-09
  14  3.002E+04  1.168E-09
  14  3.452E+04  8.064E-10
  14  3.968E+04  5.579E-10
  14  4.564E+04  3.850E-10
  14  5.247E+04  2.661E-10
  14  6.031E+04  1.840E-10
  14  6.936E+04  1.271E-10
  14  7.974E+04  8.781E-11
  14  9.170E+04  6.065E-11
  14  1.054E+05  4.192E-11
  14  1.212E+05  2.896E-11
  14  1.394E+05  2.001E-11
  14  1.602E+05  1.383E-11
  14  1.842E+05  9.557E-12
  14  2.118E+05  6.600E-12
  14  2.435E+05  4.562E-12
  14  2.800E+05  3.150E-12
  15  3.100E-01  3.615E-04
  15  3.565E-01  4.127E-04
  15  4.098E-01  4.704E-04
  15  4.712E-01  5.357E-04
  15  5.419E-01  6.092E-04
  15  6.228E-01  6.914E-04
  15  7.161E-01  7.835E-04
  15  8.234E-01  8.859E-04
  15  9.467E-01  9.994E-04
  15  1.088E+00  1.124E-03
  15  1.251E+00  1.261E-03
  15  1.439E+00  1.409E-03
  15  1.654E+00  1.568E-03
  15  1.902E+00  1.736E-03
  15  2.187E+00  1.914E-03
  15  2.514E+00  2.096E-03
  15  2.891E+00  2.282E-03
  15  3.323E+00  2.465E-03
  15  3.822E+00  2.642E-03
  15  4.393E+00  2.804E-03
  15  5.053E+00  2.948E-03
  15  5.809E+00  3.064E-03
  15  6.677E+00  3.145E-03
  15  7.679E+00  3.186E-03
  15  8.829E+00  3.180E-03
  15  1.015E+01  3.125E-03
  15  1.167E+01  3.020E-03
  15  1.342E+01  2.866E-03
  15  1.543E+01  2.671E-03
  15  1.774E+01  2.441E-03
  15  2.039E+01  2.186E-03
  15  2.345E+01  1.918E-03
  15  2.696E+01  1.648E-03
  15  3.100E+01  1.387E-03
  15  3.565E+01  1.143E-03
  15  4.098E+01  9.238E-04
  15  4.712E+01  7.319E-04
  15  5.419E+01  5.688E-04
  15  6.228E+01  4.347E-04
  15  7.161E+01  3.264E-04
  15  8.234E+01  2.412E-04
  15  9.467E+01  1.757E-04
  15  1.088E+02  1.263E-04
  15  1.251E+02  8.964E-05
  15  1.439E+02  6.292E-05
  15  1.654E+02  4.374E-05
  15  1.902E+02  3.013E-05
  15  2.187E+02  2.059E-05
  15  2.514E+02  1.397E-05
  15  2.891E+02  9.415E-06
  15  3.323E+02  6.316E-06
  15  3.822E+02  4.208E-06
  15  4.393E+02  2.799E-06
  15  5.053E+02  1.849E-06
  15  5.809E+02  1.219E-06
  15  6.677E+02  8.023E-07
  15  7.679E+02  5.258E-07
  15  8.829E+02  3.440E-07
  15  1.015E+03  2.245E-07
  15  1.167E+03  1.464E-07
  15  1.342E+03  9.528E-08
  15  1.543E+03  6.194E-08
  15  1.774E+03  4.023E-08
  15  2.039E+03  2.609E-08
  15  2.345E+03  1.690E-08
  15  2.696E+03  1.095E-08
  15  3.100E+03  7.085E-09
  15  3.565E+03  4.579E-09
  15  4.098E+03  2.962E-09
  15  4.712E+03  1.914E-09
  15  5.419E+03  1.235E-09
  15  6.228E+03  7.987E-10
  15  7.161E+03  5.155E-10
  15  8.234E+03  3.326E-10
  15  9.467E+03  2.146E-10
  15  1.088E+04  1.385E-10
  15  1.251E+04  8.930E-11
  15  1.439E+04  5.758E-11
  15  1.654E+04  3.713E-11
  15  1.902E+04  2.394E-11
  15  2.187E+04  1.544E-11
  15  2.514E+04  9.953E-12
  15  2.891E+04  6.415E-12
  15  3.323E+04  4.138E-12
  15  3.822E+04  2.664E-12
  15  4.393E+04  1.720E-12
  15  5.053E+04  1.106E-12
  15  5.809E+04  7.132E-13
  15  6.677E+04  4.601E-13
  15  7.679E+04  2.963E-13
  15  8.829E+04  1.909E-13
  15  1.015E+05  1.230E-13
  15  1.167E+05  7.927E-14
  15  1.342E+05  5.108E-14
  15  1.543E+05  3.299E-14
  15  1.774E+05  2.122E-14
  15  2.039E+05  1.368E-14
  15  2.345E+05  8.807E-15
  15  2.696E+05  5.678E-15
  15  3.100E+05  3.656E-15
  16  3.200E-01  2.283E-01
  16  3.680E-01  2.123E-01
  16  4.230E-01  1.973E-01
  16  4.864E-01  1.832E-01
  16  5.594E-01  1.701E-01
  16  6.429E-01  1.578E-01
  16  7.392E-01  1.463E-01
  16  8.499E-01  1.354E-01
  16  9.773E-01  1.253E-01
  16  1.124E+00  1.158E-01
  16  1.292E+00  1.069E-01
  16  1.485E+00  9.846E-02
  16  1.708E+00  9.057E-02
  16  1.964E+00  8.315E-02
  16  2.258E+00  7.616E-02
  16  2.596E+00  6.960E-02
  16  2.984E+00  6.342E-02
  16  3.430E+00  5.761E-02
  16  3.946E+00  5.213E-02
  16  4.534E+00  4.701E-02
  16  5.216E+00  4.218E-02
  16  5.997E+00  3.767E-02
  16  6.893E+00  3.347E-02
  16  7.926E+00  2.956E-02
  16  9.114E+00  2.593E-02
  16  1.048E+01  2.259E-02
  16  1.205E+01  1.954E-02
  16  1.385E+01  1.675E-02
  16  1.593E+01  1.425E-02
  16  1.831E+01  1.201E-02
  16  2.105E+01  1.002E-02
  16  2.421E+01  8.279E-03
  16  2.783E+01  6.773E-03
  16  3.200E+01  5.483E-03
  16  3.680E+01  4.391E-03
  16  4.230E+01  3.482E-03
  16  4.864E+01  2.732E-03
  16  5.594E+01  2.121E-03
  16  6.429E+01  1.632E-03
  16  7.392E+01  1.243E-03
  16  8.499E+01  9.380E-04
  16  9.773E+01  7.015E-04
  16  1.124E+02  5.206E-04
  16  1.292E+02  3.832E-04
  16  1.485E+02  2.800E-04
  16  1.708E+02  2.034E-04
  16  1.964E+02  1.468E-04
  16  2.258E+02  1.053E-04
  16  2.596E+02  7.524E-05
  16  2.984E+02  5.348E-05
  16  3.430E+02  3.788E-05
  16  3.946E+02  2.670E-05
  16  4.534E+02  1.879E-05
  16  5.216E+02  1.315E-05
  16  5.997E+02  9.197E-06
  16  6.893E+02  6.420E-06
  16  7.926E+02  4.467E-06
  16  9.114E+02  3.104E-06
  16  1.048E+03  2.152E-06
  16  1.205E+03  1.492E-06
  16  1.385E+03  1.032E-06
  16  1.593E+03  7.133E-07
  16  1.831E+03  4.926E-07
  16  2.105E+03  3.399E-07
  16  2.421E+03  2.343E-07
  16  2.783E+03  1.615E-07
  16  3.200E+03  1.112E-07
  16  3.680E+03  7.648E-08
  16  4.230E+03  5.264E-08
  16  4.864E+03  3.620E-08
  16  5.594E+03  2.488E-08
  16  6.429E+03  1.712E-08
  16  7.392E+03  1.176E-08
  16  8.499E+03  8.079E-09
  16  9.773E+03  5.549E-09
  16  1.124E+04  3.812E-09
  16  1.292E+04  2.617E-09
  16  1.485E+04  1.797E-09
  16  1.708E+04  1.234E-09
  16  1.964E+04  8.469E-10
  16  2.258E+04  5.813E-10
  16  2.596E+04  3.991E-10
  16  2.984E+04  2.739E-10
  16  3.430E+04  1.881E-10
  16  3.946E+04  1.290E-10
  16  4.534E+04  8.860E-11
  16  5.216E+04  6.072E-11
  16  5.997E+04  4.167E-11
  16  6.893E+04  2.862E-11
  16  7.926E+04  1.963E-11
  16  9.114E+04  1.347E-11
  16  1.048E+05  9.237E-12
  16  1.205E+05  6.340E-12
  16  1.385E+05  4.349E-12
  16  1.593E+05  2.985E-12
  16  1.831E+05  2.049E-12
  16  2.105E+05  1.406E-12
  16  2.421E+05  9.640E-13
  16  2.783E+05  6.617E-13
  16  3.200E+05  4.537E-13
  17  3.500E-01  3.083E-04
  17  4.025E-01  3.520E-04
  17  4.627E-01  4.013E-04
  17  5.320E-01  4.570E-04
  17  6.118E-01  5.197E-04
  17  7.032E-01  5.899E-04
  17  8.085E-01  6.685E-04
  17  9.296E-01  7.559E-04
  17  1.069E+00  8.529E-04
  17  1.229E+00  9.594E-04
  17  1.413E+00  1.076E-03
  17  1.625E+00  1.203E-03
  17  1.868E+00  1.338E-03
  17  2.148E+00  1.483E-03
  17  2.469E+00  1.635E-03
  17  2.839E+00  1.791E-03
  17  3.264E+00  1.950E-03
  17  3.752E+00  2.108E-03
  17  4.316E+00  2.260E-03
  17  4.959E+00  2.400E-03
  17  5.705E+00  2.524E-03
  17  6.559E+00  2.624E-03
  17  7.539E+00  2.696E-03
  17  8.670E+00  2.732E-03
  17  9.968E+00  2.729E-03
  17  1.146E+01  2.684E-03
  17  1.318E+01  2.597E-03
  17  1.515E+01  2.467E-03
  17  1.742E+01  2.302E-03
  17  2.003E+01  2.106E-03
  17  2.303E+01  1.889E-03
  17  2.648E+01  1.659E-03
  17  3.044E+01  1.428E-03
  17  3.500E+01  1.204E-03
  17  4.025E+01  9.944E-04
  17  4.627E+01  8.052E-04
  17  5.320E+01  6.393E-04
  17  6.118E+01  4.979E-04
  17  7.032E+01  3.814E-04
  17  8.085E+01  2.871E-04
  17  9.296E+01  2.127E-04
  17  1.069E+02  1.553E-04
  17  1.229E+02  1.120E-04
  17  1.413E+02  7.969E-05
  17  1.625E+02  5.610E-05
  17  1.868E+02  3.911E-05
  17  2.148E+02  2.702E-05
  17  2.469E+02  1.852E-05
  17  2.839E+02  1.261E-05
  17  3.264E+02  8.523E-06
  17  3.752E+02  5.736E-06
  17  4.315E+02  3.834E-06
  17  4.960E+02  2.558E-06
  17  5.705E+02  1.696E-06
  17  6.559E+02  1.122E-06
  17  7.539E+02  7.407E-07
  17  8.670E+02  4.870E-07
  17  9.968E+02  3.197E-07
  17  1.146E+03  2.094E-07
  17  1.318E+03  1.370E-07
  17  1.515E+03  8.946E-08
  17  1.742E+03  5.836E-08
  17  2.003E+03  3.803E-08
  17  2.303E+03  2.475E-08
  17  2.648E+03  1.609E-08
  17  3.044E+03  1.046E-08
  17  3.500E+03  6.791E-09
  17  4.025E+03  4.404E-09
  17  4.627E+03  2.859E-09
  17  5.320E+03  1.853E-09
  17  6.118E+03  1.201E-09
  17  7.031E+03  7.789E-10
  17  8.085E+03  5.045E-10
  17  9.296E+03  3.267E-10
  17  1.069E+04  2.115E-10
  17  1.229E+04  1.369E-10
  17  1.413E+04  8.862E-11
  17  1.625E+04  5.733E-11
  17  1.868E+04  3.710E-11
  17  2.148E+04  2.401E-11
  17  2.469E+04  1.553E-11
  17  2.839E+04  1.005E-11
  17  3.264E+04  6.501E-12
  17  3.752E+04  4.208E-12
  17  4.316E+04  2.718E-12
  17  4.960E+04  1.761E-12
  17  5.705E+04  1.137E-12
  17  6.559E+04  7.354E-13
  17  7.539E+04  4.760E-13
  17  8.670E+04  3.077E-13
  17  9.968E+04  1.989E-13
  17  1.146E+05  1.286E-13
  17  1.318E+05  8.318E-14
  17  1.515E+05  5.378E-14
  17  1.742E+05  3.485E-14
  17  2.003E+05  2.250E-14
  17  2.303E+05  1.455E-14
  17  2.648E+05  9.403E-15
  17  3.044E+05  6.084E-15
  17  3.500E+05  3.931E-15
  18  4.000E-01  4.993E-03
  18  4.600E-01  5.179E-03
  18  5.288E-01  5.368E-03
  18  6.080E-01  5.558E-03
  18  6.992E-01  5.750E-03
  18  8.036E-01  5.941E-03
  18  9.240E-01  6.130E-03
  18  1.062E+00  6.316E-03
  18  1.222E+00  6.496E-03
  18  1.404E+00  6.667E-03
  18  1.615E+00  6.828E-03
  18  1.857E+00  6.975E-03
  18  2.135E+00  7.104E-03
  18  2.454E+00  7.211E-03
  18  2.822E+00  7.293E-03
  18  3.244E+00  7.344E-03
  18  3.730E+00  7.361E-03
  18  4.288E+00  7.338E-03
  18  4.932E+00  7.271E-03
  18  5.668E+00  7.158E-03
  18  6.520E+00  6.994E-03
  18  7.496E+00  6.779E-03
  18  8.616E+00  6.511E-03
  18  9.908E+00  6.193E-03
  18  1.139E+01  5.828E-03
  18  1.310E+01  5.421E-03
  18  1.506E+01  4.982E-03
  18  1.732E+01  4.518E-03
  18  1.991E+01  4.041E-03
  18  2.289E+01  3.563E-03
  18  2.632E+01  3.094E-03
  18  3.026E+01  2.646E-03
  18  3.479E+01  2.228E-03
  18  4.000E+01  1.847E-03
  18  4.600E+01  1.506E-03
  18  5.288E+01  1.210E-03
  18  6.080E+01  9.579E-04
  18  6.992E+01  7.467E-04
  18  8.036E+01  5.746E-04
  18  9.240E+01  4.360E-04
  18  1.062E+02  3.267E-04
  18  1.222E+02  2.419E-04
  18  1.404E+02  1.773E-04
  18  1.615E+02  1.286E-04
  18  1.857E+02  9.237E-05
  18  2.135E+02  6.584E-05
  18  2.454E+02  4.658E-05
  18  2.822E+02  3.272E-05
  18  3.244E+02  2.285E-05
  18  3.730E+02  1.587E-05
  18  4.288E+02  1.098E-05
  18  4.932E+02  7.546E-06
  18  5.668E+02  5.180E-06
  18  6.520E+02  3.534E-06
  18  7.496E+02  2.408E-06
  18  8.616E+02  1.637E-06
  18  9.908E+02  1.110E-06
  18  1.139E+03  7.506E-07
  18  1.310E+03  5.067E-07
  18  1.506E+03  3.418E-07
  18  1.732E+03  2.301E-07
  18  1.991E+03  1.548E-07
  18  2.289E+03  1.040E-07
  18  2.632E+03  6.982E-08
  18  3.026E+03  4.682E-08
  18  3.479E+03  3.139E-08
  18  4.000E+03  2.102E-08
  18  4.600E+03  1.407E-08
  18  5.288E+03  9.419E-09
  18  6.080E+03  6.301E-09
  18  6.992E+03  4.211E-09
  18  8.036E+03  2.818E-09
  18  9.240E+03  1.883E-09
  18  1.062E+04  1.258E-09
  18  1.222E+04  8.405E-10
  18  1.404E+04  5.616E-10
  18  1.615E+04  3.750E-10
  18  1.857E+04  2.503E-10
  18  2.135E+04  1.672E-10
  18  2.454E+04  1.116E-10
  18  2.822E+04  7.451E-11
  18  3.244E+04  4.974E-11
  18  3.730E+04  3.320E-11
  18  4.288E+04  2.217E-11
  18  4.932E+04  1.478E-11
  18  5.668E+04  9.879E-12
  18  6.520E+04  6.583E-12
  18  7.496E+04  4.394E-12
  18  8.616E+04  2.935E-12
  18  9.908E+04  1.957E-12
  18  1.139E+05  1.306E-12
  18  1.310E+05  8.710E-13
  18  1.506E+05  5.814E-13
  18  1.732E+05  3.879E-13
  18  1.991E+05  2.589E-13
  18  2.289E+05  1.728E-13
  18  2.632E+05  1.153E-13
  18  3.026E+05  7.690E-14
  18  3.479E+05  5.133E-14
  18  4.000E+05  3.423E-14
  19  3.900E-01  3.707E-03
  19  4.485E-01  3.897E-03
  19  5.156E-01  4.093E-03
  19  5.928E-01  4.295E-03
  19  6.817E-01  4.502E-03
  19  7.835E-01  4.711E-03
  19  9.009E-01  4.924E-03
  19  1.036E+00  5.137E-03
  19  1.191E+00  5.350E-03
  19  1.369E+00  5.559E-03
  19  1.574E+00  5.761E-03
  19  1.810E+00  5.954E-03
  19  2.081E+00  6.133E-03
  19  2.393E+00  6.294E-03
  19  2.751E+00  6.433E-03
  19  3.163E+00  6.544E-03
  19  3.637E+00  6.621E-03
  19  4.181E+00  6.660E-03
  19  4.809E+00  6.655E-03
  19  5.526E+00  6.601E-03
  19  6.357E+00  6.493E-03
  19  7.309E+00  6.330E-03
  19  8.401E+00  6.110E-03
  19  9.660E+00  5.833E-03
  19  1.111E+01  5.503E-03
  19  1.277E+01  5.126E-03
  19  1.468E+01  4.710E-03
  19  1.688E+01  4.266E-03
  19  1.941E+01  3.805E-03
  19  2.232E+01  3.339E-03
  19  2.566E+01  2.883E-03
  19  2.950E+01  2.446E-03
  19  3.392E+01  2.041E-03
  19  3.900E+01  1.673E-03
  19  4.485E+01  1.347E-03
  19  5.156E+01  1.068E-03
  19  5.928E+01  8.316E-04
  19  6.817E+01  6.372E-04
  19  7.835E+01  4.813E-04
  19  9.009E+01  3.580E-04
  19  1.036E+02  2.627E-04
  19  1.191E+02  1.902E-04
  19  1.369E+02  1.362E-04
  19  1.574E+02  9.639E-05
  19  1.810E+02  6.755E-05
  19  2.081E+02  4.692E-05
  19  2.393E+02  3.232E-05
  19  2.751E+02  2.210E-05
  19  3.163E+02  1.502E-05
  19  3.637E+02  1.014E-05
  19  4.181E+02  6.815E-06
  19  4.809E+02  4.552E-06
  19  5.526E+02  3.035E-06
  19  6.357E+02  2.010E-06
  19  7.309E+02  1.330E-06
  19  8.401E+02  8.775E-07
  19  9.660E+02  5.769E-07
  19  1.111E+03  3.786E-07
  19  1.277E+03  2.479E-07
  19  1.468E+03  1.622E-07
  19  1.688E+03  1.059E-07
  19  1.941E+03  6.909E-08
  19  2.232E+03  4.502E-08
  19  2.566E+03  2.930E-08
  19  2.950E+03  1.905E-08
  19  3.392E+03  1.238E-08
  19  3.900E+03  8.038E-09
  19  4.485E+03  5.213E-09
  19  5.156E+03  3.383E-09
  19  5.928E+03  2.194E-09
  19  6.817E+03  1.421E-09
  19  7.835E+03  9.219E-10
  19  9.009E+03  5.971E-10
  19  1.036E+04  3.866E-10
  19  1.191E+04  2.503E-10
  19  1.369E+04  1.621E-10
  19  1.574E+04  1.049E-10
  19  1.810E+04  6.786E-11
  19  2.081E+04  4.392E-11
  19  2.393E+04  2.842E-11
  19  2.751E+04  1.838E-11
  19  3.163E+04  1.190E-11
  19  3.637E+04  7.694E-12
  19  4.181E+04  4.980E-12
  19  4.809E+04  3.218E-12
  19  5.526E+04  2.084E-12
  19  6.357E+04  1.346E-12
  19  7.309E+04  8.704E-13
  19  8.401E+04  5.634E-13
  19  9.660E+04  3.642E-13
  19  1.111E+05  2.355E-13
  19  1.277E+05  1.522E-13
  19  1.468E+05  9.845E-14
  19  1.688E+05  6.365E-14
  19  1.941E+05  4.122E-14
  19  2.232E+05  2.663E-14
  19  2.566E+05  1.722E-14
  19  2.950E+05  1.113E-14
  19  3.392E+05  7.201E-15
  19  3.900E+05  4.653E-15
  20  4.000E-01  3.902E-01
  20  4.600E-01  3.481E-01
  20  5.288E-01  3.105E-01
  20  6.080E-01  2.768E-01
  20  6.992E-01  2.466E-01
  20  8.036E-01  2.197E-01
  20  9.240E-01  1.955E-01
  20  1.062E+00  1.739E-01
  20  1.222E+00  1.545E-01
  20  1.404E+00  1.372E-01
  20  1.615E+00  1.217E-01
  20  1.857E+00  1.078E-01
  20  2.135E+00  9.533E-02
  20  2.454E+00  8.420E-02
  20  2.822E+00  7.423E-02
  20  3.244E+00  6.532E-02
  20  3.730E+00  5.734E-02
  20  4.288E+00  5.023E-02
  20  4.932E+00  4.384E-02
  20  5.668E+00  3.818E-02
  20  6.520E+00  3.309E-02
  20  7.496E+00  2.859E-02
  20  8.616E+00  2.459E-02
  20  9.908E+00  2.105E-02
  20  1.139E+01  1.792E-02
  20  1.310E+01  1.516E-02
  20  1.506E+01  1.276E-02
  20  1.732E+01  1.066E-02
  20  1.991E+01  8.841E-03
  20  2.289E+01  7.279E-03
  20  2.632E+01  5.944E-03
  20  3.026E+01  4.812E-03
  20  3.479E+01  3.863E-03
  20  4.000E+01  3.073E-03
  20  4.600E+01  2.422E-03
  20  5.288E+01  1.892E-03
  20  6.080E+01  1.464E-03
  20  6.992E+01  1.123E-03
  20  8.036E+01  8.538E-04
  20  9.240E+01  6.432E-04
  20  1.062E+02  4.805E-04
  20  1.222E+02  3.561E-04
  20  1.404E+02  2.619E-04
  20  1.615E+02  1.912E-04
  20  1.857E+02  1.386E-04
  20  2.135E+02  9.988E-05
  20  2.454E+02  7.156E-05
  20  2.822E+02  5.098E-05
  20  3.244E+02  3.615E-05
  20  3.730E+02  2.552E-05
  20  4.288E+02  1.795E-05
  20  4.932E+02  1.256E-05
  20  5.668E+02  8.782E-06
  20  6.520E+02  6.106E-06
  20  7.496E+02  4.240E-06
  20  8.616E+02  2.940E-06
  20  9.908E+02  2.032E-06
  20  1.139E+03  1.402E-06
  20  1.310E+03  9.656E-07
  20  1.506E+03  6.645E-07
  20  1.732E+03  4.566E-07
  20  1.991E+03  3.135E-07
  20  2.289E+03  2.150E-07
  20  2.632E+03  1.473E-07
  20  3.026E+03  1.008E-07
  20  3.479E+03  6.903E-08
  20  4.000E+03  4.720E-08
  20  4.600E+03  3.225E-08
  20  5.288E+03  2.204E-08
  20  6.080E+03  1.505E-08
  20  6.992E+03  1.027E-08
  20  8.036E+03  7.020E-09
  20  9.240E+03  4.790E-09
  20  1.062E+04  3.268E-09
  20  1.222E+04  2.229E-09
  20  1.404E+04  1.520E-09
  20  1.615E+04  1.037E-09
  20  1.857E+04  7.067E-10
  20  2.135E+04  4.818E-10
  20  2.454E+04  3.285E-10
  20  2.822E+04  2.239E-10
  20  3.244E+04  1.527E-10
  20  3.730E+04  1.040E-10
  20  4.288E+04  7.096E-11
  20  4.932E+04  4.831E-11
  20  5.668E+04  3.296E-11
  20  6.520E+04  2.243E-11
  20  7.496E+04  1.529E-11
  20  8.616E+04  1.043E-11
  20  9.908E+04  7.101E-12
  20  1.139E+05  4.838E-12
  20  1.310E+05  3.295E-12
  20  1.506E+05  2.246E-12
  20  1.732E+05  1.530E-12
  20  1.991E+05  1.043E-12
  20  2.289E+05  7.108E-13
  20  2.632E+05  4.843E-13
  20  3.026E+05  3.298E-13
  20  3.479E+05  2.248E-13
  20  4.000E+05  1.531E-13
  21  4.500E-01  3.376E-03
  21  5.175E-01  3.453E-03
  21  5.949E-01  3.529E-03
  21  6.840E-01  3.603E-03
  21  7.866E-01  3.674E-03
  21  9.041E-01  3.743E-03
  21  1.039E+00  3.807E-03
  21  1.195E+00  3.867E-03
  21  1.374E+00  3.920E-03
  21  1.580E+00  3.966E-03
  21  1.817E+00  4.003E-03
  21  2.089E+00  4.030E-03
  21  2.402E+00  4.045E-03
  21  2.761E+00  4.046E-03
  21  3.175E+00  4.031E-03
  21  3.650E+00  3.999E-03
  21  4.197E+00  3.948E-03
  21  4.824E+00  3.876E-03
  21  5.549E+00  3.781E-03
  21  6.376E+00  3.665E-03
  21  7.335E+00  3.524E-03
  21  8.433E+00  3.360E-03
  21  9.693E+00  3.175E-03
  21  1.115E+01  2.969E-03
  21  1.282E+01  2.746E-03
  21  1.474E+01  2.510E-03
  21  1.694E+01  2.265E-03
  21  1.948E+01  2.016E-03
  21  2.240E+01  1.770E-03
  21  2.575E+01  1.530E-03
  21  2.961E+01  1.302E-03
  21  3.404E+01  1.091E-03
  21  3.914E+01  8.991E-04
  21  4.500E+01  7.289E-04
  21  5.175E+01  5.811E-04
  21  5.949E+01  4.562E-04
  21  6.840E+01  3.524E-04
  21  7.866E+01  2.679E-04
  21  9.041E+01  2.010E-04
  21  1.039E+02  1.485E-04
  21  1.195E+02  1.083E-04
  21  1.374E+02  7.804E-05
  21  1.580E+02  5.559E-05
  21  1.817E+02  3.917E-05
  21  2.089E+02  2.733E-05
  21  2.402E+02  1.890E-05
  21  2.761E+02  1.297E-05
  21  3.175E+02  8.836E-06
  21  3.650E+02  5.981E-06
  21  4.197E+02  4.024E-06
  21  4.824E+02  2.695E-06
  21  5.548E+02  1.794E-06
  21  6.377E+02  1.192E-06
  21  7.335E+02  7.867E-07
  21  8.433E+02  5.185E-07
  21  9.693E+02  3.410E-07
  21  1.115E+03  2.234E-07
  21  1.282E+03  1.461E-07
  21  1.474E+03  9.536E-08
  21  1.694E+03  6.218E-08
  21  1.948E+03  4.046E-08
  21  2.240E+03  2.630E-08
  21  2.575E+03  1.708E-08
  21  2.961E+03  1.108E-08
  21  3.404E+03  7.176E-09
  21  3.914E+03  4.648E-09
  21  4.500E+03  3.008E-09
  21  5.175E+03  1.944E-09
  21  5.949E+03  1.257E-09
  21  6.840E+03  8.124E-10
  21  7.866E+03  5.244E-10
  21  9.040E+03  3.390E-10
  21  1.040E+04  2.188E-10
  21  1.195E+04  1.412E-10
  21  1.374E+04  9.109E-11
  21  1.580E+04  5.878E-11
  21  1.817E+04  3.791E-11
  21  2.089E+04  2.444E-11
  21  2.402E+04  1.576E-11
  21  2.761E+04  1.016E-11
  21  3.175E+04  6.553E-12
  21  3.650E+04  4.225E-12
  21  4.197E+04  2.723E-12
  21  4.824E+04  1.757E-12
  21  5.548E+04  1.131E-12
  21  6.376E+04  7.299E-13
  21  7.335E+04  4.697E-13
  21  8.433E+04  3.028E-13
  21  9.693E+04  1.953E-13
  21  1.115E+05  1.258E-13
  21  1.282E+05  8.105E-14
  21  1.474E+05  5.220E-14
  21  1.694E+05  3.365E-14
  21  1.948E+05  2.168E-14
  21  2.240E+05  1.402E-14
  21  2.575E+05  9.009E-15
  21  2.961E+05  5.805E-15
  21  3.404E+05  3.738E-15
  21  3.914E+05  2.410E-15
  21  4.500E+05  1.552E-15
  22  4.800E-01  4.296E-02
  22  5.520E-01  4.131E-02
  22  6.346E-01  3.971E-02
  22  7.296E-01  3.814E-02
  22  8.390E-01  3.660E-02
  22  9.643E-01  3.509E-02
  22  1.109E+00  3.361E-02
  22  1.275E+00  3.215E-02
  22  1.466E+00  3.072E-02
  22  1.685E+00  2.930E-02
  22  1.938E+00  2.790E-02
  22  2.228E+00  2.651E-02
  22  2.562E+00  2.513E-02
  22  2.945E+00  2.376E-02
  22  3.386E+00  2.240E-02
  22  3.893E+00  2.105E-02
  22  4.476E+00  1.970E-02
  22  5.146E+00  1.837E-02
  22  5.918E+00  1.704E-02
  22  6.802E+00  1.573E-02
  22  7.824E+00  1.442E-02
  22  8.995E+00  1.315E-02
  22  1.034E+01  1.190E-02
  22  1.189E+01  1.068E-02
  22  1.367E+01  9.512E-03
  22  1.572E+01  8.389E-03
  22  1.807E+01  7.327E-03
  22  2.078E+01  6.331E-03
  22  2.389E+01  5.410E-03
  22  2.747E+01  4.568E-03
  22  3.158E+01  3.810E-03
  22  3.631E+01  3.137E-03
  22  4.175E+01  2.550E-03
  22  4.800E+01  2.046E-03
  22  5.520E+01  1.619E-03
  22  6.346E+01  1.265E-03
  22  7.296E+01  9.756E-04
  22  8.390E+01  7.426E-04
  22  9.643E+01  5.590E-04
  22  1.109E+02  4.155E-04
  22  1.275E+02  3.054E-04
  22  1.466E+02  2.221E-04
  22  1.685E+02  1.600E-04
  22  1.938E+02  1.142E-04
  22  2.228E+02  8.075E-05
  22  2.562E+02  5.669E-05
  22  2.945E+02  3.952E-05
  22  3.386E+02  2.737E-05
  22  3.893E+02  1.885E-05
  22  4.476E+02  1.291E-05
  22  5.146E+02  8.806E-06
  22  5.918E+02  5.971E-06
  22  6.802E+02  4.043E-06
  22  7.824E+02  2.721E-06
  22  8.995E+02  1.829E-06
  22  1.034E+03  1.227E-06
  22  1.189E+03  8.201E-07
  22  1.367E+03  5.473E-07
  22  1.572E+03  3.644E-07
  22  1.807E+03  2.425E-07
  22  2.078E+03  1.610E-07
  22  2.389E+03  1.068E-07
  22  2.747E+03  7.082E-08
  22  3.158E+03  4.688E-08
  22  3.631E+03  3.101E-08
  22  4.175E+03  2.050E-08
  22  4.800E+03  1.354E-08
  22  5.520E+03  8.938E-09
  22  6.346E+03  5.902E-09
  22  7.296E+03  3.894E-09
  22  8.390E+03  2.566E-09
  22  9.643E+03  1.694E-09
  22  1.109E+04  1.116E-09
  22  1.275E+04  7.356E-10
  22  1.466E+04  4.845E-10
  22  1.685E+04  3.193E-10
  22  1.938E+04  2.102E-10
  22  2.228E+04  1.384E-10
  22  2.562E+04  9.115E-11
  22  2.945E+04  6.002E-11
  22  3.386E+04  3.951E-11
  22  3.893E+04  2.601E-11
  22  4.476E+04  1.712E-11
  22  5.146E+04  1.128E-11
  22  5.918E+04  7.414E-12
  22  6.802E+04  4.886E-12
  22  7.824E+04  3.211E-12
  22  8.995E+04  2.113E-12
  22  1.034E+05  1.392E-12
  22  1.189E+05  9.155E-13
  22  1.367E+05  6.024E-13
  22  1.572E+05  3.962E-13
  22  1.807E+05  2.608E-13
  22  2.078E+05  1.716E-13
  22  2.389E+05  1.130E-13
  22  2.747E+05  7.435E-14
  22  3.158E+05  4.892E-14
  22  3.631E+05  3.217E-14
  22  4.175E+05  2.118E-14
  22  4.800E+05  1.393E-14
  23  5.100E-01  2.005E-02
  23  5.865E-01  1.928E-02
  23  6.742E-01  1.853E-02
  23  7.752E-01  1.780E-02
  23  8.915E-01  1.708E-02
  23  1.025E+00  1.638E-02
  23  1.178E+00  1.568E-02
  23  1.355E+00  1.500E-02
  23  1.558E+00  1.433E-02
  23  1.791E+00  1.367E-02
  23  2.059E+00  1.302E-02
  23  2.367E+00  1.237E-02
  23  2.722E+00  1.173E-02
  23  3.129E+00  1.109E-02
  23  3.598E+00  1.045E-02
  23  4.137E+00  9.822E-03
  23  4.756E+00  9.194E-03
  23  5.467E+00  8.571E-03
  23  6.288E+00  7.950E-03
  23  7.227E+00  7.339E-03
  23  8.313E+00  6.731E-03
  23  9.557E+00  6.135E-03
  23  1.099E+01  5.554E-03
  23  1.263E+01  4.986E-03
  23  1.452E+01  4.439E-03
  23  1.670E+01  3.915E-03
  23  1.920E+01  3.419E-03
  23  2.208E+01  2.954E-03
  23  2.538E+01  2.525E-03
  23  2.918E+01  2.132E-03
  23  3.355E+01  1.778E-03
  23  3.858E+01  1.464E-03
  23  4.435E+01  1.190E-03
  23  5.100E+01  9.547E-04
  23  5.865E+01  7.555E-04
  23  6.742E+01  5.904E-04
  23  7.752E+01  4.553E-04
  23  8.915E+01  3.465E-04
  23  1.025E+02  2.609E-04
  23  1.178E+02  1.939E-04
  23  1.355E+02  1.425E-04
  23  1.558E+02  1.036E-04
  23  1.791E+02  7.466E-05
  23  2.059E+02  5.327E-05
  23  2.367E+02  3.768E-05
  23  2.722E+02  2.646E-05
  23  3.129E+02  1.844E-05
  23  3.598E+02  1.277E-05
  23  4.137E+02  8.796E-06
  23  4.756E+02  6.024E-06
  23  5.467E+02  4.109E-06
  23  6.288E+02  2.787E-06
  23  7.227E+02  1.887E-06
  23  8.313E+02  1.270E-06
  23  9.557E+02  8.536E-07
  23  1.099E+03  5.726E-07
  23  1.263E+03  3.827E-07
  23  1.452E+03  2.554E-07
  23  1.670E+03  1.701E-07
  23  1.920E+03  1.131E-07
  23  2.208E+03  7.514E-08
  23  2.538E+03  4.986E-08
  23  2.918E+03  3.305E-08
  23  3.355E+03  2.188E-08
  23  3.858E+03  1.447E-08
  23  4.435E+03  9.569E-09
  23  5.100E+03  6.321E-09
  23  5.865E+03  4.171E-09
  23  6.742E+03  2.754E-09
  23  7.752E+03  1.817E-09
  23  8.915E+03  1.198E-09
  23  1.025E+04  7.906E-10
  23  1.178E+04  5.210E-10
  23  1.355E+04  3.433E-10
  23  1.558E+04  2.261E-10
  23  1.791E+04  1.490E-10
  23  2.059E+04  9.812E-11
  23  2.367E+04  6.459E-11
  23  2.722E+04  4.254E-11
  23  3.129E+04  2.801E-11
  23  3.598E+04  1.844E-11
  23  4.137E+04  1.214E-11
  23  4.756E+04  7.990E-12
  23  5.467E+04  5.263E-12
  23  6.288E+04  3.460E-12
  23  7.227E+04  2.280E-12
  23  8.313E+04  1.498E-12
  23  9.557E+04  9.862E-13
  23  1.099E+05  6.496E-13
  23  1.263E+05  4.272E-13
  23  1.452E+05  2.811E-13
  23  1.670E+05  1.849E-13
  23  1.920E+05  1.217E-13
  23  2.208E+05  8.007E-14
  23  2.538E+05  5.274E-14
  23  2.918E+05  3.469E-14
  23  3.355E+05  2.283E-14
  23  3.858E+05  1.501E-14
  23  4.435E+05  9.883E-15
  23  5.100E+05  6.499E-15
  24  5.200E-01  8.953E-02
  24  5.980E-01  8.320E-02
  24  6.874E-01  7.730E-02
  24  7.904E-01  7.177E-02
  24  9.090E-01  6.658E-02
  24  1.045E+00  6.174E-02
  24  1.201E+00  5.719E-02
  24  1.381E+00  5.293E-02
  24  1.588E+00  4.892E-02
  24  1.826E+00  4.517E-02
  24  2.099E+00  4.163E-02
  24  2.414E+00  3.831E-02
  24  2.775E+00  3.519E-02
  24  3.191E+00  3.226E-02
  24  3.669E+00  2.950E-02
  24  4.218E+00  2.690E-02
  24  4.850E+00  2.445E-02
  24  5.574E+00  2.215E-02
  24  6.412E+00  1.998E-02
  24  7.368E+00  1.796E-02
  24  8.476E+00  1.605E-02
  24  9.745E+00  1.427E-02
  24  1.120E+01  1.262E-02
  24  1.288E+01  1.108E-02
  24  1.481E+01  9.663E-03
  24  1.703E+01  8.360E-03
  24  1.958E+01  7.175E-03
  24  2.251E+01  6.102E-03
  24  2.588E+01  5.141E-03
  24  2.975E+01  4.289E-03
  24  3.421E+01  3.540E-03
  24  3.934E+01  2.890E-03
  24  4.522E+01  2.334E-03
  24  5.200E+01  1.863E-03
  24  5.980E+01  1.470E-03
  24  6.874E+01  1.148E-03
  24  7.904E+01  8.854E-04
  24  9.090E+01  6.753E-04
  24  1.045E+02  5.101E-04
  24  1.201E+02  3.810E-04
  24  1.381E+02  2.817E-04
  24  1.588E+02  2.063E-04
  24  1.826E+02  1.498E-04
  24  2.099E+02  1.079E-04
  24  2.414E+02  7.703E-05
  24  2.775E+02  5.464E-05
  24  3.191E+02  3.850E-05
  24  3.669E+02  2.697E-05
  24  4.218E+02  1.879E-05
  24  4.850E+02  1.302E-05
  24  5.574E+02  8.992E-06
  24  6.412E+02  6.175E-06
  24  7.368E+02  4.235E-06
  24  8.476E+02  2.887E-06
  24  9.745E+02  1.966E-06
  24  1.120E+03  1.336E-06
  24  1.288E+03  9.052E-07
  24  1.481E+03  6.122E-07
  24  1.703E+03  4.132E-07
  24  1.958E+03  2.787E-07
  24  2.251E+03  1.876E-07
  24  2.588E+03  1.262E-07
  24  2.975E+03  8.479E-08
  24  3.421E+03  5.691E-08
  24  3.934E+03  3.816E-08
  24  4.522E+03  2.559E-08
  24  5.200E+03  1.714E-08
  24  5.980E+03  1.147E-08
  24  6.874E+03  7.677E-09
  24  7.904E+03  5.136E-09
  24  9.090E+03  3.432E-09
  24  1.045E+04  2.297E-09
  24  1.201E+04  1.535E-09
  24  1.381E+04  1.026E-09
  24  1.588E+04  6.850E-10
  24  1.826E+04  4.577E-10
  24  2.099E+04  3.056E-10
  24  2.414E+04  2.040E-10
  24  2.775E+04  1.362E-10
  24  3.191E+04  9.097E-11
  24  3.669E+04  6.072E-11
  24  4.218E+04  4.054E-11
  24  4.850E+04  2.706E-11
  24  5.574E+04  1.807E-11
  24  6.412E+04  1.205E-11
  24  7.368E+04  8.051E-12
  24  8.476E+04  5.365E-12
  24  9.745E+04  3.581E-12
  24  1.120E+05  2.392E-12
  24  1.288E+05  1.595E-12
  24  1.481E+05  1.064E-12
  24  1.703E+05  7.099E-13
  24  1.958E+05  4.738E-13
  24  2.251E+05  3.161E-13
  24  2.588E+05  2.110E-13
  24  2.975E+05  1.408E-13
  24  3.421E+05  9.397E-14
  24  3.934E+05  6.267E-14
  24  4.522E+05  4.184E-14
  24  5.200E+05  2.790E-14
  25  5.500E-01  4.595E-02
  25  6.325E-01  4.271E-02
  25  7.271E-01  3.969E-02
  25  8.360E-01  3.686E-02
  25  9.614E-01  3.420E-02
  25  1.105E+00  3.172E-02
  25  1.270E+00  2.940E-02
  25  1.461E+00  2.721E-02
  25  1.680E+00  2.516E-02
  25  1.931E+00  2.324E-02
  25  2.220E+00  2.144E-02
  25  2.553E+00  1.974E-02
  25  2.935E+00  1.815E-02
  25  3.375E+00  1.665E-02
  25  3.880E+00  1.523E-02
  25  4.461E+00  1.391E-02
  25  5.129E+00  1.266E-02
  25  5.896E+00  1.148E-02
  25  6.782E+00  1.037E-02
  25  7.793E+00  9.339E-03
  25  8.965E+00  8.362E-03
  25  1.031E+01  7.453E-03
  25  1.185E+01  6.606E-03
  25  1.362E+01  5.817E-03
  25  1.566E+01  5.088E-03
  25  1.801E+01  4.417E-03
  25  2.071E+01  3.805E-03
  25  2.381E+01  3.250E-03
  25  2.737E+01  2.751E-03
  25  3.147E+01  2.306E-03
  25  3.618E+01  1.914E-03
  25  4.161E+01  1.572E-03
  25  4.783E+01  1.278E-03
  25  5.500E+01  1.027E-03
  25  6.325E+01  8.167E-04
  25  7.271E+01  6.425E-04
  25  8.360E+01  4.999E-04
  25  9.614E+01  3.847E-04
  25  1.105E+02  2.933E-04
  25  1.270E+02  2.212E-04
  25  1.461E+02  1.652E-04
  25  1.680E+02  1.223E-04
  25  1.931E+02  8.976E-05
  25  2.220E+02  6.534E-05
  25  2.553E+02  4.721E-05
  25  2.935E+02  3.388E-05
  25  3.375E+02  2.416E-05
  25  3.880E+02  1.713E-05
  25  4.461E+02  1.208E-05
  25  5.129E+02  8.482E-06
  25  5.896E+02  5.932E-06
  25  6.781E+02  4.127E-06
  25  7.794E+02  2.867E-06
  25  8.965E+02  1.981E-06
  25  1.031E+03  1.367E-06
  25  1.185E+03  9.415E-07
  25  1.362E+03  6.463E-07
  25  1.566E+03  4.431E-07
  25  1.801E+03  3.031E-07
  25  2.071E+03  2.072E-07
  25  2.381E+03  1.414E-07
  25  2.737E+03  9.643E-08
  25  3.147E+03  6.569E-08
  25  3.618E+03  4.470E-08
  25  4.161E+03  3.039E-08
  25  4.783E+03  2.066E-08
  25  5.500E+03  1.403E-08
  25  6.325E+03  9.518E-09
  25  7.271E+03  6.461E-09
  25  8.360E+03  4.382E-09
  25  9.614E+03  2.970E-09
  25  1.105E+04  2.015E-09
  25  1.270E+04  1.366E-09
  25  1.461E+04  9.252E-10
  25  1.680E+04  6.266E-10
  25  1.931E+04  4.245E-10
  25  2.220E+04  2.875E-10
  25  2.553E+04  1.946E-10
  25  2.935E+04  1.318E-10
  25  3.375E+04  8.921E-11
  25  3.880E+04  6.039E-11
  25  4.461E+04  4.088E-11
  25  5.129E+04  2.767E-11
  25  5.896E+04  1.874E-11
  25  6.782E+04  1.267E-11
  25  7.794E+04  8.584E-12
  25  8.965E+04  5.801E-12
  25  1.031E+05  3.926E-12
  25  1.185E+05  2.659E-12
  25  1.362E+05  1.798E-12
  25  1.566E+05  1.217E-12
  25  1.801E+05  8.230E-13
  25  2.071E+05  5.571E-13
  25  2.381E+05  3.769E-13
  25  2.737E+05  2.551E-13
  25  3.147E+05  1.727E-13
  25  3.618E+05  1.168E-13
  25  4.161E+05  7.900E-14
  25  4.783E+05  5.348E-14
  25  5.500E+05  3.616E-14
  26  5.600E-01  4.693E+00
  26  6.440E-01  3.963E+00
  26  7.403E-01  3.348E+00
  26  8.512E-01  2.827E+00
  26  9.789E-01  2.386E+00
  26  1.125E+00  2.014E+00
  26  1.294E+00  1.699E+00
  26  1.487E+00  1.433E+00
  26  1.710E+00  1.208E+00
  26  1.966E+00  1.018E+00
  26  2.261E+00  8.572E-01
  26  2.600E+00  7.213E-01
  26  2.989E+00  6.066E-01
  26  3.436E+00  5.098E-01
  26  3.951E+00  4.279E-01
  26  4.542E+00  3.589E-01
  26  5.223E+00  3.006E-01
  26  6.003E+00  2.515E-01
  26  6.905E+00  2.099E-01
  26  7.935E+00  1.751E-01
  26  9.128E+00  1.456E-01
  26  1.049E+01  1.209E-01
  26  1.206E+01  1.001E-01
  26  1.387E+01  8.268E-02
  26  1.595E+01  6.807E-02
  26  1.834E+01  5.585E-02
  26  2.108E+01  4.566E-02
  26  2.424E+01  3.718E-02
  26  2.787E+01  3.014E-02
  26  3.204E+01  2.432E-02
  26  3.684E+01  1.952E-02
  26  4.236E+01  1.558E-02
  26  4.870E+01  1.237E-02
  26  5.600E+01  9.759E-03
  26  6.440E+01  7.649E-03
  26  7.403E+01  5.960E-03
  26  8.512E+01  4.613E-03
  26  9.789E+01  3.544E-03
  26  1.125E+02  2.708E-03
  26  1.294E+02  2.054E-03
  26  1.487E+02  1.548E-03
  26  1.710E+02  1.159E-03
  26  1.966E+02  8.623E-04
  26  2.261E+02  6.377E-04
  26  2.600E+02  4.689E-04
  26  2.989E+02  3.431E-04
  26  3.436E+02  2.498E-04
  26  3.951E+02  1.810E-04
  26  4.542E+02  1.306E-04
  26  5.223E+02  9.384E-05
  26  6.003E+02  6.723E-05
  26  6.905E+02  4.795E-05
  26  7.935E+02  3.416E-05
  26  9.128E+02  2.422E-05
  26  1.049E+03  1.715E-05
  26  1.206E+03  1.213E-05
  26  1.387E+03  8.550E-06
  26  1.595E+03  6.020E-06
  26  1.834E+03  4.231E-06
  26  2.108E+03  2.971E-06
  26  2.424E+03  2.084E-06
  26  2.787E+03  1.460E-06
  26  3.204E+03  1.022E-06
  26  3.684E+03  7.150E-07
  26  4.236E+03  4.997E-07
  26  4.870E+03  3.492E-07
  26  5.600E+03  2.437E-07
  26  6.440E+03  1.700E-07
  26  7.403E+03  1.187E-07
  26  8.512E+03  8.274E-08
  26  9.789E+03  5.765E-08
  26  1.125E+04  4.022E-08
  26  1.294E+04  2.802E-08
  26  1.487E+04  1.952E-08
  26  1.710E+04  1.359E-08
  26  1.966E+04  9.469E-09
  26  2.261E+04  6.593E-09
  26  2.600E+04  4.589E-09
  26  2.989E+04  3.195E-09
  26  3.436E+04  2.224E-09
  26  3.951E+04  1.548E-09
  26  4.542E+04  1.078E-09
  26  5.223E+04  7.500E-10
  26  6.003E+04  5.223E-10
  26  6.905E+04  3.631E-10
  26  7.935E+04  2.530E-10
  26  9.128E+04  1.758E-10
  26  1.049E+05  1.224E-10
  26  1.206E+05  8.521E-11
  26  1.387E+05  5.926E-11
  26  1.595E+05  4.123E-11
  26  1.834E+05  2.868E-11
  26  2.108E+05  1.996E-11
  26  2.424E+05  1.389E-11
  26  2.787E+05  9.663E-12
  26  3.204E+05  6.726E-12
  26  3.684E+05  4.679E-12
  26  4.236E+05  3.254E-12
  26  4.870E+05  2.265E-12
  26  5.600E+05  1.575E-12
  27  5.900E-01  2.999E-02
  27  6.785E-01  2.515E-02
  27  7.800E-01  2.110E-02
  27  8.968E-01  1.770E-02
  27  1.031E+00  1.483E-02
  27  1.185E+00  1.244E-02
  27  1.363E+00  1.043E-02
  27  1.567E+00  8.733E-03
  27  1.802E+00  7.312E-03
  27  2.071E+00  6.121E-03
  27  2.382E+00  5.121E-03
  27  2.739E+00  4.281E-03
  27  3.149E+00  3.577E-03
  27  3.620E+00  2.987E-03
  27  4.162E+00  2.492E-03
  27  4.785E+00  2.077E-03
  27  5.502E+00  1.729E-03
  27  6.325E+00  1.438E-03
  27  7.275E+00  1.193E-03
  27  8.360E+00  9.896E-04
  27  9.617E+00  8.182E-04
  27  1.106E+01  6.757E-04
  27  1.271E+01  5.569E-04
  27  1.461E+01  4.575E-04
  27  1.680E+01  3.749E-04
  27  1.932E+01  3.061E-04
  27  2.221E+01  2.493E-04
  27  2.554E+01  2.021E-04
  27  2.936E+01  1.633E-04
  27  3.376E+01  1.313E-04
  27  3.882E+01  1.050E-04
  27  4.463E+01  8.360E-05
  27  5.131E+01  6.619E-05
  27  5.900E+01  5.210E-05
  27  6.785E+01  4.075E-05
  27  7.800E+01  3.170E-05
  27  8.968E+01  2.449E-05
  27  1.031E+02  1.879E-05
  27  1.185E+02  1.434E-05
  27  1.363E+02  1.087E-05
  27  1.567E+02  8.182E-06
  27  1.802E+02  6.121E-06
  27  2.071E+02  4.553E-06
  27  2.382E+02  3.365E-06
  27  2.739E+02  2.474E-06
  27  3.149E+02  1.809E-06
  27  3.620E+02  1.317E-06
  27  4.162E+02  9.540E-07
  27  4.785E+02  6.883E-07
  27  5.502E+02  4.945E-07
  27  6.325E+02  3.543E-07
  27  7.275E+02  2.526E-07
  27  8.360E+02  1.800E-07
  27  9.617E+02  1.276E-07
  27  1.106E+03  9.035E-08
  27  1.271E+03  6.389E-08
  27  1.461E+03  4.504E-08
  27  1.680E+03  3.171E-08
  27  1.932E+03  2.229E-08
  27  2.221E+03  1.565E-08
  27  2.554E+03  1.098E-08
  27  2.936E+03  7.692E-09
  27  3.376E+03  5.385E-09
  27  3.882E+03  3.767E-09
  27  4.463E+03  2.632E-09
  27  5.131E+03  1.839E-09
  27  5.900E+03  1.284E-09
  27  6.785E+03  8.956E-10
  27  7.800E+03  6.250E-10
  27  8.968E+03  4.359E-10
  27  1.031E+04  3.037E-10
  27  1.185E+04  2.119E-10
  27  1.363E+04  1.476E-10
  27  1.567E+04  1.028E-10
  27  1.802E+04  7.160E-11
  27  2.071E+04  4.988E-11
  27  2.382E+04  3.473E-11
  27  2.739E+04  2.417E-11
  27  3.149E+04  1.683E-11
  27  3.620E+04  1.172E-11
  27  4.162E+04  8.156E-12
  27  4.785E+04  5.678E-12
  27  5.502E+04  3.951E-12
  27  6.325E+04  2.751E-12
  27  7.275E+04  1.913E-12
  27  8.360E+04  1.333E-12
  27  9.617E+04  9.262E-13
  27  1.106E+05  6.446E-13
  27  1.271E+05  4.489E-13
  27  1.461E+05  3.122E-13
  27  1.680E+05  2.172E-13
  27  1.932E+05  1.511E-13
  27  2.221E+05  1.051E-13
  27  2.554E+05  7.315E-14
  27  2.936E+05  5.094E-14
  27  3.376E+05  3.543E-14
  27  3.882E+05  2.465E-14
  27  4.463E+05  1.714E-14
  27  5.131E+05  1.193E-14
  27  5.900E+05  8.298E-15
  28  5.800E-01  2.248E-01
  28  6.670E-01  1.898E-01
  28  7.668E-01  1.604E-01
  28  8.816E-01  1.354E-01
  28  1.014E+00  1.143E-01
  28  1.165E+00  9.654E-02
  28  1.340E+00  8.146E-02
  28  1.540E+00  6.871E-02
  28  1.771E+00  5.793E-02
  28  2.036E+00  4.883E-02
  28  2.341E+00  4.113E-02
  28  2.692E+00  3.462E-02
  28  3.095E+00  2.912E-02
  28  3.559E+00  2.448E-02
  28  4.092E+00  2.056E-02
  28  4.704E+00  1.725E-02
  28  5.409E+00  1.446E-02
  28  6.218E+00  1.211E-02
  28  7.151E+00  1.011E-02
  28  8.219E+00  8.442E-03
  28  9.454E+00  7.026E-03
  28  1.087E+01  5.840E-03
  28  1.249E+01  4.844E-03
  28  1.437E+01  4.005E-03
  28  1.652E+01  3.302E-03
  28  1.899E+01  2.714E-03
  28  2.184E+01  2.223E-03
  28  2.511E+01  1.814E-03
  28  2.887E+01  1.474E-03
  28  3.319E+01  1.192E-03
  28  3.816E+01  9.597E-04
  28  4.388E+01  7.684E-04
  28  5.044E+01  6.120E-04
  28  5.800E+01  4.845E-04
  28  6.670E+01  3.811E-04
  28  7.668E+01  2.982E-04
  28  8.816E+01  2.317E-04
  28  1.014E+02  1.788E-04
  28  1.165E+02  1.373E-04
  28  1.340E+02  1.046E-04
  28  1.540E+02  7.924E-05
  28  1.771E+02  5.963E-05
  28  2.036E+02  4.462E-05
  28  2.341E+02  3.319E-05
  28  2.692E+02  2.454E-05
  28  3.095E+02  1.806E-05
  28  3.559E+02  1.323E-05
  28  4.092E+02  9.644E-06
  28  4.704E+02  7.002E-06
  28  5.409E+02  5.063E-06
  28  6.218E+02  3.651E-06
  28  7.151E+02  2.621E-06
  28  8.219E+02  1.879E-06
  28  9.454E+02  1.341E-06
  28  1.087E+03  9.560E-07
  28  1.249E+03  6.805E-07
  28  1.437E+03  4.830E-07
  28  1.652E+03  3.424E-07
  28  1.900E+03  2.423E-07
  28  2.184E+03  1.713E-07
  28  2.511E+03  1.210E-07
  28  2.887E+03  8.534E-08
  28  3.319E+03  6.016E-08
  28  3.816E+03  4.237E-08
  28  4.388E+03  2.981E-08
  28  5.044E+03  2.098E-08
  28  5.800E+03  1.474E-08
  28  6.670E+03  1.036E-08
  28  7.668E+03  7.278E-09
  28  8.816E+03  5.110E-09
  28  1.014E+04  3.585E-09
  28  1.165E+04  2.519E-09
  28  1.340E+04  1.767E-09
  28  1.540E+04  1.240E-09
  28  1.771E+04  8.692E-10
  28  2.036E+04  6.097E-10
  28  2.341E+04  4.275E-10
  28  2.692E+04  2.996E-10
  28  3.095E+04  2.101E-10
  28  3.559E+04  1.473E-10
  28  4.092E+04  1.032E-10
  28  4.704E+04  7.236E-11
  28  5.409E+04  5.071E-11
  28  6.218E+04  3.556E-11
  28  7.151E+04  2.490E-11
  28  8.219E+04  1.747E-11
  28  9.454E+04  1.222E-11
  28  1.087E+05  8.567E-12
  28  1.249E+05  6.007E-12
  28  1.437E+05  4.207E-12
  28  1.652E+05  2.948E-12
  28  1.900E+05  2.065E-12
  28  2.184E+05  1.447E-12
  28  2.511E+05  1.014E-12
  28  2.887E+05  7.104E-13
  28  3.319E+05  4.979E-13
  28  3.816E+05  3.488E-13
  28  4.388E+05  2.443E-13
  28  5.044E+05  1.712E-13
  28  5.800E+05  1.199E-13
