2024.125683
   Z       E         F
   1  1.000E-02  1.143E+02
   1  1.150E-02  1.307E+02
   1  1.322E-02  1.492E+02
   1  1.520E-02  1.702E+02
   1  1.748E-02  1.939E+02
   1  2.009E-02  2.206E+02
   1  2.310E-02  2.507E+02
   1  2.656E-02  2.844E+02
   1  3.054E-02  3.220E+02
   1  3.511E-02  3.637E+02
   1  4.037E-02  4.099E+02
   1  4.642E-02  4.606E+02
   1  5.337E-02  5.158E+02
   1  6.136E-02  5.756E+02
   1  7.055E-02  6.398E+02
   1  8.111E-02  7.078E+02
   1  9.326E-02  7.790E+02
   1  1.072E-01  8.525E+02
   1  1.233E-01  9.272E+02
   1  1.417E-01  1.001E+03
   1  1.630E-01  1.073E+03
   1  1.874E-01  1.140E+03
   1  2.154E-01  1.199E+03
   1  2.477E-01  1.250E+03
   1  2.848E-01  1.288E+03
   1  3.275E-01  1.312E+03
   1  3.765E-01  1.320E+03
   1  4.329E-01  1.310E+03
   1  4.977E-01  1.282E+03
   1  5.722E-01  1.237E+03
   1  6.579E-01  1.175E+03
   1  7.565E-01  1.100E+03
   1  8.697E-01  1.012E+03
   1  1.000E+00  9.169E+02
   1  1.150E+00  8.167E+02
   1  1.322E+00  7.158E+02
   1  1.520E+00  6.170E+02
   1  1.748E+00  5.232E+02
   1  2.009E+00  4.369E+02
   1  2.310E+00  3.591E+02
   1  2.656E+00  2.907E+02
   1  3.054E+00  2.319E+02
   1  3.511E+00  1.825E+02
   1  4.037E+00  1.418E+02
   1  4.642E+00  1.088E+02
   1  5.337E+00  8.249E+01
   1  6.136E+00  6.191E+01
   1  7.055E+00  4.600E+01
   1  8.111E+00  3.387E+01
   1  9.326E+00  2.473E+01
   1  1.072E+01  1.793E+01
   1  1.233E+01  1.290E+01
   1  1.417E+01  9.236E+00
   1  1.630E+01  6.563E+00
   1  1.874E+01  4.646E+00
   1  2.154E+01  3.277E+00
   1  2.477E+01  2.300E+00
   1  2.848E+01  1.609E+00
   1  3.275E+01  1.121E+00
   1  3.765E+01  7.802E-01
   1  4.329E+01  5.413E-01
   1  4.977E+01  3.748E-01
   1  5.722E+01  2.591E-01
   1  6.579E+01  1.788E-01
   1  7.565E+01  1.231E-01
   1  8.697E+01  8.475E-02
   1  1.000E+02  5.824E-02
   1  1.150E+02  3.997E-02
   1  1.322E+02  2.744E-02
   1  1.520E+02  1.881E-02
   1  1.748E+02  1.288E-02
   1  2.009E+02  8.832E-03
   1  2.310E+02  6.044E-03
   1  2.656E+02  4.135E-03
   1  3.054E+02  2.828E-03
   1  3.511E+02  1.934E-03
   1  4.037E+02  1.322E-03
   1  4.642E+02  9.029E-04
   1  5.337E+02  6.169E-04
   1  6.136E+02  4.215E-04
   1  7.055E+02  2.878E-04
   1  8.111E+02  1.966E-04
   1  9.326E+02  1.342E-04
   1  1.072E+03  9.170E-05
   1  1.233E+03  6.254E-05
   1  1.417E+03  4.274E-05
   1  1.630E+03  2.914E-05
   1  1.874E+03  1.989E-05
   1  2.154E+03  1.358E-05
   1  2.477E+03  9.267E-06
   1  2.848E+03  6.323E-06
   1  3.275E+03  4.313E-06
   1  3.765E+03  2.944E-06
   1  4.329E+03  2.009E-06
   1  4.977E+03  1.371E-06
   1  5.722E+03  9.356E-07
   1  6.579E+03  6.384E-07
   1  7.565E+03  4.355E-07
   1  8.697E+03  2.972E-07
   1  1.000E+04  2.027E-07
   2  4.000E-02  6.731E+00
   2  4.600E-02  7.664E+00
   2  5.288E-02  8.711E+00
   2  6.080E-02  9.887E+00
   2  6.992E-02  1.120E+01
   2  8.036E-02  1.266E+01
   2  9.240E-02  1.428E+01
   2  1.062E-01  1.606E+01
   2  1.222E-01  1.801E+01
   2  1.404E-01  2.012E+01
   2  1.615E-01  2.240E+01
   2  1.857E-01  2.483E+01
   2  2.135E-01  2.738E+01
   2  2.454E-01  3.004E+01
   2  2.822E-01  3.277E+01
   2  3.244E-01  3.550E+01
   2  3.730E-01  3.819E+01
   2  4.288E-01  4.076E+01
   2  4.932E-01  4.314E+01
   2  5.668E-01  4.522E+01
   2  6.520E-01  4.695E+01
   2  7.496E-01  4.822E+01
   2  8.616E-01  4.896E+01
   2  9.908E-01  4.912E+01
   2  1.139E+00  4.866E+01
   2  1.310E+00  4.757E+01
   2  1.506E+00  4.587E+01
   2  1.732E+00  4.360E+01
   2  1.991E+00  4.083E+01
   2  2.289E+00  3.767E+01
   2  2.632E+00  3.422E+01
   2  3.026E+00  3.060E+01
   2  3.479E+00  2.695E+01
   2  4.000E+00  2.335E+01
   2  4.600E+00  1.992E+01
   2  5.288E+00  1.673E+01
   2  6.080E+00  1.384E+01
   2  6.992E+00  1.128E+01
   2  8.036E+00  9.067E+00
   2  9.240E+00  7.183E+00
   2  1.062E+01  5.615E+00
   2  1.222E+01  4.334E+00
   2  1.404E+01  3.307E+00
   2  1.615E+01  2.494E+00
   2  1.857E+01  1.861E+00
   2  2.135E+01  1.376E+00
   2  2.454E+01  1.009E+00
   2  2.822E+01  7.330E-01
   2  3.244E+01  5.289E-01
   2  3.730E+01  3.790E-01
   2  4.288E+01  2.701E-01
   2  4.932E+01  1.911E-01
   2  5.668E+01  1.349E-01
   2  6.520E+01  9.455E-02
   2  7.496E+01  6.610E-02
   2  8.616E+01  4.609E-02
   2  9.908E+01  3.199E-02
   2  1.139E+02  2.216E-02
   2  1.310E+02  1.530E-02
   2  1.506E+02  1.056E-02
   2  1.732E+02  7.264E-03
   2  1.991E+02  4.992E-03
   2  2.289E+02  3.426E-03
   2  2.632E+02  2.347E-03
   2  3.026E+02  1.606E-03
   2  3.479E+02  1.099E-03
   2  4.000E+02  7.507E-04
   2  4.600E+02  5.123E-04
   2  5.288E+02  3.497E-04
   2  6.080E+02  2.385E-04
   2  6.992E+02  1.625E-04
   2  8.036E+02  1.108E-04
   2  9.240E+02  7.545E-05
   2  1.062E+03  5.137E-05
   2  1.222E+03  3.496E-05
   2  1.404E+03  2.380E-05
   2  1.615E+03  1.619E-05
   2  1.857E+03  1.101E-05
   2  2.135E+03  7.488E-06
   2  2.454E+03  5.093E-06
   2  2.822E+03  3.463E-06
   2  3.244E+03  2.355E-06
   2  3.730E+03  1.601E-06
   2  4.288E+03  1.089E-06
   2  4.932E+03  7.393E-07
   2  5.668E+03  5.031E-07
   2  6.520E+03  3.415E-07
   2  7.496E+03  2.321E-07
   2  8.616E+03  1.579E-07
   2  9.908E+03  1.072E-07
   2  1.139E+04  7.286E-08
   2  1.310E+04  4.949E-08
   2  1.506E+04  3.364E-08
   2  1.732E+04  2.285E-08
   2  1.991E+04  1.553E-08
   2  2.289E+04  1.055E-08
   2  2.632E+04  7.171E-09
   2  3.026E+04  4.871E-09
   2  3.479E+04  3.311E-09
   2  4.000E+04  2.249E-09
   3  7.000E-02  1.782E-02
   3  8.050E-02  2.028E-02
   3  9.254E-02  2.303E-02
   3  1.064E-01  2.611E-02
   3  1.224E-01  2.955E-02
   3  1.406E-01  3.335E-02
   3  1.617E-01  3.756E-02
   3  1.859E-01  4.218E-02
   3  2.138E-01  4.722E-02
   3  2.458E-01  5.265E-02
   3  2.826E-01  5.848E-02
   3  3.249E-01  6.466E-02
   3  3.736E-01  7.113E-02
   3  4.295E-01  7.781E-02
   3  4.939E-01  8.459E-02
   3  5.678E-01  9.133E-02
   3  6.528E-01  9.789E-02
   3  7.504E-01  1.040E-01
   3  8.631E-01  1.097E-01
   3  9.919E-01  1.144E-01
   3  1.141E+00  1.182E-01
   3  1.312E+00  1.208E-01
   3  1.508E+00  1.221E-01
   3  1.734E+00  1.218E-01
   3  1.994E+00  1.200E-01
   3  2.292E+00  1.167E-01
   3  2.635E+00  1.119E-01
   3  3.030E+00  1.057E-01
   3  3.484E+00  9.839E-02
   3  4.005E+00  9.020E-02
   3  4.605E+00  8.141E-02
   3  5.295E+00  7.232E-02
   3  6.088E+00  6.324E-02
   3  7.000E+00  5.441E-02
   3  8.050E+00  4.607E-02
   3  9.254E+00  3.841E-02
   3  1.064E+01  3.153E-02
   3  1.224E+01  2.549E-02
   3  1.406E+01  2.032E-02
   3  1.617E+01  1.597E-02
   3  1.859E+01  1.238E-02
   3  2.138E+01  9.474E-03
   3  2.458E+01  7.167E-03
   3  2.826E+01  5.360E-03
   3  3.249E+01  3.967E-03
   3  3.736E+01  2.908E-03
   3  4.295E+01  2.113E-03
   3  4.938E+01  1.523E-03
   3  5.678E+01  1.090E-03
   3  6.528E+01  7.747E-04
   3  7.504E+01  5.477E-04
   3  8.631E+01  3.845E-04
   3  9.919E+01  2.692E-04
   3  1.141E+02  1.872E-04
   3  1.312E+02  1.299E-04
   3  1.508E+02  8.987E-05
   3  1.734E+02  6.191E-05
   3  1.994E+02  4.256E-05
   3  2.292E+02  2.918E-05
   3  2.636E+02  1.997E-05
   3  3.030E+02  1.364E-05
   3  3.484E+02  9.309E-06
   3  4.005E+02  6.342E-06
   3  4.605E+02  4.314E-06
   3  5.296E+02  2.931E-06
   3  6.088E+02  1.991E-06
   3  7.000E+02  1.350E-06
   3  8.050E+02  9.149E-07
   3  9.254E+02  6.201E-07
   3  1.064E+03  4.199E-07
   3  1.224E+03  2.840E-07
   3  1.406E+03  1.924E-07
   3  1.617E+03  1.301E-07
   3  1.859E+03  8.793E-08
   3  2.138E+03  5.942E-08
   3  2.458E+03  4.017E-08
   3  2.826E+03  2.713E-08
   3  3.249E+03  1.832E-08
   3  3.736E+03  1.238E-08
   3  4.295E+03  8.358E-09
   3  4.938E+03  5.643E-09
   3  5.678E+03  3.811E-09
   3  6.528E+03  2.572E-09
   3  7.504E+03  1.738E-09
   3  8.631E+03  1.172E-09
   3  9.919E+03  7.917E-10
   3  1.141E+04  5.336E-10
   3  1.312E+04  3.602E-10
   3  1.508E+04  2.433E-10
   3  1.734E+04  1.641E-10
   3  1.994E+04  1.107E-10
   3  2.292E+04  7.468E-11
   3  2.636E+04  5.041E-11
   3  3.030E+04  3.401E-11
   3  3.484E+04  2.295E-11
   3  4.005E+04  1.549E-11
   3  4.605E+04  1.045E-11
   3  5.296E+04  7.049E-12
   3  6.088E+04  4.758E-12
   3  7.000E+04  3.209E-12
   4  9.000E-02  7.077E-03
   4  1.035E-01  8.063E-03
   4  1.190E-01  9.171E-03
   4  1.368E-01  1.042E-02
   4  1.573E-01  1.181E-02
   4  1.808E-01  1.336E-02
   4  2.079E-01  1.509E-02
   4  2.390E-01  1.700E-02
   4  2.749E-01  1.909E-02
   4  3.160E-01  2.136E-02
   4  3.633E-01  2.383E-02
   4  4.178E-01  2.646E-02
   4  4.803E-01  2.926E-02
   4  5.522E-01  3.218E-02
   4  6.350E-01  3.520E-02
   4  7.300E-01  3.825E-02
   4  8.393E-01  4.129E-02
   4  9.648E-01  4.421E-02
   4  1.110E+00  4.697E-02
   4  1.275E+00  4.943E-02
   4  1.467E+00  5.152E-02
   4  1.687E+00  5.312E-02
   4  1.939E+00  5.414E-02
   4  2.229E+00  5.451E-02
   4  2.563E+00  5.417E-02
   4  2.948E+00  5.308E-02
   4  3.389E+00  5.127E-02
   4  3.896E+00  4.876E-02
   4  4.479E+00  4.565E-02
   4  5.150E+00  4.203E-02
   4  5.921E+00  3.804E-02
   4  6.808E+00  3.384E-02
   4  7.827E+00  2.957E-02
   4  9.000E+00  2.539E-02
   4  1.035E+01  2.140E-02
   4  1.190E+01  1.773E-02
   4  1.368E+01  1.443E-02
   4  1.573E+01  1.154E-02
   4  1.808E+01  9.091E-03
   4  2.079E+01  7.041E-03
   4  2.390E+01  5.371E-03
   4  2.749E+01  4.038E-03
   4  3.160E+01  2.996E-03
   4  3.633E+01  2.194E-03
   4  4.178E+01  1.588E-03
   4  4.803E+01  1.137E-03
   4  5.522E+01  8.065E-04
   4  6.349E+01  5.667E-04
   4  7.300E+01  3.950E-04
   4  8.393E+01  2.733E-04
   4  9.648E+01  1.879E-04
   4  1.110E+02  1.282E-04
   4  1.275E+02  8.725E-05
   4  1.467E+02  5.893E-05
   4  1.687E+02  3.969E-05
   4  1.939E+02  2.666E-05
   4  2.229E+02  1.782E-05
   4  2.563E+02  1.188E-05
   4  2.948E+02  7.898E-06
   4  3.388E+02  5.243E-06
   4  3.896E+02  3.472E-06
   4  4.479E+02  2.296E-06
   4  5.150E+02  1.516E-06
   4  5.921E+02  9.996E-07
   4  6.809E+02  6.581E-07
   4  7.827E+02  4.331E-07
   4  9.000E+02  2.846E-07
   4  1.035E+03  1.868E-07
   4  1.190E+03  1.227E-07
   4  1.368E+03  8.046E-08
   4  1.573E+03  5.272E-08
   4  1.808E+03  3.459E-08
   4  2.079E+03  2.265E-08
   4  2.390E+03  1.483E-08
   4  2.749E+03  9.708E-09
   4  3.160E+03  6.356E-09
   4  3.633E+03  4.158E-09
   4  4.178E+03  2.720E-09
   4  4.803E+03  1.779E-09
   4  5.522E+03  1.164E-09
   4  6.350E+03  7.609E-10
   4  7.300E+03  4.976E-10
   4  8.393E+03  3.253E-10
   4  9.648E+03  2.128E-10
   4  1.110E+04  1.390E-10
   4  1.275E+04  9.096E-11
   4  1.467E+04  5.936E-11
   4  1.687E+04  3.880E-11
   4  1.939E+04  2.538E-11
   4  2.229E+04  1.658E-11
   4  2.563E+04  1.083E-11
   4  2.948E+04  7.077E-12
   4  3.388E+04  4.626E-12
   4  3.896E+04  3.023E-12
   4  4.479E+04  1.975E-12
   4  5.150E+04  1.291E-12
   4  5.921E+04  8.435E-13
   4  6.808E+04  5.510E-13
   4  7.827E+04  3.601E-13
   4  9.000E+04  2.353E-13
   5  1.100E-01  2.106E-02
   5  1.265E-01  2.399E-02
   5  1.454E-01  2.727E-02
   5  1.672E-01  3.096E-02
   5  1.923E-01  3.510E-02
   5  2.210E-01  3.968E-02
   5  2.541E-01  4.478E-02
   5  2.922E-01  5.040E-02
   5  3.359E-01  5.655E-02
   5  3.862E-01  6.324E-02
   5  4.441E-01  7.046E-02
   5  5.106E-01  7.818E-02
   5  5.871E-01  8.633E-02
   5  6.750E-01  9.483E-02
   5  7.761E-01  1.036E-01
   5  8.922E-01  1.124E-01
   5  1.026E+00  1.211E-01
   5  1.179E+00  1.294E-01
   5  1.356E+00  1.372E-01
   5  1.559E+00  1.441E-01
   5  1.793E+00  1.499E-01
   5  2.061E+00  1.542E-01
   5  2.369E+00  1.569E-01
   5  2.725E+00  1.576E-01
   5  3.133E+00  1.563E-01
   5  3.603E+00  1.530E-01
   5  4.141E+00  1.475E-01
   5  4.762E+00  1.402E-01
   5  5.475E+00  1.311E-01
   5  6.294E+00  1.207E-01
   5  7.237E+00  1.093E-01
   5  8.322E+00  9.729E-02
   5  9.567E+00  8.517E-02
   5  1.100E+01  7.328E-02
   5  1.265E+01  6.196E-02
   5  1.454E+01  5.153E-02
   5  1.672E+01  4.214E-02
   5  1.923E+01  3.389E-02
   5  2.210E+01  2.685E-02
   5  2.541E+01  2.093E-02
   5  2.922E+01  1.609E-02
   5  3.359E+01  1.219E-02
   5  3.862E+01  9.123E-03
   5  4.441E+01  6.743E-03
   5  5.106E+01  4.927E-03
   5  5.871E+01  3.563E-03
   5  6.750E+01  2.553E-03
   5  7.760E+01  1.813E-03
   5  8.922E+01  1.278E-03
   5  1.026E+02  8.936E-04
   5  1.179E+02  6.215E-04
   5  1.356E+02  4.290E-04
   5  1.559E+02  2.953E-04
   5  1.793E+02  2.018E-04
   5  2.061E+02  1.376E-04
   5  2.369E+02  9.348E-05
   5  2.725E+02  6.324E-05
   5  3.133E+02  4.268E-05
   5  3.602E+02  2.873E-05
   5  4.141E+02  1.930E-05
   5  4.762E+02  1.294E-05
   5  5.475E+02  8.665E-06
   5  6.294E+02  5.792E-06
   5  7.237E+02  3.866E-06
   5  8.322E+02  2.577E-06
   5  9.567E+02  1.717E-06
   5  1.100E+03  1.143E-06
   5  1.265E+03  7.593E-07
   5  1.454E+03  5.049E-07
   5  1.672E+03  3.353E-07
   5  1.923E+03  2.225E-07
   5  2.210E+03  1.478E-07
   5  2.541E+03  9.801E-08
   5  2.922E+03  6.499E-08
   5  3.359E+03  4.307E-08
   5  3.862E+03  2.855E-08
   5  4.441E+03  1.892E-08
   5  5.106E+03  1.253E-08
   5  5.871E+03  8.299E-09
   5  6.750E+03  5.497E-09
   5  7.760E+03  3.640E-09
   5  8.922E+03  2.410E-09
   5  1.026E+04  1.595E-09
   5  1.179E+04  1.057E-09
   5  1.356E+04  6.989E-10
   5  1.559E+04  4.632E-10
   5  1.793E+04  3.061E-10
   5  2.061E+04  2.026E-10
   5  2.369E+04  1.342E-10
   5  2.725E+04  8.878E-11
   5  3.133E+04  5.875E-11
   5  3.602E+04  3.886E-11
   5  4.142E+04  2.572E-11
   5  4.762E+04  1.702E-11
   5  5.475E+04  1.126E-11
   5  6.294E+04  7.454E-12
   5  7.237E+04  4.932E-12
   5  8.322E+04  3.262E-12
   5  9.567E+04  2.159E-12
   5  1.100E+05  1.428E-12
   6  1.200E-01  6.121E-02
   6  1.380E-01  6.970E-02
   6  1.586E-01  7.924E-02
   6  1.824E-01  8.995E-02
   6  2.098E-01  1.019E-01
   6  2.411E-01  1.152E-01
   6  2.772E-01  1.300E-01
   6  3.187E-01  1.462E-01
   6  3.665E-01  1.640E-01
   6  4.213E-01  1.834E-01
   6  4.844E-01  2.042E-01
   6  5.570E-01  2.265E-01
   6  6.404E-01  2.499E-01
   6  7.363E-01  2.744E-01
   6  8.466E-01  2.994E-01
   6  9.733E-01  3.247E-01
   6  1.119E+00  3.496E-01
   6  1.286E+00  3.734E-01
   6  1.480E+00  3.956E-01
   6  1.700E+00  4.152E-01
   6  1.956E+00  4.315E-01
   6  2.249E+00  4.437E-01
   6  2.585E+00  4.512E-01
   6  2.972E+00  4.533E-01
   6  3.418E+00  4.497E-01
   6  3.930E+00  4.403E-01
   6  4.518E+00  4.252E-01
   6  5.195E+00  4.048E-01
   6  5.972E+00  3.798E-01
   6  6.866E+00  3.509E-01
   6  7.895E+00  3.193E-01
   6  9.078E+00  2.861E-01
   6  1.044E+01  2.523E-01
   6  1.200E+01  2.190E-01
   6  1.380E+01  1.871E-01
   6  1.586E+01  1.574E-01
   6  1.824E+01  1.304E-01
   6  2.098E+01  1.064E-01
   6  2.411E+01  8.568E-02
   6  2.772E+01  6.797E-02
   6  3.187E+01  5.321E-02
   6  3.665E+01  4.113E-02
   6  4.213E+01  3.142E-02
   6  4.844E+01  2.373E-02
   6  5.570E+01  1.774E-02
   6  6.404E+01  1.313E-02
   6  7.363E+01  9.634E-03
   6  8.466E+01  7.011E-03
   6  9.733E+01  5.066E-03
   6  1.119E+02  3.634E-03
   6  1.286E+02  2.593E-03
   6  1.480E+02  1.838E-03
   6  1.700E+02  1.299E-03
   6  1.956E+02  9.115E-04
   6  2.249E+02  6.381E-04
   6  2.585E+02  4.455E-04
   6  2.972E+02  3.097E-04
   6  3.418E+02  2.148E-04
   6  3.930E+02  1.485E-04
   6  4.518E+02  1.026E-04
   6  5.195E+02  7.069E-05
   6  5.972E+02  4.864E-05
   6  6.866E+02  3.343E-05
   6  7.895E+02  2.294E-05
   6  9.078E+02  1.572E-05
   6  1.044E+03  1.077E-05
   6  1.200E+03  7.366E-06
   6  1.380E+03  5.033E-06
   6  1.586E+03  3.441E-06
   6  1.824E+03  2.350E-06
   6  2.098E+03  1.603E-06
   6  2.411E+03  1.095E-06
   6  2.772E+03  7.465E-07
   6  3.187E+03  5.090E-07
   6  3.665E+03  3.468E-07
   6  4.213E+03  2.364E-07
   6  4.844E+03  1.611E-07
   6  5.570E+03  1.097E-07
   6  6.404E+03  7.471E-08
   6  7.363E+03  5.088E-08
   6  8.466E+03  3.464E-08
   6  9.733E+03  2.359E-08
   6  1.119E+04  1.606E-08
   6  1.286E+04  1.094E-08
   6  1.480E+04  7.438E-09
   6  1.700E+04  5.069E-09
   6  1.956E+04  3.445E-09
   6  2.249E+04  2.345E-09
   6  2.585E+04  1.597E-09
   6  2.972E+04  1.086E-09
   6  3.418E+04  7.391E-10
   6  3.930E+04  5.027E-10
   6  4.518E+04  3.422E-10
   6  5.195E+04  2.328E-10
   6  5.972E+04  1.584E-10
   6  6.866E+04  1.078E-10
   6  7.895E+04  7.336E-11
   6  9.078E+04  4.990E-11
   6  1.044E+05  3.396E-11
   6  1.200E+05  2.310E-11
   7  1.400E-01  1.351E-02
   7  1.610E-01  1.540E-02
   7  1.851E-01  1.752E-02
   7  2.128E-01  1.990E-02
   7  2.447E-01  2.258E-02
   7  2.813E-01  2.555E-02
   7  3.234E-01  2.886E-02
   7  3.718E-01  3.252E-02
   7  4.276E-01  3.653E-02
   7  4.915E-01  4.091E-02
   7  5.652E-01  4.566E-02
   7  6.499E-01  5.075E-02
   7  7.472E-01  5.615E-02
   7  8.590E-01  6.181E-02
   7  9.877E-01  6.766E-02
   7  1.136E+00  7.361E-02
   7  1.306E+00  7.954E-02
   7  1.501E+00  8.529E-02
   7  1.726E+00  9.074E-02
   7  1.984E+00  9.564E-02
   7  2.282E+00  9.987E-02
   7  2.624E+00  1.032E-01
   7  3.016E+00  1.054E-01
   7  3.468E+00  1.064E-01
   7  3.987E+00  1.061E-01
   7  4.585E+00  1.043E-01
   7  5.271E+00  1.012E-01
   7  6.061E+00  9.668E-02
   7  6.968E+00  9.099E-02
   7  8.011E+00  8.430E-02
   7  9.211E+00  7.684E-02
   7  1.059E+01  6.889E-02
   7  1.218E+01  6.075E-02
   7  1.400E+01  5.267E-02
   7  1.610E+01  4.489E-02
   7  1.851E+01  3.764E-02
   7  2.128E+01  3.104E-02
   7  2.447E+01  2.518E-02
   7  2.813E+01  2.013E-02
   7  3.234E+01  1.584E-02
   7  3.718E+01  1.229E-02
   7  4.276E+01  9.400E-03
   7  4.915E+01  7.102E-03
   7  5.652E+01  5.300E-03
   7  6.499E+01  3.911E-03
   7  7.472E+01  2.857E-03
   7  8.590E+01  2.067E-03
   7  9.877E+01  1.483E-03
   7  1.136E+02  1.055E-03
   7  1.306E+02  7.455E-04
   7  1.501E+02  5.237E-04
   7  1.726E+02  3.652E-04
   7  1.984E+02  2.538E-04
   7  2.282E+02  1.752E-04
   7  2.624E+02  1.206E-04
   7  3.016E+02  8.279E-05
   7  3.468E+02  5.657E-05
   7  3.987E+02  3.856E-05
   7  4.585E+02  2.621E-05
   7  5.271E+02  1.779E-05
   7  6.061E+02  1.204E-05
   7  6.968E+02  8.143E-06
   7  8.011E+02  5.497E-06
   7  9.211E+02  3.706E-06
   7  1.059E+03  2.495E-06
   7  1.218E+03  1.678E-06
   7  1.400E+03  1.128E-06
   7  1.610E+03  7.570E-07
   7  1.851E+03  5.083E-07
   7  2.128E+03  3.409E-07
   7  2.447E+03  2.284E-07
   7  2.813E+03  1.532E-07
   7  3.234E+03  1.026E-07
   7  3.718E+03  6.871E-08
   7  4.276E+03  4.599E-08
   7  4.915E+03  3.079E-08
   7  5.652E+03  2.060E-08
   7  6.499E+03  1.377E-08
   7  7.472E+03  9.214E-09
   7  8.590E+03  6.163E-09
   7  9.877E+03  4.121E-09
   7  1.136E+04  2.756E-09
   7  1.306E+04  1.842E-09
   7  1.501E+04  1.232E-09
   7  1.726E+04  8.228E-10
   7  1.984E+04  5.507E-10
   7  2.282E+04  3.675E-10
   7  2.624E+04  2.457E-10
   7  3.016E+04  1.643E-10
   7  3.468E+04  1.098E-10
   7  3.987E+04  7.334E-11
   7  4.585E+04  4.899E-11
   7  5.271E+04  3.275E-11
   7  6.061E+04  2.188E-11
   7  6.968E+04  1.462E-11
   7  8.011E+04  9.772E-12
   7  9.211E+04  6.529E-12
   7  1.059E+05  4.361E-12
   7  1.218E+05  2.915E-12
   7  1.400E+05  1.947E-12
   8  1.600E-01  4.127E-02
   8  1.840E-01  4.700E-02
   8  2.115E-01  5.344E-02
   8  2.432E-01  6.066E-02
   8  2.797E-01  6.875E-02
   8  3.214E-01  7.772E-02
   8  3.696E-01  8.769E-02
   8  4.250E-01  9.867E-02
   8  4.886E-01  1.107E-01
   8  5.618E-01  1.238E-01
   8  6.459E-01  1.379E-01
   8  7.427E-01  1.529E-01
   8  8.539E-01  1.688E-01
   8  9.818E-01  1.854E-01
   8  1.129E+00  2.024E-01
   8  1.298E+00  2.195E-01
   8  1.492E+00  2.365E-01
   8  1.715E+00  2.527E-01
   8  1.973E+00  2.679E-01
   8  2.267E+00  2.813E-01
   8  2.608E+00  2.927E-01
   8  2.998E+00  3.012E-01
   8  3.446E+00  3.066E-01
   8  3.963E+00  3.084E-01
   8  4.557E+00  3.064E-01
   8  5.240E+00  3.004E-01
   8  6.024E+00  2.906E-01
   8  6.926E+00  2.772E-01
   8  7.963E+00  2.606E-01
   8  9.155E+00  2.414E-01
   8  1.053E+01  2.202E-01
   8  1.210E+01  1.979E-01
   8  1.392E+01  1.751E-01
   8  1.600E+01  1.525E-01
   8  1.840E+01  1.308E-01
   8  2.115E+01  1.105E-01
   8  2.432E+01  9.195E-02
   8  2.797E+01  7.539E-02
   8  3.214E+01  6.100E-02
   8  3.696E+01  4.865E-02
   8  4.250E+01  3.830E-02
   8  4.886E+01  2.977E-02
   8  5.618E+01  2.288E-02
   8  6.459E+01  1.739E-02
   8  7.427E+01  1.308E-02
   8  8.539E+01  9.751E-03
   8  9.818E+01  7.204E-03
   8  1.129E+02  5.280E-03
   8  1.298E+02  3.842E-03
   8  1.492E+02  2.777E-03
   8  1.715E+02  1.997E-03
   8  1.973E+02  1.426E-03
   8  2.267E+02  1.015E-03
   8  2.608E+02  7.180E-04
   8  2.998E+02  5.066E-04
   8  3.446E+02  3.565E-04
   8  3.963E+02  2.498E-04
   8  4.557E+02  1.746E-04
   8  5.240E+02  1.217E-04
   8  6.024E+02  8.477E-05
   8  6.926E+02  5.889E-05
   8  7.963E+02  4.086E-05
   8  9.155E+02  2.831E-05
   8  1.053E+03  1.958E-05
   8  1.210E+03  1.353E-05
   8  1.392E+03  9.345E-06
   8  1.600E+03  6.446E-06
   8  1.840E+03  4.442E-06
   8  2.115E+03  3.062E-06
   8  2.432E+03  2.108E-06
   8  2.797E+03  1.450E-06
   8  3.214E+03  9.987E-07
   8  3.696E+03  6.867E-07
   8  4.250E+03  4.721E-07
   8  4.886E+03  3.244E-07
   8  5.618E+03  2.230E-07
   8  6.459E+03  1.532E-07
   8  7.427E+03  1.052E-07
   8  8.539E+03  7.225E-08
   8  9.818E+03  4.962E-08
   8  1.129E+04  3.407E-08
   8  1.298E+04  2.339E-08
   8  1.492E+04  1.606E-08
   8  1.715E+04  1.103E-08
   8  1.973E+04  7.563E-09
   8  2.267E+04  5.197E-09
   8  2.608E+04  3.562E-09
   8  2.998E+04  2.445E-09
   8  3.446E+04  1.679E-09
   8  3.963E+04  1.152E-09
   8  4.557E+04  7.903E-10
   8  5.240E+04  5.421E-10
   8  6.024E+04  3.721E-10
   8  6.926E+04  2.553E-10
   8  7.963E+04  1.752E-10
   8  9.155E+04  1.202E-10
   8  1.053E+05  8.248E-11
   8  1.210E+05  5.658E-11
   8  1.392E+05  3.883E-11
   8  1.600E+05  2.664E-11
   9  1.900E-01  7.766E-04
   9  2.185E-01  8.854E-04
   9  2.512E-01  1.008E-03
   9  2.888E-01  1.146E-03
   9  3.321E-01  1.300E-03
   9  3.817E-01  1.473E-03
   9  4.389E-01  1.665E-03
   9  5.046E-01  1.877E-03
   9  5.803E-01  2.112E-03
   9  6.671E-01  2.368E-03
   9  7.670E-01  2.646E-03
   9  8.820E-01  2.945E-03
   9  1.014E+00  3.264E-03
   9  1.166E+00  3.601E-03
   9  1.340E+00  3.950E-03
   9  1.541E+00  4.308E-03
   9  1.772E+00  4.668E-03
   9  2.037E+00  5.021E-03
   9  2.343E+00  5.359E-03
   9  2.692E+00  5.670E-03
   9  3.097E+00  5.944E-03
   9  3.561E+00  6.168E-03
   9  4.093E+00  6.331E-03
   9  4.706E+00  6.424E-03
   9  5.411E+00  6.437E-03
   9  6.223E+00  6.367E-03
   9  7.154E+00  6.211E-03
   9  8.225E+00  5.972E-03
   9  9.456E+00  5.657E-03
   9  1.087E+01  5.275E-03
   9  1.250E+01  4.840E-03
   9  1.437E+01  4.369E-03
   9  1.652E+01  3.879E-03
   9  1.900E+01  3.385E-03
   9  2.185E+01  2.905E-03
   9  2.512E+01  2.453E-03
   9  2.888E+01  2.037E-03
   9  3.321E+01  1.664E-03
   9  3.817E+01  1.339E-03
   9  4.389E+01  1.061E-03
   9  5.046E+01  8.288E-04
   9  5.803E+01  6.386E-04
   9  6.671E+01  4.860E-04
   9  7.670E+01  3.653E-04
   9  8.820E+01  2.716E-04
   9  1.014E+02  1.999E-04
   9  1.166E+02  1.457E-04
   9  1.340E+02  1.054E-04
   9  1.541E+02  7.558E-05
   9  1.772E+02  5.383E-05
   9  2.037E+02  3.813E-05
   9  2.343E+02  2.681E-05
   9  2.692E+02  1.880E-05
   9  3.097E+02  1.309E-05
   9  3.561E+02  9.090E-06
   9  4.093E+02  6.295E-06
   9  4.706E+02  4.340E-06
   9  5.411E+02  2.985E-06
   9  6.222E+02  2.048E-06
   9  7.154E+02  1.403E-06
   9  8.225E+02  9.586E-07
   9  9.456E+02  6.542E-07
   9  1.087E+03  4.458E-07
   9  1.250E+03  3.034E-07
   9  1.437E+03  2.062E-07
   9  1.652E+03  1.400E-07
   9  1.900E+03  9.501E-08
   9  2.185E+03  6.438E-08
   9  2.512E+03  4.364E-08
   9  2.888E+03  2.956E-08
   9  3.321E+03  1.999E-08
   9  3.817E+03  1.354E-08
   9  4.389E+03  9.158E-09
   9  5.046E+03  6.192E-09
   9  5.803E+03  4.184E-09
   9  6.671E+03  2.828E-09
   9  7.670E+03  1.911E-09
   9  8.820E+03  1.290E-09
   9  1.014E+04  8.716E-10
   9  1.166E+04  5.887E-10
   9  1.340E+04  3.975E-10
   9  1.541E+04  2.684E-10
   9  1.772E+04  1.812E-10
   9  2.037E+04  1.224E-10
   9  2.343E+04  8.252E-11
   9  2.692E+04  5.577E-11
   9  3.097E+04  3.759E-11
   9  3.561E+04  2.537E-11
   9  4.093E+04  1.714E-11
   9  4.706E+04  1.156E-11
   9  5.411E+04  7.799E-12
   9  6.222E+04  5.260E-12
   9  7.154E+04  3.551E-12
   9  8.225E+04  2.396E-12
   9  9.456E+04  1.617E-12
   9  1.087E+05  1.091E-12
   9  1.250E+05  7.361E-13
   9  1.437E+05  4.966E-13
   9  1.652E+05  3.351E-13
   9  1.900E+05  2.261E-13
  10  2.000E-01  5.932E-03
  10  2.300E-01  6.754E-03
  10  2.644E-01  7.677E-03
  10  3.040E-01  8.713E-03
  10  3.496E-01  9.873E-03
  10  4.018E-01  1.116E-02
  10  4.620E-01  1.258E-02
  10  5.312E-01  1.415E-02
  10  6.108E-01  1.587E-02
  10  7.022E-01  1.774E-02
  10  8.074E-01  1.974E-02
  10  9.284E-01  2.189E-02
  10  1.067E+00  2.414E-02
  10  1.227E+00  2.649E-02
  10  1.411E+00  2.889E-02
  10  1.622E+00  3.130E-02
  10  1.865E+00  3.368E-02
  10  2.144E+00  3.595E-02
  10  2.466E+00  3.805E-02
  10  2.834E+00  3.989E-02
  10  3.260E+00  4.142E-02
  10  3.748E+00  4.255E-02
  10  4.308E+00  4.321E-02
  10  4.954E+00  4.337E-02
  10  5.696E+00  4.297E-02
  10  6.550E+00  4.202E-02
  10  7.530E+00  4.053E-02
  10  8.658E+00  3.854E-02
  10  9.954E+00  3.611E-02
  10  1.144E+01  3.332E-02
  10  1.316E+01  3.029E-02
  10  1.513E+01  2.710E-02
  10  1.739E+01  2.387E-02
  10  2.000E+01  2.070E-02
  10  2.300E+01  1.767E-02
  10  2.644E+01  1.486E-02
  10  3.040E+01  1.230E-02
  10  3.496E+01  1.003E-02
  10  4.018E+01  8.069E-03
  10  4.620E+01  6.398E-03
  10  5.312E+01  5.006E-03
  10  6.108E+01  3.868E-03
  10  7.022E+01  2.954E-03
  10  8.074E+01  2.230E-03
  10  9.284E+01  1.666E-03
  10  1.067E+02  1.233E-03
  10  1.227E+02  9.050E-04
  10  1.411E+02  6.585E-04
  10  1.622E+02  4.757E-04
  10  1.865E+02  3.413E-04
  10  2.144E+02  2.435E-04
  10  2.466E+02  1.726E-04
  10  2.834E+02  1.219E-04
  10  3.260E+02  8.557E-05
  10  3.748E+02  5.991E-05
  10  4.308E+02  4.182E-05
  10  4.954E+02  2.907E-05
  10  5.696E+02  2.016E-05
  10  6.550E+02  1.394E-05
  10  7.530E+02  9.630E-06
  10  8.658E+02  6.636E-06
  10  9.954E+02  4.567E-06
  10  1.144E+03  3.138E-06
  10  1.316E+03  2.153E-06
  10  1.513E+03  1.476E-06
  10  1.739E+03  1.011E-06
  10  2.000E+03  6.915E-07
  10  2.300E+03  4.725E-07
  10  2.644E+03  3.230E-07
  10  3.040E+03  2.206E-07
  10  3.496E+03  1.505E-07
  10  4.018E+03  1.028E-07
  10  4.620E+03  7.008E-08
  10  5.312E+03  4.778E-08
  10  6.108E+03  3.256E-08
  10  7.022E+03  2.219E-08
  10  8.074E+03  1.512E-08
  10  9.284E+03  1.030E-08
  10  1.067E+04  7.013E-09
  10  1.227E+04  4.776E-09
  10  1.411E+04  3.252E-09
  10  1.622E+04  2.215E-09
  10  1.865E+04  1.507E-09
  10  2.144E+04  1.027E-09
  10  2.466E+04  6.982E-10
  10  2.834E+04  4.758E-10
  10  3.260E+04  3.234E-10
  10  3.748E+04  2.201E-10
  10  4.308E+04  1.499E-10
  10  4.954E+04  1.020E-10
  10  5.696E+04  6.939E-11
  10  6.550E+04  4.720E-11
  10  7.530E+04  3.212E-11
  10  8.658E+04  2.186E-11
  10  9.954E+04  1.487E-11
  10  1.144E+05  1.012E-11
  10  1.316E+05  6.887E-12
  10  1.513E+05  4.684E-12
  10  1.739E+05  3.188E-12
  10  2.000E+05  2.169E-12
  11  2.300E-01  1.356E-03
  11  2.645E-01  1.543E-03
  11  3.041E-01  1.753E-03
  11  3.496E-01  1.988E-03
  11  4.020E-01  2.251E-03
  11  4.621E-01  2.542E-03
  11  5.313E-01  2.864E-03
  11  6.109E-01  3.217E-03
  11  7.024E-01  3.603E-03
  11  8.075E-01  4.020E-03
  11  9.285E-01  4.468E-03
  11  1.068E+00  4.944E-03
  11  1.228E+00  5.442E-03
  11  1.411E+00  5.957E-03
  11  1.623E+00  6.481E-03
  11  1.866E+00  7.003E-03
  11  2.145E+00  7.511E-03
  11  2.466E+00  7.990E-03
  11  2.836E+00  8.427E-03
  11  3.259E+00  8.800E-03
  11  3.749E+00  9.099E-03
  11  4.310E+00  9.304E-03
  11  4.954E+00  9.403E-03
  11  5.697E+00  9.387E-03
  11  6.550E+00  9.251E-03
  11  7.533E+00  8.994E-03
  11  8.659E+00  8.622E-03
  11  9.957E+00  8.145E-03
  11  1.145E+01  7.581E-03
  11  1.316E+01  6.949E-03
  11  1.513E+01  6.270E-03
  11  1.740E+01  5.569E-03
  11  2.000E+01  4.868E-03
  11  2.300E+01  4.188E-03
  11  2.645E+01  3.545E-03
  11  3.041E+01  2.956E-03
  11  3.496E+01  2.426E-03
  11  4.020E+01  1.961E-03
  11  4.621E+01  1.563E-03
  11  5.313E+01  1.228E-03
  11  6.109E+01  9.520E-04
  11  7.024E+01  7.284E-04
  11  8.075E+01  5.509E-04
  11  9.285E+01  4.119E-04
  11  1.068E+02  3.046E-04
  11  1.228E+02  2.232E-04
  11  1.411E+02  1.621E-04
  11  1.623E+02  1.167E-04
  11  1.866E+02  8.344E-05
  11  2.145E+02  5.923E-05
  11  2.466E+02  4.182E-05
  11  2.836E+02  2.932E-05
  11  3.259E+02  2.049E-05
  11  3.749E+02  1.423E-05
  11  4.310E+02  9.854E-06
  11  4.954E+02  6.805E-06
  11  5.697E+02  4.678E-06
  11  6.550E+02  3.209E-06
  11  7.532E+02  2.195E-06
  11  8.659E+02  1.500E-06
  11  9.957E+02  1.022E-06
  11  1.145E+03  6.956E-07
  11  1.316E+03  4.727E-07
  11  1.513E+03  3.208E-07
  11  1.740E+03  2.174E-07
  11  2.000E+03  1.473E-07
  11  2.300E+03  9.964E-08
  11  2.645E+03  6.734E-08
  11  3.041E+03  4.552E-08
  11  3.496E+03  3.074E-08
  11  4.020E+03  2.074E-08
  11  4.621E+03  1.401E-08
  11  5.313E+03  9.447E-09
  11  6.109E+03  6.369E-09
  11  7.024E+03  4.292E-09
  11  8.075E+03  2.894E-09
  11  9.285E+03  1.949E-09
  11  1.068E+04  1.313E-09
  11  1.228E+04  8.842E-10
  11  1.411E+04  5.955E-10
  11  1.623E+04  4.010E-10
  11  1.866E+04  2.700E-10
  11  2.145E+04  1.818E-10
  11  2.466E+04  1.224E-10
  11  2.836E+04  8.233E-11
  11  3.259E+04  5.548E-11
  11  3.749E+04  3.729E-11
  11  4.310E+04  2.510E-11
  11  4.954E+04  1.691E-11
  11  5.697E+04  1.137E-11
  11  6.550E+04  7.652E-12
  11  7.532E+04  5.147E-12
  11  8.660E+04  3.464E-12
  11  9.957E+04  2.331E-12
  11  1.145E+05  1.569E-12
  11  1.316E+05  1.056E-12
  11  1.513E+05  7.103E-13
  11  1.740E+05  4.778E-13
  11  2.000E+05  3.216E-13
  11  2.300E+05  2.163E-13
  12  2.400E-01  4.654E-03
  12  2.760E-01  5.305E-03
  12  3.173E-01  6.038E-03
  12  3.648E-01  6.863E-03
  12  4.195E-01  7.790E-03
  12  4.822E-01  8.821E-03
  12  5.544E-01  9.971E-03
  12  6.374E-01  1.124E-02
  12  7.330E-01  1.264E-02
  12  8.426E-01  1.417E-02
  12  9.689E-01  1.584E-02
  12  1.114E+00  1.763E-02
  12  1.281E+00  1.953E-02
  12  1.473E+00  2.154E-02
  12  1.693E+00  2.363E-02
  12  1.947E+00  2.576E-02
  12  2.238E+00  2.791E-02
  12  2.573E+00  3.001E-02
  12  2.959E+00  3.203E-02
  12  3.401E+00  3.388E-02
  12  3.912E+00  3.552E-02
  12  4.498E+00  3.686E-02
  12  5.170E+00  3.784E-02
  12  5.945E+00  3.841E-02
  12  6.835E+00  3.852E-02
  12  7.860E+00  3.813E-02
  12  9.036E+00  3.725E-02
  12  1.039E+01  3.588E-02
  12  1.194E+01  3.406E-02
  12  1.373E+01  3.185E-02
  12  1.579E+01  2.933E-02
  12  1.816E+01  2.658E-02
  12  2.087E+01  2.372E-02
  12  2.400E+01  2.082E-02
  12  2.760E+01  1.799E-02
  12  3.173E+01  1.530E-02
  12  3.648E+01  1.281E-02
  12  4.195E+01  1.056E-02
  12  4.822E+01  8.583E-03
  12  5.544E+01  6.873E-03
  12  6.374E+01  5.430E-03
  12  7.330E+01  4.234E-03
  12  8.426E+01  3.263E-03
  12  9.689E+01  2.485E-03
  12  1.114E+02  1.873E-03
  12  1.281E+02  1.398E-03
  12  1.473E+02  1.034E-03
  12  1.693E+02  7.584E-04
  12  1.947E+02  5.523E-04
  12  2.238E+02  3.994E-04
  12  2.573E+02  2.873E-04
  12  2.959E+02  2.052E-04
  12  3.401E+02  1.462E-04
  12  3.912E+02  1.034E-04
  12  4.498E+02  7.298E-05
  12  5.170E+02  5.136E-05
  12  5.945E+02  3.599E-05
  12  6.835E+02  2.516E-05
  12  7.860E+02  1.755E-05
  12  9.036E+02  1.222E-05
  12  1.039E+03  8.487E-06
  12  1.194E+03  5.889E-06
  12  1.373E+03  4.080E-06
  12  1.579E+03  2.823E-06
  12  1.816E+03  1.950E-06
  12  2.087E+03  1.347E-06
  12  2.400E+03  9.292E-07
  12  2.760E+03  6.402E-07
  12  3.173E+03  4.413E-07
  12  3.648E+03  3.039E-07
  12  4.195E+03  2.090E-07
  12  4.822E+03  1.440E-07
  12  5.544E+03  9.899E-08
  12  6.374E+03  6.805E-08
  12  7.330E+03  4.676E-08
  12  8.426E+03  3.214E-08
  12  9.689E+03  2.208E-08
  12  1.114E+04  1.516E-08
  12  1.281E+04  1.041E-08
  12  1.473E+04  7.152E-09
  12  1.693E+04  4.911E-09
  12  1.947E+04  3.372E-09
  12  2.238E+04  2.315E-09
  12  2.573E+04  1.590E-09
  12  2.959E+04  1.090E-09
  12  3.401E+04  7.491E-10
  12  3.912E+04  5.135E-10
  12  4.498E+04  3.524E-10
  12  5.170E+04  2.420E-10
  12  5.945E+04  1.660E-10
  12  6.835E+04  1.139E-10
  12  7.860E+04  7.814E-11
  12  9.036E+04  5.363E-11
  12  1.039E+05  3.680E-11
  12  1.194E+05  2.525E-11
  12  1.373E+05  1.733E-11
  12  1.579E+05  1.189E-11
  12  1.816E+05  8.155E-12
  12  2.087E+05  5.597E-12
  12  2.400E+05  3.839E-12
  13  2.700E-01  9.660E-04
  13  3.105E-01  1.100E-03
  13  3.569E-01  1.251E-03
  13  4.104E-01  1.421E-03
  13  4.720E-01  1.611E-03
  13  5.424E-01  1.821E-03
  13  6.237E-01  2.055E-03
  13  7.171E-01  2.313E-03
  13  8.246E-01  2.597E-03
  13  9.480E-01  2.904E-03
  13  1.090E+00  3.237E-03
  13  1.253E+00  3.592E-03
  13  1.441E+00  3.968E-03
  13  1.657E+00  4.360E-03
  13  1.905E+00  4.764E-03
  13  2.190E+00  5.173E-03
  13  2.518E+00  5.577E-03
  13  2.894E+00  5.966E-03
  13  3.329E+00  6.332E-03
  13  3.826E+00  6.657E-03
  13  4.401E+00  6.933E-03
  13  5.060E+00  7.144E-03
  13  5.816E+00  7.280E-03
  13  6.688E+00  7.331E-03
  13  7.690E+00  7.291E-03
  13  8.843E+00  7.156E-03
  13  1.017E+01  6.928E-03
  13  1.169E+01  6.612E-03
  13  1.344E+01  6.218E-03
  13  1.545E+01  5.759E-03
  13  1.776E+01  5.251E-03
  13  2.043E+01  4.713E-03
  13  2.348E+01  4.164E-03
  13  2.700E+01  3.619E-03
  13  3.105E+01  3.095E-03
  13  3.569E+01  2.607E-03
  13  4.104E+01  2.161E-03
  13  4.720E+01  1.764E-03
  13  5.424E+01  1.420E-03
  13  6.237E+01  1.126E-03
  13  7.171E+01  8.813E-04
  13  8.246E+01  6.807E-04
  13  9.480E+01  5.196E-04
  13  1.090E+02  3.920E-04
  13  1.253E+02  2.926E-04
  13  1.441E+02  2.163E-04
  13  1.657E+02  1.585E-04
  13  1.905E+02  1.152E-04
  13  2.190E+02  8.311E-05
  13  2.518E+02  5.954E-05
  13  2.894E+02  4.242E-05
  13  3.329E+02  3.001E-05
  13  3.826E+02  2.118E-05
  13  4.401E+02  1.484E-05
  13  5.060E+02  1.037E-05
  13  5.816E+02  7.230E-06
  13  6.688E+02  5.018E-06
  13  7.690E+02  3.475E-06
  13  8.842E+02  2.400E-06
  13  1.017E+03  1.655E-06
  13  1.169E+03  1.139E-06
  13  1.344E+03  7.824E-07
  13  1.545E+03  5.369E-07
  13  1.776E+03  3.678E-07
  13  2.043E+03  2.517E-07
  13  2.348E+03  1.722E-07
  13  2.700E+03  1.176E-07
  13  3.105E+03  8.025E-08
  13  3.569E+03  5.478E-08
  13  4.104E+03  3.736E-08
  13  4.720E+03  2.545E-08
  13  5.424E+03  1.736E-08
  13  6.237E+03  1.182E-08
  13  7.171E+03  8.046E-09
  13  8.246E+03  5.476E-09
  13  9.480E+03  3.727E-09
  13  1.090E+04  2.535E-09
  13  1.253E+04  1.724E-09
  13  1.441E+04  1.173E-09
  13  1.657E+04  7.976E-10
  13  1.905E+04  5.423E-10
  13  2.190E+04  3.688E-10
  13  2.518E+04  2.507E-10
  13  2.894E+04  1.705E-10
  13  3.329E+04  1.158E-10
  13  3.826E+04  7.879E-11
  13  4.401E+04  5.348E-11
  13  5.060E+04  3.635E-11
  13  5.816E+04  2.472E-11
  13  6.688E+04  1.679E-11
  13  7.690E+04  1.141E-11
  13  8.842E+04  7.750E-12
  13  1.017E+05  5.268E-12
  13  1.169E+05  3.579E-12
  13  1.344E+05  2.432E-12
  13  1.545E+05  1.653E-12
  13  1.776E+05  1.123E-12
  13  2.043E+05  7.628E-13
  13  2.348E+05  5.184E-13
  13  2.700E+05  3.522E-13
  14  2.800E-01  3.845E-03
  14  3.220E-01  4.379E-03
  14  3.702E-01  4.977E-03
  14  4.256E-01  5.650E-03
  14  4.894E-01  6.403E-03
  14  5.625E-01  7.237E-03
  14  6.468E-01  8.164E-03
  14  7.437E-01  9.185E-03
  14  8.551E-01  1.030E-02
  14  9.831E-01  1.152E-02
  14  1.130E+00  1.282E-02
  14  1.300E+00  1.422E-02
  14  1.494E+00  1.570E-02
  14  1.718E+00  1.723E-02
  14  1.975E+00  1.881E-02
  14  2.271E+00  2.039E-02
  14  2.611E+00  2.196E-02
  14  3.002E+00  2.346E-02
  14  3.452E+00  2.486E-02
  14  3.968E+00  2.609E-02
  14  4.564E+00  2.713E-02
  14  5.247E+00  2.792E-02
  14  6.031E+00  2.840E-02
  14  6.936E+00  2.856E-02
  14  7.974E+00  2.837E-02
  14  9.170E+00  2.782E-02
  14  1.054E+01  2.691E-02
  14  1.212E+01  2.567E-02
  14  1.394E+01  2.414E-02
  14  1.602E+01  2.237E-02
  14  1.842E+01  2.043E-02
  14  2.118E+01  1.837E-02
  14  2.435E+01  1.627E-02
  14  2.800E+01  1.419E-02
  14  3.220E+01  1.219E-02
  14  3.702E+01  1.032E-02
  14  4.256E+01  8.609E-03
  14  4.894E+01  7.076E-03
  14  5.625E+01  5.741E-03
  14  6.468E+01  4.592E-03
  14  7.437E+01  3.627E-03
  14  8.551E+01  2.830E-03
  14  9.831E+01  2.183E-03
  14  1.130E+02  1.666E-03
  14  1.300E+02  1.258E-03
  14  1.494E+02  9.419E-04
  14  1.718E+02  6.991E-04
  14  1.975E+02  5.147E-04
  14  2.271E+02  3.763E-04
  14  2.611E+02  2.733E-04
  14  3.002E+02  1.975E-04
  14  3.452E+02  1.417E-04
  14  3.968E+02  1.014E-04
  14  4.564E+02  7.210E-05
  14  5.247E+02  5.114E-05
  14  6.031E+02  3.617E-05
  14  6.936E+02  2.548E-05
  14  7.974E+02  1.791E-05
  14  9.170E+02  1.255E-05
  14  1.054E+03  8.787E-06
  14  1.212E+03  6.138E-06
  14  1.394E+03  4.282E-06
  14  1.602E+03  2.983E-06
  14  1.842E+03  2.075E-06
  14  2.118E+03  1.441E-06
  14  2.435E+03  1.001E-06
  14  2.800E+03  6.943E-07
  14  3.220E+03  4.810E-07
  14  3.702E+03  3.334E-07
  14  4.256E+03  2.309E-07
  14  4.894E+03  1.597E-07
  14  5.625E+03  1.106E-07
  14  6.468E+03  7.646E-08
  14  7.437E+03  5.286E-08
  14  8.551E+03  3.653E-08
  14  9.831E+03  2.525E-08
  14  1.130E+04  1.744E-08
  14  1.300E+04  1.204E-08
  14  1.494E+04  8.318E-09
  14  1.718E+04  5.744E-09
  14  1.975E+04  3.966E-09
  14  2.271E+04  2.739E-09
  14  2.611E+04  1.890E-09
  14  3.002E+04  1.306E-09
  14  3.452E+04  9.003E-10
  14  3.968E+04  6.221E-10
  14  4.564E+04  4.288E-10
  14  5.247E+04  2.960E-10
  14  6.031E+04  2.044E-10
  14  6.936E+04  1.410E-10
  14  7.974E+04  9.728E-11
  14  9.170E+04  6.710E-11
  14  1.054E+05  4.631E-11
  14  1.212E+05  3.195E-11
  14  1.394E+05  2.205E-11
  14  1.602E+05  1.522E-11
  14  1.842E+05  1.050E-11
  14  2.118E+05  7.241E-12
  14  2.435E+05  4.998E-12
  14  2.800E+05  3.447E-12
  15  3.100E-01  1.678E-04
  15  3.565E-01  1.913E-04
  15  4.098E-01  2.178E-04
  15  4.712E-01  2.475E-04
  15  5.419E-01  2.809E-04
  15  6.228E-01  3.180E-04
  15  7.161E-01  3.594E-04
  15  8.234E-01  4.052E-04
  15  9.467E-01  4.557E-04
  15  1.088E+00  5.107E-04
  15  1.251E+00  5.705E-04
  15  1.439E+00  6.347E-04
  15  1.654E+00  7.031E-04
  15  1.902E+00  7.751E-04
  15  2.187E+00  8.498E-04
  15  2.514E+00  9.260E-04
  15  2.891E+00  1.002E-03
  15  3.323E+00  1.077E-03
  15  3.822E+00  1.148E-03
  15  4.393E+00  1.213E-03
  15  5.053E+00  1.270E-03
  15  5.809E+00  1.316E-03
  15  6.677E+00  1.348E-03
  15  7.679E+00  1.365E-03
  15  8.829E+00  1.365E-03
  15  1.015E+01  1.347E-03
  15  1.167E+01  1.310E-03
  15  1.342E+01  1.256E-03
  15  1.543E+01  1.186E-03
  15  1.774E+01  1.102E-03
  15  2.039E+01  1.008E-03
  15  2.345E+01  9.060E-04
  15  2.696E+01  8.010E-04
  15  3.100E+01  6.961E-04
  15  3.565E+01  5.945E-04
  15  4.098E+01  4.994E-04
  15  4.712E+01  4.125E-04
  15  5.419E+01  3.351E-04
  15  6.228E+01  2.681E-04
  15  7.161E+01  2.112E-04
  15  8.234E+01  1.639E-04
  15  9.467E+01  1.254E-04
  15  1.088E+02  9.480E-05
  15  1.251E+02  7.076E-05
  15  1.439E+02  5.221E-05
  15  1.654E+02  3.814E-05
  15  1.902E+02  2.759E-05
  15  2.187E+02  1.979E-05
  15  2.514E+02  1.408E-05
  15  2.891E+02  9.945E-06
  15  3.323E+02  6.984E-06
  15  3.822E+02  4.869E-06
  15  4.393E+02  3.384E-06
  15  5.053E+02  2.335E-06
  15  5.809E+02  1.607E-06
  15  6.677E+02  1.103E-06
  15  7.679E+02  7.536E-07
  15  8.829E+02  5.136E-07
  15  1.015E+03  3.490E-07
  15  1.167E+03  2.368E-07
  15  1.342E+03  1.603E-07
  15  1.543E+03  1.084E-07
  15  1.774E+03  7.317E-08
  15  2.039E+03  4.932E-08
  15  2.345E+03  3.320E-08
  15  2.696E+03  2.234E-08
  15  3.100E+03  1.501E-08
  15  3.565E+03  1.007E-08
  15  4.098E+03  6.763E-09
  15  4.712E+03  4.536E-09
  15  5.419E+03  3.039E-09
  15  6.228E+03  2.038E-09
  15  7.161E+03  1.365E-09
  15  8.234E+03  9.141E-10
  15  9.467E+03  6.117E-10
  15  1.088E+04  4.095E-10
  15  1.251E+04  2.740E-10
  15  1.439E+04  1.832E-10
  15  1.654E+04  1.226E-10
  15  1.902E+04  8.197E-11
  15  2.187E+04  5.481E-11
  15  2.514E+04  3.665E-11
  15  2.891E+04  2.450E-11
  15  3.323E+04  1.639E-11
  15  3.822E+04  1.094E-11
  15  4.393E+04  7.325E-12
  15  5.053E+04  4.889E-12
  15  5.809E+04  3.268E-12
  15  6.677E+04  2.186E-12
  15  7.679E+04  1.460E-12
  15  8.829E+04  9.755E-13
  15  1.015E+05  6.516E-13
  15  1.167E+05  4.356E-13
  15  1.342E+05  2.910E-13
  15  1.543E+05  1.945E-13
  15  1.774E+05  1.300E-13
  15  2.039E+05  8.684E-14
  15  2.345E+05  5.801E-14
  15  2.696E+05  3.877E-14
  15  3.100E+05  2.590E-14
  16  3.200E-01  6.563E-04
  16  3.680E-01  7.477E-04
  16  4.230E-01  8.503E-04
  16  4.864E-01  9.657E-04
  16  5.594E-01  1.095E-03
  16  6.429E-01  1.239E-03
  16  7.392E-01  1.398E-03
  16  8.499E-01  1.574E-03
  16  9.773E-01  1.768E-03
  16  1.124E+00  1.978E-03
  16  1.292E+00  2.205E-03
  16  1.485E+00  2.449E-03
  16  1.708E+00  2.707E-03
  16  1.964E+00  2.976E-03
  16  2.258E+00  3.254E-03
  16  2.596E+00  3.536E-03
  16  2.984E+00  3.815E-03
  16  3.430E+00  4.085E-03
  16  3.946E+00  4.340E-03
  16  4.534E+00  4.568E-03
  16  5.216E+00  4.764E-03
  16  5.997E+00  4.916E-03
  16  6.893E+00  5.016E-03
  16  7.926E+00  5.060E-03
  16  9.114E+00  5.042E-03
  16  1.048E+01  4.958E-03
  16  1.205E+01  4.810E-03
  16  1.385E+01  4.602E-03
  16  1.593E+01  4.339E-03
  16  1.831E+01  4.030E-03
  16  2.105E+01  3.686E-03
  16  2.421E+01  3.320E-03
  16  2.783E+01  2.944E-03
  16  3.200E+01  2.569E-03
  16  3.680E+01  2.207E-03
  16  4.230E+01  1.868E-03
  16  4.864E+01  1.556E-03
  16  5.594E+01  1.277E-03
  16  6.429E+01  1.034E-03
  16  7.392E+01  8.252E-04
  16  8.499E+01  6.498E-04
  16  9.773E+01  5.052E-04
  16  1.124E+02  3.882E-04
  16  1.292E+02  2.949E-04
  16  1.485E+02  2.218E-04
  16  1.708E+02  1.652E-04
  16  1.964E+02  1.219E-04
  16  2.258E+02  8.929E-05
  16  2.596E+02  6.492E-05
  16  2.984E+02  4.687E-05
  16  3.430E+02  3.366E-05
  16  3.946E+02  2.401E-05
  16  4.534E+02  1.707E-05
  16  5.216E+02  1.206E-05
  16  5.997E+02  8.501E-06
  16  6.893E+02  5.974E-06
  16  7.926E+02  4.180E-06
  16  9.114E+02  2.919E-06
  16  1.048E+03  2.032E-06
  16  1.205E+03  1.413E-06
  16  1.385E+03  9.804E-07
  16  1.593E+03  6.793E-07
  16  1.831E+03  4.700E-07
  16  2.105E+03  3.247E-07
  16  2.421E+03  2.240E-07
  16  2.783E+03  1.545E-07
  16  3.200E+03  1.064E-07
  16  3.680E+03  7.324E-08
  16  4.230E+03  5.041E-08
  16  4.864E+03  3.467E-08
  16  5.594E+03  2.381E-08
  16  6.429E+03  1.638E-08
  16  7.392E+03  1.125E-08
  16  8.499E+03  7.720E-09
  16  9.773E+03  5.298E-09
  16  1.124E+04  3.637E-09
  16  1.292E+04  2.495E-09
  16  1.485E+04  1.711E-09
  16  1.708E+04  1.173E-09
  16  1.964E+04  8.047E-10
  16  2.258E+04  5.517E-10
  16  2.596E+04  3.783E-10
  16  2.984E+04  2.593E-10
  16  3.430E+04  1.779E-10
  16  3.946E+04  1.218E-10
  16  4.534E+04  8.358E-11
  16  5.216E+04  5.721E-11
  16  5.997E+04  3.921E-11
  16  6.893E+04  2.689E-11
  16  7.926E+04  1.842E-11
  16  9.114E+04  1.262E-11
  16  1.048E+05  8.645E-12
  16  1.205E+05  5.926E-12
  16  1.385E+05  4.060E-12
  16  1.593E+05  2.782E-12
  16  1.831E+05  1.907E-12
  16  2.105E+05  1.306E-12
  16  2.421E+05  8.948E-13
  16  2.783E+05  6.132E-13
  16  3.200E+05  4.201E-13
  17  3.500E-01  1.325E-04
  17  4.025E-01  1.510E-04
  17  4.627E-01  1.720E-04
  17  5.320E-01  1.956E-04
  17  6.118E-01  2.221E-04
  17  7.032E-01  2.516E-04
  17  8.085E-01  2.845E-04
  17  9.296E-01  3.210E-04
  17  1.069E+00  3.613E-04
  17  1.229E+00  4.053E-04
  17  1.413E+00  4.532E-04
  17  1.625E+00  5.048E-04
  17  1.868E+00  5.599E-04
  17  2.148E+00  6.181E-04
  17  2.469E+00  6.787E-04
  17  2.839E+00  7.409E-04
  17  3.264E+00  8.034E-04
  17  3.752E+00  8.649E-04
  17  4.316E+00  9.240E-04
  17  4.959E+00  9.783E-04
  17  5.705E+00  1.026E-03
  17  6.559E+00  1.065E-03
  17  7.539E+00  1.094E-03
  17  8.669E+00  1.110E-03
  17  9.968E+00  1.112E-03
  17  1.146E+01  1.099E-03
  17  1.318E+01  1.070E-03
  17  1.515E+01  1.027E-03
  17  1.742E+01  9.703E-04
  17  2.003E+01  9.016E-04
  17  2.303E+01  8.238E-04
  17  2.648E+01  7.396E-04
  17  3.044E+01  6.525E-04
  17  3.500E+01  5.654E-04
  17  4.025E+01  4.811E-04
  17  4.627E+01  4.024E-04
  17  5.320E+01  3.306E-04
  17  6.118E+01  2.668E-04
  17  7.032E+01  2.120E-04
  17  8.085E+01  1.657E-04
  17  9.296E+01  1.275E-04
  17  1.069E+02  9.669E-05
  17  1.229E+02  7.235E-05
  17  1.413E+02  5.343E-05
  17  1.625E+02  3.899E-05
  17  1.868E+02  2.815E-05
  17  2.148E+02  2.012E-05
  17  2.469E+02  1.425E-05
  17  2.839E+02  1.001E-05
  17  3.264E+02  6.980E-06
  17  3.752E+02  4.836E-06
  17  4.316E+02  3.326E-06
  17  4.959E+02  2.280E-06
  17  5.705E+02  1.551E-06
  17  6.559E+02  1.052E-06
  17  7.539E+02  7.120E-07
  17  8.669E+02  4.794E-07
  17  9.968E+02  3.220E-07
  17  1.146E+03  2.156E-07
  17  1.318E+03  1.442E-07
  17  1.515E+03  9.615E-08
  17  1.742E+03  6.404E-08
  17  2.003E+03  4.259E-08
  17  2.303E+03  2.828E-08
  17  2.648E+03  1.875E-08
  17  3.044E+03  1.242E-08
  17  3.500E+03  8.223E-09
  17  4.025E+03  5.435E-09
  17  4.627E+03  3.594E-09
  17  5.320E+03  2.374E-09
  17  6.118E+03  1.567E-09
  17  7.032E+03  1.035E-09
  17  8.085E+03  6.827E-10
  17  9.296E+03  4.502E-10
  17  1.069E+04  2.967E-10
  17  1.229E+04  1.956E-10
  17  1.413E+04  1.289E-10
  17  1.625E+04  8.488E-11
  17  1.868E+04  5.592E-11
  17  2.148E+04  3.683E-11
  17  2.469E+04  2.425E-11
  17  2.839E+04  1.597E-11
  17  3.264E+04  1.051E-11
  17  3.752E+04  6.927E-12
  17  4.316E+04  4.554E-12
  17  4.960E+04  3.002E-12
  17  5.705E+04  1.973E-12
  17  6.559E+04  1.299E-12
  17  7.539E+04  8.555E-13
  17  8.670E+04  5.627E-13
  17  9.968E+04  3.703E-13
  17  1.146E+05  2.435E-13
  17  1.318E+05  1.603E-13
  17  1.515E+05  1.055E-13
  17  1.742E+05  6.942E-14
  17  2.003E+05  4.569E-14
  17  2.303E+05  3.006E-14
  17  2.648E+05  1.977E-14
  17  3.044E+05  1.302E-14
  17  3.500E+05  8.562E-15
  18  4.000E-01  2.211E-04
  18  4.600E-01  2.521E-04
  18  5.288E-01  2.869E-04
  18  6.080E-01  3.261E-04
  18  6.992E-01  3.701E-04
  18  8.036E-01  4.191E-04
  18  9.240E-01  4.737E-04
  18  1.062E+00  5.341E-04
  18  1.222E+00  6.007E-04
  18  1.404E+00  6.733E-04
  18  1.615E+00  7.522E-04
  18  1.857E+00  8.371E-04
  18  2.135E+00  9.274E-04
  18  2.454E+00  1.023E-03
  18  2.822E+00  1.121E-03
  18  3.244E+00  1.222E-03
  18  3.730E+00  1.324E-03
  18  4.288E+00  1.423E-03
  18  4.932E+00  1.517E-03
  18  5.668E+00  1.604E-03
  18  6.520E+00  1.680E-03
  18  7.496E+00  1.741E-03
  18  8.616E+00  1.784E-03
  18  9.908E+00  1.807E-03
  18  1.139E+01  1.808E-03
  18  1.310E+01  1.784E-03
  18  1.506E+01  1.736E-03
  18  1.732E+01  1.664E-03
  18  1.991E+01  1.570E-03
  18  2.289E+01  1.458E-03
  18  2.632E+01  1.332E-03
  18  3.026E+01  1.196E-03
  18  3.479E+01  1.055E-03
  18  4.000E+01  9.153E-04
  18  4.600E+01  7.799E-04
  18  5.288E+01  6.533E-04
  18  6.080E+01  5.378E-04
  18  6.992E+01  4.353E-04
  18  8.036E+01  3.470E-04
  18  9.240E+01  2.721E-04
  18  1.062E+02  2.102E-04
  18  1.222E+02  1.601E-04
  18  1.404E+02  1.204E-04
  18  1.615E+02  8.940E-05
  18  1.857E+02  6.561E-05
  18  2.135E+02  4.766E-05
  18  2.454E+02  3.429E-05
  18  2.822E+02  2.445E-05
  18  3.244E+02  1.730E-05
  18  3.730E+02  1.215E-05
  18  4.288E+02  8.484E-06
  18  4.932E+02  5.880E-06
  18  5.668E+02  4.063E-06
  18  6.520E+02  2.788E-06
  18  7.496E+02  1.908E-06
  18  8.616E+02  1.302E-06
  18  9.908E+02  8.842E-07
  18  1.139E+03  5.992E-07
  18  1.310E+03  4.049E-07
  18  1.506E+03  2.732E-07
  18  1.732E+03  1.839E-07
  18  1.991E+03  1.236E-07
  18  2.289E+03  8.298E-08
  18  2.632E+03  5.561E-08
  18  3.026E+03  3.722E-08
  18  3.479E+03  2.490E-08
  18  4.000E+03  1.664E-08
  18  4.600E+03  1.110E-08
  18  5.288E+03  7.414E-09
  18  6.080E+03  4.944E-09
  18  6.992E+03  3.294E-09
  18  8.036E+03  2.197E-09
  18  9.240E+03  1.463E-09
  18  1.062E+04  9.743E-10
  18  1.222E+04  6.484E-10
  18  1.404E+04  4.316E-10
  18  1.615E+04  2.872E-10
  18  1.857E+04  1.910E-10
  18  2.135E+04  1.270E-10
  18  2.454E+04  8.449E-11
  18  2.822E+04  5.618E-11
  18  3.244E+04  3.736E-11
  18  3.730E+04  2.483E-11
  18  4.288E+04  1.652E-11
  18  4.932E+04  1.097E-11
  18  5.668E+04  7.301E-12
  18  6.520E+04  4.845E-12
  18  7.496E+04  3.221E-12
  18  8.616E+04  2.142E-12
  18  9.908E+04  1.423E-12
  18  1.139E+05  9.456E-13
  18  1.310E+05  6.281E-13
  18  1.506E+05  4.175E-13
  18  1.732E+05  2.774E-13
  18  1.991E+05  1.843E-13
  18  2.289E+05  1.225E-13
  18  2.632E+05  8.140E-14
  18  3.026E+05  5.407E-14
  18  3.479E+05  3.594E-14
  18  4.000E+05  2.387E-14
  19  3.900E-01  1.634E-04
  19  4.485E-01  1.864E-04
  19  5.156E-01  2.122E-04
  19  5.928E-01  2.413E-04
  19  6.817E-01  2.740E-04
  19  7.835E-01  3.104E-04
  19  9.009E-01  3.511E-04
  19  1.036E+00  3.962E-04
  19  1.191E+00  4.459E-04
  19  1.369E+00  5.002E-04
  19  1.574E+00  5.594E-04
  19  1.810E+00  6.232E-04
  19  2.081E+00  6.913E-04
  19  2.393E+00  7.632E-04
  19  2.751E+00  8.380E-04
  19  3.163E+00  9.148E-04
  19  3.637E+00  9.922E-04
  19  4.181E+00  1.068E-03
  19  4.809E+00  1.141E-03
  19  5.526E+00  1.208E-03
  19  6.357E+00  1.267E-03
  19  7.309E+00  1.315E-03
  19  8.401E+00  1.350E-03
  19  9.660E+00  1.370E-03
  19  1.111E+01  1.371E-03
  19  1.277E+01  1.354E-03
  19  1.468E+01  1.319E-03
  19  1.688E+01  1.264E-03
  19  1.941E+01  1.193E-03
  19  2.232E+01  1.107E-03
  19  2.566E+01  1.010E-03
  19  2.950E+01  9.051E-04
  19  3.392E+01  7.969E-04
  19  3.900E+01  6.889E-04
  19  4.485E+01  5.847E-04
  19  5.156E+01  4.876E-04
  19  5.928E+01  3.993E-04
  19  6.817E+01  3.212E-04
  19  7.835E+01  2.543E-04
  19  9.009E+01  1.979E-04
  19  1.036E+02  1.516E-04
  19  1.191E+02  1.144E-04
  19  1.369E+02  8.523E-05
  19  1.574E+02  6.262E-05
  19  1.810E+02  4.546E-05
  19  2.081E+02  3.264E-05
  19  2.393E+02  2.320E-05
  19  2.751E+02  1.634E-05
  19  3.163E+02  1.141E-05
  19  3.637E+02  7.907E-06
  19  4.181E+02  5.445E-06
  19  4.809E+02  3.721E-06
  19  5.526E+02  2.534E-06
  19  6.357E+02  1.713E-06
  19  7.309E+02  1.155E-06
  19  8.401E+02  7.763E-07
  19  9.660E+02  5.192E-07
  19  1.111E+03  3.464E-07
  19  1.277E+03  2.304E-07
  19  1.468E+03  1.530E-07
  19  1.688E+03  1.014E-07
  19  1.941E+03  6.707E-08
  19  2.232E+03  4.430E-08
  19  2.566E+03  2.921E-08
  19  2.950E+03  1.924E-08
  19  3.392E+03  1.266E-08
  19  3.900E+03  8.322E-09
  19  4.485E+03  5.463E-09
  19  5.156E+03  3.588E-09
  19  5.928E+03  2.354E-09
  19  6.817E+03  1.542E-09
  19  7.835E+03  1.012E-09
  19  9.009E+03  6.629E-10
  19  1.036E+04  4.341E-10
  19  1.191E+04  2.841E-10
  19  1.369E+04  1.860E-10
  19  1.574E+04  1.217E-10
  19  1.810E+04  7.960E-11
  19  2.081E+04  5.207E-11
  19  2.393E+04  3.406E-11
  19  2.751E+04  2.227E-11
  19  3.163E+04  1.457E-11
  19  3.637E+04  9.522E-12
  19  4.181E+04  6.230E-12
  19  4.809E+04  4.068E-12
  19  5.526E+04  2.663E-12
  19  6.357E+04  1.738E-12
  19  7.309E+04  1.136E-12
  19  8.401E+04  7.431E-13
  19  9.660E+04  4.853E-13
  19  1.111E+05  3.172E-13
  19  1.277E+05  2.072E-13
  19  1.468E+05  1.354E-13
  19  1.688E+05  8.848E-14
  19  1.941E+05  5.783E-14
  19  2.232E+05  3.779E-14
  19  2.566E+05  2.469E-14
  19  2.950E+05  1.613E-14
  19  3.392E+05  1.054E-14
  19  3.900E+05  6.888E-15
  20  4.000E-01  4.297E-04
  20  4.600E-01  4.891E-04
  20  5.288E-01  5.557E-04
  20  6.080E-01  6.304E-04
  20  6.992E-01  7.139E-04
  20  8.036E-01  8.062E-04
  20  9.240E-01  9.087E-04
  20  1.062E+00  1.021E-03
  20  1.222E+00  1.144E-03
  20  1.404E+00  1.277E-03
  20  1.615E+00  1.420E-03
  20  1.857E+00  1.573E-03
  20  2.135E+00  1.732E-03
  20  2.454E+00  1.898E-03
  20  2.822E+00  2.066E-03
  20  3.244E+00  2.235E-03
  20  3.730E+00  2.399E-03
  20  4.288E+00  2.555E-03
  20  4.932E+00  2.697E-03
  20  5.668E+00  2.821E-03
  20  6.520E+00  2.920E-03
  20  7.496E+00  2.991E-03
  20  8.616E+00  3.027E-03
  20  9.908E+00  3.028E-03
  20  1.139E+01  2.990E-03
  20  1.310E+01  2.913E-03
  20  1.506E+01  2.799E-03
  20  1.732E+01  2.651E-03
  20  1.991E+01  2.475E-03
  20  2.289E+01  2.275E-03
  20  2.632E+01  2.060E-03
  20  3.026E+01  1.837E-03
  20  3.479E+01  1.612E-03
  20  4.000E+01  1.393E-03
  20  4.600E+01  1.185E-03
  20  5.288E+01  9.937E-04
  20  6.080E+01  8.203E-04
  20  6.992E+01  6.671E-04
  20  8.036E+01  5.354E-04
  20  9.240E+01  4.235E-04
  20  1.062E+02  3.307E-04
  20  1.222E+02  2.550E-04
  20  1.404E+02  1.944E-04
  20  1.615E+02  1.465E-04
  20  1.857E+02  1.093E-04
  20  2.135E+02  8.074E-05
  20  2.454E+02  5.914E-05
  20  2.822E+02  4.297E-05
  20  3.244E+02  3.100E-05
  20  3.730E+02  2.221E-05
  20  4.288E+02  1.582E-05
  20  4.932E+02  1.120E-05
  20  5.668E+02  7.900E-06
  20  6.520E+02  5.537E-06
  20  7.496E+02  3.871E-06
  20  8.616E+02  2.699E-06
  20  9.908E+02  1.873E-06
  20  1.139E+03  1.297E-06
  20  1.310E+03  8.961E-07
  20  1.506E+03  6.181E-07
  20  1.732E+03  4.253E-07
  20  1.991E+03  2.923E-07
  20  2.289E+03  2.006E-07
  20  2.632E+03  1.374E-07
  20  3.026E+03  9.405E-08
  20  3.479E+03  6.433E-08
  20  4.000E+03  4.395E-08
  20  4.600E+03  2.999E-08
  20  5.288E+03  2.047E-08
  20  6.080E+03  1.396E-08
  20  6.992E+03  9.511E-09
  20  8.036E+03  6.487E-09
  20  9.240E+03  4.418E-09
  20  1.062E+04  3.008E-09
  20  1.222E+04  2.047E-09
  20  1.404E+04  1.393E-09
  20  1.615E+04  9.478E-10
  20  1.857E+04  6.446E-10
  20  2.135E+04  4.384E-10
  20  2.454E+04  2.982E-10
  20  2.822E+04  2.027E-10
  20  3.244E+04  1.379E-10
  20  3.730E+04  9.371E-11
  20  4.288E+04  6.375E-11
  20  4.932E+04  4.328E-11
  20  5.668E+04  2.946E-11
  20  6.520E+04  1.999E-11
  20  7.496E+04  1.359E-11
  20  8.616E+04  9.242E-12
  20  9.908E+04  6.278E-12
  20  1.139E+05  4.266E-12
  20  1.310E+05  2.897E-12
  20  1.506E+05  1.969E-12
  20  1.732E+05  1.338E-12
  20  1.991E+05  9.093E-13
  20  2.289E+05  6.180E-13
  20  2.632E+05  4.199E-13
  20  3.026E+05  2.852E-13
  20  3.479E+05  1.938E-13
  20  4.000E+05  1.317E-13
  21  4.500E-01  8.078E-05
  21  5.175E-01  9.199E-05
  21  5.949E-01  1.046E-04
  21  6.840E-01  1.187E-04
  21  7.866E-01  1.345E-04
  21  9.041E-01  1.521E-04
  21  1.039E+00  1.715E-04
  21  1.195E+00  1.930E-04
  21  1.374E+00  2.165E-04
  21  1.580E+00  2.420E-04
  21  1.817E+00  2.694E-04
  21  2.089E+00  2.988E-04
  21  2.402E+00  3.297E-04
  21  2.761E+00  3.619E-04
  21  3.175E+00  3.949E-04
  21  3.650E+00  4.281E-04
  21  4.197E+00  4.608E-04
  21  4.824E+00  4.920E-04
  21  5.549E+00  5.210E-04
  21  6.377E+00  5.465E-04
  21  7.335E+00  5.675E-04
  21  8.433E+00  5.830E-04
  21  9.693E+00  5.920E-04
  21  1.115E+01  5.938E-04
  21  1.282E+01  5.878E-04
  21  1.474E+01  5.740E-04
  21  1.694E+01  5.525E-04
  21  1.948E+01  5.238E-04
  21  2.240E+01  4.890E-04
  21  2.575E+01  4.492E-04
  21  2.961E+01  4.060E-04
  21  3.404E+01  3.607E-04
  21  3.914E+01  3.152E-04
  21  4.500E+01  2.707E-04
  21  5.175E+01  2.285E-04
  21  5.949E+01  1.898E-04
  21  6.840E+01  1.550E-04
  21  7.866E+01  1.244E-04
  21  9.041E+01  9.847E-05
  21  1.039E+02  7.669E-05
  21  1.195E+02  5.887E-05
  21  1.374E+02  4.457E-05
  21  1.580E+02  3.332E-05
  21  1.817E+02  2.460E-05
  21  2.089E+02  1.796E-05
  21  2.402E+02  1.298E-05
  21  2.761E+02  9.288E-06
  21  3.175E+02  6.589E-06
  21  3.650E+02  4.639E-06
  21  4.197E+02  3.241E-06
  21  4.824E+02  2.252E-06
  21  5.549E+02  1.553E-06
  21  6.376E+02  1.068E-06
  21  7.335E+02  7.289E-07
  21  8.433E+02  4.962E-07
  21  9.693E+02  3.368E-07
  21  1.115E+03  2.276E-07
  21  1.282E+03  1.534E-07
  21  1.474E+03  1.031E-07
  21  1.694E+03  6.922E-08
  21  1.948E+03  4.635E-08
  21  2.240E+03  3.099E-08
  21  2.575E+03  2.069E-08
  21  2.961E+03  1.379E-08
  21  3.404E+03  9.181E-09
  21  3.914E+03  6.109E-09
  21  4.500E+03  4.060E-09
  21  5.175E+03  2.695E-09
  21  5.949E+03  1.789E-09
  21  6.840E+03  1.187E-09
  21  7.866E+03  7.863E-10
  21  9.040E+03  5.216E-10
  21  1.040E+04  3.455E-10
  21  1.195E+04  2.287E-10
  21  1.374E+04  1.514E-10
  21  1.580E+04  1.002E-10
  21  1.817E+04  6.631E-11
  21  2.089E+04  4.385E-11
  21  2.402E+04  2.901E-11
  21  2.761E+04  1.919E-11
  21  3.175E+04  1.269E-11
  21  3.650E+04  8.390E-12
  21  4.197E+04  5.546E-12
  21  4.824E+04  3.669E-12
  21  5.548E+04  2.423E-12
  21  6.376E+04  1.603E-12
  21  7.335E+04  1.058E-12
  21  8.433E+04  6.995E-13
  21  9.693E+04  4.627E-13
  21  1.115E+05  3.056E-13
  21  1.282E+05  2.020E-13
  21  1.474E+05  1.334E-13
  21  1.694E+05  8.818E-14
  21  1.948E+05  5.826E-14
  21  2.240E+05  3.851E-14
  21  2.575E+05  2.545E-14
  21  2.961E+05  1.681E-14
  21  3.404E+05  1.111E-14
  21  3.914E+05  7.341E-15
  21  4.500E+05  4.849E-15
  22  4.800E-01  2.642E-04
  22  5.520E-01  3.008E-04
  22  6.346E-01  3.419E-04
  22  7.296E-01  3.881E-04
  22  8.390E-01  4.397E-04
  22  9.643E-01  4.968E-04
  22  1.109E+00  5.603E-04
  22  1.275E+00  6.301E-04
  22  1.466E+00  7.065E-04
  22  1.685E+00  7.893E-04
  22  1.938E+00  8.785E-04
  22  2.228E+00  9.736E-04
  22  2.562E+00  1.074E-03
  22  2.945E+00  1.178E-03
  22  3.386E+00  1.284E-03
  22  3.893E+00  1.391E-03
  22  4.476E+00  1.496E-03
  22  5.146E+00  1.595E-03
  22  5.918E+00  1.688E-03
  22  6.802E+00  1.768E-03
  22  7.824E+00  1.834E-03
  22  8.995E+00  1.881E-03
  22  1.034E+01  1.907E-03
  22  1.189E+01  1.910E-03
  22  1.367E+01  1.888E-03
  22  1.572E+01  1.840E-03
  22  1.807E+01  1.768E-03
  22  2.078E+01  1.673E-03
  22  2.389E+01  1.559E-03
  22  2.747E+01  1.429E-03
  22  3.158E+01  1.289E-03
  22  3.631E+01  1.143E-03
  22  4.175E+01  9.965E-04
  22  4.800E+01  8.539E-04
  22  5.520E+01  7.192E-04
  22  6.346E+01  5.958E-04
  22  7.296E+01  4.853E-04
  22  8.390E+01  3.888E-04
  22  9.643E+01  3.069E-04
  22  1.109E+02  2.384E-04
  22  1.275E+02  1.825E-04
  22  1.466E+02  1.378E-04
  22  1.685E+02  1.028E-04
  22  1.938E+02  7.566E-05
  22  2.228E+02  5.509E-05
  22  2.562E+02  3.970E-05
  22  2.945E+02  2.834E-05
  22  3.386E+02  2.005E-05
  22  3.893E+02  1.408E-05
  22  4.476E+02  9.809E-06
  22  5.146E+02  6.796E-06
  22  5.918E+02  4.674E-06
  22  6.802E+02  3.205E-06
  22  7.824E+02  2.181E-06
  22  8.995E+02  1.481E-06
  22  1.034E+03  1.003E-06
  22  1.189E+03  6.756E-07
  22  1.367E+03  4.542E-07
  22  1.572E+03  3.044E-07
  22  1.807E+03  2.038E-07
  22  2.078E+03  1.361E-07
  22  2.389E+03  9.072E-08
  22  2.747E+03  6.040E-08
  22  3.158E+03  4.015E-08
  22  3.631E+03  2.665E-08
  22  4.175E+03  1.769E-08
  22  4.800E+03  1.172E-08
  22  5.520E+03  7.757E-09
  22  6.346E+03  5.136E-09
  22  7.296E+03  3.397E-09
  22  8.390E+03  2.244E-09
  22  9.643E+03  1.485E-09
  22  1.109E+04  9.807E-10
  22  1.275E+04  6.475E-10
  22  1.466E+04  4.274E-10
  22  1.685E+04  2.821E-10
  22  1.938E+04  1.861E-10
  22  2.228E+04  1.228E-10
  22  2.562E+04  8.098E-11
  22  2.945E+04  5.341E-11
  22  3.386E+04  3.522E-11
  22  3.893E+04  2.323E-11
  22  4.476E+04  1.531E-11
  22  5.146E+04  1.010E-11
  22  5.918E+04  6.651E-12
  22  6.802E+04  4.390E-12
  22  7.824E+04  2.889E-12
  22  8.995E+04  1.904E-12
  22  1.034E+05  1.256E-12
  22  1.189E+05  8.274E-13
  22  1.367E+05  5.452E-13
  22  1.572E+05  3.591E-13
  22  1.807E+05  2.367E-13
  22  2.078E+05  1.560E-13
  22  2.389E+05  1.028E-13
  22  2.747E+05  6.775E-14
  22  3.158E+05  4.464E-14
  22  3.631E+05  2.940E-14
  22  4.175E+05  1.938E-14
  22  4.800E+05  1.277E-14
  23  5.100E-01  1.367E-04
  23  5.865E-01  1.556E-04
  23  6.742E-01  1.767E-04
  23  7.752E-01  2.004E-04
  23  8.915E-01  2.268E-04
  23  1.025E+00  2.561E-04
  23  1.178E+00  2.885E-04
  23  1.355E+00  3.241E-04
  23  1.558E+00  3.629E-04
  23  1.791E+00  4.048E-04
  23  2.059E+00  4.499E-04
  23  2.367E+00  4.976E-04
  23  2.722E+00  5.477E-04
  23  3.129E+00  5.994E-04
  23  3.598E+00  6.519E-04
  23  4.137E+00  7.042E-04
  23  4.756E+00  7.551E-04
  23  5.467E+00  8.030E-04
  23  6.288E+00  8.465E-04
  23  7.227E+00  8.836E-04
  23  8.313E+00  9.131E-04
  23  9.557E+00  9.330E-04
  23  1.099E+01  9.423E-04
  23  1.263E+01  9.398E-04
  23  1.452E+01  9.251E-04
  23  1.670E+01  8.982E-04
  23  1.920E+01  8.596E-04
  23  2.208E+01  8.105E-04
  23  2.538E+01  7.525E-04
  23  2.918E+01  6.878E-04
  23  3.355E+01  6.185E-04
  23  3.858E+01  5.471E-04
  23  4.435E+01  4.761E-04
  23  5.100E+01  4.075E-04
  23  5.865E+01  3.429E-04
  23  6.742E+01  2.840E-04
  23  7.752E+01  2.314E-04
  23  8.915E+01  1.856E-04
  23  1.025E+02  1.467E-04
  23  1.178E+02  1.142E-04
  23  1.355E+02  8.765E-05
  23  1.558E+02  6.639E-05
  23  1.791E+02  4.967E-05
  23  2.059E+02  3.672E-05
  23  2.367E+02  2.685E-05
  23  2.722E+02  1.944E-05
  23  3.129E+02  1.394E-05
  23  3.598E+02  9.917E-06
  23  4.137E+02  7.000E-06
  23  4.756E+02  4.906E-06
  23  5.467E+02  3.419E-06
  23  6.288E+02  2.365E-06
  23  7.227E+02  1.632E-06
  23  8.313E+02  1.118E-06
  23  9.557E+02  7.636E-07
  23  1.099E+03  5.202E-07
  23  1.263E+03  3.528E-07
  23  1.452E+03  2.388E-07
  23  1.670E+03  1.611E-07
  23  1.920E+03  1.085E-07
  23  2.208E+03  7.296E-08
  23  2.538E+03  4.898E-08
  23  2.918E+03  3.283E-08
  23  3.355E+03  2.197E-08
  23  3.858E+03  1.469E-08
  23  4.435E+03  9.812E-09
  23  5.100E+03  6.547E-09
  23  5.865E+03  4.363E-09
  23  6.742E+03  2.909E-09
  23  7.752E+03  1.937E-09
  23  8.915E+03  1.289E-09
  23  1.025E+04  8.586E-10
  23  1.178E+04  5.710E-10
  23  1.355E+04  3.797E-10
  23  1.558E+04  2.523E-10
  23  1.791E+04  1.677E-10
  23  2.059E+04  1.114E-10
  23  2.367E+04  7.400E-11
  23  2.722E+04  4.916E-11
  23  3.129E+04  3.265E-11
  23  3.598E+04  2.168E-11
  23  4.137E+04  1.440E-11
  23  4.756E+04  9.557E-12
  23  5.467E+04  6.349E-12
  23  6.288E+04  4.210E-12
  23  7.227E+04  2.798E-12
  23  8.313E+04  1.854E-12
  23  9.557E+04  1.231E-12
  23  1.099E+05  8.176E-13
  23  1.263E+05  5.423E-13
  23  1.452E+05  3.598E-13
  23  1.670E+05  2.387E-13
  23  1.920E+05  1.584E-13
  23  2.208E+05  1.051E-13
  23  2.538E+05  6.976E-14
  23  2.918E+05  4.630E-14
  23  3.355E+05  3.072E-14
  23  3.858E+05  2.038E-14
  23  4.435E+05  1.352E-14
  23  5.100E+05  8.972E-15
  24  5.200E-01  2.627E-04
  24  5.980E-01  2.989E-04
  24  6.874E-01  3.395E-04
  24  7.904E-01  3.850E-04
  24  9.090E-01  4.357E-04
  24  1.045E+00  4.918E-04
  24  1.201E+00  5.540E-04
  24  1.381E+00  6.221E-04
  24  1.588E+00  6.965E-04
  24  1.826E+00  7.768E-04
  24  2.099E+00  8.629E-04
  24  2.414E+00  9.542E-04
  24  2.775E+00  1.050E-03
  24  3.191E+00  1.148E-03
  24  3.669E+00  1.248E-03
  24  4.218E+00  1.348E-03
  24  4.850E+00  1.444E-03
  24  5.574E+00  1.535E-03
  24  6.412E+00  1.617E-03
  24  7.368E+00  1.687E-03
  24  8.476E+00  1.742E-03
  24  9.745E+00  1.779E-03
  24  1.120E+01  1.795E-03
  24  1.288E+01  1.789E-03
  24  1.481E+01  1.760E-03
  24  1.703E+01  1.708E-03
  24  1.958E+01  1.634E-03
  24  2.251E+01  1.540E-03
  24  2.588E+01  1.430E-03
  24  2.975E+01  1.308E-03
  24  3.421E+01  1.177E-03
  24  3.934E+01  1.042E-03
  24  4.522E+01  9.078E-04
  24  5.200E+01  7.782E-04
  24  5.980E+01  6.562E-04
  24  6.874E+01  5.449E-04
  24  7.904E+01  4.453E-04
  24  9.090E+01  3.582E-04
  24  1.045E+02  2.842E-04
  24  1.201E+02  2.221E-04
  24  1.381E+02  1.713E-04
  24  1.588E+02  1.303E-04
  24  1.826E+02  9.800E-05
  24  2.099E+02  7.283E-05
  24  2.414E+02  5.354E-05
  24  2.775E+02  3.899E-05
  24  3.191E+02  2.813E-05
  24  3.669E+02  2.013E-05
  24  4.218E+02  1.430E-05
  24  4.850E+02  1.008E-05
  24  5.574E+02  7.071E-06
  24  6.412E+02  4.924E-06
  24  7.368E+02  3.419E-06
  24  8.476E+02  2.358E-06
  24  9.745E+02  1.622E-06
  24  1.120E+03  1.112E-06
  24  1.288E+03  7.595E-07
  24  1.481E+03  5.174E-07
  24  1.703E+03  3.515E-07
  24  1.958E+03  2.385E-07
  24  2.251E+03  1.614E-07
  24  2.588E+03  1.091E-07
  24  2.975E+03  7.363E-08
  24  3.421E+03  4.962E-08
  24  3.934E+03  3.339E-08
  24  4.522E+03  2.247E-08
  24  5.200E+03  1.509E-08
  24  5.980E+03  1.013E-08
  24  6.874E+03  6.800E-09
  24  7.904E+03  4.561E-09
  24  9.090E+03  3.055E-09
  24  1.045E+04  2.049E-09
  24  1.201E+04  1.372E-09
  24  1.381E+04  9.189E-10
  24  1.588E+04  6.150E-10
  24  1.826E+04  4.117E-10
  24  2.099E+04  2.754E-10
  24  2.414E+04  1.842E-10
  24  2.775E+04  1.232E-10
  24  3.191E+04  8.240E-11
  24  3.669E+04  5.510E-11
  24  4.218E+04  3.684E-11
  24  4.850E+04  2.463E-11
  24  5.574E+04  1.648E-11
  24  6.412E+04  1.100E-11
  24  7.368E+04  7.363E-12
  24  8.476E+04  4.914E-12
  24  9.745E+04  3.285E-12
  24  1.120E+05  2.197E-12
  24  1.288E+05  1.467E-12
  24  1.481E+05  9.805E-13
  24  1.703E+05  6.549E-13
  24  1.958E+05  4.378E-13
  24  2.251E+05  2.925E-13
  24  2.588E+05  1.955E-13
  24  2.975E+05  1.306E-13
  24  3.421E+05  8.729E-14
  24  3.934E+05  5.830E-14
  24  4.522E+05  3.897E-14
  24  5.200E+05  2.603E-14
  25  5.500E-01  1.365E-04
  25  6.325E-01  1.554E-04
  25  7.271E-01  1.765E-04
  25  8.360E-01  2.001E-04
  25  9.614E-01  2.265E-04
  25  1.105E+00  2.557E-04
  25  1.270E+00  2.881E-04
  25  1.461E+00  3.236E-04
  25  1.680E+00  3.623E-04
  25  1.931E+00  4.041E-04
  25  2.220E+00  4.490E-04
  25  2.553E+00  4.967E-04
  25  2.935E+00  5.466E-04
  25  3.375E+00  5.981E-04
  25  3.880E+00  6.505E-04
  25  4.461E+00  7.027E-04
  25  5.129E+00  7.534E-04
  25  5.896E+00  8.012E-04
  25  6.782E+00  8.447E-04
  25  7.793E+00  8.819E-04
  25  8.965E+00  9.115E-04
  25  1.031E+01  9.318E-04
  25  1.185E+01  9.415E-04
  25  1.362E+01  9.397E-04
  25  1.566E+01  9.259E-04
  25  1.801E+01  9.000E-04
  25  2.071E+01  8.627E-04
  25  2.381E+01  8.149E-04
  25  2.737E+01  7.584E-04
  25  3.147E+01  6.950E-04
  25  3.618E+01  6.271E-04
  25  4.161E+01  5.568E-04
  25  4.783E+01  4.866E-04
  25  5.500E+01  4.185E-04
  25  6.325E+01  3.541E-04
  25  7.271E+01  2.951E-04
  25  8.360E+01  2.420E-04
  25  9.614E+01  1.955E-04
  25  1.105E+02  1.558E-04
  25  1.270E+02  1.223E-04
  25  1.461E+02  9.472E-05
  25  1.680E+02  7.242E-05
  25  1.931E+02  5.473E-05
  25  2.220E+02  4.088E-05
  25  2.553E+02  3.022E-05
  25  2.935E+02  2.212E-05
  25  3.375E+02  1.605E-05
  25  3.880E+02  1.155E-05
  25  4.461E+02  8.253E-06
  25  5.129E+02  5.855E-06
  25  5.896E+02  4.131E-06
  25  6.781E+02  2.895E-06
  25  7.794E+02  2.023E-06
  25  8.965E+02  1.404E-06
  25  1.031E+03  9.717E-07
  25  1.185E+03  6.708E-07
  25  1.362E+03  4.611E-07
  25  1.566E+03  3.162E-07
  25  1.801E+03  2.162E-07
  25  2.071E+03  1.477E-07
  25  2.381E+03  1.006E-07
  25  2.737E+03  6.848E-08
  25  3.147E+03  4.653E-08
  25  3.618E+03  3.157E-08
  25  4.161E+03  2.139E-08
  25  4.783E+03  1.449E-08
  25  5.500E+03  9.804E-09
  25  6.325E+03  6.625E-09
  25  7.271E+03  4.478E-09
  25  8.360E+03  3.024E-09
  25  9.614E+03  2.040E-09
  25  1.105E+04  1.378E-09
  25  1.270E+04  9.292E-10
  25  1.461E+04  6.264E-10
  25  1.680E+04  4.222E-10
  25  1.931E+04  2.846E-10
  25  2.220E+04  1.917E-10
  25  2.553E+04  1.291E-10
  25  2.935E+04  8.696E-11
  25  3.375E+04  5.856E-11
  25  3.880E+04  3.943E-11
  25  4.461E+04  2.655E-11
  25  5.129E+04  1.787E-11
  25  5.896E+04  1.204E-11
  25  6.782E+04  8.096E-12
  25  7.794E+04  5.456E-12
  25  8.965E+04  3.667E-12
  25  1.031E+05  2.468E-12
  25  1.185E+05  1.662E-12
  25  1.362E+05  1.118E-12
  25  1.566E+05  7.524E-13
  25  1.801E+05  5.061E-13
  25  2.071E+05  3.407E-13
  25  2.381E+05  2.292E-13
  25  2.737E+05  1.542E-13
  25  3.147E+05  1.038E-13
  25  3.618E+05  6.984E-14
  25  4.161E+05  4.698E-14
  25  4.783E+05  3.162E-14
  25  5.500E+05  2.127E-14
  26  5.600E-01  1.386E-03
  26  6.440E-01  1.578E-03
  26  7.403E-01  1.793E-03
  26  8.512E-01  2.034E-03
  26  9.789E-01  2.303E-03
  26  1.125E+00  2.602E-03
  26  1.294E+00  2.932E-03
  26  1.487E+00  3.296E-03
  26  1.710E+00  3.693E-03
  26  1.966E+00  4.123E-03
  26  2.261E+00  4.585E-03
  26  2.600E+00  5.078E-03
  26  2.989E+00  5.595E-03
  26  3.436E+00  6.131E-03
  26  3.951E+00  6.679E-03
  26  4.542E+00  7.227E-03
  26  5.223E+00  7.765E-03
  26  6.003E+00  8.276E-03
  26  6.905E+00  8.748E-03
  26  7.935E+00  9.160E-03
  26  9.128E+00  9.499E-03
  26  1.049E+01  9.747E-03
  26  1.206E+01  9.890E-03
  26  1.387E+01  9.918E-03
  26  1.595E+01  9.824E-03
  26  1.834E+01  9.605E-03
  26  2.108E+01  9.268E-03
  26  2.424E+01  8.819E-03
  26  2.787E+01  8.274E-03
  26  3.204E+01  7.651E-03
  26  3.684E+01  6.972E-03
  26  4.236E+01  6.258E-03
  26  4.870E+01  5.535E-03
  26  5.600E+01  4.821E-03
  26  6.440E+01  4.137E-03
  26  7.403E+01  3.500E-03
  26  8.512E+01  2.917E-03
  26  9.789E+01  2.397E-03
  26  1.125E+02  1.945E-03
  26  1.294E+02  1.556E-03
  26  1.487E+02  1.230E-03
  26  1.710E+02  9.603E-04
  26  1.966E+02  7.417E-04
  26  2.261E+02  5.667E-04
  26  2.600E+02  4.287E-04
  26  2.989E+02  3.215E-04
  26  3.436E+02  2.391E-04
  26  3.951E+02  1.764E-04
  26  4.542E+02  1.293E-04
  26  5.223E+02  9.416E-05
  26  6.003E+02  6.821E-05
  26  6.905E+02  4.910E-05
  26  7.935E+02  3.524E-05
  26  9.128E+02  2.514E-05
  26  1.049E+03  1.789E-05
  26  1.206E+03  1.270E-05
  26  1.387E+03  8.975E-06
  26  1.595E+03  6.331E-06
  26  1.834E+03  4.454E-06
  26  2.108E+03  3.129E-06
  26  2.424E+03  2.194E-06
  26  2.787E+03  1.536E-06
  26  3.204E+03  1.074E-06
  26  3.684E+03  7.504E-07
  26  4.236E+03  5.234E-07
  26  4.870E+03  3.649E-07
  26  5.600E+03  2.541E-07
  26  6.440E+03  1.768E-07
  26  7.403E+03  1.230E-07
  26  8.512E+03  8.553E-08
  26  9.789E+03  5.940E-08
  26  1.125E+04  4.130E-08
  26  1.294E+04  2.868E-08
  26  1.487E+04  1.991E-08
  26  1.710E+04  1.381E-08
  26  1.966E+04  9.587E-09
  26  2.261E+04  6.650E-09
  26  2.600E+04  4.611E-09
  26  2.989E+04  3.198E-09
  26  3.436E+04  2.218E-09
  26  3.951E+04  1.538E-09
  26  4.542E+04  1.066E-09
  26  5.223E+04  7.390E-10
  26  6.003E+04  5.126E-10
  26  6.905E+04  3.549E-10
  26  7.935E+04  2.463E-10
  26  9.128E+04  1.705E-10
  26  1.049E+05  1.181E-10
  26  1.206E+05  8.193E-11
  26  1.387E+05  5.675E-11
  26  1.595E+05  3.932E-11
  26  1.834E+05  2.724E-11
  26  2.108E+05  1.888E-11
  26  2.424E+05  1.308E-11
  26  2.787E+05  9.063E-12
  26  3.204E+05  6.281E-12
  26  3.684E+05  4.351E-12
  26  4.236E+05  3.014E-12
  26  4.870E+05  2.089E-12
  26  5.600E+05  1.447E-12
  27  5.900E-01  7.746E-06
  27  6.785E-01  8.838E-06
  27  7.800E-01  1.007E-05
  27  8.968E-01  1.146E-05
  27  1.031E+00  1.302E-05
  27  1.185E+00  1.477E-05
  27  1.363E+00  1.672E-05
  27  1.567E+00  1.889E-05
  27  1.802E+00  2.130E-05
  27  2.071E+00  2.393E-05
  27  2.382E+00  2.682E-05
  27  2.739E+00  2.994E-05
  27  3.149E+00  3.330E-05
  27  3.620E+00  3.687E-05
  27  4.162E+00  4.062E-05
  27  4.785E+00  4.451E-05
  27  5.502E+00  4.849E-05
  27  6.325E+00  5.246E-05
  27  7.275E+00  5.636E-05
  27  8.360E+00  6.005E-05
  27  9.617E+00  6.345E-05
  27  1.106E+01  6.639E-05
  27  1.271E+01  6.877E-05
  27  1.461E+01  7.047E-05
  27  1.680E+01  7.137E-05
  27  1.932E+01  7.139E-05
  27  2.221E+01  7.047E-05
  27  2.554E+01  6.862E-05
  27  2.936E+01  6.585E-05
  27  3.376E+01  6.226E-05
  27  3.882E+01  5.796E-05
  27  4.463E+01  5.311E-05
  27  5.131E+01  4.788E-05
  27  5.900E+01  4.247E-05
  27  6.785E+01  3.705E-05
  27  7.800E+01  3.182E-05
  27  8.968E+01  2.689E-05
  27  1.031E+02  2.236E-05
  27  1.185E+02  1.833E-05
  27  1.363E+02  1.480E-05
  27  1.567E+02  1.179E-05
  27  1.802E+02  9.267E-06
  27  2.071E+02  7.197E-06
  27  2.382E+02  5.524E-06
  27  2.739E+02  4.195E-06
  27  3.149E+02  3.155E-06
  27  3.620E+02  2.352E-06
  27  4.162E+02  1.739E-06
  27  4.785E+02  1.276E-06
  27  5.502E+02  9.305E-07
  27  6.325E+02  6.748E-07
  27  7.275E+02  4.860E-07
  27  8.360E+02  3.491E-07
  27  9.617E+02  2.491E-07
  27  1.106E+03  1.773E-07
  27  1.271E+03  1.259E-07
  27  1.461E+03  8.899E-08
  27  1.680E+03  6.277E-08
  27  1.932E+03  4.417E-08
  27  2.221E+03  3.104E-08
  27  2.554E+03  2.176E-08
  27  2.936E+03  1.524E-08
  27  3.376E+03  1.066E-08
  27  3.882E+03  7.442E-09
  27  4.463E+03  5.191E-09
  27  5.131E+03  3.619E-09
  27  5.900E+03  2.520E-09
  27  6.785E+03  1.753E-09
  27  7.800E+03  1.220E-09
  27  8.968E+03  8.482E-10
  27  1.031E+04  5.891E-10
  27  1.185E+04  4.096E-10
  27  1.363E+04  2.844E-10
  27  1.567E+04  1.974E-10
  27  1.802E+04  1.370E-10
  27  2.071E+04  9.507E-11
  27  2.382E+04  6.595E-11
  27  2.739E+04  4.573E-11
  27  3.149E+04  3.172E-11
  27  3.620E+04  2.199E-11
  27  4.162E+04  1.525E-11
  27  4.785E+04  1.057E-11
  27  5.502E+04  7.328E-12
  27  6.325E+04  5.083E-12
  27  7.275E+04  3.520E-12
  27  8.360E+04  2.442E-12
  27  9.617E+04  1.690E-12
  27  1.106E+05  1.172E-12
  27  1.271E+05  8.125E-13
  27  1.461E+05  5.628E-13
  27  1.680E+05  3.899E-13
  27  1.932E+05  2.701E-13
  27  2.221E+05  1.872E-13
  27  2.554E+05  1.297E-13
  27  2.936E+05  8.988E-14
  27  3.376E+05  6.228E-14
  27  3.882E+05  4.315E-14
  27  4.463E+05  2.989E-14
  27  5.131E+05  2.071E-14
  27  5.900E+05  1.435E-14
  28  5.900E-01  5.428E-05
  28  6.785E-01  6.185E-05
  28  7.800E-01  7.037E-05
  28  8.968E-01  7.995E-05
  28  1.031E+00  9.070E-05
  28  1.185E+00  1.026E-04
  28  1.363E+00  1.159E-04
  28  1.567E+00  1.306E-04
  28  1.802E+00  1.468E-04
  28  2.071E+00  1.644E-04
  28  2.382E+00  1.835E-04
  28  2.739E+00  2.040E-04
  28  3.149E+00  2.258E-04
  28  3.620E+00  2.487E-04
  28  4.162E+00  2.724E-04
  28  4.785E+00  2.965E-04
  28  5.502E+00  3.206E-04
  28  6.325E+00  3.442E-04
  28  7.275E+00  3.666E-04
  28  8.360E+00  3.871E-04
  28  9.617E+00  4.050E-04
  28  1.106E+01  4.194E-04
  28  1.271E+01  4.297E-04
  28  1.461E+01  4.353E-04
  28  1.680E+01  4.357E-04
  28  1.932E+01  4.306E-04
  28  2.221E+01  4.200E-04
  28  2.554E+01  4.040E-04
  28  2.936E+01  3.831E-04
  28  3.376E+01  3.580E-04
  28  3.882E+01  3.295E-04
  28  4.463E+01  2.987E-04
  28  5.131E+01  2.666E-04
  28  5.900E+01  2.343E-04
  28  6.785E+01  2.027E-04
  28  7.800E+01  1.727E-04
  28  8.968E+01  1.449E-04
  28  1.031E+02  1.198E-04
  28  1.185E+02  9.773E-05
  28  1.363E+02  7.857E-05
  28  1.567E+02  6.235E-05
  28  1.802E+02  4.885E-05
  28  2.071E+02  3.785E-05
  28  2.382E+02  2.899E-05
  28  2.739E+02  2.198E-05
  28  3.149E+02  1.651E-05
  28  3.620E+02  1.230E-05
  28  4.162E+02  9.088E-06
  28  4.785E+02  6.668E-06
  28  5.502E+02  4.860E-06
  28  6.325E+02  3.523E-06
  28  7.275E+02  2.537E-06
  28  8.360E+02  1.822E-06
  28  9.617E+02  1.300E-06
  28  1.106E+03  9.258E-07
  28  1.271E+03  6.572E-07
  28  1.461E+03  4.647E-07
  28  1.680E+03  3.278E-07
  28  1.932E+03  2.307E-07
  28  2.221E+03  1.621E-07
  28  2.554E+03  1.137E-07
  28  2.936E+03  7.961E-08
  28  3.376E+03  5.568E-08
  28  3.882E+03  3.889E-08
  28  4.463E+03  2.712E-08
  28  5.131E+03  1.891E-08
  28  5.900E+03  1.317E-08
  28  6.785E+03  9.163E-09
  28  7.800E+03  6.377E-09
  28  8.968E+03  4.433E-09
  28  1.031E+04  3.079E-09
  28  1.185E+04  2.141E-09
  28  1.363E+04  1.487E-09
  28  1.567E+04  1.032E-09
  28  1.802E+04  7.161E-10
  28  2.071E+04  4.970E-10
  28  2.382E+04  3.447E-10
  28  2.739E+04  2.391E-10
  28  3.149E+04  1.658E-10
  28  3.620E+04  1.150E-10
  28  4.162E+04  7.972E-11
  28  4.785E+04  5.527E-11
  28  5.502E+04  3.831E-11
  28  6.325E+04  2.657E-11
  28  7.275E+04  1.840E-11
  28  8.360E+04  1.277E-11
  28  9.617E+04  8.837E-12
  28  1.106E+05  6.125E-12
  28  1.271E+05  4.248E-12
  28  1.461E+05  2.942E-12
  28  1.680E+05  2.039E-12
  28  1.932E+05  1.412E-12
  28  2.221E+05  9.787E-13
  28  2.554E+05  6.781E-13
  28  2.936E+05  4.699E-13
  28  3.376E+05  3.256E-13
  28  3.882E+05  2.256E-13
  28  4.463E+05  1.563E-13
  28  5.131E+05  1.083E-13
  28  5.900E+05  7.502E-14
