1997.041096
  Heliocentric potential for LUIN spectrum =   379.000000000000       MV
   Z       E         F
   1  1.000E-02  1.862E+02
   1  1.150E-02  2.127E+02
   1  1.322E-02  2.426E+02
   1  1.520E-02  2.765E+02
   1  1.748E-02  3.148E+02
   1  2.009E-02  3.577E+02
   1  2.310E-02  4.059E+02
   1  2.656E-02  4.597E+02
   1  3.054E-02  5.195E+02
   1  3.511E-02  5.857E+02
   1  4.037E-02  6.585E+02
   1  4.642E-02  7.380E+02
   1  5.337E-02  8.242E+02
   1  6.136E-02  9.169E+02
   1  7.055E-02  1.015E+03
   1  8.111E-02  1.119E+03
   1  9.326E-02  1.226E+03
   1  1.072E-01  1.335E+03
   1  1.233E-01  1.445E+03
   1  1.417E-01  1.551E+03
   1  1.630E-01  1.652E+03
   1  1.874E-01  1.743E+03
   1  2.154E-01  1.821E+03
   1  2.477E-01  1.883E+03
   1  2.848E-01  1.925E+03
   1  3.275E-01  1.944E+03
   1  3.765E-01  1.938E+03
   1  4.329E-01  1.905E+03
   1  4.977E-01  1.847E+03
   1  5.722E-01  1.762E+03
   1  6.579E-01  1.656E+03
   1  7.565E-01  1.531E+03
   1  8.697E-01  1.392E+03
   1  1.000E+00  1.244E+03
   1  1.150E+00  1.092E+03
   1  1.322E+00  9.429E+02
   1  1.520E+00  7.999E+02
   1  1.748E+00  6.669E+02
   1  2.009E+00  5.471E+02
   1  2.310E+00  4.412E+02
   1  2.656E+00  3.502E+02
   1  3.054E+00  2.737E+02
   1  3.511E+00  2.109E+02
   1  4.037E+00  1.603E+02
   1  4.642E+00  1.202E+02
   1  5.337E+00  8.918E+01
   1  6.136E+00  6.546E+01
   1  7.055E+00  4.758E+01
   1  8.111E+00  3.431E+01
   1  9.326E+00  2.456E+01
   1  1.072E+01  2.040E+01
   1  1.233E+01  1.574E+01
   1  1.417E+01  1.207E+01
   1  1.630E+01  9.187E+00
   1  1.874E+01  6.957E+00
   1  2.154E+01  5.244E+00
   1  2.477E+01  3.929E+00
   1  2.848E+01  2.932E+00
   1  3.275E+01  2.179E+00
   1  3.765E+01  1.614E+00
   1  4.329E+01  1.191E+00
   1  4.977E+01  8.765E-01
   1  5.722E+01  6.433E-01
   1  6.579E+01  4.708E-01
   1  7.565E+01  3.437E-01
   1  8.697E+01  2.504E-01
   1  1.000E+02  1.821E-01
   1  1.150E+02  1.321E-01
   1  1.322E+02  9.572E-02
   1  1.520E+02  6.923E-02
   1  1.748E+02  4.997E-02
   1  2.009E+02  3.607E-02
   1  2.310E+02  2.597E-02
   1  2.656E+02  1.868E-02
   1  3.054E+02  1.341E-02
   1  3.511E+02  9.624E-03
   1  4.037E+02  6.896E-03
   1  4.642E+02  4.935E-03
   1  5.337E+02  3.529E-03
   1  6.136E+02  2.521E-03
   1  7.055E+02  1.798E-03
   1  8.111E+02  1.282E-03
   1  9.326E+02  9.129E-04
   1  1.072E+03  6.498E-04
   1  1.233E+03  4.614E-04
   1  1.417E+03  3.280E-04
   1  1.630E+03  2.324E-04
   1  1.874E+03  1.647E-04
   1  2.154E+03  1.167E-04
   1  2.477E+03  8.254E-05
   1  2.848E+03  5.834E-05
   1  3.275E+03  4.118E-05
   1  3.765E+03  2.906E-05
   1  4.329E+03  2.049E-05
   1  4.977E+03  1.443E-05
   1  5.722E+03  1.016E-05
   1  6.579E+03  7.140E-06
   1  7.565E+03  5.014E-06
   1  8.697E+03  3.520E-06
   1  1.000E+04  2.468E-06
   2  4.000E-02  6.924E+00
   2  4.599E-02  7.861E+00
   2  5.288E-02  8.909E+00
   2  6.080E-02  1.008E+01
   2  6.990E-02  1.137E+01
   2  8.037E-02  1.279E+01
   2  9.241E-02  1.435E+01
   2  1.062E-01  1.605E+01
   2  1.222E-01  1.789E+01
   2  1.404E-01  1.983E+01
   2  1.615E-01  2.190E+01
   2  1.857E-01  2.406E+01
   2  2.135E-01  2.627E+01
   2  2.454E-01  2.850E+01
   2  2.822E-01  3.070E+01
   2  3.245E-01  3.282E+01
   2  3.730E-01  3.479E+01
   2  4.289E-01  3.655E+01
   2  4.931E-01  3.802E+01
   2  5.670E-01  3.913E+01
   2  6.519E-01  3.983E+01
   2  7.495E-01  4.006E+01
   2  8.618E-01  3.980E+01
   2  9.908E-01  3.903E+01
   2  1.139E+00  3.776E+01
   2  1.310E+00  3.602E+01
   2  1.506E+00  3.389E+01
   2  1.732E+00  3.142E+01
   2  1.991E+00  2.872E+01
   2  2.289E+00  2.587E+01
   2  2.632E+00  2.297E+01
   2  3.026E+00  2.011E+01
   2  3.479E+00  1.736E+01
   2  4.000E+00  1.479E+01
   2  4.599E+00  1.244E+01
   2  5.288E+00  1.033E+01
   2  6.080E+00  8.473E+00
   2  6.990E+00  6.876E+00
   2  8.037E+00  5.520E+00
   2  9.241E+00  4.388E+00
   2  1.062E+01  3.459E+00
   2  1.222E+01  2.698E+00
   2  1.404E+01  2.093E+00
   2  1.615E+01  1.609E+00
   2  1.857E+01  1.229E+00
   2  2.135E+01  9.335E-01
   2  2.454E+01  7.053E-01
   2  2.822E+01  5.297E-01
   2  3.245E+01  3.960E-01
   2  3.730E+01  2.950E-01
   2  4.289E+01  2.187E-01
   2  4.931E+01  1.617E-01
   2  5.670E+01  1.191E-01
   2  6.519E+01  8.744E-02
   2  7.495E+01  6.405E-02
   2  8.618E+01  4.678E-02
   2  9.908E+01  3.410E-02
   2  1.139E+02  2.481E-02
   2  1.310E+02  1.799E-02
   2  1.506E+02  1.304E-02
   2  1.732E+02  9.424E-03
   2  1.991E+02  6.807E-03
   2  2.289E+02  4.909E-03
   2  2.632E+02  3.533E-03
   2  3.026E+02  2.540E-03
   2  3.479E+02  1.824E-03
   2  4.000E+02  1.308E-03
   2  4.599E+02  9.367E-04
   2  5.288E+02  6.700E-04
   2  6.080E+02  4.788E-04
   2  6.990E+02  3.418E-04
   2  8.037E+02  2.437E-04
   2  9.241E+02  1.736E-04
   2  1.062E+03  1.237E-04
   2  1.222E+03  8.775E-05
   2  1.404E+03  6.243E-05
   2  1.615E+03  4.424E-05
   2  1.857E+03  3.136E-05
   2  2.135E+03  2.221E-05
   2  2.454E+03  1.573E-05
   2  2.822E+03  1.111E-05
   2  3.245E+03  7.846E-06
   2  3.730E+03  5.540E-06
   2  4.289E+03  3.905E-06
   2  4.931E+03  2.751E-06
   2  5.670E+03  1.935E-06
   2  6.519E+03  1.361E-06
   2  7.495E+03  9.562E-07
   2  8.618E+03  6.711E-07
   2  9.908E+03  4.707E-07
   2  1.139E+04  3.300E-07
   2  1.310E+04  2.308E-07
   2  1.506E+04  1.615E-07
   2  1.732E+04  1.128E-07
   2  1.991E+04  7.880E-08
   2  2.289E+04  5.499E-08
   2  2.632E+04  3.832E-08
   2  3.026E+04  2.670E-08
   2  3.479E+04  1.858E-08
   2  4.000E+04  1.292E-08
   3  7.000E-02  4.949E-02
   3  8.048E-02  5.598E-02
   3  9.254E-02  6.316E-02
   3  1.064E-01  7.108E-02
   3  1.223E-01  7.973E-02
   3  1.406E-01  8.915E-02
   3  1.617E-01  9.933E-02
   3  1.859E-01  1.102E-01
   3  2.138E-01  1.216E-01
   3  2.458E-01  1.335E-01
   3  2.826E-01  1.457E-01
   3  3.249E-01  1.580E-01
   3  3.736E-01  1.701E-01
   3  4.295E-01  1.816E-01
   3  4.938E-01  1.922E-01
   3  5.678E-01  2.016E-01
   3  6.528E-01  2.092E-01
   3  7.506E-01  2.148E-01
   3  8.630E-01  2.179E-01
   3  9.922E-01  2.183E-01
   3  1.141E+00  2.160E-01
   3  1.312E+00  2.107E-01
   3  1.508E+00  2.027E-01
   3  1.734E+00  1.922E-01
   3  1.994E+00  1.796E-01
   3  2.292E+00  1.653E-01
   3  2.635E+00  1.499E-01
   3  3.030E+00  1.339E-01
   3  3.484E+00  1.179E-01
   3  4.006E+00  1.023E-01
   3  4.606E+00  8.751E-02
   3  5.295E+00  7.388E-02
   3  6.088E+00  6.156E-02
   3  7.000E+00  5.067E-02
   3  8.048E+00  4.122E-02
   3  9.254E+00  3.317E-02
   3  1.064E+01  2.642E-02
   3  1.223E+01  2.086E-02
   3  1.406E+01  1.632E-02
   3  1.617E+01  1.265E-02
   3  1.859E+01  9.746E-03
   3  2.138E+01  7.450E-03
   3  2.458E+01  5.662E-03
   3  2.826E+01  4.279E-03
   3  3.249E+01  3.217E-03
   3  3.736E+01  2.406E-03
   3  4.295E+01  1.792E-03
   3  4.938E+01  1.330E-03
   3  5.678E+01  9.825E-04
   3  6.528E+01  7.238E-04
   3  7.506E+01  5.314E-04
   3  8.630E+01  3.892E-04
   3  9.922E+01  2.843E-04
   3  1.141E+02  2.070E-04
   3  1.312E+02  1.505E-04
   3  1.508E+02  1.093E-04
   3  1.734E+02  7.910E-05
   3  1.994E+02  5.715E-05
   3  2.292E+02  4.127E-05
   3  2.635E+02  2.974E-05
   3  3.030E+02  2.139E-05
   3  3.484E+02  1.537E-05
   3  4.006E+02  1.102E-05
   3  4.606E+02  7.899E-06
   3  5.295E+02  5.655E-06
   3  6.088E+02  4.043E-06
   3  7.000E+02  2.886E-06
   3  8.048E+02  2.059E-06
   3  9.254E+02  1.467E-06
   3  1.064E+03  1.044E-06
   3  1.223E+03  7.428E-07
   3  1.406E+03  5.277E-07
   3  1.617E+03  3.743E-07
   3  1.859E+03  2.654E-07
   3  2.138E+03  1.878E-07
   3  2.458E+03  1.329E-07
   3  2.826E+03  9.399E-08
   3  3.249E+03  6.640E-08
   3  3.736E+03  4.684E-08
   3  4.295E+03  3.304E-08
   3  4.938E+03  2.327E-08
   3  5.678E+03  1.638E-08
   3  6.528E+03  1.152E-08
   3  7.506E+03  8.090E-09
   3  8.630E+03  5.679E-09
   3  9.922E+03  3.983E-09
   3  1.141E+04  2.790E-09
   3  1.312E+04  1.952E-09
   3  1.508E+04  1.367E-09
   3  1.734E+04  9.551E-10
   3  1.994E+04  6.666E-10
   3  2.292E+04  4.654E-10
   3  2.635E+04  3.245E-10
   3  3.030E+04  2.260E-10
   3  3.484E+04  1.572E-10
   3  4.006E+04  1.093E-10
   3  4.606E+04  7.592E-11
   3  5.295E+04  5.272E-11
   3  6.088E+04  3.656E-11
   3  7.000E+04  2.533E-11
   4  9.000E-02  2.394E-02
   4  1.035E-01  2.706E-02
   4  1.190E-01  3.051E-02
   4  1.368E-01  3.429E-02
   4  1.573E-01  3.843E-02
   4  1.808E-01  4.291E-02
   4  2.079E-01  4.773E-02
   4  2.390E-01  5.285E-02
   4  2.748E-01  5.823E-02
   4  3.160E-01  6.380E-02
   4  3.633E-01  6.946E-02
   4  4.177E-01  7.510E-02
   4  4.803E-01  8.058E-02
   4  5.522E-01  8.574E-02
   4  6.349E-01  9.041E-02
   4  7.300E-01  9.438E-02
   4  8.393E-01  9.748E-02
   4  9.650E-01  9.953E-02
   4  1.110E+00  1.004E-01
   4  1.276E+00  9.996E-02
   4  1.467E+00  9.819E-02
   4  1.686E+00  9.511E-02
   4  1.939E+00  9.078E-02
   4  2.229E+00  8.538E-02
   4  2.563E+00  7.909E-02
   4  2.947E+00  7.215E-02
   4  3.388E+00  6.483E-02
   4  3.896E+00  5.738E-02
   4  4.479E+00  5.004E-02
   4  5.150E+00  4.302E-02
   4  5.921E+00  3.648E-02
   4  6.808E+00  3.052E-02
   4  7.828E+00  2.521E-02
   4  9.000E+00  2.058E-02
   4  1.035E+01  1.660E-02
   4  1.190E+01  1.326E-02
   4  1.368E+01  1.049E-02
   4  1.573E+01  8.221E-03
   4  1.808E+01  6.393E-03
   4  2.079E+01  4.930E-03
   4  2.390E+01  3.777E-03
   4  2.748E+01  2.874E-03
   4  3.160E+01  2.173E-03
   4  3.633E+01  1.635E-03
   4  4.177E+01  1.224E-03
   4  4.803E+01  9.119E-04
   4  5.522E+01  6.768E-04
   4  6.349E+01  5.004E-04
   4  7.300E+01  3.687E-04
   4  8.393E+01  2.708E-04
   4  9.650E+01  1.983E-04
   4  1.110E+02  1.447E-04
   4  1.276E+02  1.054E-04
   4  1.467E+02  7.666E-05
   4  1.686E+02  5.566E-05
   4  1.939E+02  4.027E-05
   4  2.229E+02  2.911E-05
   4  2.563E+02  2.100E-05
   4  2.947E+02  1.512E-05
   4  3.388E+02  1.088E-05
   4  3.896E+02  7.807E-06
   4  4.479E+02  5.600E-06
   4  5.150E+02  4.010E-06
   4  5.921E+02  2.869E-06
   4  6.808E+02  2.049E-06
   4  7.828E+02  1.462E-06
   4  9.000E+02  1.043E-06
   4  1.035E+03  7.420E-07
   4  1.190E+03  5.278E-07
   4  1.368E+03  3.752E-07
   4  1.573E+03  2.663E-07
   4  1.808E+03  1.890E-07
   4  2.079E+03  1.339E-07
   4  2.390E+03  9.478E-08
   4  2.748E+03  6.702E-08
   4  3.160E+03  4.733E-08
   4  3.633E+03  3.342E-08
   4  4.177E+03  2.357E-08
   4  4.803E+03  1.660E-08
   4  5.522E+03  1.169E-08
   4  6.349E+03  8.220E-09
   4  7.300E+03  5.776E-09
   4  8.393E+03  4.055E-09
   4  9.650E+03  2.844E-09
   4  1.110E+04  1.991E-09
   4  1.276E+04  1.395E-09
   4  1.467E+04  9.762E-10
   4  1.686E+04  6.831E-10
   4  1.939E+04  4.768E-10
   4  2.229E+04  3.328E-10
   4  2.563E+04  2.320E-10
   4  2.947E+04  1.616E-10
   4  3.388E+04  1.125E-10
   4  3.896E+04  7.821E-11
   4  4.479E+04  5.436E-11
   4  5.150E+04  3.773E-11
   4  5.921E+04  2.617E-11
   4  6.808E+04  1.814E-11
   4  7.828E+04  1.256E-11
   4  9.000E+04  8.689E-12
   5  1.100E-01  3.882E-02
   5  1.265E-01  4.386E-02
   5  1.454E-01  4.939E-02
   5  1.672E-01  5.549E-02
   5  1.922E-01  6.211E-02
   5  2.210E-01  6.929E-02
   5  2.541E-01  7.698E-02
   5  2.922E-01  8.512E-02
   5  3.359E-01  9.362E-02
   5  3.862E-01  1.024E-01
   5  4.441E-01  1.112E-01
   5  5.106E-01  1.200E-01
   5  5.870E-01  1.284E-01
   5  6.749E-01  1.363E-01
   5  7.760E-01  1.432E-01
   5  8.922E-01  1.490E-01
   5  1.026E+00  1.533E-01
   5  1.179E+00  1.558E-01
   5  1.356E+00  1.565E-01
   5  1.559E+00  1.550E-01
   5  1.793E+00  1.514E-01
   5  2.061E+00  1.459E-01
   5  2.370E+00  1.384E-01
   5  2.725E+00  1.293E-01
   5  3.133E+00  1.190E-01
   5  3.602E+00  1.079E-01
   5  4.141E+00  9.631E-02
   5  4.762E+00  8.466E-02
   5  5.475E+00  7.334E-02
   5  6.295E+00  6.263E-02
   5  7.237E+00  5.276E-02
   5  8.321E+00  4.386E-02
   5  9.567E+00  3.602E-02
   5  1.100E+01  2.923E-02
   5  1.265E+01  2.345E-02
   5  1.454E+01  1.864E-02
   5  1.672E+01  1.467E-02
   5  1.922E+01  1.145E-02
   5  2.210E+01  8.857E-03
   5  2.541E+01  6.803E-03
   5  2.922E+01  5.189E-03
   5  3.359E+01  3.935E-03
   5  3.862E+01  2.967E-03
   5  4.441E+01  2.224E-03
   5  5.106E+01  1.660E-03
   5  5.870E+01  1.234E-03
   5  6.749E+01  9.138E-04
   5  7.760E+01  6.739E-04
   5  8.922E+01  4.954E-04
   5  1.026E+02  3.629E-04
   5  1.179E+02  2.656E-04
   5  1.356E+02  1.935E-04
   5  1.559E+02  1.407E-04
   5  1.793E+02  1.020E-04
   5  2.061E+02  7.392E-05
   5  2.370E+02  5.341E-05
   5  2.725E+02  3.853E-05
   5  3.133E+02  2.775E-05
   5  3.602E+02  1.996E-05
   5  4.141E+02  1.434E-05
   5  4.762E+02  1.028E-05
   5  5.475E+02  7.359E-06
   5  6.295E+02  5.263E-06
   5  7.237E+02  3.761E-06
   5  8.321E+02  2.683E-06
   5  9.567E+02  1.912E-06
   5  1.100E+03  1.361E-06
   5  1.265E+03  9.676E-07
   5  1.454E+03  6.879E-07
   5  1.672E+03  4.880E-07
   5  1.922E+03  3.461E-07
   5  2.210E+03  2.451E-07
   5  2.541E+03  1.734E-07
   5  2.922E+03  1.226E-07
   5  3.359E+03  8.660E-08
   5  3.862E+03  6.111E-08
   5  4.441E+03  4.306E-08
   5  5.106E+03  3.033E-08
   5  5.870E+03  2.135E-08
   5  6.749E+03  1.501E-08
   5  7.760E+03  1.054E-08
   5  8.922E+03  7.400E-09
   5  1.026E+04  5.187E-09
   5  1.179E+04  3.639E-09
   5  1.356E+04  2.545E-09
   5  1.559E+04  1.780E-09
   5  1.793E+04  1.243E-09
   5  2.061E+04  8.684E-10
   5  2.370E+04  6.055E-10
   5  2.725E+04  4.220E-10
   5  3.133E+04  2.939E-10
   5  3.602E+04  2.045E-10
   5  4.141E+04  1.422E-10
   5  4.762E+04  9.872E-11
   5  5.475E+04  6.851E-11
   5  6.295E+04  4.751E-11
   5  7.237E+04  3.292E-11
   5  8.321E+04  2.279E-11
   5  9.567E+04  1.576E-11
   5  1.100E+05  1.089E-11
   6  1.200E-01  2.849E-01
   6  1.380E-01  3.221E-01
   6  1.586E-01  3.631E-01
   6  1.824E-01  4.083E-01
   6  2.097E-01  4.577E-01
   6  2.411E-01  5.112E-01
   6  2.772E-01  5.687E-01
   6  3.187E-01  6.299E-01
   6  3.665E-01  6.942E-01
   6  4.213E-01  7.606E-01
   6  4.844E-01  8.282E-01
   6  5.570E-01  8.957E-01
   6  6.404E-01  9.611E-01
   6  7.363E-01  1.023E+00
   6  8.466E-01  1.078E+00
   6  9.734E-01  1.125E+00
   6  1.119E+00  1.162E+00
   6  1.287E+00  1.186E+00
   6  1.479E+00  1.195E+00
   6  1.701E+00  1.189E+00
   6  1.956E+00  1.166E+00
   6  2.249E+00  1.128E+00
   6  2.585E+00  1.075E+00
   6  2.972E+00  1.008E+00
   6  3.418E+00  9.318E-01
   6  3.929E+00  8.480E-01
   6  4.518E+00  7.597E-01
   6  5.195E+00  6.703E-01
   6  5.972E+00  5.828E-01
   6  6.867E+00  4.994E-01
   6  7.895E+00  4.220E-01
   6  9.078E+00  3.518E-01
   6  1.044E+01  2.895E-01
   6  1.200E+01  2.356E-01
   6  1.380E+01  1.895E-01
   6  1.586E+01  1.510E-01
   6  1.824E+01  1.190E-01
   6  2.097E+01  9.297E-02
   6  2.411E+01  7.205E-02
   6  2.772E+01  5.542E-02
   6  3.187E+01  4.233E-02
   6  3.665E+01  3.211E-02
   6  4.213E+01  2.424E-02
   6  4.844E+01  1.819E-02
   6  5.570E+01  1.358E-02
   6  6.404E+01  1.010E-02
   6  7.363E+01  7.478E-03
   6  8.466E+01  5.517E-03
   6  9.734E+01  4.056E-03
   6  1.119E+02  2.974E-03
   6  1.287E+02  2.172E-03
   6  1.479E+02  1.585E-03
   6  1.701E+02  1.152E-03
   6  1.956E+02  8.352E-04
   6  2.249E+02  6.046E-04
   6  2.585E+02  4.372E-04
   6  2.972E+02  3.154E-04
   6  3.418E+02  2.269E-04
   6  3.929E+02  1.632E-04
   6  4.518E+02  1.171E-04
   6  5.195E+02  8.395E-05
   6  5.972E+02  6.012E-05
   6  6.867E+02  4.297E-05
   6  7.895E+02  3.068E-05
   6  9.078E+02  2.188E-05
   6  1.044E+03  1.558E-05
   6  1.200E+03  1.109E-05
   6  1.380E+03  7.880E-06
   6  1.586E+03  5.601E-06
   6  1.824E+03  3.970E-06
   6  2.097E+03  2.814E-06
   6  2.411E+03  1.992E-06
   6  2.772E+03  1.409E-06
   6  3.187E+03  9.957E-07
   6  3.665E+03  7.025E-07
   6  4.213E+03  4.957E-07
   6  4.844E+03  3.493E-07
   6  5.570E+03  2.458E-07
   6  6.404E+03  1.729E-07
   6  7.363E+03  1.215E-07
   6  8.466E+03  8.530E-08
   6  9.734E+03  5.983E-08
   6  1.119E+04  4.195E-08
   6  1.287E+04  2.935E-08
   6  1.479E+04  2.056E-08
   6  1.701E+04  1.436E-08
   6  1.956E+04  1.003E-08
   6  2.249E+04  6.995E-09
   6  2.585E+04  4.881E-09
   6  2.972E+04  3.400E-09
   6  3.418E+04  2.365E-09
   6  3.929E+04  1.646E-09
   6  4.518E+04  1.143E-09
   6  5.195E+04  7.933E-10
   6  5.972E+04  5.504E-10
   6  6.867E+04  3.814E-10
   6  7.895E+04  2.641E-10
   6  9.078E+04  1.827E-10
   6  1.044E+05  1.262E-10
   6  1.200E+05  8.723E-11
   7  1.400E-01  7.098E-02
   7  1.610E-01  8.019E-02
   7  1.851E-01  9.035E-02
   7  2.128E-01  1.015E-01
   7  2.447E-01  1.137E-01
   7  2.813E-01  1.268E-01
   7  3.234E-01  1.409E-01
   7  3.719E-01  1.559E-01
   7  4.275E-01  1.715E-01
   7  4.916E-01  1.876E-01
   7  5.652E-01  2.039E-01
   7  6.498E-01  2.201E-01
   7  7.471E-01  2.356E-01
   7  8.590E-01  2.500E-01
   7  9.877E-01  2.629E-01
   7  1.136E+00  2.735E-01
   7  1.306E+00  2.814E-01
   7  1.501E+00  2.861E-01
   7  1.726E+00  2.872E-01
   7  1.984E+00  2.845E-01
   7  2.282E+00  2.778E-01
   7  2.623E+00  2.674E-01
   7  3.016E+00  2.536E-01
   7  3.468E+00  2.367E-01
   7  3.987E+00  2.177E-01
   7  4.584E+00  1.970E-01
   7  5.271E+00  1.756E-01
   7  6.060E+00  1.541E-01
   7  6.968E+00  1.333E-01
   7  8.011E+00  1.136E-01
   7  9.211E+00  9.553E-02
   7  1.059E+01  7.927E-02
   7  1.218E+01  6.493E-02
   7  1.400E+01  5.261E-02
   7  1.610E+01  4.213E-02
   7  1.851E+01  3.341E-02
   7  2.128E+01  2.625E-02
   7  2.447E+01  2.043E-02
   7  2.813E+01  1.579E-02
   7  3.234E+01  1.211E-02
   7  3.719E+01  9.217E-03
   7  4.275E+01  6.979E-03
   7  4.916E+01  5.251E-03
   7  5.652E+01  3.932E-03
   7  6.498E+01  2.931E-03
   7  7.471E+01  2.175E-03
   7  8.590E+01  1.607E-03
   7  9.877E+01  1.183E-03
   7  1.136E+02  8.679E-04
   7  1.306E+02  6.353E-04
   7  1.501E+02  4.640E-04
   7  1.726E+02  3.376E-04
   7  1.984E+02  2.453E-04
   7  2.282E+02  1.776E-04
   7  2.623E+02  1.285E-04
   7  3.016E+02  9.269E-05
   7  3.468E+02  6.676E-05
   7  3.987E+02  4.803E-05
   7  4.584E+02  3.449E-05
   7  5.271E+02  2.472E-05
   7  6.060E+02  1.770E-05
   7  6.968E+02  1.266E-05
   7  8.011E+02  9.041E-06
   7  9.211E+02  6.448E-06
   7  1.059E+03  4.594E-06
   7  1.218E+03  3.267E-06
   7  1.400E+03  2.324E-06
   7  1.610E+03  1.649E-06
   7  1.851E+03  1.170E-06
   7  2.128E+03  8.294E-07
   7  2.447E+03  5.869E-07
   7  2.813E+03  4.153E-07
   7  3.234E+03  2.935E-07
   7  3.719E+03  2.071E-07
   7  4.275E+03  1.461E-07
   7  4.916E+03  1.029E-07
   7  5.652E+03  7.245E-08
   7  6.498E+03  5.096E-08
   7  7.471E+03  3.581E-08
   7  8.590E+03  2.514E-08
   7  9.877E+03  1.763E-08
   7  1.136E+04  1.234E-08
   7  1.306E+04  8.645E-09
   7  1.501E+04  6.054E-09
   7  1.726E+04  4.230E-09
   7  1.984E+04  2.956E-09
   7  2.282E+04  2.060E-09
   7  2.623E+04  1.437E-09
   7  3.016E+04  1.001E-09
   7  3.468E+04  6.965E-10
   7  3.987E+04  4.844E-10
   7  4.584E+04  3.366E-10
   7  5.271E+04  2.336E-10
   7  6.060E+04  1.620E-10
   7  6.968E+04  1.122E-10
   7  8.011E+04  7.773E-11
   7  9.211E+04  5.377E-11
   7  1.059E+05  3.717E-11
   7  1.218E+05  2.564E-11
   7  1.400E+05  1.771E-11
   8  1.600E-01  1.220E-01
   8  1.840E-01  1.377E-01
   8  2.115E-01  1.551E-01
   8  2.432E-01  1.741E-01
   8  2.796E-01  1.948E-01
   8  3.215E-01  2.172E-01
   8  3.696E-01  2.411E-01
   8  4.250E-01  2.664E-01
   8  4.886E-01  2.928E-01
   8  5.618E-01  3.198E-01
   8  6.459E-01  3.470E-01
   8  7.427E-01  3.738E-01
   8  8.539E-01  3.994E-01
   8  9.817E-01  4.230E-01
   8  1.129E+00  4.437E-01
   8  1.298E+00  4.604E-01
   8  1.492E+00  4.724E-01
   8  1.716E+00  4.788E-01
   8  1.973E+00  4.791E-01
   8  2.268E+00  4.729E-01
   8  2.608E+00  4.602E-01
   8  2.998E+00  4.412E-01
   8  3.447E+00  4.167E-01
   8  3.963E+00  3.875E-01
   8  4.557E+00  3.547E-01
   8  5.239E+00  3.197E-01
   8  6.024E+00  2.837E-01
   8  6.926E+00  2.480E-01
   8  7.963E+00  2.136E-01
   8  9.156E+00  1.813E-01
   8  1.053E+01  1.518E-01
   8  1.210E+01  1.256E-01
   8  1.392E+01  1.024E-01
   8  1.600E+01  8.271E-02
   8  1.840E+01  6.601E-02
   8  2.115E+01  5.220E-02
   8  2.432E+01  4.088E-02
   8  2.796E+01  3.175E-02
   8  3.215E+01  2.445E-02
   8  3.696E+01  1.871E-02
   8  4.250E+01  1.421E-02
   8  4.886E+01  1.074E-02
   8  5.618E+01  8.064E-03
   8  6.459E+01  6.028E-03
   8  7.427E+01  4.483E-03
   8  8.539E+01  3.321E-03
   8  9.817E+01  2.451E-03
   8  1.129E+02  1.802E-03
   8  1.298E+02  1.321E-03
   8  1.492E+02  9.657E-04
   8  1.716E+02  7.033E-04
   8  1.973E+02  5.113E-04
   8  2.268E+02  3.710E-04
   8  2.608E+02  2.684E-04
   8  2.998E+02  1.939E-04
   8  3.447E+02  1.398E-04
   8  3.963E+02  1.006E-04
   8  4.557E+02  7.229E-05
   8  5.239E+02  5.187E-05
   8  6.024E+02  3.715E-05
   8  6.926E+02  2.657E-05
   8  7.963E+02  1.899E-05
   8  9.156E+02  1.354E-05
   8  1.053E+03  9.646E-06
   8  1.210E+03  6.876E-06
   8  1.392E+03  4.882E-06
   8  1.600E+03  3.470E-06
   8  1.840E+03  2.461E-06
   8  2.115E+03  1.745E-06
   8  2.432E+03  1.235E-06
   8  2.796E+03  8.739E-07
   8  3.215E+03  6.174E-07
   8  3.696E+03  4.360E-07
   8  4.250E+03  3.074E-07
   8  4.886E+03  2.167E-07
   8  5.618E+03  1.525E-07
   8  6.459E+03  1.073E-07
   8  7.427E+03  7.537E-08
   8  8.539E+03  5.292E-08
   8  9.817E+03  3.713E-08
   8  1.129E+04  2.600E-08
   8  1.298E+04  1.821E-08
   8  1.492E+04  1.275E-08
   8  1.716E+04  8.904E-09
   8  1.973E+04  6.218E-09
   8  2.268E+04  4.341E-09
   8  2.608E+04  3.026E-09
   8  2.998E+04  2.109E-09
   8  3.447E+04  1.467E-09
   8  3.963E+04  1.021E-09
   8  4.557E+04  7.089E-10
   8  5.239E+04  4.922E-10
   8  6.024E+04  3.413E-10
   8  6.926E+04  2.365E-10
   8  7.963E+04  1.638E-10
   8  9.156E+04  1.133E-10
   8  1.053E+05  7.825E-11
   8  1.210E+05  5.413E-11
   8  1.392E+05  3.729E-11
   8  1.600E+05  2.573E-11
   9  1.900E-01  1.069E-02
   9  2.185E-01  1.205E-02
   9  2.512E-01  1.355E-02
   9  2.888E-01  1.518E-02
   9  3.320E-01  1.695E-02
   9  3.818E-01  1.886E-02
   9  4.389E-01  2.087E-02
   9  5.047E-01  2.299E-02
   9  5.802E-01  2.518E-02
   9  6.671E-01  2.741E-02
   9  7.670E-01  2.961E-02
   9  8.819E-01  3.175E-02
   9  1.014E+00  3.376E-02
   9  1.166E+00  3.555E-02
   9  1.340E+00  3.705E-02
   9  1.541E+00  3.820E-02
   9  1.772E+00  3.892E-02
   9  2.037E+00  3.915E-02
   9  2.342E+00  3.886E-02
   9  2.693E+00  3.803E-02
   9  3.097E+00  3.668E-02
   9  3.560E+00  3.485E-02
   9  4.093E+00  3.261E-02
   9  4.706E+00  3.003E-02
   9  5.411E+00  2.723E-02
   9  6.222E+00  2.430E-02
   9  7.153E+00  2.136E-02
   9  8.225E+00  1.850E-02
   9  9.456E+00  1.579E-02
   9  1.087E+01  1.329E-02
   9  1.250E+01  1.103E-02
   9  1.437E+01  9.045E-03
   9  1.653E+01  7.323E-03
   9  1.900E+01  5.870E-03
   9  2.185E+01  4.653E-03
   9  2.512E+01  3.656E-03
   9  2.888E+01  2.846E-03
   9  3.320E+01  2.199E-03
   9  3.818E+01  1.685E-03
   9  4.389E+01  1.283E-03
   9  5.047E+01  9.703E-04
   9  5.802E+01  7.302E-04
   9  6.671E+01  5.464E-04
   9  7.670E+01  4.070E-04
   9  8.819E+01  3.018E-04
   9  1.014E+02  2.229E-04
   9  1.166E+02  1.640E-04
   9  1.340E+02  1.204E-04
   9  1.541E+02  8.800E-05
   9  1.772E+02  6.415E-05
   9  2.037E+02  4.667E-05
   9  2.342E+02  3.387E-05
   9  2.693E+02  2.451E-05
   9  3.097E+02  1.770E-05
   9  3.560E+02  1.277E-05
   9  4.093E+02  9.191E-06
   9  4.706E+02  6.605E-06
   9  5.411E+02  4.738E-06
   9  6.222E+02  3.393E-06
   9  7.153E+02  2.428E-06
   9  8.225E+02  1.734E-06
   9  9.456E+02  1.237E-06
   9  1.087E+03  8.823E-07
   9  1.250E+03  6.277E-07
   9  1.437E+03  4.464E-07
   9  1.653E+03  3.166E-07
   9  1.900E+03  2.248E-07
   9  2.185E+03  1.592E-07
   9  2.512E+03  1.127E-07
   9  2.888E+03  7.975E-08
   9  3.320E+03  5.636E-08
   9  3.818E+03  3.976E-08
   9  4.389E+03  2.805E-08
   9  5.047E+03  1.976E-08
   9  5.802E+03  1.391E-08
   9  6.671E+03  9.783E-09
   9  7.670E+03  6.873E-09
   9  8.819E+03  4.824E-09
   9  1.014E+04  3.383E-09
   9  1.166E+04  2.370E-09
   9  1.340E+04  1.661E-09
   9  1.541E+04  1.161E-09
   9  1.772E+04  8.113E-10
   9  2.037E+04  5.667E-10
   9  2.342E+04  3.954E-10
   9  2.693E+04  2.755E-10
   9  3.097E+04  1.918E-10
   9  3.560E+04  1.335E-10
   9  4.093E+04  9.284E-11
   9  4.706E+04  6.449E-11
   9  5.411E+04  4.475E-11
   9  6.222E+04  3.103E-11
   9  7.153E+04  2.150E-11
   9  8.225E+04  1.488E-11
   9  9.456E+04  1.030E-11
   9  1.087E+05  7.118E-12
   9  1.250E+05  4.913E-12
   9  1.437E+05  3.391E-12
   9  1.653E+05  2.334E-12
   9  1.900E+05  1.609E-12
  10  2.000E-01  3.819E-02
  10  2.300E-01  4.309E-02
  10  2.644E-01  4.847E-02
  10  3.040E-01  5.437E-02
  10  3.495E-01  6.076E-02
  10  4.018E-01  6.764E-02
  10  4.620E-01  7.497E-02
  10  5.312E-01  8.268E-02
  10  6.108E-01  9.068E-02
  10  7.022E-01  9.883E-02
  10  8.074E-01  1.070E-01
  10  9.283E-01  1.149E-01
  10  1.067E+00  1.224E-01
  10  1.227E+00  1.292E-01
  10  1.411E+00  1.350E-01
  10  1.622E+00  1.395E-01
  10  1.865E+00  1.425E-01
  10  2.145E+00  1.438E-01
  10  2.466E+00  1.432E-01
  10  2.835E+00  1.406E-01
  10  3.260E+00  1.360E-01
  10  3.748E+00  1.296E-01
  10  4.309E+00  1.217E-01
  10  4.954E+00  1.125E-01
  10  5.696E+00  1.023E-01
  10  6.549E+00  9.160E-02
  10  7.530E+00  8.077E-02
  10  8.658E+00  7.015E-02
  10  9.954E+00  6.004E-02
  10  1.144E+01  5.069E-02
  10  1.316E+01  4.217E-02
  10  1.513E+01  3.466E-02
  10  1.739E+01  2.816E-02
  10  2.000E+01  2.260E-02
  10  2.300E+01  1.795E-02
  10  2.644E+01  1.412E-02
  10  3.040E+01  1.101E-02
  10  3.495E+01  8.517E-03
  10  4.018E+01  6.538E-03
  10  4.620E+01  4.982E-03
  10  5.312E+01  3.772E-03
  10  6.108E+01  2.840E-03
  10  7.022E+01  2.127E-03
  10  8.074E+01  1.585E-03
  10  9.283E+01  1.176E-03
  10  1.067E+02  8.696E-04
  10  1.227E+02  6.399E-04
  10  1.411E+02  4.693E-04
  10  1.622E+02  3.434E-04
  10  1.865E+02  2.504E-04
  10  2.145E+02  1.820E-04
  10  2.466E+02  1.321E-04
  10  2.835E+02  9.565E-05
  10  3.260E+02  6.908E-05
  10  3.748E+02  4.981E-05
  10  4.309E+02  3.586E-05
  10  4.954E+02  2.577E-05
  10  5.696E+02  1.848E-05
  10  6.549E+02  1.324E-05
  10  7.530E+02  9.467E-06
  10  8.658E+02  6.761E-06
  10  9.954E+02  4.824E-06
  10  1.144E+03  3.440E-06
  10  1.316E+03  2.445E-06
  10  1.513E+03  1.738E-06
  10  1.739E+03  1.235E-06
  10  2.000E+03  8.752E-07
  10  2.300E+03  6.197E-07
  10  2.644E+03  4.388E-07
  10  3.040E+03  3.102E-07
  10  3.495E+03  2.192E-07
  10  4.018E+03  1.547E-07
  10  4.620E+03  1.090E-07
  10  5.312E+03  7.680E-08
  10  6.108E+03  5.403E-08
  10  7.022E+03  3.799E-08
  10  8.074E+03  2.668E-08
  10  9.283E+03  1.872E-08
  10  1.067E+04  1.314E-08
  10  1.227E+04  9.199E-09
  10  1.411E+04  6.435E-09
  10  1.622E+04  4.502E-09
  10  1.865E+04  3.145E-09
  10  2.145E+04  2.193E-09
  10  2.466E+04  1.530E-09
  10  2.835E+04  1.067E-09
  10  3.260E+04  7.423E-10
  10  3.748E+04  5.164E-10
  10  4.309E+04  3.590E-10
  10  4.954E+04  2.493E-10
  10  5.696E+04  1.730E-10
  10  6.549E+04  1.199E-10
  10  7.530E+04  8.305E-11
  10  8.658E+04  5.747E-11
  10  9.954E+04  3.974E-11
  10  1.144E+05  2.749E-11
  10  1.316E+05  1.895E-11
  10  1.513E+05  1.307E-11
  10  1.739E+05  9.014E-12
  10  2.000E+05  6.202E-12
  11  2.300E-01  7.739E-03
  11  2.644E-01  8.719E-03
  11  3.040E-01  9.795E-03
  11  3.496E-01  1.097E-02
  11  4.019E-01  1.224E-02
  11  4.621E-01  1.360E-02
  11  5.313E-01  1.504E-02
  11  6.109E-01  1.655E-02
  11  7.024E-01  1.810E-02
  11  8.076E-01  1.967E-02
  11  9.285E-01  2.121E-02
  11  1.068E+00  2.271E-02
  11  1.227E+00  2.408E-02
  11  1.411E+00  2.530E-02
  11  1.623E+00  2.631E-02
  11  1.866E+00  2.705E-02
  11  2.145E+00  2.747E-02
  11  2.466E+00  2.755E-02
  11  2.836E+00  2.725E-02
  11  3.260E+00  2.657E-02
  11  3.748E+00  2.553E-02
  11  4.310E+00  2.416E-02
  11  4.955E+00  2.251E-02
  11  5.697E+00  2.064E-02
  11  6.550E+00  1.864E-02
  11  7.531E+00  1.656E-02
  11  8.659E+00  1.449E-02
  11  9.956E+00  1.250E-02
  11  1.145E+01  1.062E-02
  11  1.316E+01  8.900E-03
  11  1.513E+01  7.361E-03
  11  1.740E+01  6.010E-03
  11  2.000E+01  4.854E-03
  11  2.300E+01  3.874E-03
  11  2.644E+01  3.063E-03
  11  3.040E+01  2.398E-03
  11  3.496E+01  1.860E-03
  11  4.019E+01  1.433E-03
  11  4.621E+01  1.095E-03
  11  5.313E+01  8.318E-04
  11  6.109E+01  6.278E-04
  11  7.024E+01  4.711E-04
  11  8.076E+01  3.518E-04
  11  9.285E+01  2.615E-04
  11  1.068E+02  1.934E-04
  11  1.227E+02  1.428E-04
  11  1.411E+02  1.049E-04
  11  1.623E+02  7.672E-05
  11  1.866E+02  5.601E-05
  11  2.145E+02  4.080E-05
  11  2.466E+02  2.963E-05
  11  2.836E+02  2.146E-05
  11  3.260E+02  1.552E-05
  11  3.748E+02  1.120E-05
  11  4.310E+02  8.060E-06
  11  4.955E+02  5.795E-06
  11  5.697E+02  4.158E-06
  11  6.550E+02  2.980E-06
  11  7.531E+02  2.132E-06
  11  8.659E+02  1.523E-06
  11  9.956E+02  1.087E-06
  11  1.145E+03  7.737E-07
  11  1.316E+03  5.512E-07
  11  1.513E+03  3.919E-07
  11  1.740E+03  2.781E-07
  11  2.000E+03  1.974E-07
  11  2.300E+03  1.398E-07
  11  2.644E+03  9.898E-08
  11  3.040E+03  6.999E-08
  11  3.496E+03  4.941E-08
  11  4.019E+03  3.488E-08
  11  4.621E+03  2.459E-08
  11  5.313E+03  1.732E-08
  11  6.109E+03  1.219E-08
  11  7.024E+03  8.567E-09
  11  8.076E+03  6.018E-09
  11  9.285E+03  4.223E-09
  11  1.068E+04  2.958E-09
  11  1.227E+04  2.076E-09
  11  1.411E+04  1.452E-09
  11  1.623E+04  1.015E-09
  11  1.866E+04  7.089E-10
  11  2.145E+04  4.951E-10
  11  2.466E+04  3.454E-10
  11  2.836E+04  2.405E-10
  11  3.260E+04  1.675E-10
  11  3.748E+04  1.166E-10
  11  4.310E+04  8.098E-11
  11  4.955E+04  5.625E-11
  11  5.697E+04  3.903E-11
  11  6.550E+04  2.706E-11
  11  7.531E+04  1.874E-11
  11  8.659E+04  1.297E-11
  11  9.956E+04  8.966E-12
  11  1.145E+05  6.190E-12
  11  1.316E+05  4.277E-12
  11  1.513E+05  2.950E-12
  11  1.740E+05  2.032E-12
  11  2.000E+05  1.400E-12
  11  2.300E+05  9.625E-13
  12  2.400E-01  2.486E-02
  12  2.759E-01  2.802E-02
  12  3.173E-01  3.151E-02
  12  3.648E-01  3.531E-02
  12  4.194E-01  3.942E-02
  12  4.822E-01  4.384E-02
  12  5.544E-01  4.853E-02
  12  6.375E-01  5.346E-02
  12  7.329E-01  5.854E-02
  12  8.427E-01  6.370E-02
  12  9.689E-01  6.882E-02
  12  1.114E+00  7.377E-02
  12  1.281E+00  7.840E-02
  12  1.473E+00  8.254E-02
  12  1.693E+00  8.600E-02
  12  1.947E+00  8.862E-02
  12  2.238E+00  9.023E-02
  12  2.573E+00  9.071E-02
  12  2.959E+00  8.997E-02
  12  3.402E+00  8.798E-02
  12  3.911E+00  8.478E-02
  12  4.497E+00  8.046E-02
  12  5.171E+00  7.519E-02
  12  5.945E+00  6.916E-02
  12  6.835E+00  6.263E-02
  12  7.859E+00  5.582E-02
  12  9.036E+00  4.899E-02
  12  1.039E+01  4.235E-02
  12  1.194E+01  3.610E-02
  12  1.373E+01  3.033E-02
  12  1.579E+01  2.513E-02
  12  1.816E+01  2.056E-02
  12  2.087E+01  1.664E-02
  12  2.400E+01  1.331E-02
  12  2.759E+01  1.054E-02
  12  3.173E+01  8.259E-03
  12  3.648E+01  6.420E-03
  12  4.194E+01  4.950E-03
  12  4.822E+01  3.789E-03
  12  5.544E+01  2.880E-03
  12  6.375E+01  2.175E-03
  12  7.329E+01  1.634E-03
  12  8.427E+01  1.221E-03
  12  9.689E+01  9.079E-04
  12  1.114E+02  6.723E-04
  12  1.281E+02  4.957E-04
  12  1.473E+02  3.642E-04
  12  1.693E+02  2.669E-04
  12  1.947E+02  1.948E-04
  12  2.238E+02  1.419E-04
  12  2.573E+02  1.031E-04
  12  2.959E+02  7.465E-05
  12  3.402E+02  5.397E-05
  12  3.911E+02  3.895E-05
  12  4.497E+02  2.804E-05
  12  5.171E+02  2.015E-05
  12  5.945E+02  1.446E-05
  12  6.835E+02  1.036E-05
  12  7.859E+02  7.410E-06
  12  9.036E+02  5.293E-06
  12  1.039E+03  3.775E-06
  12  1.194E+03  2.693E-06
  12  1.373E+03  1.916E-06
  12  1.579E+03  1.361E-06
  12  1.816E+03  9.654E-07
  12  2.087E+03  6.854E-07
  12  2.400E+03  4.853E-07
  12  2.759E+03  3.435E-07
  12  3.173E+03  2.427E-07
  12  3.648E+03  1.714E-07
  12  4.194E+03  1.210E-07
  12  4.822E+03  8.527E-08
  12  5.544E+03  6.005E-08
  12  6.375E+03  4.223E-08
  12  7.329E+03  2.969E-08
  12  8.427E+03  2.085E-08
  12  9.689E+03  1.463E-08
  12  1.114E+04  1.025E-08
  12  1.281E+04  7.177E-09
  12  1.473E+04  5.021E-09
  12  1.693E+04  3.513E-09
  12  1.947E+04  2.452E-09
  12  2.238E+04  1.713E-09
  12  2.573E+04  1.194E-09
  12  2.959E+04  8.315E-10
  12  3.402E+04  5.788E-10
  12  3.911E+04  4.027E-10
  12  4.497E+04  2.797E-10
  12  5.171E+04  1.942E-10
  12  5.945E+04  1.347E-10
  12  6.835E+04  9.336E-11
  12  7.859E+04  6.464E-11
  12  9.036E+04  4.472E-11
  12  1.039E+05  3.091E-11
  12  1.194E+05  2.138E-11
  12  1.373E+05  1.475E-11
  12  1.579E+05  1.016E-11
  12  1.816E+05  6.995E-12
  12  2.087E+05  4.821E-12
  12  2.400E+05  3.314E-12
  13  2.700E-01  7.408E-03
  13  3.104E-01  8.342E-03
  13  3.569E-01  9.368E-03
  13  4.104E-01  1.049E-02
  13  4.718E-01  1.169E-02
  13  5.425E-01  1.298E-02
  13  6.237E-01  1.434E-02
  13  7.171E-01  1.576E-02
  13  8.245E-01  1.722E-02
  13  9.480E-01  1.869E-02
  13  1.090E+00  2.014E-02
  13  1.253E+00  2.152E-02
  13  1.441E+00  2.279E-02
  13  1.657E+00  2.390E-02
  13  1.905E+00  2.480E-02
  13  2.190E+00  2.544E-02
  13  2.518E+00  2.578E-02
  13  2.895E+00  2.579E-02
  13  3.329E+00  2.544E-02
  13  3.827E+00  2.474E-02
  13  4.400E+00  2.370E-02
  13  5.059E+00  2.236E-02
  13  5.817E+00  2.076E-02
  13  6.688E+00  1.898E-02
  13  7.690E+00  1.708E-02
  13  8.841E+00  1.513E-02
  13  1.017E+01  1.319E-02
  13  1.169E+01  1.134E-02
  13  1.344E+01  9.606E-03
  13  1.545E+01  8.026E-03
  13  1.776E+01  6.620E-03
  13  2.042E+01  5.391E-03
  13  2.348E+01  4.339E-03
  13  2.700E+01  3.455E-03
  13  3.104E+01  2.724E-03
  13  3.569E+01  2.127E-03
  13  4.104E+01  1.647E-03
  13  4.718E+01  1.266E-03
  13  5.425E+01  9.656E-04
  13  6.237E+01  7.319E-04
  13  7.171E+01  5.514E-04
  13  8.245E+01  4.131E-04
  13  9.480E+01  3.080E-04
  13  1.090E+02  2.285E-04
  13  1.253E+02  1.689E-04
  13  1.441E+02  1.243E-04
  13  1.657E+02  9.117E-05
  13  1.905E+02  6.668E-05
  13  2.190E+02  4.863E-05
  13  2.518E+02  3.536E-05
  13  2.895E+02  2.565E-05
  13  3.329E+02  1.855E-05
  13  3.827E+02  1.340E-05
  13  4.400E+02  9.656E-06
  13  5.059E+02  6.945E-06
  13  5.817E+02  4.986E-06
  13  6.688E+02  3.574E-06
  13  7.690E+02  2.558E-06
  13  8.841E+02  1.828E-06
  13  1.017E+03  1.303E-06
  13  1.169E+03  9.295E-07
  13  1.344E+03  6.618E-07
  13  1.545E+03  4.707E-07
  13  1.776E+03  3.344E-07
  13  2.042E+03  2.372E-07
  13  2.348E+03  1.681E-07
  13  2.700E+03  1.189E-07
  13  3.104E+03  8.411E-08
  13  3.569E+03  5.941E-08
  13  4.104E+03  4.191E-08
  13  4.718E+03  2.956E-08
  13  5.425E+03  2.081E-08
  13  6.237E+03  1.465E-08
  13  7.171E+03  1.030E-08
  13  8.245E+03  7.232E-09
  13  9.480E+03  5.074E-09
  13  1.090E+04  3.557E-09
  13  1.253E+04  2.493E-09
  13  1.441E+04  1.743E-09
  13  1.657E+04  1.219E-09
  13  1.905E+04  8.515E-10
  13  2.190E+04  5.945E-10
  13  2.518E+04  4.146E-10
  13  2.895E+04  2.889E-10
  13  3.329E+04  2.010E-10
  13  3.827E+04  1.399E-10
  13  4.400E+04  9.721E-11
  13  5.059E+04  6.750E-11
  13  5.817E+04  4.682E-11
  13  6.688E+04  3.245E-11
  13  7.690E+04  2.247E-11
  13  8.841E+04  1.555E-11
  13  1.017E+05  1.074E-11
  13  1.169E+05  7.423E-12
  13  1.344E+05  5.124E-12
  13  1.545E+05  3.535E-12
  13  1.776E+05  2.437E-12
  13  2.042E+05  1.678E-12
  13  2.348E+05  1.154E-12
  13  2.700E+05  7.926E-13
  14  2.800E-01  1.821E-02
  14  3.219E-01  2.052E-02
  14  3.701E-01  2.305E-02
  14  4.256E-01  2.582E-02
  14  4.893E-01  2.881E-02
  14  5.626E-01  3.201E-02
  14  6.468E-01  3.540E-02
  14  7.437E-01  3.895E-02
  14  8.551E-01  4.260E-02
  14  9.831E-01  4.629E-02
  14  1.130E+00  4.994E-02
  14  1.300E+00  5.346E-02
  14  1.494E+00  5.670E-02
  14  1.718E+00  5.957E-02
  14  1.975E+00  6.194E-02
  14  2.271E+00  6.368E-02
  14  2.611E+00  6.467E-02
  14  3.002E+00  6.484E-02
  14  3.452E+00  6.412E-02
  14  3.969E+00  6.251E-02
  14  4.563E+00  6.005E-02
  14  5.247E+00  5.680E-02
  14  6.032E+00  5.290E-02
  14  6.936E+00  4.849E-02
  14  7.975E+00  4.375E-02
  14  9.169E+00  3.886E-02
  14  1.054E+01  3.399E-02
  14  1.212E+01  2.928E-02
  14  1.394E+01  2.485E-02
  14  1.602E+01  2.082E-02
  14  1.842E+01  1.720E-02
  14  2.118E+01  1.403E-02
  14  2.435E+01  1.132E-02
  14  2.800E+01  9.025E-03
  14  3.219E+01  7.127E-03
  14  3.701E+01  5.575E-03
  14  4.256E+01  4.321E-03
  14  4.893E+01  3.324E-03
  14  5.626E+01  2.538E-03
  14  6.468E+01  1.926E-03
  14  7.437E+01  1.452E-03
  14  8.551E+01  1.088E-03
  14  9.831E+01  8.119E-04
  14  1.130E+02  6.032E-04
  14  1.300E+02  4.454E-04
  14  1.494E+02  3.283E-04
  14  1.718E+02  2.409E-04
  14  1.975E+02  1.762E-04
  14  2.271E+02  1.285E-04
  14  2.611E+02  9.344E-05
  14  3.002E+02  6.778E-05
  14  3.452E+02  4.903E-05
  14  3.969E+02  3.540E-05
  14  4.563E+02  2.552E-05
  14  5.247E+02  1.835E-05
  14  6.032E+02  1.318E-05
  14  6.936E+02  9.442E-06
  14  7.975E+02  6.757E-06
  14  9.169E+02  4.829E-06
  14  1.054E+03  3.448E-06
  14  1.212E+03  2.456E-06
  14  1.394E+03  1.747E-06
  14  1.602E+03  1.243E-06
  14  1.842E+03  8.825E-07
  14  2.118E+03  6.258E-07
  14  2.435E+03  4.434E-07
  14  2.800E+03  3.137E-07
  14  3.219E+03  2.219E-07
  14  3.701E+03  1.567E-07
  14  4.256E+03  1.105E-07
  14  4.893E+03  7.790E-08
  14  5.626E+03  5.485E-08
  14  6.468E+03  3.860E-08
  14  7.437E+03  2.712E-08
  14  8.551E+03  1.905E-08
  14  9.831E+03  1.336E-08
  14  1.130E+04  9.374E-09
  14  1.300E+04  6.554E-09
  14  1.494E+04  4.591E-09
  14  1.718E+04  3.208E-09
  14  1.975E+04  2.242E-09
  14  2.271E+04  1.564E-09
  14  2.611E+04  1.090E-09
  14  3.002E+04  7.596E-10
  14  3.452E+04  5.285E-10
  14  3.969E+04  3.675E-10
  14  4.563E+04  2.554E-10
  14  5.247E+04  1.772E-10
  14  6.032E+04  1.230E-10
  14  6.936E+04  8.519E-11
  14  7.975E+04  5.898E-11
  14  9.169E+04  4.081E-11
  14  1.054E+05  2.822E-11
  14  1.212E+05  1.948E-11
  14  1.394E+05  1.343E-11
  14  1.602E+05  9.273E-12
  14  1.842E+05  6.387E-12
  14  2.118E+05  4.395E-12
  14  2.435E+05  3.023E-12
  14  2.800E+05  2.076E-12
  15  3.100E-01  1.193E-03
  15  3.564E-01  1.344E-03
  15  4.098E-01  1.508E-03
  15  4.712E-01  1.687E-03
  15  5.417E-01  1.880E-03
  15  6.229E-01  2.086E-03
  15  7.161E-01  2.303E-03
  15  8.234E-01  2.530E-03
  15  9.467E-01  2.761E-03
  15  1.088E+00  2.993E-03
  15  1.251E+00  3.221E-03
  15  1.439E+00  3.439E-03
  15  1.654E+00  3.637E-03
  15  1.902E+00  3.809E-03
  15  2.187E+00  3.946E-03
  15  2.515E+00  4.041E-03
  15  2.891E+00  4.088E-03
  15  3.324E+00  4.080E-03
  15  3.822E+00  4.017E-03
  15  4.394E+00  3.898E-03
  15  5.052E+00  3.725E-03
  15  5.809E+00  3.506E-03
  15  6.679E+00  3.248E-03
  15  7.679E+00  2.961E-03
  15  8.829E+00  2.658E-03
  15  1.015E+01  2.349E-03
  15  1.167E+01  2.044E-03
  15  1.342E+01  1.751E-03
  15  1.543E+01  1.480E-03
  15  1.774E+01  1.233E-03
  15  2.040E+01  1.014E-03
  15  2.345E+01  8.243E-04
  15  2.696E+01  6.622E-04
  15  3.100E+01  5.261E-04
  15  3.564E+01  4.140E-04
  15  4.098E+01  3.227E-04
  15  4.712E+01  2.494E-04
  15  5.417E+01  1.914E-04
  15  6.229E+01  1.457E-04
  15  7.161E+01  1.103E-04
  15  8.234E+01  8.295E-05
  15  9.467E+01  6.206E-05
  15  1.088E+02  4.625E-05
  15  1.251E+02  3.427E-05
  15  1.439E+02  2.527E-05
  15  1.654E+02  1.859E-05
  15  1.902E+02  1.362E-05
  15  2.187E+02  9.947E-06
  15  2.515E+02  7.241E-06
  15  2.891E+02  5.262E-06
  15  3.324E+02  3.813E-06
  15  3.822E+02  2.756E-06
  15  4.394E+02  1.988E-06
  15  5.052E+02  1.431E-06
  15  5.809E+02  1.028E-06
  15  6.679E+02  7.376E-07
  15  7.679E+02  5.283E-07
  15  8.829E+02  3.778E-07
  15  1.015E+03  2.698E-07
  15  1.167E+03  1.924E-07
  15  1.342E+03  1.369E-07
  15  1.543E+03  9.739E-08
  15  1.774E+03  6.919E-08
  15  2.040E+03  4.907E-08
  15  2.345E+03  3.480E-08
  15  2.696E+03  2.464E-08
  15  3.100E+03  1.742E-08
  15  3.564E+03  1.231E-08
  15  4.098E+03  8.687E-09
  15  4.712E+03  6.124E-09
  15  5.417E+03  4.315E-09
  15  6.229E+03  3.036E-09
  15  7.161E+03  2.135E-09
  15  8.234E+03  1.499E-09
  15  9.467E+03  1.052E-09
  15  1.088E+04  7.385E-10
  15  1.251E+04  5.172E-10
  15  1.439E+04  3.616E-10
  15  1.654E+04  2.530E-10
  15  1.902E+04  1.767E-10
  15  2.187E+04  1.233E-10
  15  2.515E+04  8.595E-11
  15  2.891E+04  5.992E-11
  15  3.324E+04  4.171E-11
  15  3.822E+04  2.901E-11
  15  4.394E+04  2.016E-11
  15  5.052E+04  1.400E-11
  15  5.809E+04  9.712E-12
  15  6.679E+04  6.732E-12
  15  7.679E+04  4.662E-12
  15  8.829E+04  3.226E-12
  15  1.015E+05  2.231E-12
  15  1.167E+05  1.541E-12
  15  1.342E+05  1.063E-12
  15  1.543E+05  7.332E-13
  15  1.774E+05  5.053E-13
  15  2.040E+05  3.477E-13
  15  2.345E+05  2.393E-13
  15  2.696E+05  1.645E-13
  15  3.100E+05  1.129E-13
  16  3.200E-01  2.504E-03
  16  3.679E-01  2.820E-03
  16  4.230E-01  3.167E-03
  16  4.864E-01  3.545E-03
  16  5.592E-01  3.953E-03
  16  6.430E-01  4.390E-03
  16  7.392E-01  4.851E-03
  16  8.499E-01  5.333E-03
  16  9.772E-01  5.827E-03
  16  1.124E+00  6.327E-03
  16  1.292E+00  6.816E-03
  16  1.485E+00  7.284E-03
  16  1.708E+00  7.717E-03
  16  1.963E+00  8.094E-03
  16  2.258E+00  8.402E-03
  16  2.596E+00  8.621E-03
  16  2.984E+00  8.737E-03
  16  3.431E+00  8.741E-03
  16  3.945E+00  8.625E-03
  16  4.536E+00  8.388E-03
  16  5.215E+00  8.036E-03
  16  5.996E+00  7.582E-03
  16  6.894E+00  7.041E-03
  16  7.927E+00  6.436E-03
  16  9.114E+00  5.791E-03
  16  1.048E+01  5.129E-03
  16  1.205E+01  4.472E-03
  16  1.385E+01  3.844E-03
  16  1.593E+01  3.253E-03
  16  1.831E+01  2.718E-03
  16  2.105E+01  2.240E-03
  16  2.421E+01  1.823E-03
  16  2.783E+01  1.467E-03
  16  3.200E+01  1.167E-03
  16  3.679E+01  9.196E-04
  16  4.230E+01  7.178E-04
  16  4.864E+01  5.554E-04
  16  5.592E+01  4.265E-04
  16  6.430E+01  3.251E-04
  16  7.392E+01  2.462E-04
  16  8.499E+01  1.854E-04
  16  9.772E+01  1.388E-04
  16  1.124E+02  1.033E-04
  16  1.292E+02  7.661E-05
  16  1.485E+02  5.661E-05
  16  1.708E+02  4.160E-05
  16  1.963E+02  3.052E-05
  16  2.258E+02  2.228E-05
  16  2.596E+02  1.623E-05
  16  2.984E+02  1.180E-05
  16  3.431E+02  8.546E-06
  16  3.945E+02  6.178E-06
  16  4.536E+02  4.456E-06
  16  5.215E+02  3.208E-06
  16  5.996E+02  2.305E-06
  16  6.894E+02  1.654E-06
  16  7.927E+02  1.184E-06
  16  9.114E+02  8.465E-07
  16  1.048E+03  6.042E-07
  16  1.205E+03  4.308E-07
  16  1.385E+03  3.070E-07
  16  1.593E+03  2.181E-07
  16  1.831E+03  1.550E-07
  16  2.105E+03  1.100E-07
  16  2.421E+03  7.789E-08
  16  2.783E+03  5.516E-08
  16  3.200E+03  3.900E-08
  16  3.679E+03  2.755E-08
  16  4.230E+03  1.944E-08
  16  4.864E+03  1.370E-08
  16  5.592E+03  9.651E-09
  16  6.430E+03  6.789E-09
  16  7.392E+03  4.774E-09
  16  8.499E+03  3.353E-09
  16  9.772E+03  2.352E-09
  16  1.124E+04  1.647E-09
  16  1.292E+04  1.154E-09
  16  1.485E+04  8.083E-10
  16  1.708E+04  5.646E-10
  16  1.963E+04  3.948E-10
  16  2.258E+04  2.752E-10
  16  2.596E+04  1.919E-10
  16  2.984E+04  1.338E-10
  16  3.431E+04  9.309E-11
  16  3.945E+04  6.473E-11
  16  4.536E+04  4.497E-11
  16  5.215E+04  3.123E-11
  16  5.996E+04  2.166E-11
  16  6.894E+04  1.501E-11
  16  7.927E+04  1.039E-11
  16  9.114E+04  7.189E-12
  16  1.048E+05  4.968E-12
  16  1.205E+05  3.431E-12
  16  1.385E+05  2.370E-12
  16  1.593E+05  1.632E-12
  16  1.831E+05  1.125E-12
  16  2.105E+05  7.747E-13
  16  2.421E+05  5.324E-13
  16  2.783E+05  3.660E-13
  16  3.200E+05  2.512E-13
  17  3.500E-01  4.723E-04
  17  4.024E-01  5.315E-04
  17  4.627E-01  5.964E-04
  17  5.320E-01  6.669E-04
  17  6.116E-01  7.428E-04
  17  7.032E-01  8.238E-04
  17  8.085E-01  9.091E-04
  17  9.296E-01  9.978E-04
  17  1.069E+00  1.089E-03
  17  1.229E+00  1.179E-03
  17  1.413E+00  1.268E-03
  17  1.625E+00  1.352E-03
  17  1.868E+00  1.428E-03
  17  2.148E+00  1.494E-03
  17  2.469E+00  1.546E-03
  17  2.839E+00  1.581E-03
  17  3.264E+00  1.597E-03
  17  3.753E+00  1.591E-03
  17  4.315E+00  1.564E-03
  17  4.961E+00  1.514E-03
  17  5.704E+00  1.445E-03
  17  6.558E+00  1.357E-03
  17  7.541E+00  1.255E-03
  17  8.670E+00  1.142E-03
  17  9.968E+00  1.022E-03
  17  1.146E+01  9.016E-04
  17  1.318E+01  7.826E-04
  17  1.515E+01  6.696E-04
  17  1.742E+01  5.646E-04
  17  2.003E+01  4.696E-04
  17  2.303E+01  3.855E-04
  17  2.648E+01  3.126E-04
  17  3.044E+01  2.507E-04
  17  3.500E+01  1.989E-04
  17  4.024E+01  1.562E-04
  17  4.627E+01  1.216E-04
  17  5.320E+01  9.384E-05
  17  6.116E+01  7.189E-05
  17  7.032E+01  5.468E-05
  17  8.085E+01  4.132E-05
  17  9.296E+01  3.105E-05
  17  1.069E+02  2.319E-05
  17  1.229E+02  1.725E-05
  17  1.413E+02  1.277E-05
  17  1.625E+02  9.411E-06
  17  1.868E+02  6.916E-06
  17  2.148E+02  5.061E-06
  17  2.469E+02  3.696E-06
  17  2.839E+02  2.689E-06
  17  3.264E+02  1.951E-06
  17  3.753E+02  1.412E-06
  17  4.315E+02  1.020E-06
  17  4.961E+02  7.353E-07
  17  5.704E+02  5.289E-07
  17  6.558E+02  3.797E-07
  17  7.541E+02  2.721E-07
  17  8.670E+02  1.947E-07
  17  9.968E+02  1.391E-07
  17  1.146E+03  9.929E-08
  17  1.318E+03  7.070E-08
  17  1.515E+03  5.033E-08
  17  1.742E+03  3.577E-08
  17  2.003E+03  2.538E-08
  17  2.303E+03  1.800E-08
  17  2.648E+03  1.274E-08
  17  3.044E+03  9.019E-09
  17  3.500E+03  6.373E-09
  17  4.024E+03  4.499E-09
  17  4.627E+03  3.172E-09
  17  5.320E+03  2.235E-09
  17  6.116E+03  1.574E-09
  17  7.032E+03  1.107E-09
  17  8.085E+03  7.774E-10
  17  9.296E+03  5.456E-10
  17  1.069E+04  3.824E-10
  17  1.229E+04  2.680E-10
  17  1.413E+04  1.876E-10
  17  1.625E+04  1.311E-10
  17  1.868E+04  9.165E-11
  17  2.148E+04  6.396E-11
  17  2.469E+04  4.464E-11
  17  2.839E+04  3.110E-11
  17  3.264E+04  2.166E-11
  17  3.753E+04  1.506E-11
  17  4.315E+04  1.047E-11
  17  4.961E+04  7.272E-12
  17  5.704E+04  5.045E-12
  17  6.558E+04  3.498E-12
  17  7.541E+04  2.422E-12
  17  8.670E+04  1.676E-12
  17  9.968E+04  1.159E-12
  17  1.146E+05  8.010E-13
  17  1.318E+05  5.525E-13
  17  1.515E+05  3.813E-13
  17  1.742E+05  2.627E-13
  17  2.003E+05  1.809E-13
  17  2.303E+05  1.244E-13
  17  2.648E+05  8.550E-14
  17  3.044E+05  5.875E-14
  17  3.500E+05  4.030E-14
  18  4.000E-01  8.252E-04
  18  4.599E-01  9.270E-04
  18  5.288E-01  1.038E-03
  18  6.080E-01  1.158E-03
  18  6.990E-01  1.287E-03
  18  8.037E-01  1.423E-03
  18  9.241E-01  1.565E-03
  18  1.062E+00  1.711E-03
  18  1.222E+00  1.859E-03
  18  1.404E+00  2.005E-03
  18  1.615E+00  2.145E-03
  18  1.857E+00  2.275E-03
  18  2.135E+00  2.389E-03
  18  2.454E+00  2.482E-03
  18  2.822E+00  2.550E-03
  18  3.245E+00  2.588E-03
  18  3.730E+00  2.593E-03
  18  4.289E+00  2.562E-03
  18  4.931E+00  2.495E-03
  18  5.670E+00  2.394E-03
  18  6.519E+00  2.262E-03
  18  7.495E+00  2.104E-03
  18  8.618E+00  1.926E-03
  18  9.908E+00  1.735E-03
  18  1.139E+01  1.539E-03
  18  1.310E+01  1.344E-03
  18  1.506E+01  1.156E-03
  18  1.732E+01  9.792E-04
  18  1.991E+01  8.186E-04
  18  2.289E+01  6.752E-04
  18  2.632E+01  5.499E-04
  18  3.026E+01  4.426E-04
  18  3.479E+01  3.524E-04
  18  4.000E+01  2.777E-04
  18  4.599E+01  2.168E-04
  18  5.288E+01  1.678E-04
  18  6.080E+01  1.288E-04
  18  6.990E+01  9.820E-05
  18  8.037E+01  7.435E-05
  18  9.241E+01  5.595E-05
  18  1.062E+02  4.192E-05
  18  1.222E+02  3.117E-05
  18  1.404E+02  2.314E-05
  18  1.615E+02  1.706E-05
  18  1.857E+02  1.254E-05
  18  2.135E+02  9.192E-06
  18  2.454E+02  6.718E-06
  18  2.822E+02  4.890E-06
  18  3.245E+02  3.550E-06
  18  3.730E+02  2.573E-06
  18  4.289E+02  1.859E-06
  18  4.931E+02  1.341E-06
  18  5.670E+02  9.645E-07
  18  6.519E+02  6.928E-07
  18  7.495E+02  4.968E-07
  18  8.618E+02  3.555E-07
  18  9.908E+02  2.541E-07
  18  1.139E+03  1.814E-07
  18  1.310E+03  1.292E-07
  18  1.506E+03  9.198E-08
  18  1.732E+03  6.534E-08
  18  1.991E+03  4.641E-08
  18  2.289E+03  3.291E-08
  18  2.632E+03  2.331E-08
  18  3.026E+03  1.649E-08
  18  3.479E+03  1.166E-08
  18  4.000E+03  8.231E-09
  18  4.599E+03  5.805E-09
  18  5.288E+03  4.090E-09
  18  6.080E+03  2.879E-09
  18  6.990E+03  2.025E-09
  18  8.037E+03  1.423E-09
  18  9.241E+03  9.984E-10
  18  1.062E+04  7.010E-10
  18  1.222E+04  4.902E-10
  18  1.404E+04  3.437E-10
  18  1.615E+04  2.401E-10
  18  1.857E+04  1.677E-10
  18  2.135E+04  1.171E-10
  18  2.454E+04  8.176E-11
  18  2.822E+04  5.695E-11
  18  3.245E+04  3.964E-11
  18  3.730E+04  2.760E-11
  18  4.289E+04  1.918E-11
  18  4.931E+04  1.332E-11
  18  5.670E+04  9.240E-12
  18  6.519E+04  6.406E-12
  18  7.495E+04  4.438E-12
  18  8.618E+04  3.071E-12
  18  9.908E+04  2.124E-12
  18  1.139E+05  1.468E-12
  18  1.310E+05  1.012E-12
  18  1.506E+05  6.985E-13
  18  1.732E+05  4.810E-13
  18  1.991E+05  3.313E-13
  18  2.289E+05  2.280E-13
  18  2.632E+05  1.567E-13
  18  3.026E+05  1.076E-13
  18  3.479E+05  7.386E-14
  18  4.000E+05  5.064E-14
  19  3.900E-01  1.093E-03
  19  4.484E-01  1.230E-03
  19  5.156E-01  1.380E-03
  19  5.928E-01  1.543E-03
  19  6.815E-01  1.717E-03
  19  7.836E-01  1.904E-03
  19  9.010E-01  2.100E-03
  19  1.036E+00  2.304E-03
  19  1.191E+00  2.512E-03
  19  1.369E+00  2.719E-03
  19  1.574E+00  2.921E-03
  19  1.810E+00  3.112E-03
  19  2.081E+00  3.285E-03
  19  2.393E+00  3.433E-03
  19  2.751E+00  3.548E-03
  19  3.163E+00  3.624E-03
  19  3.637E+00  3.656E-03
  19  4.182E+00  3.638E-03
  19  4.808E+00  3.571E-03
  19  5.528E+00  3.453E-03
  19  6.356E+00  3.289E-03
  19  7.308E+00  3.084E-03
  19  8.402E+00  2.847E-03
  19  9.661E+00  2.586E-03
  19  1.111E+01  2.311E-03
  19  1.277E+01  2.035E-03
  19  1.468E+01  1.764E-03
  19  1.688E+01  1.506E-03
  19  1.941E+01  1.268E-03
  19  2.232E+01  1.053E-03
  19  2.566E+01  8.630E-04
  19  2.950E+01  6.989E-04
  19  3.392E+01  5.594E-04
  19  3.900E+01  4.431E-04
  19  4.484E+01  3.476E-04
  19  5.156E+01  2.702E-04
  19  5.928E+01  2.083E-04
  19  6.815E+01  1.594E-04
  19  7.836E+01  1.211E-04
  19  9.010E+01  9.138E-05
  19  1.036E+02  6.858E-05
  19  1.191E+02  5.121E-05
  19  1.369E+02  3.807E-05
  19  1.574E+02  2.816E-05
  19  1.810E+02  2.073E-05
  19  2.081E+02  1.522E-05
  19  2.393E+02  1.113E-05
  19  2.751E+02  8.115E-06
  19  3.163E+02  5.900E-06
  19  3.637E+02  4.277E-06
  19  4.182E+02  3.093E-06
  19  4.808E+02  2.233E-06
  19  5.528E+02  1.608E-06
  19  6.356E+02  1.156E-06
  19  7.308E+02  8.292E-07
  19  8.402E+02  5.939E-07
  19  9.661E+02  4.246E-07
  19  1.111E+03  3.030E-07
  19  1.277E+03  2.162E-07
  19  1.468E+03  1.540E-07
  19  1.688E+03  1.095E-07
  19  1.941E+03  7.773E-08
  19  2.232E+03  5.512E-08
  19  2.566E+03  3.906E-08
  19  2.950E+03  2.765E-08
  19  3.392E+03  1.954E-08
  19  3.900E+03  1.380E-08
  19  4.484E+03  9.737E-09
  19  5.156E+03  6.861E-09
  19  5.928E+03  4.831E-09
  19  6.815E+03  3.399E-09
  19  7.836E+03  2.388E-09
  19  9.010E+03  1.676E-09
  19  1.036E+04  1.176E-09
  19  1.191E+04  8.241E-10
  19  1.369E+04  5.774E-10
  19  1.574E+04  4.039E-10
  19  1.810E+04  2.821E-10
  19  2.081E+04  1.970E-10
  19  2.393E+04  1.374E-10
  19  2.751E+04  9.580E-11
  19  3.163E+04  6.671E-11
  19  3.637E+04  4.641E-11
  19  4.182E+04  3.226E-11
  19  4.808E+04  2.241E-11
  19  5.528E+04  1.555E-11
  19  6.356E+04  1.078E-11
  19  7.308E+04  7.469E-12
  19  8.402E+04  5.171E-12
  19  9.661E+04  3.575E-12
  19  1.111E+05  2.469E-12
  19  1.277E+05  1.706E-12
  19  1.468E+05  1.177E-12
  19  1.688E+05  8.114E-13
  19  1.941E+05  5.586E-13
  19  2.232E+05  3.842E-13
  19  2.566E+05  2.642E-13
  19  2.950E+05  1.815E-13
  19  3.392E+05  1.245E-13
  19  3.900E+05  8.540E-14
  20  4.000E-01  1.042E-03
  20  4.599E-01  1.173E-03
  20  5.288E-01  1.316E-03
  20  6.080E-01  1.472E-03
  20  6.990E-01  1.640E-03
  20  8.037E-01  1.819E-03
  20  9.241E-01  2.009E-03
  20  1.062E+00  2.204E-03
  20  1.222E+00  2.406E-03
  20  1.404E+00  2.607E-03
  20  1.615E+00  2.805E-03
  20  1.857E+00  2.992E-03
  20  2.135E+00  3.162E-03
  20  2.454E+00  3.308E-03
  20  2.822E+00  3.425E-03
  20  3.245E+00  3.504E-03
  20  3.730E+00  3.541E-03
  20  4.289E+00  3.530E-03
  20  4.931E+00  3.471E-03
  20  5.670E+00  3.364E-03
  20  6.519E+00  3.210E-03
  20  7.495E+00  3.017E-03
  20  8.618E+00  2.790E-03
  20  9.908E+00  2.540E-03
  20  1.139E+01  2.276E-03
  20  1.310E+01  2.007E-03
  20  1.506E+01  1.743E-03
  20  1.732E+01  1.491E-03
  20  1.991E+01  1.258E-03
  20  2.289E+01  1.046E-03
  20  2.632E+01  8.589E-04
  20  3.026E+01  6.966E-04
  20  3.479E+01  5.585E-04
  20  4.000E+01  4.430E-04
  20  4.599E+01  3.479E-04
  20  5.288E+01  2.707E-04
  20  6.080E+01  2.089E-04
  20  6.990E+01  1.599E-04
  20  8.037E+01  1.216E-04
  20  9.241E+01  9.185E-05
  20  1.062E+02  6.904E-05
  20  1.222E+02  5.148E-05
  20  1.404E+02  3.832E-05
  20  1.615E+02  2.833E-05
  20  1.857E+02  2.087E-05
  20  2.135E+02  1.532E-05
  20  2.454E+02  1.122E-05
  20  2.822E+02  8.177E-06
  20  3.245E+02  5.944E-06
  20  3.730E+02  4.313E-06
  20  4.289E+02  3.120E-06
  20  4.931E+02  2.252E-06
  20  5.670E+02  1.621E-06
  20  6.519E+02  1.165E-06
  20  7.495E+02  8.362E-07
  20  8.618E+02  5.988E-07
  20  9.908E+02  4.282E-07
  20  1.139E+03  3.059E-07
  20  1.310E+03  2.179E-07
  20  1.506E+03  1.552E-07
  20  1.732E+03  1.102E-07
  20  1.991E+03  7.832E-08
  20  2.289E+03  5.556E-08
  20  2.632E+03  3.935E-08
  20  3.026E+03  2.785E-08
  20  3.479E+03  1.969E-08
  20  4.000E+03  1.390E-08
  20  4.599E+03  9.807E-09
  20  5.288E+03  6.910E-09
  20  6.080E+03  4.864E-09
  20  6.990E+03  3.422E-09
  20  8.037E+03  2.404E-09
  20  9.241E+03  1.687E-09
  20  1.062E+04  1.185E-09
  20  1.222E+04  8.284E-10
  20  1.404E+04  5.810E-10
  20  1.615E+04  4.059E-10
  20  1.857E+04  2.835E-10
  20  2.135E+04  1.980E-10
  20  2.454E+04  1.382E-10
  20  2.822E+04  9.627E-11
  20  3.245E+04  6.701E-11
  20  3.730E+04  4.665E-11
  20  4.289E+04  3.242E-11
  20  4.931E+04  2.252E-11
  20  5.670E+04  1.562E-11
  20  6.519E+04  1.083E-11
  20  7.495E+04  7.502E-12
  20  8.618E+04  5.191E-12
  20  9.908E+04  3.590E-12
  20  1.139E+05  2.481E-12
  20  1.310E+05  1.712E-12
  20  1.506E+05  1.181E-12
  20  1.732E+05  8.132E-13
  20  1.991E+05  5.602E-13
  20  2.289E+05  3.854E-13
  20  2.632E+05  2.649E-13
  20  3.026E+05  1.819E-13
  20  3.479E+05  1.249E-13
  20  4.000E+05  8.561E-14
  21  4.500E-01  6.300E-04
  21  5.174E-01  7.080E-04
  21  5.949E-01  7.931E-04
  21  6.840E-01  8.852E-04
  21  7.864E-01  9.839E-04
  21  9.042E-01  1.089E-03
  21  1.040E+00  1.198E-03
  21  1.195E+00  1.311E-03
  21  1.374E+00  1.425E-03
  21  1.580E+00  1.539E-03
  21  1.817E+00  1.648E-03
  21  2.089E+00  1.749E-03
  21  2.402E+00  1.839E-03
  21  2.761E+00  1.913E-03
  21  3.175E+00  1.968E-03
  21  3.650E+00  2.000E-03
  21  4.197E+00  2.006E-03
  21  4.825E+00  1.985E-03
  21  5.548E+00  1.936E-03
  21  6.379E+00  1.861E-03
  21  7.334E+00  1.761E-03
  21  8.432E+00  1.640E-03
  21  9.695E+00  1.504E-03
  21  1.115E+01  1.357E-03
  21  1.282E+01  1.205E-03
  21  1.474E+01  1.053E-03
  21  1.694E+01  9.076E-04
  21  1.948E+01  7.701E-04
  21  2.240E+01  6.442E-04
  21  2.575E+01  5.319E-04
  21  2.961E+01  4.335E-04
  21  3.404E+01  3.493E-04
  21  3.914E+01  2.782E-04
  21  4.500E+01  2.194E-04
  21  5.174E+01  1.713E-04
  21  5.949E+01  1.326E-04
  21  6.840E+01  1.019E-04
  21  7.864E+01  7.765E-05
  21  9.042E+01  5.880E-05
  21  1.040E+02  4.422E-05
  21  1.195E+02  3.314E-05
  21  1.374E+02  2.467E-05
  21  1.580E+02  1.828E-05
  21  1.817E+02  1.348E-05
  21  2.089E+02  9.913E-06
  21  2.402E+02  7.260E-06
  21  2.761E+02  5.303E-06
  21  3.175E+02  3.859E-06
  21  3.650E+02  2.802E-06
  21  4.197E+02  2.028E-06
  21  4.825E+02  1.465E-06
  21  5.548E+02  1.056E-06
  21  6.379E+02  7.592E-07
  21  7.334E+02  5.451E-07
  21  8.432E+02  3.906E-07
  21  9.695E+02  2.794E-07
  21  1.115E+03  1.994E-07
  21  1.282E+03  1.422E-07
  21  1.474E+03  1.013E-07
  21  1.694E+03  7.213E-08
  21  1.948E+03  5.121E-08
  21  2.240E+03  3.632E-08
  21  2.575E+03  2.575E-08
  21  2.961E+03  1.822E-08
  21  3.404E+03  1.289E-08
  21  3.914E+03  9.100E-09
  21  4.500E+03  6.421E-09
  21  5.174E+03  4.525E-09
  21  5.949E+03  3.186E-09
  21  6.840E+03  2.241E-09
  21  7.864E+03  1.575E-09
  21  9.042E+03  1.106E-09
  21  1.040E+04  7.749E-10
  21  1.195E+04  5.439E-10
  21  1.374E+04  3.808E-10
  21  1.580E+04  2.663E-10
  21  1.817E+04  1.860E-10
  21  2.089E+04  1.299E-10
  21  2.402E+04  9.059E-11
  21  2.761E+04  6.318E-11
  21  3.175E+04  4.398E-11
  21  3.650E+04  3.061E-11
  21  4.197E+04  2.128E-11
  21  4.825E+04  1.478E-11
  21  5.548E+04  1.026E-11
  21  6.379E+04  7.111E-12
  21  7.334E+04  4.927E-12
  21  8.432E+04  3.411E-12
  21  9.695E+04  2.359E-12
  21  1.115E+05  1.629E-12
  21  1.282E+05  1.124E-12
  21  1.474E+05  7.755E-13
  21  1.694E+05  5.351E-13
  21  1.948E+05  3.683E-13
  21  2.240E+05  2.534E-13
  21  2.575E+05  1.743E-13
  21  2.961E+05  1.196E-13
  21  3.404E+05  8.214E-14
  21  3.914E+05  5.631E-14
  21  4.500E+05  3.859E-14
  22  4.800E-01  2.034E-03
  22  5.519E-01  2.284E-03
  22  6.345E-01  2.557E-03
  22  7.296E-01  2.853E-03
  22  8.388E-01  3.168E-03
  22  9.644E-01  3.502E-03
  22  1.109E+00  3.852E-03
  22  1.275E+00  4.210E-03
  22  1.466E+00  4.572E-03
  22  1.685E+00  4.928E-03
  22  1.938E+00  5.270E-03
  22  2.228E+00  5.584E-03
  22  2.562E+00  5.861E-03
  22  2.945E+00  6.086E-03
  22  3.386E+00  6.247E-03
  22  3.893E+00  6.335E-03
  22  4.476E+00  6.341E-03
  22  5.147E+00  6.259E-03
  22  5.918E+00  6.090E-03
  22  6.804E+00  5.836E-03
  22  7.823E+00  5.508E-03
  22  8.994E+00  5.116E-03
  22  1.034E+01  4.678E-03
  22  1.189E+01  4.208E-03
  22  1.367E+01  3.727E-03
  22  1.572E+01  3.249E-03
  22  1.807E+01  2.791E-03
  22  2.078E+01  2.361E-03
  22  2.389E+01  1.971E-03
  22  2.747E+01  1.623E-03
  22  3.158E+01  1.320E-03
  22  3.631E+01  1.061E-03
  22  4.175E+01  8.433E-04
  22  4.800E+01  6.637E-04
  22  5.519E+01  5.174E-04
  22  6.345E+01  3.999E-04
  22  7.296E+01  3.066E-04
  22  8.388E+01  2.334E-04
  22  9.644E+01  1.765E-04
  22  1.109E+02  1.326E-04
  22  1.275E+02  9.916E-05
  22  1.466E+02  7.375E-05
  22  1.685E+02  5.464E-05
  22  1.938E+02  4.025E-05
  22  2.228E+02  2.957E-05
  22  2.562E+02  2.164E-05
  22  2.945E+02  1.579E-05
  22  3.386E+02  1.149E-05
  22  3.893E+02  8.331E-06
  22  4.476E+02  6.028E-06
  22  5.147E+02  4.350E-06
  22  5.918E+02  3.133E-06
  22  6.804E+02  2.252E-06
  22  7.823E+02  1.616E-06
  22  8.994E+02  1.157E-06
  22  1.034E+03  8.276E-07
  22  1.189E+03  5.906E-07
  22  1.367E+03  4.211E-07
  22  1.572E+03  2.996E-07
  22  1.807E+03  2.131E-07
  22  2.078E+03  1.512E-07
  22  2.389E+03  1.073E-07
  22  2.747E+03  7.597E-08
  22  3.158E+03  5.376E-08
  22  3.631E+03  3.800E-08
  22  4.175E+03  2.682E-08
  22  4.800E+03  1.892E-08
  22  5.519E+03  1.333E-08
  22  6.345E+03  9.381E-09
  22  7.296E+03  6.595E-09
  22  8.388E+03  4.633E-09
  22  9.644E+03  3.252E-09
  22  1.109E+04  2.279E-09
  22  1.275E+04  1.597E-09
  22  1.466E+04  1.117E-09
  22  1.685E+04  7.819E-10
  22  1.938E+04  5.457E-10
  22  2.228E+04  3.810E-10
  22  2.562E+04  2.656E-10
  22  2.945E+04  1.852E-10
  22  3.386E+04  1.289E-10
  22  3.893E+04  8.966E-11
  22  4.476E+04  6.230E-11
  22  5.147E+04  4.324E-11
  22  5.918E+04  2.999E-11
  22  6.804E+04  2.079E-11
  22  7.823E+04  1.440E-11
  22  8.994E+04  9.963E-12
  22  1.034E+05  6.889E-12
  22  1.189E+05  4.757E-12
  22  1.367E+05  3.283E-12
  22  1.572E+05  2.263E-12
  22  1.807E+05  1.560E-12
  22  2.078E+05  1.073E-12
  22  2.389E+05  7.384E-13
  22  2.747E+05  5.073E-13
  22  3.158E+05  3.484E-13
  22  3.631E+05  2.390E-13
  22  4.175E+05  1.638E-13
  22  4.800E+05  1.122E-13
  23  5.100E-01  8.593E-04
  23  5.864E-01  9.648E-04
  23  6.742E-01  1.080E-03
  23  7.752E-01  1.203E-03
  23  8.912E-01  1.336E-03
  23  1.025E+00  1.476E-03
  23  1.178E+00  1.621E-03
  23  1.355E+00  1.770E-03
  23  1.557E+00  1.920E-03
  23  1.791E+00  2.067E-03
  23  2.059E+00  2.207E-03
  23  2.367E+00  2.336E-03
  23  2.722E+00  2.447E-03
  23  3.129E+00  2.537E-03
  23  3.598E+00  2.600E-03
  23  4.137E+00  2.631E-03
  23  4.756E+00  2.627E-03
  23  5.469E+00  2.588E-03
  23  6.288E+00  2.512E-03
  23  7.229E+00  2.401E-03
  23  8.312E+00  2.260E-03
  23  9.556E+00  2.094E-03
  23  1.099E+01  1.909E-03
  23  1.263E+01  1.714E-03
  23  1.452E+01  1.514E-03
  23  1.670E+01  1.317E-03
  23  1.920E+01  1.128E-03
  23  2.208E+01  9.521E-04
  23  2.538E+01  7.930E-04
  23  2.918E+01  6.516E-04
  23  3.355E+01  5.288E-04
  23  3.858E+01  4.241E-04
  23  4.436E+01  3.365E-04
  23  5.100E+01  2.643E-04
  23  5.864E+01  2.057E-04
  23  6.742E+01  1.588E-04
  23  7.752E+01  1.215E-04
  23  8.912E+01  9.242E-05
  23  1.025E+02  6.976E-05
  23  1.178E+02  5.242E-05
  23  1.355E+02  3.911E-05
  23  1.557E+02  2.910E-05
  23  1.791E+02  2.150E-05
  23  2.059E+02  1.584E-05
  23  2.367E+02  1.163E-05
  23  2.722E+02  8.501E-06
  23  3.129E+02  6.199E-06
  23  3.598E+02  4.505E-06
  23  4.137E+02  3.265E-06
  23  4.756E+02  2.361E-06
  23  5.469E+02  1.703E-06
  23  6.288E+02  1.226E-06
  23  7.229E+02  8.809E-07
  23  8.312E+02  6.316E-07
  23  9.556E+02  4.522E-07
  23  1.099E+03  3.230E-07
  23  1.263E+03  2.307E-07
  23  1.452E+03  1.644E-07
  23  1.670E+03  1.169E-07
  23  1.920E+03  8.309E-08
  23  2.208E+03  5.893E-08
  23  2.538E+03  4.180E-08
  23  2.918E+03  2.960E-08
  23  3.355E+03  2.093E-08
  23  3.858E+03  1.478E-08
  23  4.436E+03  1.043E-08
  23  5.100E+03  7.354E-09
  23  5.864E+03  5.179E-09
  23  6.742E+03  3.644E-09
  23  7.752E+03  2.561E-09
  23  8.912E+03  1.799E-09
  23  1.025E+04  1.261E-09
  23  1.178E+04  8.845E-10
  23  1.355E+04  6.187E-10
  23  1.557E+04  4.335E-10
  23  1.791E+04  3.026E-10
  23  2.059E+04  2.114E-10
  23  2.367E+04  1.475E-10
  23  2.722E+04  1.028E-10
  23  3.129E+04  7.163E-11
  23  3.598E+04  4.983E-11
  23  4.137E+04  3.464E-11
  23  4.756E+04  2.407E-11
  23  5.469E+04  1.670E-11
  23  6.288E+04  1.158E-11
  23  7.229E+04  8.026E-12
  23  8.312E+04  5.555E-12
  23  9.556E+04  3.843E-12
  23  1.099E+05  2.654E-12
  23  1.263E+05  1.835E-12
  23  1.452E+05  1.266E-12
  23  1.670E+05  8.719E-13
  23  1.920E+05  6.005E-13
  23  2.208E+05  4.130E-13
  23  2.538E+05  2.841E-13
  23  2.918E+05  1.952E-13
  23  3.355E+05  1.340E-13
  23  3.858E+05  9.184E-14
  23  4.436E+05  6.291E-14
  23  5.100E+05  4.308E-14
  24  5.200E-01  1.260E-03
  24  5.979E-01  1.415E-03
  24  6.874E-01  1.584E-03
  24  7.904E-01  1.766E-03
  24  9.087E-01  1.961E-03
  24  1.045E+00  2.168E-03
  24  1.201E+00  2.383E-03
  24  1.381E+00  2.605E-03
  24  1.588E+00  2.829E-03
  24  1.826E+00  3.049E-03
  24  2.099E+00  3.259E-03
  24  2.414E+00  3.453E-03
  24  2.775E+00  3.623E-03
  24  3.191E+00  3.761E-03
  24  3.668E+00  3.859E-03
  24  4.218E+00  3.912E-03
  24  4.850E+00  3.914E-03
  24  5.576E+00  3.862E-03
  24  6.411E+00  3.756E-03
  24  7.371E+00  3.598E-03
  24  8.475E+00  3.394E-03
  24  9.744E+00  3.151E-03
  24  1.120E+01  2.879E-03
  24  1.288E+01  2.589E-03
  24  1.481E+01  2.291E-03
  24  1.703E+01  1.996E-03
  24  1.958E+01  1.713E-03
  24  2.251E+01  1.449E-03
  24  2.588E+01  1.209E-03
  24  2.976E+01  9.946E-04
  24  3.421E+01  8.086E-04
  24  3.934E+01  6.493E-04
  24  4.523E+01  5.159E-04
  24  5.200E+01  4.058E-04
  24  5.979E+01  3.161E-04
  24  6.874E+01  2.442E-04
  24  7.904E+01  1.871E-04
  24  9.087E+01  1.424E-04
  24  1.045E+02  1.076E-04
  24  1.201E+02  8.087E-05
  24  1.381E+02  6.041E-05
  24  1.588E+02  4.490E-05
  24  1.826E+02  3.322E-05
  24  2.099E+02  2.449E-05
  24  2.414E+02  1.796E-05
  24  2.775E+02  1.315E-05
  24  3.191E+02  9.582E-06
  24  3.668E+02  6.970E-06
  24  4.218E+02  5.051E-06
  24  4.850E+02  3.652E-06
  24  5.576E+02  2.635E-06
  24  6.411E+02  1.897E-06
  24  7.371E+02  1.363E-06
  24  8.475E+02  9.773E-07
  24  9.744E+02  6.996E-07
  24  1.120E+03  5.003E-07
  24  1.288E+03  3.568E-07
  24  1.481E+03  2.542E-07
  24  1.703E+03  1.808E-07
  24  1.958E+03  1.285E-07
  24  2.251E+03  9.120E-08
  24  2.588E+03  6.465E-08
  24  2.976E+03  4.575E-08
  24  3.421E+03  3.237E-08
  24  3.934E+03  2.285E-08
  24  4.523E+03  1.613E-08
  24  5.200E+03  1.137E-08
  24  5.979E+03  8.006E-09
  24  6.874E+03  5.633E-09
  24  7.904E+03  3.958E-09
  24  9.087E+03  2.780E-09
  24  1.045E+04  1.949E-09
  24  1.201E+04  1.367E-09
  24  1.381E+04  9.569E-10
  24  1.588E+04  6.692E-10
  24  1.826E+04  4.675E-10
  24  2.099E+04  3.266E-10
  24  2.414E+04  2.277E-10
  24  2.775E+04  1.588E-10
  24  3.191E+04  1.105E-10
  24  3.668E+04  7.696E-11
  24  4.218E+04  5.348E-11
  24  4.850E+04  3.714E-11
  24  5.576E+04  2.578E-11
  24  6.411E+04  1.787E-11
  24  7.371E+04  1.238E-11
  24  8.475E+04  8.570E-12
  24  9.744E+04  5.927E-12
  24  1.120E+05  4.099E-12
  24  1.288E+05  2.828E-12
  24  1.481E+05  1.950E-12
  24  1.703E+05  1.344E-12
  24  1.958E+05  9.253E-13
  24  2.251E+05  6.368E-13
  24  2.588E+05  4.378E-13
  24  2.976E+05  3.006E-13
  24  3.421E+05  2.064E-13
  24  3.934E+05  1.415E-13
  24  4.523E+05  9.692E-14
  24  5.200E+05  6.636E-14
  25  5.500E-01  6.173E-04
  25  6.324E-01  6.930E-04
  25  7.271E-01  7.754E-04
  25  8.360E-01  8.643E-04
  25  9.611E-01  9.592E-04
  25  1.105E+00  1.059E-03
  25  1.271E+00  1.164E-03
  25  1.461E+00  1.271E-03
  25  1.680E+00  1.379E-03
  25  1.931E+00  1.484E-03
  25  2.220E+00  1.584E-03
  25  2.553E+00  1.676E-03
  25  2.935E+00  1.756E-03
  25  3.375E+00  1.820E-03
  25  3.880E+00  1.865E-03
  25  4.461E+00  1.887E-03
  25  5.129E+00  1.884E-03
  25  5.897E+00  1.855E-03
  25  6.781E+00  1.800E-03
  25  7.796E+00  1.720E-03
  25  8.964E+00  1.619E-03
  25  1.031E+01  1.499E-03
  25  1.185E+01  1.367E-03
  25  1.362E+01  1.226E-03
  25  1.566E+01  1.083E-03
  25  1.801E+01  9.411E-04
  25  2.071E+01  8.058E-04
  25  2.381E+01  6.800E-04
  25  2.737E+01  5.661E-04
  25  3.147E+01  4.650E-04
  25  3.619E+01  3.770E-04
  25  4.161E+01  3.023E-04
  25  4.784E+01  2.398E-04
  25  5.500E+01  1.883E-04
  25  6.324E+01  1.465E-04
  25  7.271E+01  1.130E-04
  25  8.360E+01  8.645E-05
  25  9.611E+01  6.571E-05
  25  1.105E+02  4.961E-05
  25  1.271E+02  3.720E-05
  25  1.461E+02  2.778E-05
  25  1.680E+02  2.062E-05
  25  1.931E+02  1.526E-05
  25  2.220E+02  1.124E-05
  25  2.553E+02  8.238E-06
  25  2.935E+02  6.024E-06
  25  3.375E+02  4.388E-06
  25  3.880E+02  3.188E-06
  25  4.461E+02  2.310E-06
  25  5.129E+02  1.670E-06
  25  5.897E+02  1.204E-06
  25  6.781E+02  8.661E-07
  25  7.796E+02  6.220E-07
  25  8.964E+02  4.458E-07
  25  1.031E+03  3.187E-07
  25  1.185E+03  2.278E-07
  25  1.362E+03  1.626E-07
  25  1.566E+03  1.158E-07
  25  1.801E+03  8.232E-08
  25  2.071E+03  5.845E-08
  25  2.381E+03  4.147E-08
  25  2.737E+03  2.940E-08
  25  3.147E+03  2.080E-08
  25  3.619E+03  1.470E-08
  25  4.161E+03  1.038E-08
  25  4.784E+03  7.321E-09
  25  5.500E+03  5.159E-09
  25  6.324E+03  3.631E-09
  25  7.271E+03  2.554E-09
  25  8.360E+03  1.794E-09
  25  9.611E+03  1.259E-09
  25  1.105E+04  8.832E-10
  25  1.271E+04  6.181E-10
  25  1.461E+04  4.329E-10
  25  1.680E+04  3.026E-10
  25  1.931E+04  2.116E-10
  25  2.220E+04  1.477E-10
  25  2.553E+04  1.030E-10
  25  2.935E+04  7.175E-11
  25  3.375E+04  4.993E-11
  25  3.880E+04  3.474E-11
  25  4.461E+04  2.414E-11
  25  5.129E+04  1.676E-11
  25  5.897E+04  1.163E-11
  25  6.781E+04  8.058E-12
  25  7.796E+04  5.581E-12
  25  8.964E+04  3.861E-12
  25  1.031E+05  2.667E-12
  25  1.185E+05  1.844E-12
  25  1.362E+05  1.274E-12
  25  1.566E+05  8.782E-13
  25  1.801E+05  6.046E-13
  25  2.071E+05  4.161E-13
  25  2.381E+05  2.862E-13
  25  2.737E+05  1.968E-13
  25  3.147E+05  1.351E-13
  25  3.619E+05  9.264E-14
  25  4.161E+05  6.350E-14
  25  4.784E+05  4.349E-14
  25  5.500E+05  2.977E-14
  26  5.600E-01  1.129E-02
  26  6.439E-01  1.268E-02
  26  7.403E-01  1.419E-02
  26  8.512E-01  1.582E-02
  26  9.786E-01  1.757E-02
  26  1.125E+00  1.942E-02
  26  1.294E+00  2.135E-02
  26  1.487E+00  2.332E-02
  26  1.710E+00  2.532E-02
  26  1.966E+00  2.728E-02
  26  2.261E+00  2.917E-02
  26  2.599E+00  3.089E-02
  26  2.989E+00  3.241E-02
  26  3.436E+00  3.363E-02
  26  3.951E+00  3.450E-02
  26  4.542E+00  3.496E-02
  26  5.223E+00  3.497E-02
  26  6.005E+00  3.449E-02
  26  6.904E+00  3.353E-02
  26  7.938E+00  3.210E-02
  26  9.127E+00  3.027E-02
  26  1.049E+01  2.809E-02
  26  1.206E+01  2.566E-02
  26  1.387E+01  2.305E-02
  26  1.595E+01  2.039E-02
  26  1.834E+01  1.776E-02
  26  2.108E+01  1.524E-02
  26  2.424E+01  1.288E-02
  26  2.787E+01  1.074E-02
  26  3.205E+01  8.828E-03
  26  3.684E+01  7.173E-03
  26  4.236E+01  5.758E-03
  26  4.871E+01  4.571E-03
  26  5.600E+01  3.594E-03
  26  6.439E+01  2.798E-03
  26  7.403E+01  2.160E-03
  26  8.512E+01  1.654E-03
  26  9.786E+01  1.258E-03
  26  1.125E+02  9.508E-04
  26  1.294E+02  7.133E-04
  26  1.487E+02  5.333E-04
  26  1.710E+02  3.961E-04
  26  1.966E+02  2.930E-04
  26  2.261E+02  2.157E-04
  26  2.599E+02  1.583E-04
  26  2.989E+02  1.157E-04
  26  3.436E+02  8.434E-05
  26  3.951E+02  6.127E-05
  26  4.542E+02  4.441E-05
  26  5.223E+02  3.209E-05
  26  6.005E+02  2.314E-05
  26  6.904E+02  1.665E-05
  26  7.938E+02  1.196E-05
  26  9.127E+02  8.572E-06
  26  1.049E+03  6.139E-06
  26  1.206E+03  4.386E-06
  26  1.387E+03  3.126E-06
  26  1.595E+03  2.225E-06
  26  1.834E+03  1.582E-06
  26  2.108E+03  1.125E-06
  26  2.424E+03  7.975E-07
  26  2.787E+03  5.650E-07
  26  3.205E+03  3.996E-07
  26  3.684E+03  2.826E-07
  26  4.236E+03  1.995E-07
  26  4.871E+03  1.407E-07
  26  5.600E+03  9.914E-08
  26  6.439E+03  6.977E-08
  26  7.403E+03  4.907E-08
  26  8.511E+03  3.447E-08
  26  9.786E+03  2.419E-08
  26  1.125E+04  1.697E-08
  26  1.294E+04  1.187E-08
  26  1.487E+04  8.320E-09
  26  1.710E+04  5.815E-09
  26  1.966E+04  4.062E-09
  26  2.261E+04  2.833E-09
  26  2.599E+04  1.977E-09
  26  2.989E+04  1.376E-09
  26  3.436E+04  9.585E-10
  26  3.951E+04  6.664E-10
  26  4.542E+04  4.633E-10
  26  5.223E+04  3.215E-10
  26  6.005E+04  2.230E-10
  26  6.904E+04  1.546E-10
  26  7.938E+04  1.070E-10
  26  9.127E+04  7.405E-11
  26  1.049E+05  5.124E-11
  26  1.206E+05  3.539E-11
  26  1.387E+05  2.441E-11
  26  1.595E+05  1.682E-11
  26  1.834E+05  1.158E-11
  26  2.108E+05  7.980E-12
  26  2.424E+05  5.486E-12
  26  2.787E+05  3.770E-12
  26  3.205E+05  2.587E-12
  26  3.684E+05  1.776E-12
  26  4.236E+05  1.217E-12
  26  4.871E+05  8.329E-13
  26  5.600E+05  5.700E-13
  27  5.900E-01  1.106E-04
  27  6.784E-01  1.241E-04
  27  7.799E-01  1.389E-04
  27  8.967E-01  1.548E-04
  27  1.031E+00  1.718E-04
  27  1.185E+00  1.897E-04
  27  1.363E+00  2.084E-04
  27  1.567E+00  2.275E-04
  27  1.802E+00  2.468E-04
  27  2.072E+00  2.657E-04
  27  2.382E+00  2.836E-04
  27  2.739E+00  3.000E-04
  27  3.149E+00  3.143E-04
  27  3.620E+00  3.257E-04
  27  4.162E+00  3.336E-04
  27  4.786E+00  3.374E-04
  27  5.502E+00  3.369E-04
  27  6.326E+00  3.316E-04
  27  7.274E+00  3.217E-04
  27  8.363E+00  3.074E-04
  27  9.616E+00  2.892E-04
  27  1.106E+01  2.677E-04
  27  1.271E+01  2.440E-04
  27  1.461E+01  2.189E-04
  27  1.680E+01  1.931E-04
  27  1.932E+01  1.678E-04
  27  2.221E+01  1.437E-04
  27  2.554E+01  1.212E-04
  27  2.936E+01  1.008E-04
  27  3.376E+01  8.277E-05
  27  3.882E+01  6.710E-05
  27  4.463E+01  5.378E-05
  27  5.132E+01  4.263E-05
  27  5.900E+01  3.346E-05
  27  6.784E+01  2.602E-05
  27  7.799E+01  2.006E-05
  27  8.967E+01  1.535E-05
  27  1.031E+02  1.166E-05
  27  1.185E+02  8.804E-06
  27  1.363E+02  6.599E-06
  27  1.567E+02  4.924E-06
  27  1.802E+02  3.654E-06
  27  2.072E+02  2.700E-06
  27  2.382E+02  1.988E-06
  27  2.739E+02  1.457E-06
  27  3.149E+02  1.065E-06
  27  3.620E+02  7.757E-07
  27  4.162E+02  5.634E-07
  27  4.786E+02  4.079E-07
  27  5.502E+02  2.948E-07
  27  6.326E+02  2.124E-07
  27  7.274E+02  1.528E-07
  27  8.363E+02  1.097E-07
  27  9.616E+02  7.856E-08
  27  1.106E+03  5.614E-08
  27  1.271E+03  4.013E-08
  27  1.461E+03  2.863E-08
  27  1.680E+03  2.037E-08
  27  1.932E+03  1.448E-08
  27  2.221E+03  1.028E-08
  27  2.554E+03  7.287E-09
  27  2.936E+03  5.163E-09
  27  3.376E+03  3.651E-09
  27  3.882E+03  2.579E-09
  27  4.463E+03  1.821E-09
  27  5.132E+03  1.283E-09
  27  5.900E+03  9.042E-10
  27  6.784E+03  6.361E-10
  27  7.799E+03  4.473E-10
  27  8.967E+03  3.141E-10
  27  1.031E+04  2.203E-10
  27  1.185E+04  1.546E-10
  27  1.363E+04  1.081E-10
  27  1.567E+04  7.567E-11
  27  1.802E+04  5.286E-11
  27  2.072E+04  3.691E-11
  27  2.382E+04  2.576E-11
  27  2.739E+04  1.795E-11
  27  3.149E+04  1.250E-11
  27  3.620E+04  8.705E-12
  27  4.162E+04  6.053E-12
  27  4.786E+04  4.203E-12
  27  5.502E+04  2.918E-12
  27  6.326E+04  2.023E-12
  27  7.274E+04  1.401E-12
  27  8.363E+04  9.702E-13
  27  9.616E+04  6.709E-13
  27  1.106E+05  4.632E-13
  27  1.271E+05  3.202E-13
  27  1.461E+05  2.211E-13
  27  1.680E+05  1.523E-13
  27  1.932E+05  1.048E-13
  27  2.221E+05  7.216E-14
  27  2.554E+05  4.959E-14
  27  2.936E+05  3.408E-14
  27  3.376E+05  2.338E-14
  27  3.882E+05  1.603E-14
  27  4.463E+05  1.099E-14
  27  5.132E+05  7.518E-15
  27  5.900E+05  5.144E-15
  28  5.800E-01  4.457E-04
  28  6.669E-01  5.009E-04
  28  7.667E-01  5.610E-04
  28  8.815E-01  6.262E-04
  28  1.014E+00  6.963E-04
  28  1.165E+00  7.700E-04
  28  1.340E+00  8.478E-04
  28  1.541E+00  9.278E-04
  28  1.771E+00  1.009E-03
  28  2.036E+00  1.089E-03
  28  2.341E+00  1.166E-03
  28  2.692E+00  1.237E-03
  28  3.095E+00  1.301E-03
  28  3.559E+00  1.353E-03
  28  4.092E+00  1.392E-03
  28  4.705E+00  1.415E-03
  28  5.409E+00  1.419E-03
  28  6.219E+00  1.404E-03
  28  7.151E+00  1.369E-03
  28  8.221E+00  1.316E-03
  28  9.453E+00  1.244E-03
  28  1.087E+01  1.159E-03
  28  1.250E+01  1.062E-03
  28  1.437E+01  9.576E-04
  28  1.652E+01  8.501E-04
  28  1.899E+01  7.429E-04
  28  2.184E+01  6.391E-04
  28  2.511E+01  5.419E-04
  28  2.887E+01  4.530E-04
  28  3.319E+01  3.737E-04
  28  3.816E+01  3.043E-04
  28  4.387E+01  2.449E-04
  28  5.045E+01  1.948E-04
  28  5.800E+01  1.535E-04
  28  6.669E+01  1.197E-04
  28  7.667E+01  9.258E-05
  28  8.815E+01  7.101E-05
  28  1.014E+02  5.402E-05
  28  1.165E+02  4.091E-05
  28  1.340E+02  3.073E-05
  28  1.541E+02  2.295E-05
  28  1.771E+02  1.708E-05
  28  2.036E+02  1.265E-05
  28  2.341E+02  9.320E-06
  28  2.692E+02  6.839E-06
  28  3.095E+02  5.003E-06
  28  3.559E+02  3.646E-06
  28  4.092E+02  2.650E-06
  28  4.705E+02  1.921E-06
  28  5.409E+02  1.389E-06
  28  6.219E+02  1.002E-06
  28  7.151E+02  7.206E-07
  28  8.221E+02  5.177E-07
  28  9.453E+02  3.710E-07
  28  1.087E+03  2.654E-07
  28  1.250E+03  1.895E-07
  28  1.437E+03  1.352E-07
  28  1.652E+03  9.628E-08
  28  1.899E+03  6.850E-08
  28  2.184E+03  4.862E-08
  28  2.511E+03  3.448E-08
  28  2.887E+03  2.443E-08
  28  3.319E+03  1.729E-08
  28  3.816E+03  1.222E-08
  28  4.387E+03  8.628E-09
  28  5.045E+03  6.081E-09
  28  5.800E+03  4.285E-09
  28  6.669E+03  3.015E-09
  28  7.667E+03  2.120E-09
  28  8.815E+03  1.489E-09
  28  1.014E+04  1.044E-09
  28  1.165E+04  7.329E-10
  28  1.340E+04  5.128E-10
  28  1.541E+04  3.586E-10
  28  1.771E+04  2.510E-10
  28  2.036E+04  1.753E-10
  28  2.341E+04  1.223E-10
  28  2.692E+04  8.525E-11
  28  3.095E+04  5.939E-11
  28  3.559E+04  4.131E-11
  28  4.092E+04  2.873E-11
  28  4.705E+04  1.995E-11
  28  5.409E+04  1.385E-11
  28  6.219E+04  9.608E-12
  28  7.151E+04  6.656E-12
  28  8.221E+04  4.609E-12
  28  9.453E+04  3.187E-12
  28  1.087E+05  2.202E-12
  28  1.250E+05  1.520E-12
  28  1.437E+05  1.049E-12
  28  1.652E+05  7.234E-13
  28  1.899E+05  4.985E-13
  28  2.184E+05  3.428E-13
  28  2.511E+05  2.357E-13
  28  2.887E+05  1.619E-13
  28  3.319E+05  1.112E-13
  28  3.816E+05  7.625E-14
  28  4.387E+05  5.226E-14
  28  5.045E+05  3.576E-14
  28  5.800E+05  2.447E-14
