1968.041096
   Z,        E,        F  
   1  1.000E-02  2.105E+10
   1  1.150E-02  1.720E+10
   1  1.322E-02  1.434E+10
   1  1.520E-02  1.196E+10
   1  1.748E-02  9.970E+09
   1  2.009E-02  8.260E+09
   1  2.310E-02  6.844E+09
   1  2.656E-02  5.683E+09
   1  3.054E-02  4.681E+09
   1  3.511E-02  3.858E+09
   1  4.037E-02  3.176E+09
   1  4.642E-02  2.605E+09
   1  5.337E-02  2.127E+09
   1  6.136E-02  1.730E+09
   1  7.055E-02  1.401E+09
   1  8.111E-02  1.129E+09
   1  9.326E-02  9.081E+08
   1  1.072E-01  7.248E+08
   1  1.233E-01  5.739E+08
   1  1.417E-01  4.518E+08
   1  1.630E-01  3.525E+08
   1  1.874E-01  2.727E+08
   1  2.154E-01  2.089E+08
   1  2.477E-01  1.579E+08
   1  2.848E-01  1.178E+08
   1  3.275E-01  8.656E+07
   1  3.765E-01  6.245E+07
   1  4.329E-01  4.428E+07
   1  4.977E-01  3.065E+07
   1  5.722E-01  2.061E+07
   1  6.579E-01  1.342E+07
   1  7.565E-01  8.419E+06
   1  8.697E-01  4.842E+06
   1  1.000E+00  2.702E+06
   1  1.150E+00  1.490E+06
   1  1.322E+00  8.151E+05
   1  1.520E+00  4.393E+05
   1  1.748E+00  2.343E+05
   1  2.009E+00  1.232E+05
   1  2.310E+00  6.403E+04
   1  2.656E+00  3.284E+04
   1  3.054E+00  1.667E+04
   1  3.511E+00  8.335E+03
   1  4.037E+00  4.117E+03
   1  4.642E+00  2.009E+03
   1  5.337E+00  9.696E+02
   1  6.136E+00  4.635E+02
   1  7.055E+00  2.189E+02
   1  8.111E+00  1.025E+02
   1  9.326E+00  4.675E+01
   1  1.072E+01  2.192E+01
   1  1.233E+01  1.004E+01
   1  1.417E+01  4.556E+00
   1  1.630E+01  2.055E+00
   1  1.874E+01  9.244E-01
   1  2.154E+01  4.107E-01
   1  2.477E+01  1.830E-01
   1  2.848E+01  8.102E-02
   1  3.275E+01  3.580E-02
   1  3.765E+01  1.575E-02
   1  4.329E+01  6.903E-03
   1  4.977E+01  3.023E-03
   1  5.722E+01  1.321E-03
   1  6.579E+01  5.761E-04
   1  7.565E+01  2.509E-04
   1  8.697E+01  1.090E-04
   1  1.000E+02  4.731E-05
   1  1.150E+02  2.056E-05
   1  1.322E+02  8.902E-06
   1  1.520E+02  3.853E-06
   1  1.748E+02  1.668E-06
   1  2.009E+02  7.204E-07
   1  2.310E+02  3.117E-07
   1  2.656E+02  1.345E-07
   1  3.054E+02  5.808E-08
   1  3.511E+02  2.505E-08
   1  4.037E+02  1.081E-08
   1  4.642E+02  4.660E-09
   1  5.337E+02  2.009E-09
   1  6.136E+02  8.660E-10
   1  7.055E+02  3.776E-10
   1  8.111E+02  1.609E-10
   1  9.326E+02  6.937E-11
   1  1.072E+03  1.000E-33
   1  1.233E+03  1.000E-33
   1  1.417E+03  1.000E-33
   1  1.630E+03  1.000E-33
   1  1.874E+03  1.000E-33
   1  2.154E+03  1.000E-33
   1  2.477E+03  1.000E-33
   1  2.848E+03  1.000E-33
   1  3.275E+03  1.000E-33
   1  3.765E+03  1.000E-33
   1  4.329E+03  1.000E-33
   1  4.977E+03  1.000E-33
   1  5.722E+03  1.000E-33
   1  6.579E+03  1.000E-33
   1  7.565E+03  1.000E-33
   1  8.697E+03  1.000E-33
   1  1.000E+04  1.000E-33
   2  4.000E-02  1.000E-33
   2  4.599E-02  1.000E-33
   2  5.288E-02  1.000E-33
   2  6.080E-02  1.000E-33
   2  6.990E-02  1.000E-33
   2  8.037E-02  1.000E-33
   2  9.241E-02  1.000E-33
   2  1.062E-01  1.000E-33
   2  1.222E-01  1.000E-33
   2  1.404E-01  1.000E-33
   2  1.615E-01  1.000E-33
   2  1.857E-01  1.000E-33
   2  2.135E-01  1.000E-33
   2  2.454E-01  1.000E-33
   2  2.822E-01  1.000E-33
   2  3.245E-01  1.000E-33
   2  3.730E-01  1.000E-33
   2  4.289E-01  1.000E-33
   2  4.931E-01  1.000E-33
   2  5.670E-01  1.000E-33
   2  6.519E-01  1.000E-33
   2  7.495E-01  1.000E-33
   2  8.618E-01  1.000E-33
   2  9.908E-01  1.000E-33
   2  1.139E+00  1.000E-33
   2  1.310E+00  1.000E-33
   2  1.506E+00  1.000E-33
   2  1.732E+00  1.000E-33
   2  1.991E+00  1.000E-33
   2  2.289E+00  1.000E-33
   2  2.632E+00  1.000E-33
   2  3.026E+00  1.000E-33
   2  3.479E+00  1.000E-33
   2  4.000E+00  1.000E-33
   2  4.599E+00  1.000E-33
   2  5.288E+00  1.000E-33
   2  6.080E+00  1.000E-33
   2  6.990E+00  1.000E-33
   2  8.037E+00  1.000E-33
   2  9.241E+00  1.000E-33
   2  1.062E+01  1.000E-33
   2  1.222E+01  1.000E-33
   2  1.404E+01  1.000E-33
   2  1.615E+01  1.000E-33
   2  1.857E+01  1.000E-33
   2  2.135E+01  1.000E-33
   2  2.454E+01  1.000E-33
   2  2.822E+01  1.000E-33
   2  3.245E+01  1.000E-33
   2  3.730E+01  1.000E-33
   2  4.289E+01  1.000E-33
   2  4.931E+01  1.000E-33
   2  5.670E+01  1.000E-33
   2  6.519E+01  1.000E-33
   2  7.495E+01  1.000E-33
   2  8.618E+01  1.000E-33
   2  9.908E+01  1.000E-33
   2  1.139E+02  1.000E-33
   2  1.310E+02  1.000E-33
   2  1.506E+02  1.000E-33
   2  1.732E+02  1.000E-33
   2  1.991E+02  1.000E-33
   2  2.289E+02  1.000E-33
   2  2.632E+02  1.000E-33
   2  3.026E+02  1.000E-33
   2  3.479E+02  1.000E-33
   2  4.000E+02  1.000E-33
   2  4.599E+02  1.000E-33
   2  5.288E+02  1.000E-33
   2  6.080E+02  1.000E-33
   2  6.990E+02  1.000E-33
   2  8.037E+02  1.000E-33
   2  9.241E+02  1.000E-33
   2  1.062E+03  1.000E-33
   2  1.222E+03  1.000E-33
   2  1.404E+03  1.000E-33
   2  1.615E+03  1.000E-33
   2  1.857E+03  1.000E-33
   2  2.135E+03  1.000E-33
   2  2.454E+03  1.000E-33
   2  2.822E+03  1.000E-33
   2  3.245E+03  1.000E-33
   2  3.730E+03  1.000E-33
   2  4.289E+03  1.000E-33
   2  4.931E+03  1.000E-33
   2  5.670E+03  1.000E-33
   2  6.519E+03  1.000E-33
   2  7.495E+03  1.000E-33
   2  8.618E+03  1.000E-33
   2  9.908E+03  1.000E-33
   2  1.139E+04  1.000E-33
   2  1.310E+04  1.000E-33
   2  1.506E+04  1.000E-33
   2  1.732E+04  1.000E-33
   2  1.991E+04  1.000E-33
   2  2.289E+04  1.000E-33
   2  2.632E+04  1.000E-33
   2  3.026E+04  1.000E-33
   2  3.479E+04  1.000E-33
   2  4.000E+04  1.000E-33
   3  7.000E-02  1.000E-33
   3  8.048E-02  1.000E-33
   3  9.254E-02  1.000E-33
   3  1.064E-01  1.000E-33
   3  1.223E-01  1.000E-33
   3  1.406E-01  1.000E-33
   3  1.617E-01  1.000E-33
   3  1.859E-01  1.000E-33
   3  2.138E-01  1.000E-33
   3  2.458E-01  1.000E-33
   3  2.826E-01  1.000E-33
   3  3.249E-01  1.000E-33
   3  3.736E-01  1.000E-33
   3  4.295E-01  1.000E-33
   3  4.938E-01  1.000E-33
   3  5.678E-01  1.000E-33
   3  6.528E-01  1.000E-33
   3  7.506E-01  1.000E-33
   3  8.630E-01  1.000E-33
   3  9.922E-01  1.000E-33
   3  1.141E+00  1.000E-33
   3  1.312E+00  1.000E-33
   3  1.508E+00  1.000E-33
   3  1.734E+00  1.000E-33
   3  1.994E+00  1.000E-33
   3  2.292E+00  1.000E-33
   3  2.635E+00  1.000E-33
   3  3.030E+00  1.000E-33
   3  3.484E+00  1.000E-33
   3  4.006E+00  1.000E-33
   3  4.606E+00  1.000E-33
   3  5.295E+00  1.000E-33
   3  6.088E+00  1.000E-33
   3  7.000E+00  1.000E-33
   3  8.048E+00  1.000E-33
   3  9.254E+00  1.000E-33
   3  1.064E+01  1.000E-33
   3  1.223E+01  1.000E-33
   3  1.406E+01  1.000E-33
   3  1.617E+01  1.000E-33
   3  1.859E+01  1.000E-33
   3  2.138E+01  1.000E-33
   3  2.458E+01  1.000E-33
   3  2.826E+01  1.000E-33
   3  3.249E+01  1.000E-33
   3  3.736E+01  1.000E-33
   3  4.295E+01  1.000E-33
   3  4.938E+01  1.000E-33
   3  5.678E+01  1.000E-33
   3  6.528E+01  1.000E-33
   3  7.506E+01  1.000E-33
   3  8.630E+01  1.000E-33
   3  9.922E+01  1.000E-33
   3  1.141E+02  1.000E-33
   3  1.312E+02  1.000E-33
   3  1.508E+02  1.000E-33
   3  1.734E+02  1.000E-33
   3  1.994E+02  1.000E-33
   3  2.292E+02  1.000E-33
   3  2.635E+02  1.000E-33
   3  3.030E+02  1.000E-33
   3  3.484E+02  1.000E-33
   3  4.006E+02  1.000E-33
   3  4.606E+02  1.000E-33
   3  5.295E+02  1.000E-33
   3  6.088E+02  1.000E-33
   3  7.000E+02  1.000E-33
   3  8.048E+02  1.000E-33
   3  9.254E+02  1.000E-33
   3  1.064E+03  1.000E-33
   3  1.223E+03  1.000E-33
   3  1.406E+03  1.000E-33
   3  1.617E+03  1.000E-33
   3  1.859E+03  1.000E-33
   3  2.138E+03  1.000E-33
   3  2.458E+03  1.000E-33
   3  2.826E+03  1.000E-33
   3  3.249E+03  1.000E-33
   3  3.736E+03  1.000E-33
   3  4.295E+03  1.000E-33
   3  4.938E+03  1.000E-33
   3  5.678E+03  1.000E-33
   3  6.528E+03  1.000E-33
   3  7.506E+03  1.000E-33
   3  8.630E+03  1.000E-33
   3  9.922E+03  1.000E-33
   3  1.141E+04  1.000E-33
   3  1.312E+04  1.000E-33
   3  1.508E+04  1.000E-33
   3  1.734E+04  1.000E-33
   3  1.994E+04  1.000E-33
   3  2.292E+04  1.000E-33
   3  2.635E+04  1.000E-33
   3  3.030E+04  1.000E-33
   3  3.484E+04  1.000E-33
   3  4.006E+04  1.000E-33
   3  4.606E+04  1.000E-33
   3  5.295E+04  1.000E-33
   3  6.088E+04  1.000E-33
   3  7.000E+04  1.000E-33
   4  9.000E-02  1.000E-33
   4  1.035E-01  1.000E-33
   4  1.190E-01  1.000E-33
   4  1.368E-01  1.000E-33
   4  1.573E-01  1.000E-33
   4  1.808E-01  1.000E-33
   4  2.079E-01  1.000E-33
   4  2.390E-01  1.000E-33
   4  2.748E-01  1.000E-33
   4  3.160E-01  1.000E-33
   4  3.633E-01  1.000E-33
   4  4.177E-01  1.000E-33
   4  4.803E-01  1.000E-33
   4  5.522E-01  1.000E-33
   4  6.349E-01  1.000E-33
   4  7.300E-01  1.000E-33
   4  8.393E-01  1.000E-33
   4  9.650E-01  1.000E-33
   4  1.110E+00  1.000E-33
   4  1.276E+00  1.000E-33
   4  1.467E+00  1.000E-33
   4  1.686E+00  1.000E-33
   4  1.939E+00  1.000E-33
   4  2.229E+00  1.000E-33
   4  2.563E+00  1.000E-33
   4  2.947E+00  1.000E-33
   4  3.388E+00  1.000E-33
   4  3.896E+00  1.000E-33
   4  4.479E+00  1.000E-33
   4  5.150E+00  1.000E-33
   4  5.921E+00  1.000E-33
   4  6.808E+00  1.000E-33
   4  7.828E+00  1.000E-33
   4  9.000E+00  1.000E-33
   4  1.035E+01  1.000E-33
   4  1.190E+01  1.000E-33
   4  1.368E+01  1.000E-33
   4  1.573E+01  1.000E-33
   4  1.808E+01  1.000E-33
   4  2.079E+01  1.000E-33
   4  2.390E+01  1.000E-33
   4  2.748E+01  1.000E-33
   4  3.160E+01  1.000E-33
   4  3.633E+01  1.000E-33
   4  4.177E+01  1.000E-33
   4  4.803E+01  1.000E-33
   4  5.522E+01  1.000E-33
   4  6.349E+01  1.000E-33
   4  7.300E+01  1.000E-33
   4  8.393E+01  1.000E-33
   4  9.650E+01  1.000E-33
   4  1.110E+02  1.000E-33
   4  1.276E+02  1.000E-33
   4  1.467E+02  1.000E-33
   4  1.686E+02  1.000E-33
   4  1.939E+02  1.000E-33
   4  2.229E+02  1.000E-33
   4  2.563E+02  1.000E-33
   4  2.947E+02  1.000E-33
   4  3.388E+02  1.000E-33
   4  3.896E+02  1.000E-33
   4  4.479E+02  1.000E-33
   4  5.150E+02  1.000E-33
   4  5.921E+02  1.000E-33
   4  6.808E+02  1.000E-33
   4  7.828E+02  1.000E-33
   4  9.000E+02  1.000E-33
   4  1.035E+03  1.000E-33
   4  1.190E+03  1.000E-33
   4  1.368E+03  1.000E-33
   4  1.573E+03  1.000E-33
   4  1.808E+03  1.000E-33
   4  2.079E+03  1.000E-33
   4  2.390E+03  1.000E-33
   4  2.748E+03  1.000E-33
   4  3.160E+03  1.000E-33
   4  3.633E+03  1.000E-33
   4  4.177E+03  1.000E-33
   4  4.803E+03  1.000E-33
   4  5.522E+03  1.000E-33
   4  6.349E+03  1.000E-33
   4  7.300E+03  1.000E-33
   4  8.393E+03  1.000E-33
   4  9.650E+03  1.000E-33
   4  1.110E+04  1.000E-33
   4  1.276E+04  1.000E-33
   4  1.467E+04  1.000E-33
   4  1.686E+04  1.000E-33
   4  1.939E+04  1.000E-33
   4  2.229E+04  1.000E-33
   4  2.563E+04  1.000E-33
   4  2.947E+04  1.000E-33
   4  3.388E+04  1.000E-33
   4  3.896E+04  1.000E-33
   4  4.479E+04  1.000E-33
   4  5.150E+04  1.000E-33
   4  5.921E+04  1.000E-33
   4  6.808E+04  1.000E-33
   4  7.828E+04  1.000E-33
   4  9.000E+04  1.000E-33
   5  1.100E-01  1.000E-33
   5  1.265E-01  1.000E-33
   5  1.454E-01  1.000E-33
   5  1.672E-01  1.000E-33
   5  1.922E-01  1.000E-33
   5  2.210E-01  1.000E-33
   5  2.541E-01  1.000E-33
   5  2.922E-01  1.000E-33
   5  3.359E-01  1.000E-33
   5  3.862E-01  1.000E-33
   5  4.441E-01  1.000E-33
   5  5.106E-01  1.000E-33
   5  5.870E-01  1.000E-33
   5  6.749E-01  1.000E-33
   5  7.760E-01  1.000E-33
   5  8.922E-01  1.000E-33
   5  1.026E+00  1.000E-33
   5  1.179E+00  1.000E-33
   5  1.356E+00  1.000E-33
   5  1.559E+00  1.000E-33
   5  1.793E+00  1.000E-33
   5  2.061E+00  1.000E-33
   5  2.370E+00  1.000E-33
   5  2.725E+00  1.000E-33
   5  3.133E+00  1.000E-33
   5  3.602E+00  1.000E-33
   5  4.141E+00  1.000E-33
   5  4.762E+00  1.000E-33
   5  5.475E+00  1.000E-33
   5  6.295E+00  1.000E-33
   5  7.237E+00  1.000E-33
   5  8.321E+00  1.000E-33
   5  9.567E+00  1.000E-33
   5  1.100E+01  1.000E-33
   5  1.265E+01  1.000E-33
   5  1.454E+01  1.000E-33
   5  1.672E+01  1.000E-33
   5  1.922E+01  1.000E-33
   5  2.210E+01  1.000E-33
   5  2.541E+01  1.000E-33
   5  2.922E+01  1.000E-33
   5  3.359E+01  1.000E-33
   5  3.862E+01  1.000E-33
   5  4.441E+01  1.000E-33
   5  5.106E+01  1.000E-33
   5  5.870E+01  1.000E-33
   5  6.749E+01  1.000E-33
   5  7.760E+01  1.000E-33
   5  8.922E+01  1.000E-33
   5  1.026E+02  1.000E-33
   5  1.179E+02  1.000E-33
   5  1.356E+02  1.000E-33
   5  1.559E+02  1.000E-33
   5  1.793E+02  1.000E-33
   5  2.061E+02  1.000E-33
   5  2.370E+02  1.000E-33
   5  2.725E+02  1.000E-33
   5  3.133E+02  1.000E-33
   5  3.602E+02  1.000E-33
   5  4.141E+02  1.000E-33
   5  4.762E+02  1.000E-33
   5  5.475E+02  1.000E-33
   5  6.295E+02  1.000E-33
   5  7.237E+02  1.000E-33
   5  8.321E+02  1.000E-33
   5  9.567E+02  1.000E-33
   5  1.100E+03  1.000E-33
   5  1.265E+03  1.000E-33
   5  1.454E+03  1.000E-33
   5  1.672E+03  1.000E-33
   5  1.922E+03  1.000E-33
   5  2.210E+03  1.000E-33
   5  2.541E+03  1.000E-33
   5  2.922E+03  1.000E-33
   5  3.359E+03  1.000E-33
   5  3.862E+03  1.000E-33
   5  4.441E+03  1.000E-33
   5  5.106E+03  1.000E-33
   5  5.870E+03  1.000E-33
   5  6.749E+03  1.000E-33
   5  7.760E+03  1.000E-33
   5  8.922E+03  1.000E-33
   5  1.026E+04  1.000E-33
   5  1.179E+04  1.000E-33
   5  1.356E+04  1.000E-33
   5  1.559E+04  1.000E-33
   5  1.793E+04  1.000E-33
   5  2.061E+04  1.000E-33
   5  2.370E+04  1.000E-33
   5  2.725E+04  1.000E-33
   5  3.133E+04  1.000E-33
   5  3.602E+04  1.000E-33
   5  4.141E+04  1.000E-33
   5  4.762E+04  1.000E-33
   5  5.475E+04  1.000E-33
   5  6.295E+04  1.000E-33
   5  7.237E+04  1.000E-33
   5  8.321E+04  1.000E-33
   5  9.567E+04  1.000E-33
   5  1.100E+05  1.000E-33
   6  1.200E-01  1.000E-33
   6  1.380E-01  1.000E-33
   6  1.586E-01  1.000E-33
   6  1.824E-01  1.000E-33
   6  2.097E-01  1.000E-33
   6  2.411E-01  1.000E-33
   6  2.772E-01  1.000E-33
   6  3.187E-01  1.000E-33
   6  3.665E-01  1.000E-33
   6  4.213E-01  1.000E-33
   6  4.844E-01  1.000E-33
   6  5.570E-01  1.000E-33
   6  6.404E-01  1.000E-33
   6  7.363E-01  1.000E-33
   6  8.466E-01  1.000E-33
   6  9.734E-01  1.000E-33
   6  1.119E+00  1.000E-33
   6  1.287E+00  1.000E-33
   6  1.479E+00  1.000E-33
   6  1.701E+00  1.000E-33
   6  1.956E+00  1.000E-33
   6  2.249E+00  1.000E-33
   6  2.585E+00  1.000E-33
   6  2.972E+00  1.000E-33
   6  3.418E+00  1.000E-33
   6  3.929E+00  1.000E-33
   6  4.518E+00  1.000E-33
   6  5.195E+00  1.000E-33
   6  5.972E+00  1.000E-33
   6  6.867E+00  1.000E-33
   6  7.895E+00  1.000E-33
   6  9.078E+00  1.000E-33
   6  1.044E+01  1.000E-33
   6  1.200E+01  1.000E-33
   6  1.380E+01  1.000E-33
   6  1.586E+01  1.000E-33
   6  1.824E+01  1.000E-33
   6  2.097E+01  1.000E-33
   6  2.411E+01  1.000E-33
   6  2.772E+01  1.000E-33
   6  3.187E+01  1.000E-33
   6  3.665E+01  1.000E-33
   6  4.213E+01  1.000E-33
   6  4.844E+01  1.000E-33
   6  5.570E+01  1.000E-33
   6  6.404E+01  1.000E-33
   6  7.363E+01  1.000E-33
   6  8.466E+01  1.000E-33
   6  9.734E+01  1.000E-33
   6  1.119E+02  1.000E-33
   6  1.287E+02  1.000E-33
   6  1.479E+02  1.000E-33
   6  1.701E+02  1.000E-33
   6  1.956E+02  1.000E-33
   6  2.249E+02  1.000E-33
   6  2.585E+02  1.000E-33
   6  2.972E+02  1.000E-33
   6  3.418E+02  1.000E-33
   6  3.929E+02  1.000E-33
   6  4.518E+02  1.000E-33
   6  5.195E+02  1.000E-33
   6  5.972E+02  1.000E-33
   6  6.867E+02  1.000E-33
   6  7.895E+02  1.000E-33
   6  9.078E+02  1.000E-33
   6  1.044E+03  1.000E-33
   6  1.200E+03  1.000E-33
   6  1.380E+03  1.000E-33
   6  1.586E+03  1.000E-33
   6  1.824E+03  1.000E-33
   6  2.097E+03  1.000E-33
   6  2.411E+03  1.000E-33
   6  2.772E+03  1.000E-33
   6  3.187E+03  1.000E-33
   6  3.665E+03  1.000E-33
   6  4.213E+03  1.000E-33
   6  4.844E+03  1.000E-33
   6  5.570E+03  1.000E-33
   6  6.404E+03  1.000E-33
   6  7.363E+03  1.000E-33
   6  8.466E+03  1.000E-33
   6  9.734E+03  1.000E-33
   6  1.119E+04  1.000E-33
   6  1.287E+04  1.000E-33
   6  1.479E+04  1.000E-33
   6  1.701E+04  1.000E-33
   6  1.956E+04  1.000E-33
   6  2.249E+04  1.000E-33
   6  2.585E+04  1.000E-33
   6  2.972E+04  1.000E-33
   6  3.418E+04  1.000E-33
   6  3.929E+04  1.000E-33
   6  4.518E+04  1.000E-33
   6  5.195E+04  1.000E-33
   6  5.972E+04  1.000E-33
   6  6.867E+04  1.000E-33
   6  7.895E+04  1.000E-33
   6  9.078E+04  1.000E-33
   6  1.044E+05  1.000E-33
   6  1.200E+05  1.000E-33
   7  1.400E-01  1.000E-33
   7  1.610E-01  1.000E-33
   7  1.851E-01  1.000E-33
   7  2.128E-01  1.000E-33
   7  2.447E-01  1.000E-33
   7  2.813E-01  1.000E-33
   7  3.234E-01  1.000E-33
   7  3.719E-01  1.000E-33
   7  4.275E-01  1.000E-33
   7  4.916E-01  1.000E-33
   7  5.652E-01  1.000E-33
   7  6.498E-01  1.000E-33
   7  7.471E-01  1.000E-33
   7  8.590E-01  1.000E-33
   7  9.877E-01  1.000E-33
   7  1.136E+00  1.000E-33
   7  1.306E+00  1.000E-33
   7  1.501E+00  1.000E-33
   7  1.726E+00  1.000E-33
   7  1.984E+00  1.000E-33
   7  2.282E+00  1.000E-33
   7  2.623E+00  1.000E-33
   7  3.016E+00  1.000E-33
   7  3.468E+00  1.000E-33
   7  3.987E+00  1.000E-33
   7  4.584E+00  1.000E-33
   7  5.271E+00  1.000E-33
   7  6.060E+00  1.000E-33
   7  6.968E+00  1.000E-33
   7  8.011E+00  1.000E-33
   7  9.211E+00  1.000E-33
   7  1.059E+01  1.000E-33
   7  1.218E+01  1.000E-33
   7  1.400E+01  1.000E-33
   7  1.610E+01  1.000E-33
   7  1.851E+01  1.000E-33
   7  2.128E+01  1.000E-33
   7  2.447E+01  1.000E-33
   7  2.813E+01  1.000E-33
   7  3.234E+01  1.000E-33
   7  3.719E+01  1.000E-33
   7  4.275E+01  1.000E-33
   7  4.916E+01  1.000E-33
   7  5.652E+01  1.000E-33
   7  6.498E+01  1.000E-33
   7  7.471E+01  1.000E-33
   7  8.590E+01  1.000E-33
   7  9.877E+01  1.000E-33
   7  1.136E+02  1.000E-33
   7  1.306E+02  1.000E-33
   7  1.501E+02  1.000E-33
   7  1.726E+02  1.000E-33
   7  1.984E+02  1.000E-33
   7  2.282E+02  1.000E-33
   7  2.623E+02  1.000E-33
   7  3.016E+02  1.000E-33
   7  3.468E+02  1.000E-33
   7  3.987E+02  1.000E-33
   7  4.584E+02  1.000E-33
   7  5.271E+02  1.000E-33
   7  6.060E+02  1.000E-33
   7  6.968E+02  1.000E-33
   7  8.011E+02  1.000E-33
   7  9.211E+02  1.000E-33
   7  1.059E+03  1.000E-33
   7  1.218E+03  1.000E-33
   7  1.400E+03  1.000E-33
   7  1.610E+03  1.000E-33
   7  1.851E+03  1.000E-33
   7  2.128E+03  1.000E-33
   7  2.447E+03  1.000E-33
   7  2.813E+03  1.000E-33
   7  3.234E+03  1.000E-33
   7  3.719E+03  1.000E-33
   7  4.275E+03  1.000E-33
   7  4.916E+03  1.000E-33
   7  5.652E+03  1.000E-33
   7  6.498E+03  1.000E-33
   7  7.471E+03  1.000E-33
   7  8.590E+03  1.000E-33
   7  9.877E+03  1.000E-33
   7  1.136E+04  1.000E-33
   7  1.306E+04  1.000E-33
   7  1.501E+04  1.000E-33
   7  1.726E+04  1.000E-33
   7  1.984E+04  1.000E-33
   7  2.282E+04  1.000E-33
   7  2.623E+04  1.000E-33
   7  3.016E+04  1.000E-33
   7  3.468E+04  1.000E-33
   7  3.987E+04  1.000E-33
   7  4.584E+04  1.000E-33
   7  5.271E+04  1.000E-33
   7  6.060E+04  1.000E-33
   7  6.968E+04  1.000E-33
   7  8.011E+04  1.000E-33
   7  9.211E+04  1.000E-33
   7  1.059E+05  1.000E-33
   7  1.218E+05  1.000E-33
   7  1.400E+05  1.000E-33
   8  1.600E-01  1.000E-33
   8  1.840E-01  1.000E-33
   8  2.115E-01  1.000E-33
   8  2.432E-01  1.000E-33
   8  2.796E-01  1.000E-33
   8  3.215E-01  1.000E-33
   8  3.696E-01  1.000E-33
   8  4.250E-01  1.000E-33
   8  4.886E-01  1.000E-33
   8  5.618E-01  1.000E-33
   8  6.459E-01  1.000E-33
   8  7.427E-01  1.000E-33
   8  8.539E-01  1.000E-33
   8  9.817E-01  1.000E-33
   8  1.129E+00  1.000E-33
   8  1.298E+00  1.000E-33
   8  1.492E+00  1.000E-33
   8  1.716E+00  1.000E-33
   8  1.973E+00  1.000E-33
   8  2.268E+00  1.000E-33
   8  2.608E+00  1.000E-33
   8  2.998E+00  1.000E-33
   8  3.447E+00  1.000E-33
   8  3.963E+00  1.000E-33
   8  4.557E+00  1.000E-33
   8  5.239E+00  1.000E-33
   8  6.024E+00  1.000E-33
   8  6.926E+00  1.000E-33
   8  7.963E+00  1.000E-33
   8  9.156E+00  1.000E-33
   8  1.053E+01  1.000E-33
   8  1.210E+01  1.000E-33
   8  1.392E+01  1.000E-33
   8  1.600E+01  1.000E-33
   8  1.840E+01  1.000E-33
   8  2.115E+01  1.000E-33
   8  2.432E+01  1.000E-33
   8  2.796E+01  1.000E-33
   8  3.215E+01  1.000E-33
   8  3.696E+01  1.000E-33
   8  4.250E+01  1.000E-33
   8  4.886E+01  1.000E-33
   8  5.618E+01  1.000E-33
   8  6.459E+01  1.000E-33
   8  7.427E+01  1.000E-33
   8  8.539E+01  1.000E-33
   8  9.817E+01  1.000E-33
   8  1.129E+02  1.000E-33
   8  1.298E+02  1.000E-33
   8  1.492E+02  1.000E-33
   8  1.716E+02  1.000E-33
   8  1.973E+02  1.000E-33
   8  2.268E+02  1.000E-33
   8  2.608E+02  1.000E-33
   8  2.998E+02  1.000E-33
   8  3.447E+02  1.000E-33
   8  3.963E+02  1.000E-33
   8  4.557E+02  1.000E-33
   8  5.239E+02  1.000E-33
   8  6.024E+02  1.000E-33
   8  6.926E+02  1.000E-33
   8  7.963E+02  1.000E-33
   8  9.156E+02  1.000E-33
   8  1.053E+03  1.000E-33
   8  1.210E+03  1.000E-33
   8  1.392E+03  1.000E-33
   8  1.600E+03  1.000E-33
   8  1.840E+03  1.000E-33
   8  2.115E+03  1.000E-33
   8  2.432E+03  1.000E-33
   8  2.796E+03  1.000E-33
   8  3.215E+03  1.000E-33
   8  3.696E+03  1.000E-33
   8  4.250E+03  1.000E-33
   8  4.886E+03  1.000E-33
   8  5.618E+03  1.000E-33
   8  6.459E+03  1.000E-33
   8  7.427E+03  1.000E-33
   8  8.539E+03  1.000E-33
   8  9.817E+03  1.000E-33
   8  1.129E+04  1.000E-33
   8  1.298E+04  1.000E-33
   8  1.492E+04  1.000E-33
   8  1.716E+04  1.000E-33
   8  1.973E+04  1.000E-33
   8  2.268E+04  1.000E-33
   8  2.608E+04  1.000E-33
   8  2.998E+04  1.000E-33
   8  3.447E+04  1.000E-33
   8  3.963E+04  1.000E-33
   8  4.557E+04  1.000E-33
   8  5.239E+04  1.000E-33
   8  6.024E+04  1.000E-33
   8  6.926E+04  1.000E-33
   8  7.963E+04  1.000E-33
   8  9.156E+04  1.000E-33
   8  1.053E+05  1.000E-33
   8  1.210E+05  1.000E-33
   8  1.392E+05  1.000E-33
   8  1.600E+05  1.000E-33
   9  1.900E-01  1.000E-33
   9  2.185E-01  1.000E-33
   9  2.512E-01  1.000E-33
   9  2.888E-01  1.000E-33
   9  3.320E-01  1.000E-33
   9  3.818E-01  1.000E-33
   9  4.389E-01  1.000E-33
   9  5.047E-01  1.000E-33
   9  5.802E-01  1.000E-33
   9  6.671E-01  1.000E-33
   9  7.670E-01  1.000E-33
   9  8.819E-01  1.000E-33
   9  1.014E+00  1.000E-33
   9  1.166E+00  1.000E-33
   9  1.340E+00  1.000E-33
   9  1.541E+00  1.000E-33
   9  1.772E+00  1.000E-33
   9  2.037E+00  1.000E-33
   9  2.342E+00  1.000E-33
   9  2.693E+00  1.000E-33
   9  3.097E+00  1.000E-33
   9  3.560E+00  1.000E-33
   9  4.093E+00  1.000E-33
   9  4.706E+00  1.000E-33
   9  5.411E+00  1.000E-33
   9  6.222E+00  1.000E-33
   9  7.153E+00  1.000E-33
   9  8.225E+00  1.000E-33
   9  9.456E+00  1.000E-33
   9  1.087E+01  1.000E-33
   9  1.250E+01  1.000E-33
   9  1.437E+01  1.000E-33
   9  1.653E+01  1.000E-33
   9  1.900E+01  1.000E-33
   9  2.185E+01  1.000E-33
   9  2.512E+01  1.000E-33
   9  2.888E+01  1.000E-33
   9  3.320E+01  1.000E-33
   9  3.818E+01  1.000E-33
   9  4.389E+01  1.000E-33
   9  5.047E+01  1.000E-33
   9  5.802E+01  1.000E-33
   9  6.671E+01  1.000E-33
   9  7.670E+01  1.000E-33
   9  8.819E+01  1.000E-33
   9  1.014E+02  1.000E-33
   9  1.166E+02  1.000E-33
   9  1.340E+02  1.000E-33
   9  1.541E+02  1.000E-33
   9  1.772E+02  1.000E-33
   9  2.037E+02  1.000E-33
   9  2.342E+02  1.000E-33
   9  2.693E+02  1.000E-33
   9  3.097E+02  1.000E-33
   9  3.560E+02  1.000E-33
   9  4.093E+02  1.000E-33
   9  4.706E+02  1.000E-33
   9  5.411E+02  1.000E-33
   9  6.222E+02  1.000E-33
   9  7.153E+02  1.000E-33
   9  8.225E+02  1.000E-33
   9  9.456E+02  1.000E-33
   9  1.087E+03  1.000E-33
   9  1.250E+03  1.000E-33
   9  1.437E+03  1.000E-33
   9  1.653E+03  1.000E-33
   9  1.900E+03  1.000E-33
   9  2.185E+03  1.000E-33
   9  2.512E+03  1.000E-33
   9  2.888E+03  1.000E-33
   9  3.320E+03  1.000E-33
   9  3.818E+03  1.000E-33
   9  4.389E+03  1.000E-33
   9  5.047E+03  1.000E-33
   9  5.802E+03  1.000E-33
   9  6.671E+03  1.000E-33
   9  7.670E+03  1.000E-33
   9  8.819E+03  1.000E-33
   9  1.014E+04  1.000E-33
   9  1.166E+04  1.000E-33
   9  1.340E+04  1.000E-33
   9  1.541E+04  1.000E-33
   9  1.772E+04  1.000E-33
   9  2.037E+04  1.000E-33
   9  2.342E+04  1.000E-33
   9  2.693E+04  1.000E-33
   9  3.097E+04  1.000E-33
   9  3.560E+04  1.000E-33
   9  4.093E+04  1.000E-33
   9  4.706E+04  1.000E-33
   9  5.411E+04  1.000E-33
   9  6.222E+04  1.000E-33
   9  7.153E+04  1.000E-33
   9  8.225E+04  1.000E-33
   9  9.456E+04  1.000E-33
   9  1.087E+05  1.000E-33
   9  1.250E+05  1.000E-33
   9  1.437E+05  1.000E-33
   9  1.653E+05  1.000E-33
   9  1.900E+05  1.000E-33
  10  2.000E-01  1.000E-33
  10  2.300E-01  1.000E-33
  10  2.644E-01  1.000E-33
  10  3.040E-01  1.000E-33
  10  3.495E-01  1.000E-33
  10  4.018E-01  1.000E-33
  10  4.620E-01  1.000E-33
  10  5.312E-01  1.000E-33
  10  6.108E-01  1.000E-33
  10  7.022E-01  1.000E-33
  10  8.074E-01  1.000E-33
  10  9.283E-01  1.000E-33
  10  1.067E+00  1.000E-33
  10  1.227E+00  1.000E-33
  10  1.411E+00  1.000E-33
  10  1.622E+00  1.000E-33
  10  1.865E+00  1.000E-33
  10  2.145E+00  1.000E-33
  10  2.466E+00  1.000E-33
  10  2.835E+00  1.000E-33
  10  3.260E+00  1.000E-33
  10  3.748E+00  1.000E-33
  10  4.309E+00  1.000E-33
  10  4.954E+00  1.000E-33
  10  5.696E+00  1.000E-33
  10  6.549E+00  1.000E-33
  10  7.530E+00  1.000E-33
  10  8.658E+00  1.000E-33
  10  9.954E+00  1.000E-33
  10  1.144E+01  1.000E-33
  10  1.316E+01  1.000E-33
  10  1.513E+01  1.000E-33
  10  1.739E+01  1.000E-33
  10  2.000E+01  1.000E-33
  10  2.300E+01  1.000E-33
  10  2.644E+01  1.000E-33
  10  3.040E+01  1.000E-33
  10  3.495E+01  1.000E-33
  10  4.018E+01  1.000E-33
  10  4.620E+01  1.000E-33
  10  5.312E+01  1.000E-33
  10  6.108E+01  1.000E-33
  10  7.022E+01  1.000E-33
  10  8.074E+01  1.000E-33
  10  9.283E+01  1.000E-33
  10  1.067E+02  1.000E-33
  10  1.227E+02  1.000E-33
  10  1.411E+02  1.000E-33
  10  1.622E+02  1.000E-33
  10  1.865E+02  1.000E-33
  10  2.145E+02  1.000E-33
  10  2.466E+02  1.000E-33
  10  2.835E+02  1.000E-33
  10  3.260E+02  1.000E-33
  10  3.748E+02  1.000E-33
  10  4.309E+02  1.000E-33
  10  4.954E+02  1.000E-33
  10  5.696E+02  1.000E-33
  10  6.549E+02  1.000E-33
  10  7.530E+02  1.000E-33
  10  8.658E+02  1.000E-33
  10  9.954E+02  1.000E-33
  10  1.144E+03  1.000E-33
  10  1.316E+03  1.000E-33
  10  1.513E+03  1.000E-33
  10  1.739E+03  1.000E-33
  10  2.000E+03  1.000E-33
  10  2.300E+03  1.000E-33
  10  2.644E+03  1.000E-33
  10  3.040E+03  1.000E-33
  10  3.495E+03  1.000E-33
  10  4.018E+03  1.000E-33
  10  4.620E+03  1.000E-33
  10  5.312E+03  1.000E-33
  10  6.108E+03  1.000E-33
  10  7.022E+03  1.000E-33
  10  8.074E+03  1.000E-33
  10  9.283E+03  1.000E-33
  10  1.067E+04  1.000E-33
  10  1.227E+04  1.000E-33
  10  1.411E+04  1.000E-33
  10  1.622E+04  1.000E-33
  10  1.865E+04  1.000E-33
  10  2.145E+04  1.000E-33
  10  2.466E+04  1.000E-33
  10  2.835E+04  1.000E-33
  10  3.260E+04  1.000E-33
  10  3.748E+04  1.000E-33
  10  4.309E+04  1.000E-33
  10  4.954E+04  1.000E-33
  10  5.696E+04  1.000E-33
  10  6.549E+04  1.000E-33
  10  7.530E+04  1.000E-33
  10  8.658E+04  1.000E-33
  10  9.954E+04  1.000E-33
  10  1.144E+05  1.000E-33
  10  1.316E+05  1.000E-33
  10  1.513E+05  1.000E-33
  10  1.739E+05  1.000E-33
  10  2.000E+05  1.000E-33
  11  2.300E-01  1.000E-33
  11  2.644E-01  1.000E-33
  11  3.040E-01  1.000E-33
  11  3.496E-01  1.000E-33
  11  4.019E-01  1.000E-33
  11  4.621E-01  1.000E-33
  11  5.313E-01  1.000E-33
  11  6.109E-01  1.000E-33
  11  7.024E-01  1.000E-33
  11  8.076E-01  1.000E-33
  11  9.285E-01  1.000E-33
  11  1.068E+00  1.000E-33
  11  1.227E+00  1.000E-33
  11  1.411E+00  1.000E-33
  11  1.623E+00  1.000E-33
  11  1.866E+00  1.000E-33
  11  2.145E+00  1.000E-33
  11  2.466E+00  1.000E-33
  11  2.836E+00  1.000E-33
  11  3.260E+00  1.000E-33
  11  3.748E+00  1.000E-33
  11  4.310E+00  1.000E-33
  11  4.955E+00  1.000E-33
  11  5.697E+00  1.000E-33
  11  6.550E+00  1.000E-33
  11  7.531E+00  1.000E-33
  11  8.659E+00  1.000E-33
  11  9.956E+00  1.000E-33
  11  1.145E+01  1.000E-33
  11  1.316E+01  1.000E-33
  11  1.513E+01  1.000E-33
  11  1.740E+01  1.000E-33
  11  2.000E+01  1.000E-33
  11  2.300E+01  1.000E-33
  11  2.644E+01  1.000E-33
  11  3.040E+01  1.000E-33
  11  3.496E+01  1.000E-33
  11  4.019E+01  1.000E-33
  11  4.621E+01  1.000E-33
  11  5.313E+01  1.000E-33
  11  6.109E+01  1.000E-33
  11  7.024E+01  1.000E-33
  11  8.076E+01  1.000E-33
  11  9.285E+01  1.000E-33
  11  1.068E+02  1.000E-33
  11  1.227E+02  1.000E-33
  11  1.411E+02  1.000E-33
  11  1.623E+02  1.000E-33
  11  1.866E+02  1.000E-33
  11  2.145E+02  1.000E-33
  11  2.466E+02  1.000E-33
  11  2.836E+02  1.000E-33
  11  3.260E+02  1.000E-33
  11  3.748E+02  1.000E-33
  11  4.310E+02  1.000E-33
  11  4.955E+02  1.000E-33
  11  5.697E+02  1.000E-33
  11  6.550E+02  1.000E-33
  11  7.531E+02  1.000E-33
  11  8.659E+02  1.000E-33
  11  9.956E+02  1.000E-33
  11  1.145E+03  1.000E-33
  11  1.316E+03  1.000E-33
  11  1.513E+03  1.000E-33
  11  1.740E+03  1.000E-33
  11  2.000E+03  1.000E-33
  11  2.300E+03  1.000E-33
  11  2.644E+03  1.000E-33
  11  3.040E+03  1.000E-33
  11  3.496E+03  1.000E-33
  11  4.019E+03  1.000E-33
  11  4.621E+03  1.000E-33
  11  5.313E+03  1.000E-33
  11  6.109E+03  1.000E-33
  11  7.024E+03  1.000E-33
  11  8.076E+03  1.000E-33
  11  9.285E+03  1.000E-33
  11  1.068E+04  1.000E-33
  11  1.227E+04  1.000E-33
  11  1.411E+04  1.000E-33
  11  1.623E+04  1.000E-33
  11  1.866E+04  1.000E-33
  11  2.145E+04  1.000E-33
  11  2.466E+04  1.000E-33
  11  2.836E+04  1.000E-33
  11  3.260E+04  1.000E-33
  11  3.748E+04  1.000E-33
  11  4.310E+04  1.000E-33
  11  4.955E+04  1.000E-33
  11  5.697E+04  1.000E-33
  11  6.550E+04  1.000E-33
  11  7.531E+04  1.000E-33
  11  8.659E+04  1.000E-33
  11  9.956E+04  1.000E-33
  11  1.145E+05  1.000E-33
  11  1.316E+05  1.000E-33
  11  1.513E+05  1.000E-33
  11  1.740E+05  1.000E-33
  11  2.000E+05  1.000E-33
  11  2.300E+05  1.000E-33
  12  2.400E-01  1.000E-33
  12  2.759E-01  1.000E-33
  12  3.173E-01  1.000E-33
  12  3.648E-01  1.000E-33
  12  4.194E-01  1.000E-33
  12  4.822E-01  1.000E-33
  12  5.544E-01  1.000E-33
  12  6.375E-01  1.000E-33
  12  7.329E-01  1.000E-33
  12  8.427E-01  1.000E-33
  12  9.689E-01  1.000E-33
  12  1.114E+00  1.000E-33
  12  1.281E+00  1.000E-33
  12  1.473E+00  1.000E-33
  12  1.693E+00  1.000E-33
  12  1.947E+00  1.000E-33
  12  2.238E+00  1.000E-33
  12  2.573E+00  1.000E-33
  12  2.959E+00  1.000E-33
  12  3.402E+00  1.000E-33
  12  3.911E+00  1.000E-33
  12  4.497E+00  1.000E-33
  12  5.171E+00  1.000E-33
  12  5.945E+00  1.000E-33
  12  6.835E+00  1.000E-33
  12  7.859E+00  1.000E-33
  12  9.036E+00  1.000E-33
  12  1.039E+01  1.000E-33
  12  1.194E+01  1.000E-33
  12  1.373E+01  1.000E-33
  12  1.579E+01  1.000E-33
  12  1.816E+01  1.000E-33
  12  2.087E+01  1.000E-33
  12  2.400E+01  1.000E-33
  12  2.759E+01  1.000E-33
  12  3.173E+01  1.000E-33
  12  3.648E+01  1.000E-33
  12  4.194E+01  1.000E-33
  12  4.822E+01  1.000E-33
  12  5.544E+01  1.000E-33
  12  6.375E+01  1.000E-33
  12  7.329E+01  1.000E-33
  12  8.427E+01  1.000E-33
  12  9.689E+01  1.000E-33
  12  1.114E+02  1.000E-33
  12  1.281E+02  1.000E-33
  12  1.473E+02  1.000E-33
  12  1.693E+02  1.000E-33
  12  1.947E+02  1.000E-33
  12  2.238E+02  1.000E-33
  12  2.573E+02  1.000E-33
  12  2.959E+02  1.000E-33
  12  3.402E+02  1.000E-33
  12  3.911E+02  1.000E-33
  12  4.497E+02  1.000E-33
  12  5.171E+02  1.000E-33
  12  5.945E+02  1.000E-33
  12  6.835E+02  1.000E-33
  12  7.859E+02  1.000E-33
  12  9.036E+02  1.000E-33
  12  1.039E+03  1.000E-33
  12  1.194E+03  1.000E-33
  12  1.373E+03  1.000E-33
  12  1.579E+03  1.000E-33
  12  1.816E+03  1.000E-33
  12  2.087E+03  1.000E-33
  12  2.400E+03  1.000E-33
  12  2.759E+03  1.000E-33
  12  3.173E+03  1.000E-33
  12  3.648E+03  1.000E-33
  12  4.194E+03  1.000E-33
  12  4.822E+03  1.000E-33
  12  5.544E+03  1.000E-33
  12  6.375E+03  1.000E-33
  12  7.329E+03  1.000E-33
  12  8.427E+03  1.000E-33
  12  9.689E+03  1.000E-33
  12  1.114E+04  1.000E-33
  12  1.281E+04  1.000E-33
  12  1.473E+04  1.000E-33
  12  1.693E+04  1.000E-33
  12  1.947E+04  1.000E-33
  12  2.238E+04  1.000E-33
  12  2.573E+04  1.000E-33
  12  2.959E+04  1.000E-33
  12  3.402E+04  1.000E-33
  12  3.911E+04  1.000E-33
  12  4.497E+04  1.000E-33
  12  5.171E+04  1.000E-33
  12  5.945E+04  1.000E-33
  12  6.835E+04  1.000E-33
  12  7.859E+04  1.000E-33
  12  9.036E+04  1.000E-33
  12  1.039E+05  1.000E-33
  12  1.194E+05  1.000E-33
  12  1.373E+05  1.000E-33
  12  1.579E+05  1.000E-33
  12  1.816E+05  1.000E-33
  12  2.087E+05  1.000E-33
  12  2.400E+05  1.000E-33
  13  2.700E-01  1.000E-33
  13  3.104E-01  1.000E-33
  13  3.569E-01  1.000E-33
  13  4.104E-01  1.000E-33
  13  4.718E-01  1.000E-33
  13  5.425E-01  1.000E-33
  13  6.237E-01  1.000E-33
  13  7.171E-01  1.000E-33
  13  8.245E-01  1.000E-33
  13  9.480E-01  1.000E-33
  13  1.090E+00  1.000E-33
  13  1.253E+00  1.000E-33
  13  1.441E+00  1.000E-33
  13  1.657E+00  1.000E-33
  13  1.905E+00  1.000E-33
  13  2.190E+00  1.000E-33
  13  2.518E+00  1.000E-33
  13  2.895E+00  1.000E-33
  13  3.329E+00  1.000E-33
  13  3.827E+00  1.000E-33
  13  4.400E+00  1.000E-33
  13  5.059E+00  1.000E-33
  13  5.817E+00  1.000E-33
  13  6.688E+00  1.000E-33
  13  7.690E+00  1.000E-33
  13  8.841E+00  1.000E-33
  13  1.017E+01  1.000E-33
  13  1.169E+01  1.000E-33
  13  1.344E+01  1.000E-33
  13  1.545E+01  1.000E-33
  13  1.776E+01  1.000E-33
  13  2.042E+01  1.000E-33
  13  2.348E+01  1.000E-33
  13  2.700E+01  1.000E-33
  13  3.104E+01  1.000E-33
  13  3.569E+01  1.000E-33
  13  4.104E+01  1.000E-33
  13  4.718E+01  1.000E-33
  13  5.425E+01  1.000E-33
  13  6.237E+01  1.000E-33
  13  7.171E+01  1.000E-33
  13  8.245E+01  1.000E-33
  13  9.480E+01  1.000E-33
  13  1.090E+02  1.000E-33
  13  1.253E+02  1.000E-33
  13  1.441E+02  1.000E-33
  13  1.657E+02  1.000E-33
  13  1.905E+02  1.000E-33
  13  2.190E+02  1.000E-33
  13  2.518E+02  1.000E-33
  13  2.895E+02  1.000E-33
  13  3.329E+02  1.000E-33
  13  3.827E+02  1.000E-33
  13  4.400E+02  1.000E-33
  13  5.059E+02  1.000E-33
  13  5.817E+02  1.000E-33
  13  6.688E+02  1.000E-33
  13  7.690E+02  1.000E-33
  13  8.841E+02  1.000E-33
  13  1.017E+03  1.000E-33
  13  1.169E+03  1.000E-33
  13  1.344E+03  1.000E-33
  13  1.545E+03  1.000E-33
  13  1.776E+03  1.000E-33
  13  2.042E+03  1.000E-33
  13  2.348E+03  1.000E-33
  13  2.700E+03  1.000E-33
  13  3.104E+03  1.000E-33
  13  3.569E+03  1.000E-33
  13  4.104E+03  1.000E-33
  13  4.718E+03  1.000E-33
  13  5.425E+03  1.000E-33
  13  6.237E+03  1.000E-33
  13  7.171E+03  1.000E-33
  13  8.245E+03  1.000E-33
  13  9.480E+03  1.000E-33
  13  1.090E+04  1.000E-33
  13  1.253E+04  1.000E-33
  13  1.441E+04  1.000E-33
  13  1.657E+04  1.000E-33
  13  1.905E+04  1.000E-33
  13  2.190E+04  1.000E-33
  13  2.518E+04  1.000E-33
  13  2.895E+04  1.000E-33
  13  3.329E+04  1.000E-33
  13  3.827E+04  1.000E-33
  13  4.400E+04  1.000E-33
  13  5.059E+04  1.000E-33
  13  5.817E+04  1.000E-33
  13  6.688E+04  1.000E-33
  13  7.690E+04  1.000E-33
  13  8.841E+04  1.000E-33
  13  1.017E+05  1.000E-33
  13  1.169E+05  1.000E-33
  13  1.344E+05  1.000E-33
  13  1.545E+05  1.000E-33
  13  1.776E+05  1.000E-33
  13  2.042E+05  1.000E-33
  13  2.348E+05  1.000E-33
  13  2.700E+05  1.000E-33
  14  2.800E-01  1.000E-33
  14  3.219E-01  1.000E-33
  14  3.701E-01  1.000E-33
  14  4.256E-01  1.000E-33
  14  4.893E-01  1.000E-33
  14  5.626E-01  1.000E-33
  14  6.468E-01  1.000E-33
  14  7.437E-01  1.000E-33
  14  8.551E-01  1.000E-33
  14  9.831E-01  1.000E-33
  14  1.130E+00  1.000E-33
  14  1.300E+00  1.000E-33
  14  1.494E+00  1.000E-33
  14  1.718E+00  1.000E-33
  14  1.975E+00  1.000E-33
  14  2.271E+00  1.000E-33
  14  2.611E+00  1.000E-33
  14  3.002E+00  1.000E-33
  14  3.452E+00  1.000E-33
  14  3.969E+00  1.000E-33
  14  4.563E+00  1.000E-33
  14  5.247E+00  1.000E-33
  14  6.032E+00  1.000E-33
  14  6.936E+00  1.000E-33
  14  7.975E+00  1.000E-33
  14  9.169E+00  1.000E-33
  14  1.054E+01  1.000E-33
  14  1.212E+01  1.000E-33
  14  1.394E+01  1.000E-33
  14  1.602E+01  1.000E-33
  14  1.842E+01  1.000E-33
  14  2.118E+01  1.000E-33
  14  2.435E+01  1.000E-33
  14  2.800E+01  1.000E-33
  14  3.219E+01  1.000E-33
  14  3.701E+01  1.000E-33
  14  4.256E+01  1.000E-33
  14  4.893E+01  1.000E-33
  14  5.626E+01  1.000E-33
  14  6.468E+01  1.000E-33
  14  7.437E+01  1.000E-33
  14  8.551E+01  1.000E-33
  14  9.831E+01  1.000E-33
  14  1.130E+02  1.000E-33
  14  1.300E+02  1.000E-33
  14  1.494E+02  1.000E-33
  14  1.718E+02  1.000E-33
  14  1.975E+02  1.000E-33
  14  2.271E+02  1.000E-33
  14  2.611E+02  1.000E-33
  14  3.002E+02  1.000E-33
  14  3.452E+02  1.000E-33
  14  3.969E+02  1.000E-33
  14  4.563E+02  1.000E-33
  14  5.247E+02  1.000E-33
  14  6.032E+02  1.000E-33
  14  6.936E+02  1.000E-33
  14  7.975E+02  1.000E-33
  14  9.169E+02  1.000E-33
  14  1.054E+03  1.000E-33
  14  1.212E+03  1.000E-33
  14  1.394E+03  1.000E-33
  14  1.602E+03  1.000E-33
  14  1.842E+03  1.000E-33
  14  2.118E+03  1.000E-33
  14  2.435E+03  1.000E-33
  14  2.800E+03  1.000E-33
  14  3.219E+03  1.000E-33
  14  3.701E+03  1.000E-33
  14  4.256E+03  1.000E-33
  14  4.893E+03  1.000E-33
  14  5.626E+03  1.000E-33
  14  6.468E+03  1.000E-33
  14  7.437E+03  1.000E-33
  14  8.551E+03  1.000E-33
  14  9.831E+03  1.000E-33
  14  1.130E+04  1.000E-33
  14  1.300E+04  1.000E-33
  14  1.494E+04  1.000E-33
  14  1.718E+04  1.000E-33
  14  1.975E+04  1.000E-33
  14  2.271E+04  1.000E-33
  14  2.611E+04  1.000E-33
  14  3.002E+04  1.000E-33
  14  3.452E+04  1.000E-33
  14  3.969E+04  1.000E-33
  14  4.563E+04  1.000E-33
  14  5.247E+04  1.000E-33
  14  6.032E+04  1.000E-33
  14  6.936E+04  1.000E-33
  14  7.975E+04  1.000E-33
  14  9.169E+04  1.000E-33
  14  1.054E+05  1.000E-33
  14  1.212E+05  1.000E-33
  14  1.394E+05  1.000E-33
  14  1.602E+05  1.000E-33
  14  1.842E+05  1.000E-33
  14  2.118E+05  1.000E-33
  14  2.435E+05  1.000E-33
  14  2.800E+05  1.000E-33
  15  3.100E-01  1.000E-33
  15  3.564E-01  1.000E-33
  15  4.098E-01  1.000E-33
  15  4.712E-01  1.000E-33
  15  5.417E-01  1.000E-33
  15  6.229E-01  1.000E-33
  15  7.161E-01  1.000E-33
  15  8.234E-01  1.000E-33
  15  9.467E-01  1.000E-33
  15  1.088E+00  1.000E-33
  15  1.251E+00  1.000E-33
  15  1.439E+00  1.000E-33
  15  1.654E+00  1.000E-33
  15  1.902E+00  1.000E-33
  15  2.187E+00  1.000E-33
  15  2.515E+00  1.000E-33
  15  2.891E+00  1.000E-33
  15  3.324E+00  1.000E-33
  15  3.822E+00  1.000E-33
  15  4.394E+00  1.000E-33
  15  5.052E+00  1.000E-33
  15  5.809E+00  1.000E-33
  15  6.679E+00  1.000E-33
  15  7.679E+00  1.000E-33
  15  8.829E+00  1.000E-33
  15  1.015E+01  1.000E-33
  15  1.167E+01  1.000E-33
  15  1.342E+01  1.000E-33
  15  1.543E+01  1.000E-33
  15  1.774E+01  1.000E-33
  15  2.040E+01  1.000E-33
  15  2.345E+01  1.000E-33
  15  2.696E+01  1.000E-33
  15  3.100E+01  1.000E-33
  15  3.564E+01  1.000E-33
  15  4.098E+01  1.000E-33
  15  4.712E+01  1.000E-33
  15  5.417E+01  1.000E-33
  15  6.229E+01  1.000E-33
  15  7.161E+01  1.000E-33
  15  8.234E+01  1.000E-33
  15  9.467E+01  1.000E-33
  15  1.088E+02  1.000E-33
  15  1.251E+02  1.000E-33
  15  1.439E+02  1.000E-33
  15  1.654E+02  1.000E-33
  15  1.902E+02  1.000E-33
  15  2.187E+02  1.000E-33
  15  2.515E+02  1.000E-33
  15  2.891E+02  1.000E-33
  15  3.324E+02  1.000E-33
  15  3.822E+02  1.000E-33
  15  4.394E+02  1.000E-33
  15  5.052E+02  1.000E-33
  15  5.809E+02  1.000E-33
  15  6.679E+02  1.000E-33
  15  7.679E+02  1.000E-33
  15  8.829E+02  1.000E-33
  15  1.015E+03  1.000E-33
  15  1.167E+03  1.000E-33
  15  1.342E+03  1.000E-33
  15  1.543E+03  1.000E-33
  15  1.774E+03  1.000E-33
  15  2.040E+03  1.000E-33
  15  2.345E+03  1.000E-33
  15  2.696E+03  1.000E-33
  15  3.100E+03  1.000E-33
  15  3.564E+03  1.000E-33
  15  4.098E+03  1.000E-33
  15  4.712E+03  1.000E-33
  15  5.417E+03  1.000E-33
  15  6.229E+03  1.000E-33
  15  7.161E+03  1.000E-33
  15  8.234E+03  1.000E-33
  15  9.467E+03  1.000E-33
  15  1.088E+04  1.000E-33
  15  1.251E+04  1.000E-33
  15  1.439E+04  1.000E-33
  15  1.654E+04  1.000E-33
  15  1.902E+04  1.000E-33
  15  2.187E+04  1.000E-33
  15  2.515E+04  1.000E-33
  15  2.891E+04  1.000E-33
  15  3.324E+04  1.000E-33
  15  3.822E+04  1.000E-33
  15  4.394E+04  1.000E-33
  15  5.052E+04  1.000E-33
  15  5.809E+04  1.000E-33
  15  6.679E+04  1.000E-33
  15  7.679E+04  1.000E-33
  15  8.829E+04  1.000E-33
  15  1.015E+05  1.000E-33
  15  1.167E+05  1.000E-33
  15  1.342E+05  1.000E-33
  15  1.543E+05  1.000E-33
  15  1.774E+05  1.000E-33
  15  2.040E+05  1.000E-33
  15  2.345E+05  1.000E-33
  15  2.696E+05  1.000E-33
  15  3.100E+05  1.000E-33
  16  3.200E-01  1.000E-33
  16  3.679E-01  1.000E-33
  16  4.230E-01  1.000E-33
  16  4.864E-01  1.000E-33
  16  5.592E-01  1.000E-33
  16  6.430E-01  1.000E-33
  16  7.392E-01  1.000E-33
  16  8.499E-01  1.000E-33
  16  9.772E-01  1.000E-33
  16  1.124E+00  1.000E-33
  16  1.292E+00  1.000E-33
  16  1.485E+00  1.000E-33
  16  1.708E+00  1.000E-33
  16  1.963E+00  1.000E-33
  16  2.258E+00  1.000E-33
  16  2.596E+00  1.000E-33
  16  2.984E+00  1.000E-33
  16  3.431E+00  1.000E-33
  16  3.945E+00  1.000E-33
  16  4.536E+00  1.000E-33
  16  5.215E+00  1.000E-33
  16  5.996E+00  1.000E-33
  16  6.894E+00  1.000E-33
  16  7.927E+00  1.000E-33
  16  9.114E+00  1.000E-33
  16  1.048E+01  1.000E-33
  16  1.205E+01  1.000E-33
  16  1.385E+01  1.000E-33
  16  1.593E+01  1.000E-33
  16  1.831E+01  1.000E-33
  16  2.105E+01  1.000E-33
  16  2.421E+01  1.000E-33
  16  2.783E+01  1.000E-33
  16  3.200E+01  1.000E-33
  16  3.679E+01  1.000E-33
  16  4.230E+01  1.000E-33
  16  4.864E+01  1.000E-33
  16  5.592E+01  1.000E-33
  16  6.430E+01  1.000E-33
  16  7.392E+01  1.000E-33
  16  8.499E+01  1.000E-33
  16  9.772E+01  1.000E-33
  16  1.124E+02  1.000E-33
  16  1.292E+02  1.000E-33
  16  1.485E+02  1.000E-33
  16  1.708E+02  1.000E-33
  16  1.963E+02  1.000E-33
  16  2.258E+02  1.000E-33
  16  2.596E+02  1.000E-33
  16  2.984E+02  1.000E-33
  16  3.431E+02  1.000E-33
  16  3.945E+02  1.000E-33
  16  4.536E+02  1.000E-33
  16  5.215E+02  1.000E-33
  16  5.996E+02  1.000E-33
  16  6.894E+02  1.000E-33
  16  7.927E+02  1.000E-33
  16  9.114E+02  1.000E-33
  16  1.048E+03  1.000E-33
  16  1.205E+03  1.000E-33
  16  1.385E+03  1.000E-33
  16  1.593E+03  1.000E-33
  16  1.831E+03  1.000E-33
  16  2.105E+03  1.000E-33
  16  2.421E+03  1.000E-33
  16  2.783E+03  1.000E-33
  16  3.200E+03  1.000E-33
  16  3.679E+03  1.000E-33
  16  4.230E+03  1.000E-33
  16  4.864E+03  1.000E-33
  16  5.592E+03  1.000E-33
  16  6.430E+03  1.000E-33
  16  7.392E+03  1.000E-33
  16  8.499E+03  1.000E-33
  16  9.772E+03  1.000E-33
  16  1.124E+04  1.000E-33
  16  1.292E+04  1.000E-33
  16  1.485E+04  1.000E-33
  16  1.708E+04  1.000E-33
  16  1.963E+04  1.000E-33
  16  2.258E+04  1.000E-33
  16  2.596E+04  1.000E-33
  16  2.984E+04  1.000E-33
  16  3.431E+04  1.000E-33
  16  3.945E+04  1.000E-33
  16  4.536E+04  1.000E-33
  16  5.215E+04  1.000E-33
  16  5.996E+04  1.000E-33
  16  6.894E+04  1.000E-33
  16  7.927E+04  1.000E-33
  16  9.114E+04  1.000E-33
  16  1.048E+05  1.000E-33
  16  1.205E+05  1.000E-33
  16  1.385E+05  1.000E-33
  16  1.593E+05  1.000E-33
  16  1.831E+05  1.000E-33
  16  2.105E+05  1.000E-33
  16  2.421E+05  1.000E-33
  16  2.783E+05  1.000E-33
  16  3.200E+05  1.000E-33
  17  3.500E-01  1.000E-33
  17  4.024E-01  1.000E-33
  17  4.627E-01  1.000E-33
  17  5.320E-01  1.000E-33
  17  6.116E-01  1.000E-33
  17  7.032E-01  1.000E-33
  17  8.085E-01  1.000E-33
  17  9.296E-01  1.000E-33
  17  1.069E+00  1.000E-33
  17  1.229E+00  1.000E-33
  17  1.413E+00  1.000E-33
  17  1.625E+00  1.000E-33
  17  1.868E+00  1.000E-33
  17  2.148E+00  1.000E-33
  17  2.469E+00  1.000E-33
  17  2.839E+00  1.000E-33
  17  3.264E+00  1.000E-33
  17  3.753E+00  1.000E-33
  17  4.315E+00  1.000E-33
  17  4.961E+00  1.000E-33
  17  5.704E+00  1.000E-33
  17  6.558E+00  1.000E-33
  17  7.541E+00  1.000E-33
  17  8.670E+00  1.000E-33
  17  9.968E+00  1.000E-33
  17  1.146E+01  1.000E-33
  17  1.318E+01  1.000E-33
  17  1.515E+01  1.000E-33
  17  1.742E+01  1.000E-33
  17  2.003E+01  1.000E-33
  17  2.303E+01  1.000E-33
  17  2.648E+01  1.000E-33
  17  3.044E+01  1.000E-33
  17  3.500E+01  1.000E-33
  17  4.024E+01  1.000E-33
  17  4.627E+01  1.000E-33
  17  5.320E+01  1.000E-33
  17  6.116E+01  1.000E-33
  17  7.032E+01  1.000E-33
  17  8.085E+01  1.000E-33
  17  9.296E+01  1.000E-33
  17  1.069E+02  1.000E-33
  17  1.229E+02  1.000E-33
  17  1.413E+02  1.000E-33
  17  1.625E+02  1.000E-33
  17  1.868E+02  1.000E-33
  17  2.148E+02  1.000E-33
  17  2.469E+02  1.000E-33
  17  2.839E+02  1.000E-33
  17  3.264E+02  1.000E-33
  17  3.753E+02  1.000E-33
  17  4.315E+02  1.000E-33
  17  4.961E+02  1.000E-33
  17  5.704E+02  1.000E-33
  17  6.558E+02  1.000E-33
  17  7.541E+02  1.000E-33
  17  8.670E+02  1.000E-33
  17  9.968E+02  1.000E-33
  17  1.146E+03  1.000E-33
  17  1.318E+03  1.000E-33
  17  1.515E+03  1.000E-33
  17  1.742E+03  1.000E-33
  17  2.003E+03  1.000E-33
  17  2.303E+03  1.000E-33
  17  2.648E+03  1.000E-33
  17  3.044E+03  1.000E-33
  17  3.500E+03  1.000E-33
  17  4.024E+03  1.000E-33
  17  4.627E+03  1.000E-33
  17  5.320E+03  1.000E-33
  17  6.116E+03  1.000E-33
  17  7.032E+03  1.000E-33
  17  8.085E+03  1.000E-33
  17  9.296E+03  1.000E-33
  17  1.069E+04  1.000E-33
  17  1.229E+04  1.000E-33
  17  1.413E+04  1.000E-33
  17  1.625E+04  1.000E-33
  17  1.868E+04  1.000E-33
  17  2.148E+04  1.000E-33
  17  2.469E+04  1.000E-33
  17  2.839E+04  1.000E-33
  17  3.264E+04  1.000E-33
  17  3.753E+04  1.000E-33
  17  4.315E+04  1.000E-33
  17  4.961E+04  1.000E-33
  17  5.704E+04  1.000E-33
  17  6.558E+04  1.000E-33
  17  7.541E+04  1.000E-33
  17  8.670E+04  1.000E-33
  17  9.968E+04  1.000E-33
  17  1.146E+05  1.000E-33
  17  1.318E+05  1.000E-33
  17  1.515E+05  1.000E-33
  17  1.742E+05  1.000E-33
  17  2.003E+05  1.000E-33
  17  2.303E+05  1.000E-33
  17  2.648E+05  1.000E-33
  17  3.044E+05  1.000E-33
  17  3.500E+05  1.000E-33
  18  4.000E-01  1.000E-33
  18  4.599E-01  1.000E-33
  18  5.288E-01  1.000E-33
  18  6.080E-01  1.000E-33
  18  6.990E-01  1.000E-33
  18  8.037E-01  1.000E-33
  18  9.241E-01  1.000E-33
  18  1.062E+00  1.000E-33
  18  1.222E+00  1.000E-33
  18  1.404E+00  1.000E-33
  18  1.615E+00  1.000E-33
  18  1.857E+00  1.000E-33
  18  2.135E+00  1.000E-33
  18  2.454E+00  1.000E-33
  18  2.822E+00  1.000E-33
  18  3.245E+00  1.000E-33
  18  3.730E+00  1.000E-33
  18  4.289E+00  1.000E-33
  18  4.931E+00  1.000E-33
  18  5.670E+00  1.000E-33
  18  6.519E+00  1.000E-33
  18  7.495E+00  1.000E-33
  18  8.618E+00  1.000E-33
  18  9.908E+00  1.000E-33
  18  1.139E+01  1.000E-33
  18  1.310E+01  1.000E-33
  18  1.506E+01  1.000E-33
  18  1.732E+01  1.000E-33
  18  1.991E+01  1.000E-33
  18  2.289E+01  1.000E-33
  18  2.632E+01  1.000E-33
  18  3.026E+01  1.000E-33
  18  3.479E+01  1.000E-33
  18  4.000E+01  1.000E-33
  18  4.599E+01  1.000E-33
  18  5.288E+01  1.000E-33
  18  6.080E+01  1.000E-33
  18  6.990E+01  1.000E-33
  18  8.037E+01  1.000E-33
  18  9.241E+01  1.000E-33
  18  1.062E+02  1.000E-33
  18  1.222E+02  1.000E-33
  18  1.404E+02  1.000E-33
  18  1.615E+02  1.000E-33
  18  1.857E+02  1.000E-33
  18  2.135E+02  1.000E-33
  18  2.454E+02  1.000E-33
  18  2.822E+02  1.000E-33
  18  3.245E+02  1.000E-33
  18  3.730E+02  1.000E-33
  18  4.289E+02  1.000E-33
  18  4.931E+02  1.000E-33
  18  5.670E+02  1.000E-33
  18  6.519E+02  1.000E-33
  18  7.495E+02  1.000E-33
  18  8.618E+02  1.000E-33
  18  9.908E+02  1.000E-33
  18  1.139E+03  1.000E-33
  18  1.310E+03  1.000E-33
  18  1.506E+03  1.000E-33
  18  1.732E+03  1.000E-33
  18  1.991E+03  1.000E-33
  18  2.289E+03  1.000E-33
  18  2.632E+03  1.000E-33
  18  3.026E+03  1.000E-33
  18  3.479E+03  1.000E-33
  18  4.000E+03  1.000E-33
  18  4.599E+03  1.000E-33
  18  5.288E+03  1.000E-33
  18  6.080E+03  1.000E-33
  18  6.990E+03  1.000E-33
  18  8.037E+03  1.000E-33
  18  9.241E+03  1.000E-33
  18  1.062E+04  1.000E-33
  18  1.222E+04  1.000E-33
  18  1.404E+04  1.000E-33
  18  1.615E+04  1.000E-33
  18  1.857E+04  1.000E-33
  18  2.135E+04  1.000E-33
  18  2.454E+04  1.000E-33
  18  2.822E+04  1.000E-33
  18  3.245E+04  1.000E-33
  18  3.730E+04  1.000E-33
  18  4.289E+04  1.000E-33
  18  4.931E+04  1.000E-33
  18  5.670E+04  1.000E-33
  18  6.519E+04  1.000E-33
  18  7.495E+04  1.000E-33
  18  8.618E+04  1.000E-33
  18  9.908E+04  1.000E-33
  18  1.139E+05  1.000E-33
  18  1.310E+05  1.000E-33
  18  1.506E+05  1.000E-33
  18  1.732E+05  1.000E-33
  18  1.991E+05  1.000E-33
  18  2.289E+05  1.000E-33
  18  2.632E+05  1.000E-33
  18  3.026E+05  1.000E-33
  18  3.479E+05  1.000E-33
  18  4.000E+05  1.000E-33
  19  3.900E-01  1.000E-33
  19  4.484E-01  1.000E-33
  19  5.156E-01  1.000E-33
  19  5.928E-01  1.000E-33
  19  6.815E-01  1.000E-33
  19  7.836E-01  1.000E-33
  19  9.010E-01  1.000E-33
  19  1.036E+00  1.000E-33
  19  1.191E+00  1.000E-33
  19  1.369E+00  1.000E-33
  19  1.574E+00  1.000E-33
  19  1.810E+00  1.000E-33
  19  2.081E+00  1.000E-33
  19  2.393E+00  1.000E-33
  19  2.751E+00  1.000E-33
  19  3.163E+00  1.000E-33
  19  3.637E+00  1.000E-33
  19  4.182E+00  1.000E-33
  19  4.808E+00  1.000E-33
  19  5.528E+00  1.000E-33
  19  6.356E+00  1.000E-33
  19  7.308E+00  1.000E-33
  19  8.402E+00  1.000E-33
  19  9.661E+00  1.000E-33
  19  1.111E+01  1.000E-33
  19  1.277E+01  1.000E-33
  19  1.468E+01  1.000E-33
  19  1.688E+01  1.000E-33
  19  1.941E+01  1.000E-33
  19  2.232E+01  1.000E-33
  19  2.566E+01  1.000E-33
  19  2.950E+01  1.000E-33
  19  3.392E+01  1.000E-33
  19  3.900E+01  1.000E-33
  19  4.484E+01  1.000E-33
  19  5.156E+01  1.000E-33
  19  5.928E+01  1.000E-33
  19  6.815E+01  1.000E-33
  19  7.836E+01  1.000E-33
  19  9.010E+01  1.000E-33
  19  1.036E+02  1.000E-33
  19  1.191E+02  1.000E-33
  19  1.369E+02  1.000E-33
  19  1.574E+02  1.000E-33
  19  1.810E+02  1.000E-33
  19  2.081E+02  1.000E-33
  19  2.393E+02  1.000E-33
  19  2.751E+02  1.000E-33
  19  3.163E+02  1.000E-33
  19  3.637E+02  1.000E-33
  19  4.182E+02  1.000E-33
  19  4.808E+02  1.000E-33
  19  5.528E+02  1.000E-33
  19  6.356E+02  1.000E-33
  19  7.308E+02  1.000E-33
  19  8.402E+02  1.000E-33
  19  9.661E+02  1.000E-33
  19  1.111E+03  1.000E-33
  19  1.277E+03  1.000E-33
  19  1.468E+03  1.000E-33
  19  1.688E+03  1.000E-33
  19  1.941E+03  1.000E-33
  19  2.232E+03  1.000E-33
  19  2.566E+03  1.000E-33
  19  2.950E+03  1.000E-33
  19  3.392E+03  1.000E-33
  19  3.900E+03  1.000E-33
  19  4.484E+03  1.000E-33
  19  5.156E+03  1.000E-33
  19  5.928E+03  1.000E-33
  19  6.815E+03  1.000E-33
  19  7.836E+03  1.000E-33
  19  9.010E+03  1.000E-33
  19  1.036E+04  1.000E-33
  19  1.191E+04  1.000E-33
  19  1.369E+04  1.000E-33
  19  1.574E+04  1.000E-33
  19  1.810E+04  1.000E-33
  19  2.081E+04  1.000E-33
  19  2.393E+04  1.000E-33
  19  2.751E+04  1.000E-33
  19  3.163E+04  1.000E-33
  19  3.637E+04  1.000E-33
  19  4.182E+04  1.000E-33
  19  4.808E+04  1.000E-33
  19  5.528E+04  1.000E-33
  19  6.356E+04  1.000E-33
  19  7.308E+04  1.000E-33
  19  8.402E+04  1.000E-33
  19  9.661E+04  1.000E-33
  19  1.111E+05  1.000E-33
  19  1.277E+05  1.000E-33
  19  1.468E+05  1.000E-33
  19  1.688E+05  1.000E-33
  19  1.941E+05  1.000E-33
  19  2.232E+05  1.000E-33
  19  2.566E+05  1.000E-33
  19  2.950E+05  1.000E-33
  19  3.392E+05  1.000E-33
  19  3.900E+05  1.000E-33
  20  4.000E-01  1.000E-33
  20  4.599E-01  1.000E-33
  20  5.288E-01  1.000E-33
  20  6.080E-01  1.000E-33
  20  6.990E-01  1.000E-33
  20  8.037E-01  1.000E-33
  20  9.241E-01  1.000E-33
  20  1.062E+00  1.000E-33
  20  1.222E+00  1.000E-33
  20  1.404E+00  1.000E-33
  20  1.615E+00  1.000E-33
  20  1.857E+00  1.000E-33
  20  2.135E+00  1.000E-33
  20  2.454E+00  1.000E-33
  20  2.822E+00  1.000E-33
  20  3.245E+00  1.000E-33
  20  3.730E+00  1.000E-33
  20  4.289E+00  1.000E-33
  20  4.931E+00  1.000E-33
  20  5.670E+00  1.000E-33
  20  6.519E+00  1.000E-33
  20  7.495E+00  1.000E-33
  20  8.618E+00  1.000E-33
  20  9.908E+00  1.000E-33
  20  1.139E+01  1.000E-33
  20  1.310E+01  1.000E-33
  20  1.506E+01  1.000E-33
  20  1.732E+01  1.000E-33
  20  1.991E+01  1.000E-33
  20  2.289E+01  1.000E-33
  20  2.632E+01  1.000E-33
  20  3.026E+01  1.000E-33
  20  3.479E+01  1.000E-33
  20  4.000E+01  1.000E-33
  20  4.599E+01  1.000E-33
  20  5.288E+01  1.000E-33
  20  6.080E+01  1.000E-33
  20  6.990E+01  1.000E-33
  20  8.037E+01  1.000E-33
  20  9.241E+01  1.000E-33
  20  1.062E+02  1.000E-33
  20  1.222E+02  1.000E-33
  20  1.404E+02  1.000E-33
  20  1.615E+02  1.000E-33
  20  1.857E+02  1.000E-33
  20  2.135E+02  1.000E-33
  20  2.454E+02  1.000E-33
  20  2.822E+02  1.000E-33
  20  3.245E+02  1.000E-33
  20  3.730E+02  1.000E-33
  20  4.289E+02  1.000E-33
  20  4.931E+02  1.000E-33
  20  5.670E+02  1.000E-33
  20  6.519E+02  1.000E-33
  20  7.495E+02  1.000E-33
  20  8.618E+02  1.000E-33
  20  9.908E+02  1.000E-33
  20  1.139E+03  1.000E-33
  20  1.310E+03  1.000E-33
  20  1.506E+03  1.000E-33
  20  1.732E+03  1.000E-33
  20  1.991E+03  1.000E-33
  20  2.289E+03  1.000E-33
  20  2.632E+03  1.000E-33
  20  3.026E+03  1.000E-33
  20  3.479E+03  1.000E-33
  20  4.000E+03  1.000E-33
  20  4.599E+03  1.000E-33
  20  5.288E+03  1.000E-33
  20  6.080E+03  1.000E-33
  20  6.990E+03  1.000E-33
  20  8.037E+03  1.000E-33
  20  9.241E+03  1.000E-33
  20  1.062E+04  1.000E-33
  20  1.222E+04  1.000E-33
  20  1.404E+04  1.000E-33
  20  1.615E+04  1.000E-33
  20  1.857E+04  1.000E-33
  20  2.135E+04  1.000E-33
  20  2.454E+04  1.000E-33
  20  2.822E+04  1.000E-33
  20  3.245E+04  1.000E-33
  20  3.730E+04  1.000E-33
  20  4.289E+04  1.000E-33
  20  4.931E+04  1.000E-33
  20  5.670E+04  1.000E-33
  20  6.519E+04  1.000E-33
  20  7.495E+04  1.000E-33
  20  8.618E+04  1.000E-33
  20  9.908E+04  1.000E-33
  20  1.139E+05  1.000E-33
  20  1.310E+05  1.000E-33
  20  1.506E+05  1.000E-33
  20  1.732E+05  1.000E-33
  20  1.991E+05  1.000E-33
  20  2.289E+05  1.000E-33
  20  2.632E+05  1.000E-33
  20  3.026E+05  1.000E-33
  20  3.479E+05  1.000E-33
  20  4.000E+05  1.000E-33
  21  4.500E-01  1.000E-33
  21  5.174E-01  1.000E-33
  21  5.949E-01  1.000E-33
  21  6.840E-01  1.000E-33
  21  7.864E-01  1.000E-33
  21  9.042E-01  1.000E-33
  21  1.040E+00  1.000E-33
  21  1.195E+00  1.000E-33
  21  1.374E+00  1.000E-33
  21  1.580E+00  1.000E-33
  21  1.817E+00  1.000E-33
  21  2.089E+00  1.000E-33
  21  2.402E+00  1.000E-33
  21  2.761E+00  1.000E-33
  21  3.175E+00  1.000E-33
  21  3.650E+00  1.000E-33
  21  4.197E+00  1.000E-33
  21  4.825E+00  1.000E-33
  21  5.548E+00  1.000E-33
  21  6.379E+00  1.000E-33
  21  7.334E+00  1.000E-33
  21  8.432E+00  1.000E-33
  21  9.695E+00  1.000E-33
  21  1.115E+01  1.000E-33
  21  1.282E+01  1.000E-33
  21  1.474E+01  1.000E-33
  21  1.694E+01  1.000E-33
  21  1.948E+01  1.000E-33
  21  2.240E+01  1.000E-33
  21  2.575E+01  1.000E-33
  21  2.961E+01  1.000E-33
  21  3.404E+01  1.000E-33
  21  3.914E+01  1.000E-33
  21  4.500E+01  1.000E-33
  21  5.174E+01  1.000E-33
  21  5.949E+01  1.000E-33
  21  6.840E+01  1.000E-33
  21  7.864E+01  1.000E-33
  21  9.042E+01  1.000E-33
  21  1.040E+02  1.000E-33
  21  1.195E+02  1.000E-33
  21  1.374E+02  1.000E-33
  21  1.580E+02  1.000E-33
  21  1.817E+02  1.000E-33
  21  2.089E+02  1.000E-33
  21  2.402E+02  1.000E-33
  21  2.761E+02  1.000E-33
  21  3.175E+02  1.000E-33
  21  3.650E+02  1.000E-33
  21  4.197E+02  1.000E-33
  21  4.825E+02  1.000E-33
  21  5.548E+02  1.000E-33
  21  6.379E+02  1.000E-33
  21  7.334E+02  1.000E-33
  21  8.432E+02  1.000E-33
  21  9.695E+02  1.000E-33
  21  1.115E+03  1.000E-33
  21  1.282E+03  1.000E-33
  21  1.474E+03  1.000E-33
  21  1.694E+03  1.000E-33
  21  1.948E+03  1.000E-33
  21  2.240E+03  1.000E-33
  21  2.575E+03  1.000E-33
  21  2.961E+03  1.000E-33
  21  3.404E+03  1.000E-33
  21  3.914E+03  1.000E-33
  21  4.500E+03  1.000E-33
  21  5.174E+03  1.000E-33
  21  5.949E+03  1.000E-33
  21  6.840E+03  1.000E-33
  21  7.864E+03  1.000E-33
  21  9.042E+03  1.000E-33
  21  1.040E+04  1.000E-33
  21  1.195E+04  1.000E-33
  21  1.374E+04  1.000E-33
  21  1.580E+04  1.000E-33
  21  1.817E+04  1.000E-33
  21  2.089E+04  1.000E-33
  21  2.402E+04  1.000E-33
  21  2.761E+04  1.000E-33
  21  3.175E+04  1.000E-33
  21  3.650E+04  1.000E-33
  21  4.197E+04  1.000E-33
  21  4.825E+04  1.000E-33
  21  5.548E+04  1.000E-33
  21  6.379E+04  1.000E-33
  21  7.334E+04  1.000E-33
  21  8.432E+04  1.000E-33
  21  9.695E+04  1.000E-33
  21  1.115E+05  1.000E-33
  21  1.282E+05  1.000E-33
  21  1.474E+05  1.000E-33
  21  1.694E+05  1.000E-33
  21  1.948E+05  1.000E-33
  21  2.240E+05  1.000E-33
  21  2.575E+05  1.000E-33
  21  2.961E+05  1.000E-33
  21  3.404E+05  1.000E-33
  21  3.914E+05  1.000E-33
  21  4.500E+05  1.000E-33
  22  4.800E-01  1.000E-33
  22  5.519E-01  1.000E-33
  22  6.345E-01  1.000E-33
  22  7.296E-01  1.000E-33
  22  8.388E-01  1.000E-33
  22  9.644E-01  1.000E-33
  22  1.109E+00  1.000E-33
  22  1.275E+00  1.000E-33
  22  1.466E+00  1.000E-33
  22  1.685E+00  1.000E-33
  22  1.938E+00  1.000E-33
  22  2.228E+00  1.000E-33
  22  2.562E+00  1.000E-33
  22  2.945E+00  1.000E-33
  22  3.386E+00  1.000E-33
  22  3.893E+00  1.000E-33
  22  4.476E+00  1.000E-33
  22  5.147E+00  1.000E-33
  22  5.918E+00  1.000E-33
  22  6.804E+00  1.000E-33
  22  7.823E+00  1.000E-33
  22  8.994E+00  1.000E-33
  22  1.034E+01  1.000E-33
  22  1.189E+01  1.000E-33
  22  1.367E+01  1.000E-33
  22  1.572E+01  1.000E-33
  22  1.807E+01  1.000E-33
  22  2.078E+01  1.000E-33
  22  2.389E+01  1.000E-33
  22  2.747E+01  1.000E-33
  22  3.158E+01  1.000E-33
  22  3.631E+01  1.000E-33
  22  4.175E+01  1.000E-33
  22  4.800E+01  1.000E-33
  22  5.519E+01  1.000E-33
  22  6.345E+01  1.000E-33
  22  7.296E+01  1.000E-33
  22  8.388E+01  1.000E-33
  22  9.644E+01  1.000E-33
  22  1.109E+02  1.000E-33
  22  1.275E+02  1.000E-33
  22  1.466E+02  1.000E-33
  22  1.685E+02  1.000E-33
  22  1.938E+02  1.000E-33
  22  2.228E+02  1.000E-33
  22  2.562E+02  1.000E-33
  22  2.945E+02  1.000E-33
  22  3.386E+02  1.000E-33
  22  3.893E+02  1.000E-33
  22  4.476E+02  1.000E-33
  22  5.147E+02  1.000E-33
  22  5.918E+02  1.000E-33
  22  6.804E+02  1.000E-33
  22  7.823E+02  1.000E-33
  22  8.994E+02  1.000E-33
  22  1.034E+03  1.000E-33
  22  1.189E+03  1.000E-33
  22  1.367E+03  1.000E-33
  22  1.572E+03  1.000E-33
  22  1.807E+03  1.000E-33
  22  2.078E+03  1.000E-33
  22  2.389E+03  1.000E-33
  22  2.747E+03  1.000E-33
  22  3.158E+03  1.000E-33
  22  3.631E+03  1.000E-33
  22  4.175E+03  1.000E-33
  22  4.800E+03  1.000E-33
  22  5.519E+03  1.000E-33
  22  6.345E+03  1.000E-33
  22  7.296E+03  1.000E-33
  22  8.388E+03  1.000E-33
  22  9.644E+03  1.000E-33
  22  1.109E+04  1.000E-33
  22  1.275E+04  1.000E-33
  22  1.466E+04  1.000E-33
  22  1.685E+04  1.000E-33
  22  1.938E+04  1.000E-33
  22  2.228E+04  1.000E-33
  22  2.562E+04  1.000E-33
  22  2.945E+04  1.000E-33
  22  3.386E+04  1.000E-33
  22  3.893E+04  1.000E-33
  22  4.476E+04  1.000E-33
  22  5.147E+04  1.000E-33
  22  5.918E+04  1.000E-33
  22  6.804E+04  1.000E-33
  22  7.823E+04  1.000E-33
  22  8.994E+04  1.000E-33
  22  1.034E+05  1.000E-33
  22  1.189E+05  1.000E-33
  22  1.367E+05  1.000E-33
  22  1.572E+05  1.000E-33
  22  1.807E+05  1.000E-33
  22  2.078E+05  1.000E-33
  22  2.389E+05  1.000E-33
  22  2.747E+05  1.000E-33
  22  3.158E+05  1.000E-33
  22  3.631E+05  1.000E-33
  22  4.175E+05  1.000E-33
  22  4.800E+05  1.000E-33
  23  5.100E-01  1.000E-33
  23  5.864E-01  1.000E-33
  23  6.742E-01  1.000E-33
  23  7.752E-01  1.000E-33
  23  8.912E-01  1.000E-33
  23  1.025E+00  1.000E-33
  23  1.178E+00  1.000E-33
  23  1.355E+00  1.000E-33
  23  1.557E+00  1.000E-33
  23  1.791E+00  1.000E-33
  23  2.059E+00  1.000E-33
  23  2.367E+00  1.000E-33
  23  2.722E+00  1.000E-33
  23  3.129E+00  1.000E-33
  23  3.598E+00  1.000E-33
  23  4.137E+00  1.000E-33
  23  4.756E+00  1.000E-33
  23  5.469E+00  1.000E-33
  23  6.288E+00  1.000E-33
  23  7.229E+00  1.000E-33
  23  8.312E+00  1.000E-33
  23  9.556E+00  1.000E-33
  23  1.099E+01  1.000E-33
  23  1.263E+01  1.000E-33
  23  1.452E+01  1.000E-33
  23  1.670E+01  1.000E-33
  23  1.920E+01  1.000E-33
  23  2.208E+01  1.000E-33
  23  2.538E+01  1.000E-33
  23  2.918E+01  1.000E-33
  23  3.355E+01  1.000E-33
  23  3.858E+01  1.000E-33
  23  4.436E+01  1.000E-33
  23  5.100E+01  1.000E-33
  23  5.864E+01  1.000E-33
  23  6.742E+01  1.000E-33
  23  7.752E+01  1.000E-33
  23  8.912E+01  1.000E-33
  23  1.025E+02  1.000E-33
  23  1.178E+02  1.000E-33
  23  1.355E+02  1.000E-33
  23  1.557E+02  1.000E-33
  23  1.791E+02  1.000E-33
  23  2.059E+02  1.000E-33
  23  2.367E+02  1.000E-33
  23  2.722E+02  1.000E-33
  23  3.129E+02  1.000E-33
  23  3.598E+02  1.000E-33
  23  4.137E+02  1.000E-33
  23  4.756E+02  1.000E-33
  23  5.469E+02  1.000E-33
  23  6.288E+02  1.000E-33
  23  7.229E+02  1.000E-33
  23  8.312E+02  1.000E-33
  23  9.556E+02  1.000E-33
  23  1.099E+03  1.000E-33
  23  1.263E+03  1.000E-33
  23  1.452E+03  1.000E-33
  23  1.670E+03  1.000E-33
  23  1.920E+03  1.000E-33
  23  2.208E+03  1.000E-33
  23  2.538E+03  1.000E-33
  23  2.918E+03  1.000E-33
  23  3.355E+03  1.000E-33
  23  3.858E+03  1.000E-33
  23  4.436E+03  1.000E-33
  23  5.100E+03  1.000E-33
  23  5.864E+03  1.000E-33
  23  6.742E+03  1.000E-33
  23  7.752E+03  1.000E-33
  23  8.912E+03  1.000E-33
  23  1.025E+04  1.000E-33
  23  1.178E+04  1.000E-33
  23  1.355E+04  1.000E-33
  23  1.557E+04  1.000E-33
  23  1.791E+04  1.000E-33
  23  2.059E+04  1.000E-33
  23  2.367E+04  1.000E-33
  23  2.722E+04  1.000E-33
  23  3.129E+04  1.000E-33
  23  3.598E+04  1.000E-33
  23  4.137E+04  1.000E-33
  23  4.756E+04  1.000E-33
  23  5.469E+04  1.000E-33
  23  6.288E+04  1.000E-33
  23  7.229E+04  1.000E-33
  23  8.312E+04  1.000E-33
  23  9.556E+04  1.000E-33
  23  1.099E+05  1.000E-33
  23  1.263E+05  1.000E-33
  23  1.452E+05  1.000E-33
  23  1.670E+05  1.000E-33
  23  1.920E+05  1.000E-33
  23  2.208E+05  1.000E-33
  23  2.538E+05  1.000E-33
  23  2.918E+05  1.000E-33
  23  3.355E+05  1.000E-33
  23  3.858E+05  1.000E-33
  23  4.436E+05  1.000E-33
  23  5.100E+05  1.000E-33
  24  5.200E-01  1.000E-33
  24  5.979E-01  1.000E-33
  24  6.874E-01  1.000E-33
  24  7.904E-01  1.000E-33
  24  9.087E-01  1.000E-33
  24  1.045E+00  1.000E-33
  24  1.201E+00  1.000E-33
  24  1.381E+00  1.000E-33
  24  1.588E+00  1.000E-33
  24  1.826E+00  1.000E-33
  24  2.099E+00  1.000E-33
  24  2.414E+00  1.000E-33
  24  2.775E+00  1.000E-33
  24  3.191E+00  1.000E-33
  24  3.668E+00  1.000E-33
  24  4.218E+00  1.000E-33
  24  4.850E+00  1.000E-33
  24  5.576E+00  1.000E-33
  24  6.411E+00  1.000E-33
  24  7.371E+00  1.000E-33
  24  8.475E+00  1.000E-33
  24  9.744E+00  1.000E-33
  24  1.120E+01  1.000E-33
  24  1.288E+01  1.000E-33
  24  1.481E+01  1.000E-33
  24  1.703E+01  1.000E-33
  24  1.958E+01  1.000E-33
  24  2.251E+01  1.000E-33
  24  2.588E+01  1.000E-33
  24  2.976E+01  1.000E-33
  24  3.421E+01  1.000E-33
  24  3.934E+01  1.000E-33
  24  4.523E+01  1.000E-33
  24  5.200E+01  1.000E-33
  24  5.979E+01  1.000E-33
  24  6.874E+01  1.000E-33
  24  7.904E+01  1.000E-33
  24  9.087E+01  1.000E-33
  24  1.045E+02  1.000E-33
  24  1.201E+02  1.000E-33
  24  1.381E+02  1.000E-33
  24  1.588E+02  1.000E-33
  24  1.826E+02  1.000E-33
  24  2.099E+02  1.000E-33
  24  2.414E+02  1.000E-33
  24  2.775E+02  1.000E-33
  24  3.191E+02  1.000E-33
  24  3.668E+02  1.000E-33
  24  4.218E+02  1.000E-33
  24  4.850E+02  1.000E-33
  24  5.576E+02  1.000E-33
  24  6.411E+02  1.000E-33
  24  7.371E+02  1.000E-33
  24  8.475E+02  1.000E-33
  24  9.744E+02  1.000E-33
  24  1.120E+03  1.000E-33
  24  1.288E+03  1.000E-33
  24  1.481E+03  1.000E-33
  24  1.703E+03  1.000E-33
  24  1.958E+03  1.000E-33
  24  2.251E+03  1.000E-33
  24  2.588E+03  1.000E-33
  24  2.976E+03  1.000E-33
  24  3.421E+03  1.000E-33
  24  3.934E+03  1.000E-33
  24  4.523E+03  1.000E-33
  24  5.200E+03  1.000E-33
  24  5.979E+03  1.000E-33
  24  6.874E+03  1.000E-33
  24  7.904E+03  1.000E-33
  24  9.087E+03  1.000E-33
  24  1.045E+04  1.000E-33
  24  1.201E+04  1.000E-33
  24  1.381E+04  1.000E-33
  24  1.588E+04  1.000E-33
  24  1.826E+04  1.000E-33
  24  2.099E+04  1.000E-33
  24  2.414E+04  1.000E-33
  24  2.775E+04  1.000E-33
  24  3.191E+04  1.000E-33
  24  3.668E+04  1.000E-33
  24  4.218E+04  1.000E-33
  24  4.850E+04  1.000E-33
  24  5.576E+04  1.000E-33
  24  6.411E+04  1.000E-33
  24  7.371E+04  1.000E-33
  24  8.475E+04  1.000E-33
  24  9.744E+04  1.000E-33
  24  1.120E+05  1.000E-33
  24  1.288E+05  1.000E-33
  24  1.481E+05  1.000E-33
  24  1.703E+05  1.000E-33
  24  1.958E+05  1.000E-33
  24  2.251E+05  1.000E-33
  24  2.588E+05  1.000E-33
  24  2.976E+05  1.000E-33
  24  3.421E+05  1.000E-33
  24  3.934E+05  1.000E-33
  24  4.523E+05  1.000E-33
  24  5.200E+05  1.000E-33
  25  5.500E-01  1.000E-33
  25  6.324E-01  1.000E-33
  25  7.271E-01  1.000E-33
  25  8.360E-01  1.000E-33
  25  9.611E-01  1.000E-33
  25  1.105E+00  1.000E-33
  25  1.271E+00  1.000E-33
  25  1.461E+00  1.000E-33
  25  1.680E+00  1.000E-33
  25  1.931E+00  1.000E-33
  25  2.220E+00  1.000E-33
  25  2.553E+00  1.000E-33
  25  2.935E+00  1.000E-33
  25  3.375E+00  1.000E-33
  25  3.880E+00  1.000E-33
  25  4.461E+00  1.000E-33
  25  5.129E+00  1.000E-33
  25  5.897E+00  1.000E-33
  25  6.781E+00  1.000E-33
  25  7.796E+00  1.000E-33
  25  8.964E+00  1.000E-33
  25  1.031E+01  1.000E-33
  25  1.185E+01  1.000E-33
  25  1.362E+01  1.000E-33
  25  1.566E+01  1.000E-33
  25  1.801E+01  1.000E-33
  25  2.071E+01  1.000E-33
  25  2.381E+01  1.000E-33
  25  2.737E+01  1.000E-33
  25  3.147E+01  1.000E-33
  25  3.619E+01  1.000E-33
  25  4.161E+01  1.000E-33
  25  4.784E+01  1.000E-33
  25  5.500E+01  1.000E-33
  25  6.324E+01  1.000E-33
  25  7.271E+01  1.000E-33
  25  8.360E+01  1.000E-33
  25  9.611E+01  1.000E-33
  25  1.105E+02  1.000E-33
  25  1.271E+02  1.000E-33
  25  1.461E+02  1.000E-33
  25  1.680E+02  1.000E-33
  25  1.931E+02  1.000E-33
  25  2.220E+02  1.000E-33
  25  2.553E+02  1.000E-33
  25  2.935E+02  1.000E-33
  25  3.375E+02  1.000E-33
  25  3.880E+02  1.000E-33
  25  4.461E+02  1.000E-33
  25  5.129E+02  1.000E-33
  25  5.897E+02  1.000E-33
  25  6.781E+02  1.000E-33
  25  7.796E+02  1.000E-33
  25  8.964E+02  1.000E-33
  25  1.031E+03  1.000E-33
  25  1.185E+03  1.000E-33
  25  1.362E+03  1.000E-33
  25  1.566E+03  1.000E-33
  25  1.801E+03  1.000E-33
  25  2.071E+03  1.000E-33
  25  2.381E+03  1.000E-33
  25  2.737E+03  1.000E-33
  25  3.147E+03  1.000E-33
  25  3.619E+03  1.000E-33
  25  4.161E+03  1.000E-33
  25  4.784E+03  1.000E-33
  25  5.500E+03  1.000E-33
  25  6.324E+03  1.000E-33
  25  7.271E+03  1.000E-33
  25  8.360E+03  1.000E-33
  25  9.611E+03  1.000E-33
  25  1.105E+04  1.000E-33
  25  1.271E+04  1.000E-33
  25  1.461E+04  1.000E-33
  25  1.680E+04  1.000E-33
  25  1.931E+04  1.000E-33
  25  2.220E+04  1.000E-33
  25  2.553E+04  1.000E-33
  25  2.935E+04  1.000E-33
  25  3.375E+04  1.000E-33
  25  3.880E+04  1.000E-33
  25  4.461E+04  1.000E-33
  25  5.129E+04  1.000E-33
  25  5.897E+04  1.000E-33
  25  6.781E+04  1.000E-33
  25  7.796E+04  1.000E-33
  25  8.964E+04  1.000E-33
  25  1.031E+05  1.000E-33
  25  1.185E+05  1.000E-33
  25  1.362E+05  1.000E-33
  25  1.566E+05  1.000E-33
  25  1.801E+05  1.000E-33
  25  2.071E+05  1.000E-33
  25  2.381E+05  1.000E-33
  25  2.737E+05  1.000E-33
  25  3.147E+05  1.000E-33
  25  3.619E+05  1.000E-33
  25  4.161E+05  1.000E-33
  25  4.784E+05  1.000E-33
  25  5.500E+05  1.000E-33
  26  5.600E-01  1.000E-33
  26  6.439E-01  1.000E-33
  26  7.403E-01  1.000E-33
  26  8.512E-01  1.000E-33
  26  9.786E-01  1.000E-33
  26  1.125E+00  1.000E-33
  26  1.294E+00  1.000E-33
  26  1.487E+00  1.000E-33
  26  1.710E+00  1.000E-33
  26  1.966E+00  1.000E-33
  26  2.261E+00  1.000E-33
  26  2.599E+00  1.000E-33
  26  2.989E+00  1.000E-33
  26  3.436E+00  1.000E-33
  26  3.951E+00  1.000E-33
  26  4.542E+00  1.000E-33
  26  5.223E+00  1.000E-33
  26  6.005E+00  1.000E-33
  26  6.904E+00  1.000E-33
  26  7.938E+00  1.000E-33
  26  9.127E+00  1.000E-33
  26  1.049E+01  1.000E-33
  26  1.206E+01  1.000E-33
  26  1.387E+01  1.000E-33
  26  1.595E+01  1.000E-33
  26  1.834E+01  1.000E-33
  26  2.108E+01  1.000E-33
  26  2.424E+01  1.000E-33
  26  2.787E+01  1.000E-33
  26  3.205E+01  1.000E-33
  26  3.684E+01  1.000E-33
  26  4.236E+01  1.000E-33
  26  4.871E+01  1.000E-33
  26  5.600E+01  1.000E-33
  26  6.439E+01  1.000E-33
  26  7.403E+01  1.000E-33
  26  8.512E+01  1.000E-33
  26  9.786E+01  1.000E-33
  26  1.125E+02  1.000E-33
  26  1.294E+02  1.000E-33
  26  1.487E+02  1.000E-33
  26  1.710E+02  1.000E-33
  26  1.966E+02  1.000E-33
  26  2.261E+02  1.000E-33
  26  2.599E+02  1.000E-33
  26  2.989E+02  1.000E-33
  26  3.436E+02  1.000E-33
  26  3.951E+02  1.000E-33
  26  4.542E+02  1.000E-33
  26  5.223E+02  1.000E-33
  26  6.005E+02  1.000E-33
  26  6.904E+02  1.000E-33
  26  7.938E+02  1.000E-33
  26  9.127E+02  1.000E-33
  26  1.049E+03  1.000E-33
  26  1.206E+03  1.000E-33
  26  1.387E+03  1.000E-33
  26  1.595E+03  1.000E-33
  26  1.834E+03  1.000E-33
  26  2.108E+03  1.000E-33
  26  2.424E+03  1.000E-33
  26  2.787E+03  1.000E-33
  26  3.205E+03  1.000E-33
  26  3.684E+03  1.000E-33
  26  4.236E+03  1.000E-33
  26  4.871E+03  1.000E-33
  26  5.600E+03  1.000E-33
  26  6.439E+03  1.000E-33
  26  7.403E+03  1.000E-33
  26  8.511E+03  1.000E-33
  26  9.786E+03  1.000E-33
  26  1.125E+04  1.000E-33
  26  1.294E+04  1.000E-33
  26  1.487E+04  1.000E-33
  26  1.710E+04  1.000E-33
  26  1.966E+04  1.000E-33
  26  2.261E+04  1.000E-33
  26  2.599E+04  1.000E-33
  26  2.989E+04  1.000E-33
  26  3.436E+04  1.000E-33
  26  3.951E+04  1.000E-33
  26  4.542E+04  1.000E-33
  26  5.223E+04  1.000E-33
  26  6.005E+04  1.000E-33
  26  6.904E+04  1.000E-33
  26  7.938E+04  1.000E-33
  26  9.127E+04  1.000E-33
  26  1.049E+05  1.000E-33
  26  1.206E+05  1.000E-33
  26  1.387E+05  1.000E-33
  26  1.595E+05  1.000E-33
  26  1.834E+05  1.000E-33
  26  2.108E+05  1.000E-33
  26  2.424E+05  1.000E-33
  26  2.787E+05  1.000E-33
  26  3.205E+05  1.000E-33
  26  3.684E+05  1.000E-33
  26  4.236E+05  1.000E-33
  26  4.871E+05  1.000E-33
  26  5.600E+05  1.000E-33
  27  5.900E-01  1.000E-33
  27  6.784E-01  1.000E-33
  27  7.799E-01  1.000E-33
  27  8.967E-01  1.000E-33
  27  1.031E+00  1.000E-33
  27  1.185E+00  1.000E-33
  27  1.363E+00  1.000E-33
  27  1.567E+00  1.000E-33
  27  1.802E+00  1.000E-33
  27  2.072E+00  1.000E-33
  27  2.382E+00  1.000E-33
  27  2.739E+00  1.000E-33
  27  3.149E+00  1.000E-33
  27  3.620E+00  1.000E-33
  27  4.162E+00  1.000E-33
  27  4.786E+00  1.000E-33
  27  5.502E+00  1.000E-33
  27  6.326E+00  1.000E-33
  27  7.274E+00  1.000E-33
  27  8.363E+00  1.000E-33
  27  9.616E+00  1.000E-33
  27  1.106E+01  1.000E-33
  27  1.271E+01  1.000E-33
  27  1.461E+01  1.000E-33
  27  1.680E+01  1.000E-33
  27  1.932E+01  1.000E-33
  27  2.221E+01  1.000E-33
  27  2.554E+01  1.000E-33
  27  2.936E+01  1.000E-33
  27  3.376E+01  1.000E-33
  27  3.882E+01  1.000E-33
  27  4.463E+01  1.000E-33
  27  5.132E+01  1.000E-33
  27  5.900E+01  1.000E-33
  27  6.784E+01  1.000E-33
  27  7.799E+01  1.000E-33
  27  8.967E+01  1.000E-33
  27  1.031E+02  1.000E-33
  27  1.185E+02  1.000E-33
  27  1.363E+02  1.000E-33
  27  1.567E+02  1.000E-33
  27  1.802E+02  1.000E-33
  27  2.072E+02  1.000E-33
  27  2.382E+02  1.000E-33
  27  2.739E+02  1.000E-33
  27  3.149E+02  1.000E-33
  27  3.620E+02  1.000E-33
  27  4.162E+02  1.000E-33
  27  4.786E+02  1.000E-33
  27  5.502E+02  1.000E-33
  27  6.326E+02  1.000E-33
  27  7.274E+02  1.000E-33
  27  8.363E+02  1.000E-33
  27  9.616E+02  1.000E-33
  27  1.106E+03  1.000E-33
  27  1.271E+03  1.000E-33
  27  1.461E+03  1.000E-33
  27  1.680E+03  1.000E-33
  27  1.932E+03  1.000E-33
  27  2.221E+03  1.000E-33
  27  2.554E+03  1.000E-33
  27  2.936E+03  1.000E-33
  27  3.376E+03  1.000E-33
  27  3.882E+03  1.000E-33
  27  4.463E+03  1.000E-33
  27  5.132E+03  1.000E-33
  27  5.900E+03  1.000E-33
  27  6.784E+03  1.000E-33
  27  7.799E+03  1.000E-33
  27  8.967E+03  1.000E-33
  27  1.031E+04  1.000E-33
  27  1.185E+04  1.000E-33
  27  1.363E+04  1.000E-33
  27  1.567E+04  1.000E-33
  27  1.802E+04  1.000E-33
  27  2.072E+04  1.000E-33
  27  2.382E+04  1.000E-33
  27  2.739E+04  1.000E-33
  27  3.149E+04  1.000E-33
  27  3.620E+04  1.000E-33
  27  4.162E+04  1.000E-33
  27  4.786E+04  1.000E-33
  27  5.502E+04  1.000E-33
  27  6.326E+04  1.000E-33
  27  7.274E+04  1.000E-33
  27  8.363E+04  1.000E-33
  27  9.616E+04  1.000E-33
  27  1.106E+05  1.000E-33
  27  1.271E+05  1.000E-33
  27  1.461E+05  1.000E-33
  27  1.680E+05  1.000E-33
  27  1.932E+05  1.000E-33
  27  2.221E+05  1.000E-33
  27  2.554E+05  1.000E-33
  27  2.936E+05  1.000E-33
  27  3.376E+05  1.000E-33
  27  3.882E+05  1.000E-33
  27  4.463E+05  1.000E-33
  27  5.132E+05  1.000E-33
  27  5.900E+05  1.000E-33
  28  5.800E-01  1.000E-33
  28  6.669E-01  1.000E-33
  28  7.667E-01  1.000E-33
  28  8.815E-01  1.000E-33
  28  1.014E+00  1.000E-33
  28  1.165E+00  1.000E-33
  28  1.340E+00  1.000E-33
  28  1.541E+00  1.000E-33
  28  1.771E+00  1.000E-33
  28  2.036E+00  1.000E-33
  28  2.341E+00  1.000E-33
  28  2.692E+00  1.000E-33
  28  3.095E+00  1.000E-33
  28  3.559E+00  1.000E-33
  28  4.092E+00  1.000E-33
  28  4.705E+00  1.000E-33
  28  5.409E+00  1.000E-33
  28  6.219E+00  1.000E-33
  28  7.151E+00  1.000E-33
  28  8.221E+00  1.000E-33
  28  9.453E+00  1.000E-33
  28  1.087E+01  1.000E-33
  28  1.250E+01  1.000E-33
  28  1.437E+01  1.000E-33
  28  1.652E+01  1.000E-33
  28  1.899E+01  1.000E-33
  28  2.184E+01  1.000E-33
  28  2.511E+01  1.000E-33
  28  2.887E+01  1.000E-33
  28  3.319E+01  1.000E-33
  28  3.816E+01  1.000E-33
  28  4.387E+01  1.000E-33
  28  5.045E+01  1.000E-33
  28  5.800E+01  1.000E-33
  28  6.669E+01  1.000E-33
  28  7.667E+01  1.000E-33
  28  8.815E+01  1.000E-33
  28  1.014E+02  1.000E-33
  28  1.165E+02  1.000E-33
  28  1.340E+02  1.000E-33
  28  1.541E+02  1.000E-33
  28  1.771E+02  1.000E-33
  28  2.036E+02  1.000E-33
  28  2.341E+02  1.000E-33
  28  2.692E+02  1.000E-33
  28  3.095E+02  1.000E-33
  28  3.559E+02  1.000E-33
  28  4.092E+02  1.000E-33
  28  4.705E+02  1.000E-33
  28  5.409E+02  1.000E-33
  28  6.219E+02  1.000E-33
  28  7.151E+02  1.000E-33
  28  8.221E+02  1.000E-33
  28  9.453E+02  1.000E-33
  28  1.087E+03  1.000E-33
  28  1.250E+03  1.000E-33
  28  1.437E+03  1.000E-33
  28  1.652E+03  1.000E-33
  28  1.899E+03  1.000E-33
  28  2.184E+03  1.000E-33
  28  2.511E+03  1.000E-33
  28  2.887E+03  1.000E-33
  28  3.319E+03  1.000E-33
  28  3.816E+03  1.000E-33
  28  4.387E+03  1.000E-33
  28  5.045E+03  1.000E-33
  28  5.800E+03  1.000E-33
  28  6.669E+03  1.000E-33
  28  7.667E+03  1.000E-33
  28  8.815E+03  1.000E-33
  28  1.014E+04  1.000E-33
  28  1.165E+04  1.000E-33
  28  1.340E+04  1.000E-33
  28  1.541E+04  1.000E-33
  28  1.771E+04  1.000E-33
  28  2.036E+04  1.000E-33
  28  2.341E+04  1.000E-33
  28  2.692E+04  1.000E-33
  28  3.095E+04  1.000E-33
  28  3.559E+04  1.000E-33
  28  4.092E+04  1.000E-33
  28  4.705E+04  1.000E-33
  28  5.409E+04  1.000E-33
  28  6.219E+04  1.000E-33
  28  7.151E+04  1.000E-33
  28  8.221E+04  1.000E-33
  28  9.453E+04  1.000E-33
  28  1.087E+05  1.000E-33
  28  1.250E+05  1.000E-33
  28  1.437E+05  1.000E-33
  28  1.652E+05  1.000E-33
  28  1.899E+05  1.000E-33
  28  2.184E+05  1.000E-33
  28  2.511E+05  1.000E-33
  28  2.887E+05  1.000E-33
  28  3.319E+05  1.000E-33
  28  3.816E+05  1.000E-33
  28  4.387E+05  1.000E-33
  28  5.045E+05  1.000E-33
  28  5.800E+05  1.000E-33
