2008.120219
   Z       E            F
   1  1.000E-02  8.194E+01
   1  1.150E-02  9.555E+01
   1  1.322E-02  1.115E+02
   1  1.520E-02  1.301E+02
   1  1.748E-02  1.519E+02
   1  2.009E-02  1.774E+02
   1  2.310E-02  2.072E+02
   1  2.656E-02  2.421E+02
   1  3.054E-02  2.828E+02
   1  3.511E-02  3.301E+02
   1  4.037E-02  3.850E+02
   1  4.642E-02  4.483E+02
   1  5.337E-02  5.207E+02
   1  6.136E-02  6.027E+02
   1  7.055E-02  6.945E+02
   1  8.111E-02  7.960E+02
   1  9.326E-02  9.060E+02
   1  1.072E-01  1.023E+03
   1  1.233E-01  1.145E+03
   1  1.417E-01  1.267E+03
   1  1.630E-01  1.387E+03
   1  1.874E-01  1.498E+03
   1  2.154E-01  1.597E+03
   1  2.477E-01  1.679E+03
   1  2.848E-01  1.738E+03
   1  3.275E-01  1.771E+03
   1  3.765E-01  1.777E+03
   1  4.329E-01  1.753E+03
   1  4.977E-01  1.702E+03
   1  5.722E-01  1.624E+03
   1  6.579E-01  1.524E+03
   1  7.565E-01  1.406E+03
   1  8.697E-01  1.276E+03
   1  1.000E+00  1.139E+03
   1  1.150E+00  9.998E+02
   1  1.322E+00  8.636E+02
   1  1.520E+00  7.342E+02
   1  1.748E+00  6.143E+02
   1  2.009E+00  5.063E+02
   1  2.310E+00  4.112E+02
   1  2.656E+00  3.293E+02
   1  3.054E+00  2.602E+02
   1  3.511E+00  2.028E+02
   1  4.037E+00  1.562E+02
   1  4.642E+00  1.189E+02
   1  5.337E+00  8.954E+01
   1  6.136E+00  6.673E+01
   1  7.055E+00  4.925E+01
   1  8.111E+00  3.604E+01
   1  9.326E+00  2.618E+01
   1  1.072E+01  1.887E+01
   1  1.233E+01  1.350E+01
   1  1.417E+01  9.616E+00
   1  1.630E+01  6.808E+00
   1  1.874E+01  4.797E+00
   1  2.154E+01  3.363E+00
   1  2.477E+01  2.350E+00
   1  2.848E+01  1.636E+00
   1  3.275E+01  1.136E+00
   1  3.765E+01  7.861E-01
   1  4.329E+01  5.426E-01
   1  4.977E+01  3.741E-01
   1  5.722E+01  2.572E-01
   1  6.579E+01  1.767E-01
   1  7.565E+01  1.212E-01
   1  8.697E+01  8.292E-02
   1  1.000E+02  5.677E-02
   1  1.150E+02  3.878E-02
   1  1.322E+02  2.648E-02
   1  1.520E+02  1.808E-02
   1  1.748E+02  1.231E-02
   1  2.009E+02  8.403E-03
   1  2.310E+02  5.717E-03
   1  2.656E+02  3.896E-03
   1  3.054E+02  2.652E-03
   1  3.511E+02  1.803E-03
   1  4.037E+02  1.226E-03
   1  4.642E+02  8.347E-04
   1  5.337E+02  5.671E-04
   1  6.136E+02  3.859E-04
   1  7.055E+02  2.620E-04
   1  8.111E+02  1.782E-04
   1  9.326E+02  1.210E-04
   1  1.072E+03  8.229E-05
   1  1.233E+03  5.586E-05
   1  1.417E+03  3.795E-05
   1  1.630E+03  2.576E-05
   1  1.874E+03  1.753E-05
   1  2.154E+03  1.188E-05
   1  2.477E+03  8.090E-06
   1  2.848E+03  5.477E-06
   1  3.275E+03  3.730E-06
   1  3.765E+03  2.527E-06
   1  4.329E+03  1.720E-06
   1  4.977E+03  1.165E-06
   1  5.722E+03  7.934E-07
   1  6.579E+03  5.363E-07
   1  7.565E+03  3.665E-07
   1  8.697E+03  2.466E-07
   1  1.000E+04  1.698E-07
   2  4.000E-02  8.732E+00
   2  4.599E-02  1.019E+01
   2  5.288E-02  1.188E+01
   2  6.080E-02  1.386E+01
   2  6.990E-02  1.615E+01
   2  8.037E-02  1.879E+01
   2  9.241E-02  2.184E+01
   2  1.062E-01  2.530E+01
   2  1.222E-01  2.922E+01
   2  1.404E-01  3.360E+01
   2  1.615E-01  3.841E+01
   2  1.857E-01  4.362E+01
   2  2.135E-01  4.915E+01
   2  2.454E-01  5.488E+01
   2  2.822E-01  6.065E+01
   2  3.245E-01  6.629E+01
   2  3.730E-01  7.157E+01
   2  4.289E-01  7.628E+01
   2  4.931E-01  8.021E+01
   2  5.670E-01  8.315E+01
   2  6.519E-01  8.495E+01
   2  7.495E-01  8.551E+01
   2  8.618E-01  8.479E+01
   2  9.908E-01  8.281E+01
   2  1.139E+00  7.965E+01
   2  1.310E+00  7.546E+01
   2  1.506E+00  7.041E+01
   2  1.732E+00  6.473E+01
   2  1.991E+00  5.863E+01
   2  2.289E+00  5.233E+01
   2  2.632E+00  4.603E+01
   2  3.026E+00  3.991E+01
   2  3.479E+00  3.412E+01
   2  4.000E+00  2.878E+01
   2  4.599E+00  2.395E+01
   2  5.288E+00  1.966E+01
   2  6.080E+00  1.593E+01
   2  6.990E+00  1.274E+01
   2  8.037E+00  1.007E+01
   2  9.241E+00  7.861E+00
   2  1.062E+01  6.070E+00
   2  1.222E+01  4.637E+00
   2  1.404E+01  3.504E+00
   2  1.615E+01  2.621E+00
   2  1.857E+01  1.944E+00
   2  2.135E+01  1.429E+00
   2  2.454E+01  1.042E+00
   2  2.822E+01  7.541E-01
   2  3.245E+01  5.421E-01
   2  3.730E+01  3.875E-01
   2  4.289E+01  2.752E-01
   2  4.931E+01  1.943E-01
   2  5.670E+01  1.368E-01
   2  6.519E+01  9.573E-02
   2  7.495E+01  6.691E-02
   2  8.618E+01  4.646E-02
   2  9.908E+01  3.225E-02
   2  1.139E+02  2.229E-02
   2  1.310E+02  1.538E-02
   2  1.506E+02  1.060E-02
   2  1.732E+02  7.272E-03
   2  1.991E+02  4.997E-03
   2  2.289E+02  3.420E-03
   2  2.632E+02  2.341E-03
   2  3.026E+02  1.601E-03
   2  3.479E+02  1.093E-03
   2  4.000E+02  7.458E-04
   2  4.599E+02  5.084E-04
   2  5.288E+02  3.465E-04
   2  6.080E+02  2.361E-04
   2  6.990E+02  1.605E-04
   2  8.037E+02  1.094E-04
   2  9.241E+02  7.433E-05
   2  1.062E+03  5.055E-05
   2  1.222E+03  3.436E-05
   2  1.404E+03  2.334E-05
   2  1.615E+03  1.587E-05
   2  1.857E+03  1.078E-05
   2  2.135E+03  7.319E-06
   2  2.454E+03  4.975E-06
   2  2.822E+03  3.372E-06
   2  3.245E+03  2.294E-06
   2  3.730E+03  1.555E-06
   2  4.289E+03  1.057E-06
   2  4.931E+03  7.169E-07
   2  5.670E+03  4.867E-07
   2  6.519E+03  3.303E-07
   2  7.495E+03  2.243E-07
   2  8.618E+03  1.521E-07
   2  9.908E+03  1.034E-07
   2  1.139E+04  6.998E-08
   2  1.310E+04  4.763E-08
   2  1.506E+04  3.223E-08
   2  1.732E+04  2.193E-08
   2  1.991E+04  1.483E-08
   2  2.289E+04  1.010E-08
   2  2.632E+04  6.823E-09
   2  3.026E+04  4.658E-09
   2  3.479E+04  3.131E-09
   2  4.000E+04  2.155E-09
   3  7.000E-02  1.647E-02
   3  8.048E-02  1.916E-02
   3  9.254E-02  2.229E-02
   3  1.064E-01  2.591E-02
   3  1.223E-01  3.010E-02
   3  1.406E-01  3.492E-02
   3  1.617E-01  4.044E-02
   3  1.859E-01  4.673E-02
   3  2.138E-01  5.382E-02
   3  2.458E-01  6.174E-02
   3  2.826E-01  7.047E-02
   3  3.249E-01  7.998E-02
   3  3.736E-01  9.015E-02
   3  4.295E-01  1.008E-01
   3  4.938E-01  1.118E-01
   3  5.678E-01  1.227E-01
   3  6.528E-01  1.333E-01
   3  7.506E-01  1.431E-01
   3  8.630E-01  1.518E-01
   3  9.922E-01  1.590E-01
   3  1.141E+00  1.642E-01
   3  1.312E+00  1.673E-01
   3  1.508E+00  1.679E-01
   3  1.734E+00  1.660E-01
   3  1.994E+00  1.616E-01
   3  2.292E+00  1.548E-01
   3  2.635E+00  1.459E-01
   3  3.030E+00  1.353E-01
   3  3.484E+00  1.233E-01
   3  4.006E+00  1.105E-01
   3  4.606E+00  9.728E-02
   3  5.295E+00  8.418E-02
   3  6.088E+00  7.157E-02
   3  7.000E+00  5.980E-02
   3  8.048E+00  4.910E-02
   3  9.254E+00  3.963E-02
   3  1.064E+01  3.145E-02
   3  1.223E+01  2.456E-02
   3  1.406E+01  1.887E-02
   3  1.617E+01  1.428E-02
   3  1.859E+01  1.065E-02
   3  2.138E+01  7.830E-03
   3  2.458E+01  5.684E-03
   3  2.826E+01  4.075E-03
   3  3.249E+01  2.888E-03
   3  3.736E+01  2.025E-03
   3  4.295E+01  1.406E-03
   3  4.938E+01  9.672E-04
   3  5.678E+01  6.606E-04
   3  6.528E+01  4.476E-04
   3  7.506E+01  3.013E-04
   3  8.630E+01  2.016E-04
   3  9.922E+01  1.342E-04
   3  1.141E+02  8.891E-05
   3  1.312E+02  5.861E-05
   3  1.508E+02  3.852E-05
   3  1.734E+02  2.523E-05
   3  1.994E+02  1.647E-05
   3  2.292E+02  1.073E-05
   3  2.635E+02  6.966E-06
   3  3.030E+02  4.519E-06
   3  3.484E+02  2.925E-06
   3  4.006E+02  1.889E-06
   3  4.606E+02  1.220E-06
   3  5.295E+02  7.854E-07
   3  6.088E+02  5.062E-07
   3  7.000E+02  3.255E-07
   3  8.048E+02  2.093E-07
   3  9.254E+02  1.345E-07
   3  1.064E+03  8.625E-08
   3  1.223E+03  5.539E-08
   3  1.406E+03  3.550E-08
   3  1.617E+03  2.277E-08
   3  1.859E+03  1.459E-08
   3  2.138E+03  9.342E-09
   3  2.458E+03  5.988E-09
   3  2.826E+03  3.832E-09
   3  3.249E+03  2.454E-09
   3  3.736E+03  1.571E-09
   3  4.295E+03  1.005E-09
   3  4.938E+03  6.431E-10
   3  5.678E+03  4.117E-10
   3  6.528E+03  2.632E-10
   3  7.506E+03  1.685E-10
   3  8.630E+03  1.077E-10
   3  9.922E+03  6.893E-11
   3  1.141E+04  4.408E-11
   3  1.312E+04  2.818E-11
   3  1.508E+04  1.804E-11
   3  1.734E+04  1.152E-11
   3  1.994E+04  7.377E-12
   3  2.292E+04  4.714E-12
   3  2.635E+04  3.014E-12
   3  3.030E+04  1.928E-12
   3  3.484E+04  1.231E-12
   3  4.006E+04  7.889E-13
   3  4.606E+04  5.027E-13
   3  5.295E+04  3.233E-13
   3  6.088E+04  2.049E-13
   3  7.000E+04  1.328E-13
   4  9.000E-02  4.512E-03
   4  1.035E-01  5.225E-03
   4  1.190E-01  6.050E-03
   4  1.368E-01  7.005E-03
   4  1.573E-01  8.107E-03
   4  1.808E-01  9.381E-03
   4  2.079E-01  1.085E-02
   4  2.390E-01  1.254E-02
   4  2.748E-01  1.448E-02
   4  3.160E-01  1.671E-02
   4  3.633E-01  1.925E-02
   4  4.177E-01  2.214E-02
   4  4.803E-01  2.541E-02
   4  5.522E-01  2.909E-02
   4  6.349E-01  3.319E-02
   4  7.300E-01  3.773E-02
   4  8.393E-01  4.269E-02
   4  9.650E-01  4.804E-02
   4  1.110E+00  5.372E-02
   4  1.276E+00  5.964E-02
   4  1.467E+00  6.564E-02
   4  1.686E+00  7.156E-02
   4  1.939E+00  7.717E-02
   4  2.229E+00  8.221E-02
   4  2.563E+00  8.640E-02
   4  2.947E+00  8.946E-02
   4  3.388E+00  9.112E-02
   4  3.896E+00  9.118E-02
   4  4.479E+00  8.952E-02
   4  5.150E+00  8.613E-02
   4  5.921E+00  8.113E-02
   4  6.808E+00  7.474E-02
   4  7.828E+00  6.732E-02
   4  9.000E+00  5.926E-02
   4  1.035E+01  5.096E-02
   4  1.190E+01  4.280E-02
   4  1.368E+01  3.513E-02
   4  1.573E+01  2.819E-02
   4  1.808E+01  2.213E-02
   4  2.079E+01  1.702E-02
   4  2.390E+01  1.284E-02
   4  2.748E+01  9.508E-03
   4  3.160E+01  6.912E-03
   4  3.633E+01  4.947E-03
   4  4.177E+01  3.490E-03
   4  4.803E+01  2.429E-03
   4  5.522E+01  1.670E-03
   4  6.349E+01  1.134E-03
   4  7.300E+01  7.645E-04
   4  8.393E+01  5.099E-04
   4  9.650E+01  3.375E-04
   4  1.110E+02  2.219E-04
   4  1.276E+02  1.450E-04
   4  1.467E+02  9.423E-05
   4  1.686E+02  6.089E-05
   4  1.939E+02  3.921E-05
   4  2.229E+02  2.516E-05
   4  2.563E+02  1.607E-05
   4  2.947E+02  1.025E-05
   4  3.388E+02  6.516E-06
   4  3.896E+02  4.134E-06
   4  4.479E+02  2.618E-06
   4  5.150E+02  1.654E-06
   4  5.921E+02  1.045E-06
   4  6.808E+02  6.588E-07
   4  7.828E+02  4.144E-07
   4  9.000E+02  2.611E-07
   4  1.035E+03  1.639E-07
   4  1.190E+03  1.030E-07
   4  1.368E+03  6.465E-08
   4  1.573E+03  4.053E-08
   4  1.808E+03  2.543E-08
   4  2.079E+03  1.593E-08
   4  2.390E+03  9.990E-09
   4  2.748E+03  6.250E-09
   4  3.160E+03  3.914E-09
   4  3.633E+03  2.452E-09
   4  4.177E+03  1.533E-09
   4  4.803E+03  9.603E-10
   4  5.522E+03  6.004E-10
   4  6.349E+03  3.756E-10
   4  7.300E+03  2.351E-10
   4  8.393E+03  1.469E-10
   4  9.650E+03  9.191E-11
   4  1.110E+04  5.748E-11
   4  1.276E+04  3.592E-11
   4  1.467E+04  2.247E-11
   4  1.686E+04  1.404E-11
   4  1.939E+04  8.778E-12
   4  2.229E+04  5.493E-12
   4  2.563E+04  3.428E-12
   4  2.947E+04  2.146E-12
   4  3.388E+04  1.340E-12
   4  3.896E+04  8.389E-13
   4  4.479E+04  5.231E-13
   4  5.150E+04  3.277E-13
   4  5.921E+04  2.043E-13
   4  6.808E+04  1.283E-13
   4  7.828E+04  7.952E-14
   4  9.000E+04  5.038E-14
   5  1.100E-01  1.433E-02
   5  1.265E-01  1.662E-02
   5  1.454E-01  1.927E-02
   5  1.672E-01  2.235E-02
   5  1.922E-01  2.590E-02
   5  2.210E-01  3.001E-02
   5  2.541E-01  3.474E-02
   5  2.922E-01  4.018E-02
   5  3.359E-01  4.641E-02
   5  3.862E-01  5.351E-02
   5  4.441E-01  6.156E-02
   5  5.106E-01  7.063E-02
   5  5.870E-01  8.076E-02
   5  6.749E-01  9.196E-02
   5  7.760E-01  1.042E-01
   5  8.922E-01  1.174E-01
   5  1.026E+00  1.315E-01
   5  1.179E+00  1.461E-01
   5  1.356E+00  1.611E-01
   5  1.559E+00  1.759E-01
   5  1.793E+00  1.901E-01
   5  2.061E+00  2.032E-01
   5  2.370E+00  2.145E-01
   5  2.725E+00  2.233E-01
   5  3.133E+00  2.292E-01
   5  3.602E+00  2.316E-01
   5  4.141E+00  2.301E-01
   5  4.762E+00  2.246E-01
   5  5.475E+00  2.152E-01
   5  6.295E+00  2.022E-01
   5  7.237E+00  1.862E-01
   5  8.321E+00  1.678E-01
   5  9.567E+00  1.480E-01
   5  1.100E+01  1.278E-01
   5  1.265E+01  1.080E-01
   5  1.454E+01  8.921E-02
   5  1.672E+01  7.220E-02
   5  1.922E+01  5.720E-02
   5  2.210E+01  4.441E-02
   5  2.541E+01  3.382E-02
   5  2.922E+01  2.528E-02
   5  3.359E+01  1.856E-02
   5  3.862E+01  1.341E-02
   5  4.441E+01  9.549E-03
   5  5.106E+01  6.701E-03
   5  5.870E+01  4.641E-03
   5  6.749E+01  3.179E-03
   5  7.760E+01  2.155E-03
   5  8.922E+01  1.446E-03
   5  1.026E+02  9.614E-04
   5  1.179E+02  6.353E-04
   5  1.356E+02  4.165E-04
   5  1.559E+02  2.713E-04
   5  1.793E+02  1.760E-04
   5  2.061E+02  1.134E-04
   5  2.370E+02  7.292E-05
   5  2.725E+02  4.667E-05
   5  3.133E+02  2.976E-05
   5  3.602E+02  1.891E-05
   5  4.141E+02  1.201E-05
   5  4.762E+02  7.595E-06
   5  5.475E+02  4.803E-06
   5  6.295E+02  3.029E-06
   5  7.237E+02  1.906E-06
   5  8.321E+02  1.200E-06
   5  9.567E+02  7.533E-07
   5  1.100E+03  4.734E-07
   5  1.265E+03  2.965E-07
   5  1.454E+03  1.858E-07
   5  1.672E+03  1.164E-07
   5  1.922E+03  7.280E-08
   5  2.210E+03  4.558E-08
   5  2.541E+03  2.849E-08
   5  2.922E+03  1.780E-08
   5  3.359E+03  1.113E-08
   5  3.862E+03  6.947E-09
   5  4.441E+03  4.343E-09
   5  5.106E+03  2.710E-09
   5  5.870E+03  1.691E-09
   5  6.749E+03  1.056E-09
   5  7.760E+03  6.591E-10
   5  8.922E+03  4.112E-10
   5  1.026E+04  2.565E-10
   5  1.179E+04  1.600E-10
   5  1.356E+04  9.983E-11
   5  1.559E+04  6.229E-11
   5  1.793E+04  3.883E-11
   5  2.061E+04  2.424E-11
   5  2.370E+04  1.509E-11
   5  2.725E+04  9.432E-12
   5  3.133E+04  5.871E-12
   5  3.602E+04  3.665E-12
   5  4.141E+04  2.286E-12
   5  4.762E+04  1.424E-12
   5  5.475E+04  8.877E-13
   5  6.295E+04  5.544E-13
   5  7.237E+04  3.448E-13
   5  8.321E+04  2.160E-13
   5  9.567E+04  1.335E-13
   5  1.100E+05  8.443E-14
   6  1.200E-01  5.987E-02
   6  1.380E-01  6.963E-02
   6  1.586E-01  8.097E-02
   6  1.824E-01  9.414E-02
   6  2.097E-01  1.094E-01
   6  2.411E-01  1.271E-01
   6  2.772E-01  1.474E-01
   6  3.187E-01  1.707E-01
   6  3.665E-01  1.974E-01
   6  4.213E-01  2.275E-01
   6  4.844E-01  2.613E-01
   6  5.570E-01  2.988E-01
   6  6.404E-01  3.398E-01
   6  7.363E-01  3.842E-01
   6  8.466E-01  4.311E-01
   6  9.734E-01  4.800E-01
   6  1.119E+00  5.295E-01
   6  1.287E+00  5.783E-01
   6  1.479E+00  6.249E-01
   6  1.701E+00  6.675E-01
   6  1.956E+00  7.042E-01
   6  2.249E+00  7.333E-01
   6  2.585E+00  7.533E-01
   6  2.972E+00  7.628E-01
   6  3.418E+00  7.612E-01
   6  3.929E+00  7.481E-01
   6  4.518E+00  7.238E-01
   6  5.195E+00  6.891E-01
   6  5.972E+00  6.453E-01
   6  6.867E+00  5.943E-01
   6  7.895E+00  5.380E-01
   6  9.078E+00  4.786E-01
   6  1.044E+01  4.185E-01
   6  1.200E+01  3.597E-01
   6  1.380E+01  3.040E-01
   6  1.586E+01  2.525E-01
   6  1.824E+01  2.062E-01
   6  2.097E+01  1.657E-01
   6  2.411E+01  1.310E-01
   6  2.772E+01  1.021E-01
   6  3.187E+01  7.838E-02
   6  3.665E+01  5.938E-02
   6  4.213E+01  4.438E-02
   6  4.844E+01  3.275E-02
   6  5.570E+01  2.391E-02
   6  6.404E+01  1.728E-02
   6  7.363E+01  1.237E-02
   6  8.466E+01  8.768E-03
   6  9.734E+01  6.168E-03
   6  1.119E+02  4.310E-03
   6  1.287E+02  2.991E-03
   6  1.479E+02  2.061E-03
   6  1.701E+02  1.416E-03
   6  1.956E+02  9.662E-04
   6  2.249E+02  6.582E-04
   6  2.585E+02  4.452E-04
   6  2.972E+02  3.010E-04
   6  3.418E+02  2.026E-04
   6  3.929E+02  1.361E-04
   6  4.518E+02  9.125E-05
   6  5.195E+02  6.095E-05
   6  5.972E+02  4.074E-05
   6  6.867E+02  2.714E-05
   6  7.895E+02  1.807E-05
   6  9.078E+02  1.202E-05
   6  1.044E+03  7.981E-06
   6  1.200E+03  5.298E-06
   6  1.380E+03  3.513E-06
   6  1.586E+03  2.328E-06
   6  1.824E+03  1.543E-06
   6  2.097E+03  1.020E-06
   6  2.411E+03  6.757E-07
   6  2.772E+03  4.465E-07
   6  3.187E+03  2.954E-07
   6  3.665E+03  1.952E-07
   6  4.213E+03  1.289E-07
   6  4.844E+03  8.521E-08
   6  5.570E+03  5.629E-08
   6  6.404E+03  3.715E-08
   6  7.363E+03  2.456E-08
   6  8.466E+03  1.619E-08
   6  9.734E+03  1.070E-08
   6  1.119E+04  7.060E-09
   6  1.287E+04  4.663E-09
   6  1.479E+04  3.076E-09
   6  1.701E+04  2.029E-09
   6  1.956E+04  1.340E-09
   6  2.249E+04  8.842E-10
   6  2.585E+04  5.830E-10
   6  2.972E+04  3.853E-10
   6  3.418E+04  2.536E-10
   6  3.929E+04  1.677E-10
   6  4.518E+04  1.104E-10
   6  5.195E+04  7.300E-11
   6  5.972E+04  4.805E-11
   6  6.867E+04  3.177E-11
   6  7.895E+04  2.089E-11
   6  9.078E+04  1.386E-11
   6  1.044E+05  9.063E-12
   6  1.200E+05  6.061E-12
   7  1.400E-01  1.124E-02
   7  1.610E-01  1.306E-02
   7  1.851E-01  1.517E-02
   7  2.128E-01  1.761E-02
   7  2.447E-01  2.045E-02
   7  2.813E-01  2.373E-02
   7  3.234E-01  2.751E-02
   7  3.719E-01  3.185E-02
   7  4.275E-01  3.682E-02
   7  4.916E-01  4.248E-02
   7  5.652E-01  4.886E-02
   7  6.498E-01  5.601E-02
   7  7.471E-01  6.393E-02
   7  8.590E-01  7.260E-02
   7  9.877E-01  8.196E-02
   7  1.136E+00  9.189E-02
   7  1.306E+00  1.022E-01
   7  1.501E+00  1.128E-01
   7  1.726E+00  1.232E-01
   7  1.984E+00  1.332E-01
   7  2.282E+00  1.423E-01
   7  2.623E+00  1.503E-01
   7  3.016E+00  1.566E-01
   7  3.468E+00  1.610E-01
   7  3.987E+00  1.631E-01
   7  4.584E+00  1.626E-01
   7  5.271E+00  1.596E-01
   7  6.060E+00  1.540E-01
   7  6.968E+00  1.461E-01
   7  8.011E+00  1.360E-01
   7  9.211E+00  1.243E-01
   7  1.059E+01  1.115E-01
   7  1.218E+01  9.808E-02
   7  1.400E+01  8.464E-02
   7  1.610E+01  7.166E-02
   7  1.851E+01  5.951E-02
   7  2.128E+01  4.848E-02
   7  2.447E+01  3.876E-02
   7  2.813E+01  3.045E-02
   7  3.234E+01  2.351E-02
   7  3.719E+01  1.786E-02
   7  4.275E+01  1.337E-02
   7  4.916E+01  9.853E-03
   7  5.652E+01  7.158E-03
   7  6.498E+01  5.140E-03
   7  7.471E+01  3.650E-03
   7  8.590E+01  2.562E-03
   7  9.877E+01  1.781E-03
   7  1.136E+02  1.228E-03
   7  1.306E+02  8.399E-04
   7  1.501E+02  5.702E-04
   7  1.726E+02  3.845E-04
   7  1.984E+02  2.581E-04
   7  2.282E+02  1.721E-04
   7  2.623E+02  1.145E-04
   7  3.016E+02  7.567E-05
   7  3.468E+02  4.994E-05
   7  3.987E+02  3.281E-05
   7  4.584E+02  2.151E-05
   7  5.271E+02  1.408E-05
   7  6.060E+02  9.176E-06
   7  6.968E+02  5.982E-06
   7  8.011E+02  3.888E-06
   7  9.211E+02  2.526E-06
   7  1.059E+03  1.638E-06
   7  1.218E+03  1.061E-06
   7  1.400E+03  6.870E-07
   7  1.610E+03  4.441E-07
   7  1.851E+03  2.872E-07
   7  2.128E+03  1.855E-07
   7  2.447E+03  1.196E-07
   7  2.813E+03  7.727E-08
   7  3.234E+03  4.980E-08
   7  3.719E+03  3.212E-08
   7  4.275E+03  2.070E-08
   7  4.916E+03  1.333E-08
   7  5.652E+03  8.589E-09
   7  6.498E+03  5.536E-09
   7  7.471E+03  3.561E-09
   7  8.590E+03  2.296E-09
   7  9.877E+03  1.475E-09
   7  1.136E+04  9.509E-10
   7  1.306E+04  6.113E-10
   7  1.501E+04  3.939E-10
   7  1.726E+04  2.533E-10
   7  1.984E+04  1.630E-10
   7  2.282E+04  1.049E-10
   7  2.623E+04  6.748E-11
   7  3.016E+04  4.340E-11
   7  3.468E+04  2.794E-11
   7  3.987E+04  1.795E-11
   7  4.584E+04  1.157E-11
   7  5.271E+04  7.425E-12
   7  6.060E+04  4.787E-12
   7  6.968E+04  3.071E-12
   7  8.011E+04  1.981E-12
   7  9.211E+04  1.269E-12
   7  1.059E+05  8.208E-13
   7  1.218E+05  5.236E-13
   7  1.400E+05  3.414E-13
   8  1.600E-01  4.344E-02
   8  1.840E-01  5.053E-02
   8  2.115E-01  5.879E-02
   8  2.432E-01  6.837E-02
   8  2.796E-01  7.948E-02
   8  3.215E-01  9.233E-02
   8  3.696E-01  1.071E-01
   8  4.250E-01  1.241E-01
   8  4.886E-01  1.434E-01
   8  5.618E-01  1.653E-01
   8  6.459E-01  1.898E-01
   8  7.427E-01  2.168E-01
   8  8.539E-01  2.464E-01
   8  9.817E-01  2.782E-01
   8  1.129E+00  3.117E-01
   8  1.298E+00  3.463E-01
   8  1.492E+00  3.811E-01
   8  1.716E+00  4.152E-01
   8  1.973E+00  4.473E-01
   8  2.268E+00  4.762E-01
   8  2.608E+00  5.006E-01
   8  2.998E+00  5.194E-01
   8  3.447E+00  5.316E-01
   8  3.963E+00  5.363E-01
   8  4.557E+00  5.331E-01
   8  5.239E+00  5.220E-01
   8  6.024E+00  5.032E-01
   8  6.926E+00  4.776E-01
   8  7.963E+00  4.460E-01
   8  9.156E+00  4.097E-01
   8  1.053E+01  3.702E-01
   8  1.210E+01  3.289E-01
   8  1.392E+01  2.873E-01
   8  1.600E+01  2.469E-01
   8  1.840E+01  2.087E-01
   8  2.115E+01  1.736E-01
   8  2.432E+01  1.421E-01
   8  2.796E+01  1.144E-01
   8  3.215E+01  9.073E-02
   8  3.696E+01  7.094E-02
   8  4.250E+01  5.471E-02
   8  4.886E+01  4.164E-02
   8  5.618E+01  3.129E-02
   8  6.459E+01  2.322E-02
   8  7.427E+01  1.706E-02
   8  8.539E+01  1.241E-02
   8  9.817E+01  8.940E-03
   8  1.129E+02  6.383E-03
   8  1.298E+02  4.523E-03
   8  1.492E+02  3.186E-03
   8  1.716E+02  2.227E-03
   8  1.973E+02  1.547E-03
   8  2.268E+02  1.071E-03
   8  2.608E+02  7.372E-04
   8  2.998E+02  5.060E-04
   8  3.447E+02  3.454E-04
   8  3.963E+02  2.354E-04
   8  4.557E+02  1.598E-04
   8  5.239E+02  1.083E-04
   8  6.024E+02  7.322E-05
   8  6.926E+02  4.934E-05
   8  7.963E+02  3.325E-05
   8  9.156E+02  2.235E-05
   8  1.053E+03  1.501E-05
   8  1.210E+03  1.007E-05
   8  1.392E+03  6.745E-06
   8  1.600E+03  4.518E-06
   8  1.840E+03  3.022E-06
   8  2.115E+03  2.020E-06
   8  2.432E+03  1.351E-06
   8  2.796E+03  9.011E-07
   8  3.215E+03  6.021E-07
   8  3.696E+03  4.015E-07
   8  4.250E+03  2.679E-07
   8  4.886E+03  1.787E-07
   8  5.618E+03  1.190E-07
   8  6.459E+03  7.937E-08
   8  7.427E+03  5.293E-08
   8  8.539E+03  3.523E-08
   8  9.817E+03  2.350E-08
   8  1.129E+04  1.563E-08
   8  1.298E+04  1.042E-08
   8  1.492E+04  6.934E-09
   8  1.716E+04  4.623E-09
   8  1.973E+04  3.076E-09
   8  2.268E+04  2.049E-09
   8  2.608E+04  1.364E-09
   8  2.998E+04  9.082E-10
   8  3.447E+04  6.045E-10
   8  3.963E+04  4.028E-10
   8  4.557E+04  2.677E-10
   8  5.239E+04  1.785E-10
   8  6.024E+04  1.186E-10
   8  6.926E+04  7.909E-11
   8  7.963E+04  5.253E-11
   8  9.156E+04  3.506E-11
   8  1.053E+05  2.324E-11
   8  1.210E+05  1.557E-11
   8  1.392E+05  1.026E-11
   8  1.600E+05  6.928E-12
   9  1.900E-01  4.264E-04
   9  2.185E-01  4.944E-04
   9  2.512E-01  5.732E-04
   9  2.888E-01  6.645E-04
   9  3.320E-01  7.701E-04
   9  3.818E-01  8.921E-04
   9  4.389E-01  1.033E-03
   9  5.047E-01  1.195E-03
   9  5.802E-01  1.380E-03
   9  6.671E-01  1.592E-03
   9  7.670E-01  1.834E-03
   9  8.819E-01  2.106E-03
   9  1.014E+00  2.412E-03
   9  1.166E+00  2.752E-03
   9  1.340E+00  3.126E-03
   9  1.541E+00  3.532E-03
   9  1.772E+00  3.969E-03
   9  2.037E+00  4.428E-03
   9  2.342E+00  4.904E-03
   9  2.693E+00  5.383E-03
   9  3.097E+00  5.852E-03
   9  3.560E+00  6.294E-03
   9  4.093E+00  6.690E-03
   9  4.706E+00  7.020E-03
   9  5.411E+00  7.264E-03
   9  6.222E+00  7.403E-03
   9  7.153E+00  7.424E-03
   9  8.225E+00  7.317E-03
   9  9.456E+00  7.082E-03
   9  1.087E+01  6.725E-03
   9  1.250E+01  6.259E-03
   9  1.437E+01  5.707E-03
   9  1.653E+01  5.095E-03
   9  1.900E+01  4.453E-03
   9  2.185E+01  3.807E-03
   9  2.512E+01  3.187E-03
   9  2.888E+01  2.613E-03
   9  3.320E+01  2.098E-03
   9  3.818E+01  1.650E-03
   9  4.389E+01  1.274E-03
   9  5.047E+01  9.666E-04
   9  5.802E+01  7.200E-04
   9  6.671E+01  5.277E-04
   9  7.670E+01  3.815E-04
   9  8.819E+01  2.719E-04
   9  1.014E+02  1.912E-04
   9  1.166E+02  1.329E-04
   9  1.340E+02  9.157E-05
   9  1.541E+02  6.245E-05
   9  1.772E+02  4.220E-05
   9  2.037E+02  2.832E-05
   9  2.342E+02  1.888E-05
   9  2.693E+02  1.251E-05
   9  3.097E+02  8.236E-06
   9  3.560E+02  5.411E-06
   9  4.093E+02  3.531E-06
   9  4.706E+02  2.299E-06
   9  5.411E+02  1.492E-06
   9  6.222E+02  9.648E-07
   9  7.153E+02  6.230E-07
   9  8.225E+02  4.010E-07
   9  9.456E+02  2.577E-07
   9  1.087E+03  1.655E-07
   9  1.250E+03  1.060E-07
   9  1.437E+03  6.788E-08
   9  1.653E+03  4.337E-08
   9  1.900E+03  2.769E-08
   9  2.185E+03  1.767E-08
   9  2.512E+03  1.127E-08
   9  2.888E+03  7.183E-09
   9  3.320E+03  4.576E-09
   9  3.818E+03  2.909E-09
   9  4.389E+03  1.853E-09
   9  5.047E+03  1.178E-09
   9  5.802E+03  7.495E-10
   9  6.671E+03  4.762E-10
   9  7.670E+03  3.027E-10
   9  8.819E+03  1.923E-10
   9  1.014E+04  1.222E-10
   9  1.166E+04  7.762E-11
   9  1.340E+04  4.930E-11
   9  1.541E+04  3.128E-11
   9  1.772E+04  1.989E-11
   9  2.037E+04  1.260E-11
   9  2.342E+04  8.015E-12
   9  2.693E+04  5.085E-12
   9  3.097E+04  3.226E-12
   9  3.560E+04  2.051E-12
   9  4.093E+04  1.299E-12
   9  4.706E+04  8.258E-13
   9  5.411E+04  5.237E-13
   9  6.222E+04  3.326E-13
   9  7.153E+04  2.109E-13
   9  8.225E+04  1.339E-13
   9  9.456E+04  8.492E-14
   9  1.087E+05  5.395E-14
   9  1.250E+05  3.414E-14
   9  1.437E+05  2.178E-14
   9  1.653E+05  1.370E-14
   9  1.900E+05  8.815E-15
  10  2.000E-01  4.600E-03
  10  2.300E-01  5.347E-03
  10  2.644E-01  6.215E-03
  10  3.040E-01  7.222E-03
  10  3.495E-01  8.389E-03
  10  4.018E-01  9.738E-03
  10  4.620E-01  1.129E-02
  10  5.312E-01  1.308E-02
  10  6.108E-01  1.511E-02
  10  7.022E-01  1.742E-02
  10  8.074E-01  2.002E-02
  10  9.283E-01  2.291E-02
  10  1.067E+00  2.609E-02
  10  1.227E+00  2.953E-02
  10  1.411E+00  3.321E-02
  10  1.622E+00  3.707E-02
  10  1.865E+00  4.102E-02
  10  2.145E+00  4.497E-02
  10  2.466E+00  4.880E-02
  10  2.835E+00  5.237E-02
  10  3.260E+00  5.555E-02
  10  3.748E+00  5.818E-02
  10  4.309E+00  6.013E-02
  10  4.954E+00  6.129E-02
  10  5.696E+00  6.158E-02
  10  6.549E+00  6.094E-02
  10  7.530E+00  5.938E-02
  10  8.658E+00  5.693E-02
  10  9.954E+00  5.369E-02
  10  1.144E+01  4.978E-02
  10  1.316E+01  4.537E-02
  10  1.513E+01  4.063E-02
  10  1.739E+01  3.576E-02
  10  2.000E+01  3.092E-02
  10  2.300E+01  2.627E-02
  10  2.644E+01  2.194E-02
  10  3.040E+01  1.801E-02
  10  3.495E+01  1.454E-02
  10  4.018E+01  1.155E-02
  10  4.620E+01  9.031E-03
  10  5.312E+01  6.960E-03
  10  6.108E+01  5.289E-03
  10  7.022E+01  3.966E-03
  10  8.074E+01  2.937E-03
  10  9.283E+01  2.150E-03
  10  1.067E+02  1.558E-03
  10  1.227E+02  1.118E-03
  10  1.411E+02  7.949E-04
  10  1.622E+02  5.604E-04
  10  1.865E+02  3.925E-04
  10  2.145E+02  2.730E-04
  10  2.466E+02  1.887E-04
  10  2.835E+02  1.299E-04
  10  3.260E+02  8.885E-05
  10  3.748E+02  6.065E-05
  10  4.309E+02  4.118E-05
  10  4.954E+02  2.786E-05
  10  5.696E+02  1.882E-05
  10  6.549E+02  1.266E-05
  10  7.530E+02  8.517E-06
  10  8.658E+02  5.704E-06
  10  9.954E+02  3.821E-06
  10  1.144E+03  2.552E-06
  10  1.316E+03  1.704E-06
  10  1.513E+03  1.135E-06
  10  1.739E+03  7.562E-07
  10  2.000E+03  5.030E-07
  10  2.300E+03  3.345E-07
  10  2.644E+03  2.221E-07
  10  3.040E+03  1.477E-07
  10  3.495E+03  9.787E-08
  10  4.018E+03  6.498E-08
  10  4.620E+03  4.306E-08
  10  5.312E+03  2.856E-08
  10  6.108E+03  1.891E-08
  10  7.022E+03  1.253E-08
  10  8.074E+03  8.302E-09
  10  9.283E+03  5.498E-09
  10  1.067E+04  3.639E-09
  10  1.227E+04  2.411E-09
  10  1.411E+04  1.594E-09
  10  1.622E+04  1.055E-09
  10  1.865E+04  6.980E-10
  10  2.145E+04  4.624E-10
  10  2.466E+04  3.057E-10
  10  2.835E+04  2.023E-10
  10  3.260E+04  1.338E-10
  10  3.748E+04  8.861E-11
  10  4.309E+04  5.853E-11
  10  4.954E+04  3.875E-11
  10  5.696E+04  2.562E-11
  10  6.549E+04  1.696E-11
  10  7.530E+04  1.121E-11
  10  8.658E+04  7.421E-12
  10  9.954E+04  4.901E-12
  10  1.144E+05  3.250E-12
  10  1.316E+05  2.141E-12
  10  1.513E+05  1.425E-12
  10  1.739E+05  9.334E-13
  10  2.000E+05  6.261E-13
  11  2.300E-01  7.119E-04
  11  2.644E-01  8.265E-04
  11  3.040E-01  9.593E-04
  11  3.496E-01  1.113E-03
  11  4.019E-01  1.292E-03
  11  4.621E-01  1.498E-03
  11  5.313E-01  1.735E-03
  11  6.109E-01  2.008E-03
  11  7.024E-01  2.320E-03
  11  8.076E-01  2.674E-03
  11  9.285E-01  3.075E-03
  11  1.068E+00  3.524E-03
  11  1.227E+00  4.023E-03
  11  1.411E+00  4.570E-03
  11  1.623E+00  5.163E-03
  11  1.866E+00  5.795E-03
  11  2.145E+00  6.457E-03
  11  2.466E+00  7.135E-03
  11  2.836E+00  7.814E-03
  11  3.260E+00  8.472E-03
  11  3.748E+00  9.086E-03
  11  4.310E+00  9.630E-03
  11  4.955E+00  1.008E-02
  11  5.697E+00  1.041E-02
  11  6.550E+00  1.059E-02
  11  7.531E+00  1.061E-02
  11  8.659E+00  1.047E-02
  11  9.956E+00  1.015E-02
  11  1.145E+01  9.675E-03
  11  1.316E+01  9.055E-03
  11  1.513E+01  8.317E-03
  11  1.740E+01  7.493E-03
  11  2.000E+01  6.620E-03
  11  2.300E+01  5.736E-03
  11  2.644E+01  4.872E-03
  11  3.040E+01  4.058E-03
  11  3.496E+01  3.317E-03
  11  4.019E+01  2.659E-03
  11  4.621E+01  2.093E-03
  11  5.313E+01  1.620E-03
  11  6.109E+01  1.233E-03
  11  7.024E+01  9.229E-04
  11  8.076E+01  6.810E-04
  11  9.285E+01  4.961E-04
  11  1.068E+02  3.566E-04
  11  1.227E+02  2.532E-04
  11  1.411E+02  1.779E-04
  11  1.623E+02  1.239E-04
  11  1.866E+02  8.550E-05
  11  2.145E+02  5.847E-05
  11  2.466E+02  3.975E-05
  11  2.836E+02  2.685E-05
  11  3.260E+02  1.802E-05
  11  3.748E+02  1.203E-05
  11  4.310E+02  8.007E-06
  11  4.955E+02  5.301E-06
  11  5.697E+02  3.500E-06
  11  6.550E+02  2.304E-06
  11  7.531E+02  1.511E-06
  11  8.659E+02  9.897E-07
  11  9.956E+02  6.469E-07
  11  1.145E+03  4.215E-07
  11  1.316E+03  2.745E-07
  11  1.513E+03  1.785E-07
  11  1.740E+03  1.160E-07
  11  2.000E+03  7.523E-08
  11  2.300E+03  4.873E-08
  11  2.644E+03  3.156E-08
  11  3.040E+03  2.043E-08
  11  3.496E+03  1.321E-08
  11  4.019E+03  8.544E-09
  11  4.621E+03  5.511E-09
  11  5.313E+03  3.564E-09
  11  6.109E+03  2.299E-09
  11  7.024E+03  1.485E-09
  11  8.076E+03  9.576E-10
  11  9.285E+03  6.178E-10
  11  1.068E+04  3.983E-10
  11  1.227E+04  2.569E-10
  11  1.411E+04  1.657E-10
  11  1.623E+04  1.068E-10
  11  1.866E+04  6.881E-11
  11  2.145E+04  4.436E-11
  11  2.466E+04  2.856E-11
  11  2.836E+04  1.842E-11
  11  3.260E+04  1.187E-11
  11  3.748E+04  7.641E-12
  11  4.310E+04  4.922E-12
  11  4.955E+04  3.172E-12
  11  5.697E+04  2.044E-12
  11  6.550E+04  1.317E-12
  11  7.531E+04  8.482E-13
  11  8.659E+04  5.460E-13
  11  9.956E+04  3.519E-13
  11  1.145E+05  2.265E-13
  11  1.316E+05  1.462E-13
  11  1.513E+05  9.377E-14
  11  1.740E+05  6.080E-14
  11  2.000E+05  3.877E-14
  11  2.300E+05  2.533E-14
  12  2.400E-01  5.345E-03
  12  2.759E-01  6.214E-03
  12  3.173E-01  7.225E-03
  12  3.648E-01  8.398E-03
  12  4.194E-01  9.757E-03
  12  4.822E-01  1.133E-02
  12  5.544E-01  1.314E-02
  12  6.375E-01  1.522E-02
  12  7.329E-01  1.758E-02
  12  8.427E-01  2.026E-02
  12  9.689E-01  2.327E-02
  12  1.114E+00  2.661E-02
  12  1.281E+00  3.028E-02
  12  1.473E+00  3.423E-02
  12  1.693E+00  3.844E-02
  12  1.947E+00  4.282E-02
  12  2.238E+00  4.728E-02
  12  2.573E+00  5.170E-02
  12  2.959E+00  5.594E-02
  12  3.402E+00  5.984E-02
  12  3.911E+00  6.325E-02
  12  4.497E+00  6.600E-02
  12  5.171E+00  6.795E-02
  12  5.945E+00  6.899E-02
  12  6.835E+00  6.902E-02
  12  7.859E+00  6.802E-02
  12  9.036E+00  6.599E-02
  12  1.039E+01  6.301E-02
  12  1.194E+01  5.920E-02
  12  1.373E+01  5.469E-02
  12  1.579E+01  4.967E-02
  12  1.816E+01  4.435E-02
  12  2.087E+01  3.892E-02
  12  2.400E+01  3.357E-02
  12  2.759E+01  2.845E-02
  12  3.173E+01  2.371E-02
  12  3.648E+01  1.943E-02
  12  4.194E+01  1.567E-02
  12  4.822E+01  1.243E-02
  12  5.544E+01  9.723E-03
  12  6.375E+01  7.493E-03
  12  7.329E+01  5.693E-03
  12  8.427E+01  4.270E-03
  12  9.689E+01  3.163E-03
  12  1.114E+02  2.318E-03
  12  1.281E+02  1.682E-03
  12  1.473E+02  1.208E-03
  12  1.693E+02  8.599E-04
  12  1.947E+02  6.070E-04
  12  2.238E+02  4.258E-04
  12  2.573E+02  2.967E-04
  12  2.959E+02  2.054E-04
  12  3.402E+02  1.416E-04
  12  3.911E+02  9.706E-05
  12  4.497E+02  6.633E-05
  12  5.171E+02  4.514E-05
  12  5.945E+02  3.059E-05
  12  6.835E+02  2.070E-05
  12  7.859E+02  1.396E-05
  12  9.036E+02  9.402E-06
  12  1.039E+03  6.310E-06
  12  1.194E+03  4.232E-06
  12  1.373E+03  2.834E-06
  12  1.579E+03  1.895E-06
  12  1.816E+03  1.266E-06
  12  2.087E+03  8.444E-07
  12  2.400E+03  5.631E-07
  12  2.759E+03  3.750E-07
  12  3.173E+03  2.496E-07
  12  3.648E+03  1.661E-07
  12  4.194E+03  1.104E-07
  12  4.822E+03  7.342E-08
  12  5.544E+03  4.879E-08
  12  6.375E+03  3.239E-08
  12  7.329E+03  2.153E-08
  12  8.427E+03  1.427E-08
  12  9.689E+03  9.475E-09
  12  1.114E+04  6.285E-09
  12  1.281E+04  4.172E-09
  12  1.473E+04  2.767E-09
  12  1.693E+04  1.833E-09
  12  1.947E+04  1.217E-09
  12  2.238E+04  8.069E-10
  12  2.573E+04  5.349E-10
  12  2.959E+04  3.546E-10
  12  3.402E+04  2.351E-10
  12  3.911E+04  1.558E-10
  12  4.497E+04  1.033E-10
  12  5.171E+04  6.844E-11
  12  5.945E+04  4.540E-11
  12  6.835E+04  3.006E-11
  12  7.859E+04  1.995E-11
  12  9.036E+04  1.321E-11
  12  1.039E+05  8.757E-12
  12  1.194E+05  5.800E-12
  12  1.373E+05  3.852E-12
  12  1.579E+05  2.542E-12
  12  1.816E+05  1.696E-12
  12  2.087E+05  1.113E-12
  12  2.400E+05  7.480E-13
  13  2.700E-01  6.776E-04
  13  3.104E-01  7.871E-04
  13  3.569E-01  9.142E-04
  13  4.104E-01  1.062E-03
  13  4.718E-01  1.232E-03
  13  5.425E-01  1.430E-03
  13  6.237E-01  1.657E-03
  13  7.171E-01  1.918E-03
  13  8.245E-01  2.215E-03
  13  9.480E-01  2.553E-03
  13  1.090E+00  2.934E-03
  13  1.253E+00  3.358E-03
  13  1.441E+00  3.827E-03
  13  1.657E+00  4.337E-03
  13  1.905E+00  4.885E-03
  13  2.190E+00  5.463E-03
  13  2.518E+00  6.061E-03
  13  2.895E+00  6.664E-03
  13  3.329E+00  7.257E-03
  13  3.827E+00  7.820E-03
  13  4.400E+00  8.331E-03
  13  5.059E+00  8.768E-03
  13  5.817E+00  9.110E-03
  13  6.688E+00  9.337E-03
  13  7.690E+00  9.434E-03
  13  8.841E+00  9.389E-03
  13  1.017E+01  9.200E-03
  13  1.169E+01  8.870E-03
  13  1.344E+01  8.410E-03
  13  1.545E+01  7.838E-03
  13  1.776E+01  7.176E-03
  13  2.042E+01  6.454E-03
  13  2.348E+01  5.701E-03
  13  2.700E+01  4.944E-03
  13  3.104E+01  4.210E-03
  13  3.569E+01  3.522E-03
  13  4.104E+01  2.894E-03
  13  4.718E+01  2.337E-03
  13  5.425E+01  1.856E-03
  13  6.237E+01  1.451E-03
  13  7.171E+01  1.117E-03
  13  8.245E+01  8.471E-04
  13  9.480E+01  6.337E-04
  13  1.090E+02  4.681E-04
  13  1.253E+02  3.418E-04
  13  1.441E+02  2.469E-04
  13  1.657E+02  1.765E-04
  13  1.905E+02  1.251E-04
  13  2.190E+02  8.788E-05
  13  2.518E+02  6.124E-05
  13  2.895E+02  4.246E-05
  13  3.329E+02  2.925E-05
  13  3.827E+02  2.003E-05
  13  4.400E+02  1.364E-05
  13  5.059E+02  9.268E-06
  13  5.817E+02  6.271E-06
  13  6.688E+02  4.223E-06
  13  7.690E+02  2.840E-06
  13  8.841E+02  1.903E-06
  13  1.017E+03  1.274E-06
  13  1.169E+03  8.501E-07
  13  1.344E+03  5.660E-07
  13  1.545E+03  3.767E-07
  13  1.776E+03  2.504E-07
  13  2.042E+03  1.662E-07
  13  2.348E+03  1.102E-07
  13  2.700E+03  7.289E-08
  13  3.104E+03  4.831E-08
  13  3.569E+03  3.194E-08
  13  4.104E+03  2.112E-08
  13  4.718E+03  1.395E-08
  13  5.425E+03  9.204E-09
  13  6.237E+03  6.083E-09
  13  7.171E+03  4.014E-09
  13  8.245E+03  2.648E-09
  13  9.480E+03  1.747E-09
  13  1.090E+04  1.150E-09
  13  1.253E+04  7.591E-10
  13  1.441E+04  5.004E-10
  13  1.657E+04  3.299E-10
  13  1.905E+04  2.173E-10
  13  2.190E+04  1.432E-10
  13  2.518E+04  9.425E-11
  13  2.895E+04  6.218E-11
  13  3.329E+04  4.092E-11
  13  3.827E+04  2.698E-11
  13  4.400E+04  1.774E-11
  13  5.059E+04  1.171E-11
  13  5.817E+04  7.696E-12
  13  6.688E+04  5.077E-12
  13  7.690E+04  3.341E-12
  13  8.841E+04  2.200E-12
  13  1.017E+05  1.448E-12
  13  1.169E+05  9.546E-13
  13  1.344E+05  6.275E-13
  13  1.545E+05  4.145E-13
  13  1.776E+05  2.716E-13
  13  2.042E+05  1.800E-13
  13  2.348E+05  1.174E-13
  13  2.700E+05  7.841E-14
  14  2.800E-01  3.249E-03
  14  3.219E-01  3.778E-03
  14  3.701E-01  4.392E-03
  14  4.256E-01  5.105E-03
  14  4.893E-01  5.932E-03
  14  5.626E-01  6.887E-03
  14  6.468E-01  7.989E-03
  14  7.437E-01  9.253E-03
  14  8.551E-01  1.070E-02
  14  9.831E-01  1.233E-02
  14  1.130E+00  1.417E-02
  14  1.300E+00  1.621E-02
  14  1.494E+00  1.845E-02
  14  1.718E+00  2.088E-02
  14  1.975E+00  2.346E-02
  14  2.271E+00  2.616E-02
  14  2.611E+00  2.892E-02
  14  3.002E+00  3.166E-02
  14  3.452E+00  3.430E-02
  14  3.969E+00  3.675E-02
  14  4.563E+00  3.891E-02
  14  5.247E+00  4.068E-02
  14  6.032E+00  4.196E-02
  14  6.936E+00  4.270E-02
  14  7.975E+00  4.282E-02
  14  9.169E+00  4.231E-02
  14  1.054E+01  4.117E-02
  14  1.212E+01  3.944E-02
  14  1.394E+01  3.717E-02
  14  1.602E+01  3.447E-02
  14  1.842E+01  3.142E-02
  14  2.118E+01  2.817E-02
  14  2.435E+01  2.483E-02
  14  2.800E+01  2.152E-02
  14  3.219E+01  1.834E-02
  14  3.701E+01  1.537E-02
  14  4.256E+01  1.267E-02
  14  4.893E+01  1.028E-02
  14  5.626E+01  8.208E-03
  14  6.468E+01  6.460E-03
  14  7.437E+01  5.011E-03
  14  8.551E+01  3.837E-03
  14  9.831E+01  2.901E-03
  14  1.130E+02  2.165E-03
  14  1.300E+02  1.599E-03
  14  1.494E+02  1.170E-03
  14  1.718E+02  8.468E-04
  14  1.975E+02  6.081E-04
  14  2.271E+02  4.331E-04
  14  2.611E+02  3.065E-04
  14  3.002E+02  2.154E-04
  14  3.452E+02  1.504E-04
  14  3.969E+02  1.047E-04
  14  4.563E+02  7.239E-05
  14  5.247E+02  4.998E-05
  14  6.032E+02  3.428E-05
  14  6.936E+02  2.348E-05
  14  7.975E+02  1.603E-05
  14  9.169E+02  1.091E-05
  14  1.054E+03  7.420E-06
  14  1.212E+03  5.026E-06
  14  1.394E+03  3.407E-06
  14  1.602E+03  2.300E-06
  14  1.842E+03  1.555E-06
  14  2.118E+03  1.047E-06
  14  2.435E+03  7.059E-07
  14  2.800E+03  4.751E-07
  14  3.219E+03  3.193E-07
  14  3.701E+03  2.148E-07
  14  4.256E+03  1.443E-07
  14  4.893E+03  9.679E-08
  14  5.626E+03  6.504E-08
  14  6.468E+03  4.359E-08
  14  7.437E+03  2.926E-08
  14  8.551E+03  1.961E-08
  14  9.831E+03  1.313E-08
  14  1.130E+04  8.807E-09
  14  1.300E+04  5.901E-09
  14  1.494E+04  3.951E-09
  14  1.718E+04  2.649E-09
  14  1.975E+04  1.771E-09
  14  2.271E+04  1.188E-09
  14  2.611E+04  7.947E-10
  14  3.002E+04  5.322E-10
  14  3.452E+04  3.564E-10
  14  3.969E+04  2.384E-10
  14  4.563E+04  1.596E-10
  14  5.247E+04  1.069E-10
  14  6.032E+04  7.149E-11
  14  6.936E+04  4.791E-11
  14  7.975E+04  3.200E-11
  14  9.169E+04  2.147E-11
  14  1.054E+05  1.433E-11
  14  1.212E+05  9.613E-12
  14  1.394E+05  6.420E-12
  14  1.602E+05  4.305E-12
  14  1.842E+05  2.870E-12
  14  2.118E+05  1.933E-12
  14  2.435E+05  1.281E-12
  14  2.800E+05  8.695E-13
  15  3.100E-01  6.372E-05
  15  3.564E-01  7.387E-05
  15  4.098E-01  8.564E-05
  15  4.712E-01  9.927E-05
  15  5.417E-01  1.150E-04
  15  6.229E-01  1.333E-04
  15  7.161E-01  1.543E-04
  15  8.234E-01  1.785E-04
  15  9.467E-01  2.063E-04
  15  1.088E+00  2.381E-04
  15  1.251E+00  2.743E-04
  15  1.439E+00  3.153E-04
  15  1.654E+00  3.614E-04
  15  1.902E+00  4.129E-04
  15  2.187E+00  4.698E-04
  15  2.515E+00  5.320E-04
  15  2.891E+00  5.992E-04
  15  3.324E+00  6.705E-04
  15  3.822E+00  7.449E-04
  15  4.394E+00  8.208E-04
  15  5.052E+00  8.962E-04
  15  5.809E+00  9.686E-04
  15  6.679E+00  1.035E-03
  15  7.679E+00  1.093E-03
  15  8.829E+00  1.138E-03
  15  1.015E+01  1.168E-03
  15  1.167E+01  1.180E-03
  15  1.342E+01  1.173E-03
  15  1.543E+01  1.146E-03
  15  1.774E+01  1.099E-03
  15  2.040E+01  1.033E-03
  15  2.345E+01  9.525E-04
  15  2.696E+01  8.604E-04
  15  3.100E+01  7.614E-04
  15  3.564E+01  6.597E-04
  15  4.098E+01  5.598E-04
  15  4.712E+01  4.655E-04
  15  5.417E+01  3.794E-04
  15  6.229E+01  3.033E-04
  15  7.161E+01  2.381E-04
  15  8.234E+01  1.836E-04
  15  9.467E+01  1.392E-04
  15  1.088E+02  1.039E-04
  15  1.251E+02  7.644E-05
  15  1.439E+02  5.550E-05
  15  1.654E+02  3.981E-05
  15  1.902E+02  2.823E-05
  15  2.187E+02  1.982E-05
  15  2.515E+02  1.379E-05
  15  2.891E+02  9.518E-06
  15  3.324E+02  6.524E-06
  15  3.822E+02  4.440E-06
  15  4.394E+02  3.005E-06
  15  5.052E+02  2.022E-06
  15  5.809E+02  1.357E-06
  15  6.679E+02  9.054E-07
  15  7.679E+02  6.024E-07
  15  8.829E+02  3.994E-07
  15  1.015E+03  2.642E-07
  15  1.167E+03  1.745E-07
  15  1.342E+03  1.148E-07
  15  1.543E+03  7.544E-08
  15  1.774E+03  4.952E-08
  15  2.040E+03  3.245E-08
  15  2.345E+03  2.124E-08
  15  2.696E+03  1.389E-08
  15  3.100E+03  9.065E-09
  15  3.564E+03  5.924E-09
  15  4.098E+03  3.861E-09
  15  4.712E+03  2.517E-09
  15  5.417E+03  1.640E-09
  15  6.229E+03  1.067E-09
  15  7.161E+03  6.952E-10
  15  8.234E+03  4.524E-10
  15  9.467E+03  2.941E-10
  15  1.088E+04  1.914E-10
  15  1.251E+04  1.243E-10
  15  1.439E+04  8.086E-11
  15  1.654E+04  5.254E-11
  15  1.902E+04  3.416E-11
  15  2.187E+04  2.219E-11
  15  2.515E+04  1.440E-11
  15  2.891E+04  9.367E-12
  15  3.324E+04  6.078E-12
  15  3.822E+04  3.952E-12
  15  4.394E+04  2.564E-12
  15  5.052E+04  1.664E-12
  15  5.809E+04  1.081E-12
  15  6.679E+04  7.026E-13
  15  7.679E+04  4.559E-13
  15  8.829E+04  2.962E-13
  15  1.015E+05  1.921E-13
  15  1.167E+05  1.248E-13
  15  1.342E+05  8.103E-14
  15  1.543E+05  5.258E-14
  15  1.774E+05  3.421E-14
  15  2.040E+05  2.211E-14
  15  2.345E+05  1.445E-14
  15  2.696E+05  9.293E-15
  15  3.100E+05  6.117E-15
  16  3.200E-01  4.150E-04
  16  3.679E-01  4.820E-04
  16  4.230E-01  5.597E-04
  16  4.864E-01  6.499E-04
  16  5.592E-01  7.543E-04
  16  6.430E-01  8.751E-04
  16  7.392E-01  1.014E-03
  16  8.499E-01  1.175E-03
  16  9.772E-01  1.358E-03
  16  1.124E+00  1.566E-03
  16  1.292E+00  1.802E-03
  16  1.485E+00  2.067E-03
  16  1.708E+00  2.360E-03
  16  1.963E+00  2.682E-03
  16  2.258E+00  3.031E-03
  16  2.596E+00  3.403E-03
  16  2.984E+00  3.792E-03
  16  3.431E+00  4.190E-03
  16  3.945E+00  4.589E-03
  16  4.536E+00  4.974E-03
  16  5.215E+00  5.335E-03
  16  5.996E+00  5.655E-03
  16  6.894E+00  5.919E-03
  16  7.927E+00  6.115E-03
  16  9.114E+00  6.230E-03
  16  1.048E+01  6.254E-03
  16  1.205E+01  6.183E-03
  16  1.385E+01  6.015E-03
  16  1.593E+01  5.756E-03
  16  1.831E+01  5.414E-03
  16  2.105E+01  5.004E-03
  16  2.421E+01  4.542E-03
  16  2.783E+01  4.048E-03
  16  3.200E+01  3.544E-03
  16  3.679E+01  3.047E-03
  16  4.230E+01  2.572E-03
  16  4.864E+01  2.132E-03
  16  5.592E+01  1.737E-03
  16  6.430E+01  1.392E-03
  16  7.392E+01  1.097E-03
  16  8.499E+01  8.519E-04
  16  9.772E+01  6.521E-04
  16  1.124E+02  4.921E-04
  16  1.292E+02  3.664E-04
  16  1.485E+02  2.699E-04
  16  1.708E+02  1.966E-04
  16  1.963E+02  1.418E-04
  16  2.258E+02  1.013E-04
  16  2.596E+02  7.175E-05
  16  2.984E+02  5.048E-05
  16  3.431E+02  3.527E-05
  16  3.945E+02  2.449E-05
  16  4.536E+02  1.692E-05
  16  5.215E+02  1.163E-05
  16  5.996E+02  7.973E-06
  16  6.894E+02  5.428E-06
  16  7.927E+02  3.695E-06
  16  9.114E+02  2.504E-06
  16  1.048E+03  1.693E-06
  16  1.205E+03  1.142E-06
  16  1.385E+03  7.683E-07
  16  1.593E+03  5.168E-07
  16  1.831E+03  3.465E-07
  16  2.105E+03  2.324E-07
  16  2.421E+03  1.555E-07
  16  2.783E+03  1.039E-07
  16  3.200E+03  6.948E-08
  16  3.679E+03  4.636E-08
  16  4.230E+03  3.094E-08
  16  4.864E+03  2.064E-08
  16  5.592E+03  1.374E-08
  16  6.430E+03  9.158E-09
  16  7.392E+03  6.097E-09
  16  8.499E+03  4.058E-09
  16  9.772E+03  2.701E-09
  16  1.124E+04  1.795E-09
  16  1.292E+04  1.194E-09
  16  1.485E+04  7.950E-10
  16  1.708E+04  5.277E-10
  16  1.963E+04  3.514E-10
  16  2.258E+04  2.332E-10
  16  2.596E+04  1.552E-10
  16  2.984E+04  1.030E-10
  16  3.431E+04  6.853E-11
  16  3.945E+04  4.549E-11
  16  4.536E+04  3.023E-11
  16  5.215E+04  2.008E-11
  16  5.996E+04  1.335E-11
  16  6.894E+04  8.860E-12
  16  7.927E+04  5.891E-12
  16  9.114E+04  3.907E-12
  16  1.048E+05  2.601E-12
  16  1.205E+05  1.723E-12
  16  1.385E+05  1.147E-12
  16  1.593E+05  7.603E-13
  16  1.831E+05  5.061E-13
  16  2.105E+05  3.348E-13
  16  2.421E+05  2.238E-13
  16  2.783E+05  1.472E-13
  16  3.200E+05  9.916E-14
  17  3.500E-01  5.176E-05
  17  4.024E-01  5.998E-05
  17  4.627E-01  6.950E-05
  17  5.320E-01  8.051E-05
  17  6.116E-01  9.325E-05
  17  7.032E-01  1.080E-04
  17  8.085E-01  1.250E-04
  17  9.296E-01  1.445E-04
  17  1.069E+00  1.670E-04
  17  1.229E+00  1.928E-04
  17  1.413E+00  2.222E-04
  17  1.625E+00  2.557E-04
  17  1.868E+00  2.934E-04
  17  2.148E+00  3.358E-04
  17  2.469E+00  3.830E-04
  17  2.839E+00  4.349E-04
  17  3.264E+00  4.915E-04
  17  3.753E+00  5.524E-04
  17  4.315E+00  6.166E-04
  17  4.961E+00  6.831E-04
  17  5.704E+00  7.504E-04
  17  6.558E+00  8.162E-04
  17  7.541E+00  8.784E-04
  17  8.670E+00  9.339E-04
  17  9.968E+00  9.799E-04
  17  1.146E+01  1.013E-03
  17  1.318E+01  1.032E-03
  17  1.515E+01  1.032E-03
  17  1.742E+01  1.015E-03
  17  2.003E+01  9.789E-04
  17  2.303E+01  9.254E-04
  17  2.648E+01  8.569E-04
  17  3.044E+01  7.768E-04
  17  3.500E+01  6.892E-04
  17  4.024E+01  5.980E-04
  17  4.627E+01  5.077E-04
  17  5.320E+01  4.220E-04
  17  6.116E+01  3.434E-04
  17  7.032E+01  2.737E-04
  17  8.085E+01  2.140E-04
  17  9.296E+01  1.643E-04
  17  1.069E+02  1.239E-04
  17  1.229E+02  9.191E-05
  17  1.413E+02  6.717E-05
  17  1.625E+02  4.841E-05
  17  1.868E+02  3.446E-05
  17  2.148E+02  2.422E-05
  17  2.469E+02  1.687E-05
  17  2.839E+02  1.163E-05
  17  3.264E+02  7.946E-06
  17  3.753E+02  5.394E-06
  17  4.315E+02  3.636E-06
  17  4.961E+02  2.436E-06
  17  5.704E+02  1.621E-06
  17  6.558E+02  1.077E-06
  17  7.541E+02  7.112E-07
  17  8.670E+02  4.680E-07
  17  9.968E+02  3.072E-07
  17  1.146E+03  2.009E-07
  17  1.318E+03  1.312E-07
  17  1.515E+03  8.548E-08
  17  1.742E+03  5.551E-08
  17  2.003E+03  3.608E-08
  17  2.303E+03  2.336E-08
  17  2.648E+03  1.514E-08
  17  3.044E+03  9.780E-09
  17  3.500E+03  6.317E-09
  17  4.024E+03  4.078E-09
  17  4.627E+03  2.631E-09
  17  5.320E+03  1.696E-09
  17  6.116E+03  1.093E-09
  17  7.032E+03  7.033E-10
  17  8.085E+03  4.528E-10
  17  9.296E+03  2.915E-10
  17  1.069E+04  1.874E-10
  17  1.229E+04  1.206E-10
  17  1.413E+04  7.746E-11
  17  1.625E+04  4.981E-11
  17  1.868E+04  3.201E-11
  17  2.148E+04  2.058E-11
  17  2.469E+04  1.322E-11
  17  2.839E+04  8.490E-12
  17  3.264E+04  5.452E-12
  17  3.753E+04  3.504E-12
  17  4.315E+04  2.250E-12
  17  4.961E+04  1.446E-12
  17  5.704E+04  9.274E-13
  17  6.558E+04  5.957E-13
  17  7.541E+04  3.825E-13
  17  8.670E+04  2.457E-13
  17  9.968E+04  1.577E-13
  17  1.146E+05  1.013E-13
  17  1.318E+05  6.495E-14
  17  1.515E+05  4.175E-14
  17  1.742E+05  2.677E-14
  17  2.003E+05  1.723E-14
  17  2.303E+05  1.101E-14
  17  2.648E+05  7.117E-15
  17  3.044E+05  4.522E-15
  17  3.500E+05  2.946E-15
  18  4.000E-01  1.295E-04
  18  4.599E-01  1.503E-04
  18  5.288E-01  1.744E-04
  18  6.080E-01  2.023E-04
  18  6.990E-01  2.345E-04
  18  8.037E-01  2.718E-04
  18  9.241E-01  3.146E-04
  18  1.062E+00  3.638E-04
  18  1.222E+00  4.200E-04
  18  1.404E+00  4.838E-04
  18  1.615E+00  5.557E-04
  18  1.857E+00  6.362E-04
  18  2.135E+00  7.255E-04
  18  2.454E+00  8.233E-04
  18  2.822E+00  9.292E-04
  18  3.245E+00  1.042E-03
  18  3.730E+00  1.160E-03
  18  4.289E+00  1.281E-03
  18  4.931E+00  1.402E-03
  18  5.670E+00  1.520E-03
  18  6.519E+00  1.631E-03
  18  7.495E+00  1.729E-03
  18  8.618E+00  1.811E-03
  18  9.908E+00  1.872E-03
  18  1.139E+01  1.908E-03
  18  1.310E+01  1.916E-03
  18  1.506E+01  1.895E-03
  18  1.732E+01  1.843E-03
  18  1.991E+01  1.762E-03
  18  2.289E+01  1.655E-03
  18  2.632E+01  1.526E-03
  18  3.026E+01  1.382E-03
  18  3.479E+01  1.227E-03
  18  4.000E+01  1.070E-03
  18  4.599E+01  9.152E-04
  18  5.288E+01  7.677E-04
  18  6.080E+01  6.320E-04
  18  6.990E+01  5.109E-04
  18  8.037E+01  4.057E-04
  18  9.241E+01  3.169E-04
  18  1.062E+02  2.437E-04
  18  1.222E+02  1.846E-04
  18  1.404E+02  1.377E-04
  18  1.615E+02  1.013E-04
  18  1.857E+02  7.373E-05
  18  2.135E+02  5.302E-05
  18  2.454E+02  3.775E-05
  18  2.822E+02  2.662E-05
  18  3.245E+02  1.862E-05
  18  3.730E+02  1.292E-05
  18  4.289E+02  8.904E-06
  18  4.931E+02  6.100E-06
  18  5.670E+02  4.159E-06
  18  6.519E+02  2.819E-06
  18  7.495E+02  1.904E-06
  18  8.618E+02  1.281E-06
  18  9.908E+02  8.593E-07
  18  1.139E+03  5.737E-07
  18  1.310E+03  3.831E-07
  18  1.506E+03  2.544E-07
  18  1.732E+03  1.691E-07
  18  1.991E+03  1.120E-07
  18  2.289E+03  7.418E-08
  18  2.632E+03  4.899E-08
  18  3.026E+03  3.236E-08
  18  3.479E+03  2.132E-08
  18  4.000E+03  1.406E-08
  18  4.599E+03  9.254E-09
  18  5.288E+03  6.089E-09
  18  6.080E+03  4.002E-09
  18  6.990E+03  2.630E-09
  18  8.037E+03  1.729E-09
  18  9.241E+03  1.134E-09
  18  1.062E+04  7.448E-10
  18  1.222E+04  4.888E-10
  18  1.404E+04  3.205E-10
  18  1.615E+04  2.104E-10
  18  1.857E+04  1.379E-10
  18  2.135E+04  9.044E-11
  18  2.454E+04  5.929E-11
  18  2.822E+04  3.886E-11
  18  3.245E+04  2.548E-11
  18  3.730E+04  1.668E-11
  18  4.289E+04  1.095E-11
  18  4.931E+04  7.162E-12
  18  5.670E+04  4.699E-12
  18  6.519E+04  3.077E-12
  18  7.495E+04  2.014E-12
  18  8.618E+04  1.321E-12
  18  9.908E+04  8.650E-13
  18  1.139E+05  5.664E-13
  18  1.310E+05  3.713E-13
  18  1.506E+05  2.429E-13
  18  1.732E+05  1.594E-13
  18  1.991E+05  1.042E-13
  18  2.289E+05  6.839E-14
  18  2.632E+05  4.465E-14
  18  3.026E+05  2.940E-14
  18  3.479E+05  1.910E-14
  18  4.000E+05  1.268E-14
  19  3.900E-01  8.963E-05
  19  4.484E-01  1.040E-04
  19  5.156E-01  1.207E-04
  19  5.928E-01  1.400E-04
  19  6.815E-01  1.623E-04
  19  7.836E-01  1.882E-04
  19  9.010E-01  2.180E-04
  19  1.036E+00  2.523E-04
  19  1.191E+00  2.916E-04
  19  1.369E+00  3.364E-04
  19  1.574E+00  3.872E-04
  19  1.810E+00  4.444E-04
  19  2.081E+00  5.083E-04
  19  2.393E+00  5.790E-04
  19  2.751E+00  6.563E-04
  19  3.163E+00  7.396E-04
  19  3.637E+00  8.280E-04
  19  4.182E+00  9.201E-04
  19  4.808E+00  1.014E-03
  19  5.528E+00  1.107E-03
  19  6.356E+00  1.196E-03
  19  7.308E+00  1.278E-03
  19  8.402E+00  1.349E-03
  19  9.661E+00  1.406E-03
  19  1.111E+01  1.444E-03
  19  1.277E+01  1.462E-03
  19  1.468E+01  1.456E-03
  19  1.688E+01  1.426E-03
  19  1.941E+01  1.373E-03
  19  2.232E+01  1.297E-03
  19  2.566E+01  1.202E-03
  19  2.950E+01  1.093E-03
  19  3.392E+01  9.743E-04
  19  3.900E+01  8.511E-04
  19  4.484E+01  7.284E-04
  19  5.156E+01  6.111E-04
  19  5.928E+01  5.027E-04
  19  6.815E+01  4.056E-04
  19  7.836E+01  3.210E-04
  19  9.010E+01  2.497E-04
  19  1.036E+02  1.909E-04
  19  1.191E+02  1.436E-04
  19  1.369E+02  1.064E-04
  19  1.574E+02  7.773E-05
  19  1.810E+02  5.603E-05
  19  2.081E+02  3.994E-05
  19  2.393E+02  2.815E-05
  19  2.751E+02  1.963E-05
  19  3.163E+02  1.358E-05
  19  3.637E+02  9.316E-06
  19  4.182E+02  6.343E-06
  19  4.808E+02  4.294E-06
  19  5.528E+02  2.887E-06
  19  6.356E+02  1.931E-06
  19  7.308E+02  1.289E-06
  19  8.402E+02  8.542E-07
  19  9.661E+02  5.651E-07
  19  1.111E+03  3.727E-07
  19  1.277E+03  2.450E-07
  19  1.468E+03  1.607E-07
  19  1.688E+03  1.051E-07
  19  1.941E+03  6.866E-08
  19  2.232E+03  4.485E-08
  19  2.566E+03  2.917E-08
  19  2.950E+03  1.900E-08
  19  3.392E+03  1.233E-08
  19  3.900E+03  8.013E-09
  19  4.484E+03  5.195E-09
  19  5.156E+03  3.369E-09
  19  5.928E+03  2.183E-09
  19  6.815E+03  1.413E-09
  19  7.836E+03  9.143E-10
  19  9.010E+03  5.917E-10
  19  1.036E+04  3.823E-10
  19  1.191E+04  2.475E-10
  19  1.369E+04  1.597E-10
  19  1.574E+04  1.033E-10
  19  1.810E+04  6.672E-11
  19  2.081E+04  4.309E-11
  19  2.393E+04  2.784E-11
  19  2.751E+04  1.797E-11
  19  3.163E+04  1.160E-11
  19  3.637E+04  7.494E-12
  19  4.182E+04  4.834E-12
  19  4.808E+04  3.123E-12
  19  5.528E+04  2.014E-12
  19  6.356E+04  1.299E-12
  19  7.308E+04  8.390E-13
  19  8.402E+04  5.413E-13
  19  9.661E+04  3.495E-13
  19  1.111E+05  2.255E-13
  19  1.277E+05  1.454E-13
  19  1.468E+05  9.383E-14
  19  1.688E+05  6.061E-14
  19  1.941E+05  3.904E-14
  19  2.232E+05  2.526E-14
  19  2.566E+05  1.622E-14
  19  2.950E+05  1.053E-14
  19  3.392E+05  6.735E-15
  19  3.900E+05  4.405E-15
  20  4.000E-01  2.965E-04
  20  4.599E-01  3.447E-04
  20  5.288E-01  4.007E-04
  20  6.080E-01  4.657E-04
  20  6.990E-01  5.411E-04
  20  8.037E-01  6.282E-04
  20  9.241E-01  7.287E-04
  20  1.062E+00  8.440E-04
  20  1.222E+00  9.756E-04
  20  1.404E+00  1.125E-03
  20  1.615E+00  1.292E-03
  20  1.857E+00  1.479E-03
  20  2.135E+00  1.684E-03
  20  2.454E+00  1.906E-03
  20  2.822E+00  2.143E-03
  20  3.245E+00  2.390E-03
  20  3.730E+00  2.643E-03
  20  4.289E+00  2.895E-03
  20  4.931E+00  3.138E-03
  20  5.670E+00  3.363E-03
  20  6.519E+00  3.562E-03
  20  7.495E+00  3.725E-03
  20  8.618E+00  3.844E-03
  20  9.908E+00  3.912E-03
  20  1.139E+01  3.923E-03
  20  1.310E+01  3.875E-03
  20  1.506E+01  3.768E-03
  20  1.732E+01  3.606E-03
  20  1.991E+01  3.395E-03
  20  2.289E+01  3.142E-03
  20  2.632E+01  2.859E-03
  20  3.026E+01  2.556E-03
  20  3.479E+01  2.246E-03
  20  4.000E+01  1.939E-03
  20  4.599E+01  1.646E-03
  20  5.288E+01  1.373E-03
  20  6.080E+01  1.126E-03
  20  6.990E+01  9.080E-04
  20  8.037E+01  7.206E-04
  20  9.241E+01  5.632E-04
  20  1.062E+02  4.338E-04
  20  1.222E+02  3.296E-04
  20  1.404E+02  2.471E-04
  20  1.615E+02  1.829E-04
  20  1.857E+02  1.339E-04
  20  2.135E+02  9.706E-05
  20  2.454E+02  6.962E-05
  20  2.822E+02  4.948E-05
  20  3.245E+02  3.490E-05
  20  3.730E+02  2.445E-05
  20  4.289E+02  1.701E-05
  20  4.931E+02  1.175E-05
  20  5.670E+02  8.090E-06
  20  6.519E+02  5.535E-06
  20  7.495E+02  3.779E-06
  20  8.618E+02  2.563E-06
  20  9.908E+02  1.737E-06
  20  1.139E+03  1.172E-06
  20  1.310E+03  7.892E-07
  20  1.506E+03  5.306E-07
  20  1.732E+03  3.553E-07
  20  1.991E+03  2.380E-07
  20  2.289E+03  1.590E-07
  20  2.632E+03  1.061E-07
  20  3.026E+03  7.078E-08
  20  3.479E+03  4.709E-08
  20  4.000E+03  3.135E-08
  20  4.599E+03  2.084E-08
  20  5.288E+03  1.384E-08
  20  6.080E+03  9.198E-09
  20  6.990E+03  6.096E-09
  20  8.037E+03  4.049E-09
  20  9.241E+03  2.683E-09
  20  1.062E+04  1.779E-09
  20  1.222E+04  1.179E-09
  20  1.404E+04  7.802E-10
  20  1.615E+04  5.173E-10
  20  1.857E+04  3.425E-10
  20  2.135E+04  2.267E-10
  20  2.454E+04  1.502E-10
  20  2.822E+04  9.932E-11
  20  3.245E+04  6.578E-11
  20  3.730E+04  4.351E-11
  20  4.289E+04  2.881E-11
  20  4.931E+04  1.906E-11
  20  5.670E+04  1.260E-11
  20  6.519E+04  8.340E-12
  20  7.495E+04  5.520E-12
  20  8.618E+04  3.649E-12
  20  9.908E+04  2.417E-12
  20  1.139E+05  1.595E-12
  20  1.310E+05  1.058E-12
  20  1.506E+05  6.981E-13
  20  1.732E+05  4.627E-13
  20  1.991E+05  3.054E-13
  20  2.289E+05  2.025E-13
  20  2.632E+05  1.334E-13
  20  3.026E+05  8.876E-14
  20  3.479E+05  5.818E-14
  20  4.000E+05  3.901E-14
  21  4.500E-01  5.028E-05
  21  5.174E-01  5.839E-05
  21  5.949E-01  6.781E-05
  21  6.840E-01  7.872E-05
  21  7.864E-01  9.134E-05
  21  9.042E-01  1.059E-04
  21  1.040E+00  1.227E-04
  21  1.195E+00  1.420E-04
  21  1.374E+00  1.639E-04
  21  1.580E+00  1.888E-04
  21  1.817E+00  2.169E-04
  21  2.089E+00  2.481E-04
  21  2.402E+00  2.826E-04
  21  2.761E+00  3.201E-04
  21  3.175E+00  3.603E-04
  21  3.650E+00  4.028E-04
  21  4.197E+00  4.467E-04
  21  4.825E+00  4.910E-04
  21  5.548E+00  5.344E-04
  21  6.379E+00  5.757E-04
  21  7.334E+00  6.131E-04
  21  8.432E+00  6.450E-04
  21  9.695E+00  6.699E-04
  21  1.115E+01  6.862E-04
  21  1.282E+01  6.928E-04
  21  1.474E+01  6.888E-04
  21  1.694E+01  6.740E-04
  21  1.948E+01  6.487E-04
  21  2.240E+01  6.137E-04
  21  2.575E+01  5.706E-04
  21  2.961E+01  5.209E-04
  21  3.404E+01  4.667E-04
  21  3.914E+01  4.104E-04
  21  4.500E+01  3.542E-04
  21  5.174E+01  2.999E-04
  21  5.949E+01  2.492E-04
  21  6.840E+01  2.034E-04
  21  7.864E+01  1.630E-04
  21  9.042E+01  1.284E-04
  21  1.040E+02  9.946E-05
  21  1.195E+02  7.587E-05
  21  1.374E+02  5.698E-05
  21  1.580E+02  4.217E-05
  21  1.817E+02  3.083E-05
  21  2.089E+02  2.227E-05
  21  2.402E+02  1.589E-05
  21  2.761E+02  1.123E-05
  21  3.175E+02  7.863E-06
  21  3.650E+02  5.459E-06
  21  4.197E+02  3.757E-06
  21  4.825E+02  2.570E-06
  21  5.548E+02  1.749E-06
  21  6.379E+02  1.182E-06
  21  7.334E+02  7.949E-07
  21  8.432E+02  5.327E-07
  21  9.695E+02  3.554E-07
  21  1.115E+03  2.366E-07
  21  1.282E+03  1.568E-07
  21  1.474E+03  1.036E-07
  21  1.694E+03  6.845E-08
  21  1.948E+03  4.504E-08
  21  2.240E+03  2.963E-08
  21  2.575E+03  1.943E-08
  21  2.961E+03  1.273E-08
  21  3.404E+03  8.338E-09
  21  3.914E+03  5.453E-09
  21  4.500E+03  3.562E-09
  21  5.174E+03  2.326E-09
  21  5.949E+03  1.517E-09
  21  6.840E+03  9.893E-10
  21  7.864E+03  6.447E-10
  21  9.042E+03  4.196E-10
  21  1.040E+04  2.735E-10
  21  1.195E+04  1.778E-10
  21  1.374E+04  1.158E-10
  21  1.580E+04  7.527E-11
  21  1.817E+04  4.898E-11
  21  2.089E+04  3.185E-11
  21  2.402E+04  2.068E-11
  21  2.761E+04  1.347E-11
  21  3.175E+04  8.739E-12
  21  3.650E+04  5.683E-12
  21  4.197E+04  3.692E-12
  21  4.825E+04  2.398E-12
  21  5.548E+04  1.559E-12
  21  6.379E+04  1.012E-12
  21  7.334E+04  6.580E-13
  21  8.432E+04  4.271E-13
  21  9.695E+04  2.774E-13
  21  1.115E+05  1.802E-13
  21  1.282E+05  1.171E-13
  21  1.474E+05  7.602E-14
  21  1.694E+05  4.937E-14
  21  1.948E+05  3.206E-14
  21  2.240E+05  2.080E-14
  21  2.575E+05  1.355E-14
  21  2.961E+05  8.760E-15
  21  3.404E+05  5.724E-15
  21  3.914E+05  3.681E-15
  21  4.500E+05  2.425E-15
  22  4.800E-01  2.155E-04
  22  5.519E-01  2.505E-04
  22  6.345E-01  2.911E-04
  22  7.296E-01  3.382E-04
  22  8.388E-01  3.927E-04
  22  9.644E-01  4.556E-04
  22  1.109E+00  5.279E-04
  22  1.275E+00  6.106E-04
  22  1.466E+00  7.047E-04
  22  1.685E+00  8.108E-04
  22  1.938E+00  9.293E-04
  22  2.228E+00  1.060E-03
  22  2.562E+00  1.203E-03
  22  2.945E+00  1.357E-03
  22  3.386E+00  1.519E-03
  22  3.893E+00  1.687E-03
  22  4.476E+00  1.856E-03
  22  5.147E+00  2.022E-03
  22  5.918E+00  2.179E-03
  22  6.804E+00  2.322E-03
  22  7.823E+00  2.443E-03
  22  8.994E+00  2.538E-03
  22  1.034E+01  2.600E-03
  22  1.189E+01  2.626E-03
  22  1.367E+01  2.613E-03
  22  1.572E+01  2.560E-03
  22  1.807E+01  2.469E-03
  22  2.078E+01  2.341E-03
  22  2.389E+01  2.183E-03
  22  2.747E+01  2.000E-03
  22  3.158E+01  1.801E-03
  22  3.631E+01  1.592E-03
  22  4.175E+01  1.383E-03
  22  4.800E+01  1.180E-03
  22  5.519E+01  9.881E-04
  22  6.345E+01  8.129E-04
  22  7.296E+01  6.572E-04
  22  8.388E+01  5.224E-04
  22  9.644E+01  4.082E-04
  22  1.109E+02  3.140E-04
  22  1.275E+02  2.381E-04
  22  1.466E+02  1.778E-04
  22  1.685E+02  1.310E-04
  22  1.938E+02  9.530E-05
  22  2.228E+02  6.851E-05
  22  2.562E+02  4.870E-05
  22  2.945E+02  3.430E-05
  22  3.386E+02  2.395E-05
  22  3.893E+02  1.657E-05
  22  4.476E+02  1.137E-05
  22  5.147E+02  7.765E-06
  22  5.918E+02  5.266E-06
  22  6.804E+02  3.551E-06
  22  7.823E+02  2.385E-06
  22  8.994E+02  1.593E-06
  22  1.034E+03  1.061E-06
  22  1.189E+03  7.043E-07
  22  1.367E+03  4.659E-07
  22  1.572E+03  3.074E-07
  22  1.807E+03  2.024E-07
  22  2.078E+03  1.330E-07
  22  2.389E+03  8.728E-08
  22  2.747E+03  5.713E-08
  22  3.158E+03  3.734E-08
  22  3.631E+03  2.442E-08
  22  4.175E+03  1.592E-08
  22  4.800E+03  1.039E-08
  22  5.519E+03  6.765E-09
  22  6.345E+03  4.401E-09
  22  7.296E+03  2.865E-09
  22  8.388E+03  1.864E-09
  22  9.644E+03  1.211E-09
  22  1.109E+04  7.871E-10
  22  1.275E+04  5.107E-10
  22  1.466E+04  3.317E-10
  22  1.685E+04  2.155E-10
  22  1.938E+04  1.397E-10
  22  2.228E+04  9.072E-11
  22  2.562E+04  5.877E-11
  22  2.945E+04  3.819E-11
  22  3.386E+04  2.474E-11
  22  3.893E+04  1.605E-11
  22  4.476E+04  1.041E-11
  22  5.147E+04  6.745E-12
  22  5.918E+04  4.372E-12
  22  6.804E+04  2.835E-12
  22  7.823E+04  1.838E-12
  22  8.994E+04  1.191E-12
  22  1.034E+05  7.718E-13
  22  1.189E+05  5.007E-13
  22  1.367E+05  3.242E-13
  22  1.572E+05  2.104E-13
  22  1.807E+05  1.361E-13
  22  2.078E+05  8.839E-14
  22  2.389E+05  5.715E-14
  22  2.747E+05  3.713E-14
  22  3.158E+05  2.399E-14
  22  3.631E+05  1.562E-14
  22  4.175E+05  1.004E-14
  22  4.800E+05  6.595E-15
  23  5.100E-01  9.117E-05
  23  5.864E-01  1.059E-04
  23  6.742E-01  1.231E-04
  23  7.752E-01  1.429E-04
  23  8.912E-01  1.659E-04
  23  1.025E+00  1.924E-04
  23  1.178E+00  2.229E-04
  23  1.355E+00  2.578E-04
  23  1.557E+00  2.974E-04
  23  1.791E+00  3.421E-04
  23  2.059E+00  3.921E-04
  23  2.367E+00  4.474E-04
  23  2.722E+00  5.078E-04
  23  3.129E+00  5.728E-04
  23  3.598E+00  6.415E-04
  23  4.137E+00  7.128E-04
  23  4.756E+00  7.851E-04
  23  5.469E+00  8.562E-04
  23  6.288E+00  9.241E-04
  23  7.229E+00  9.861E-04
  23  8.312E+00  1.040E-03
  23  9.556E+00  1.082E-03
  23  1.099E+01  1.112E-03
  23  1.263E+01  1.126E-03
  23  1.452E+01  1.123E-03
  23  1.670E+01  1.104E-03
  23  1.920E+01  1.067E-03
  23  2.208E+01  1.016E-03
  23  2.538E+01  9.501E-04
  23  2.918E+01  8.736E-04
  23  3.355E+01  7.892E-04
  23  3.858E+01  7.003E-04
  23  4.436E+01  6.104E-04
  23  5.100E+01  5.227E-04
  23  5.864E+01  4.396E-04
  23  6.742E+01  3.631E-04
  23  7.752E+01  2.947E-04
  23  8.912E+01  2.350E-04
  23  1.025E+02  1.843E-04
  23  1.178E+02  1.424E-04
  23  1.355E+02  1.084E-04
  23  1.557E+02  8.130E-05
  23  1.791E+02  6.012E-05
  23  2.059E+02  4.391E-05
  23  2.367E+02  3.173E-05
  23  2.722E+02  2.265E-05
  23  3.129E+02  1.602E-05
  23  3.598E+02  1.123E-05
  23  4.137E+02  7.805E-06
  23  4.756E+02  5.385E-06
  23  5.469E+02  3.691E-06
  23  6.288E+02  2.515E-06
  23  7.229E+02  1.705E-06
  23  8.312E+02  1.150E-06
  23  9.556E+02  7.719E-07
  23  1.099E+03  5.169E-07
  23  1.263E+03  3.447E-07
  23  1.452E+03  2.292E-07
  23  1.670E+03  1.520E-07
  23  1.920E+03  1.006E-07
  23  2.208E+03  6.646E-08
  23  2.538E+03  4.382E-08
  23  2.918E+03  2.883E-08
  23  3.355E+03  1.897E-08
  23  3.858E+03  1.244E-08
  23  4.436E+03  8.167E-09
  23  5.100E+03  5.352E-09
  23  5.864E+03  3.505E-09
  23  6.742E+03  2.293E-09
  23  7.752E+03  1.501E-09
  23  8.912E+03  9.802E-10
  23  1.025E+04  6.412E-10
  23  1.178E+04  4.182E-10
  23  1.355E+04  2.733E-10
  23  1.557E+04  1.783E-10
  23  1.791E+04  1.164E-10
  23  2.059E+04  7.601E-11
  23  2.367E+04  4.951E-11
  23  2.722E+04  3.232E-11
  23  3.129E+04  2.106E-11
  23  3.598E+04  1.373E-11
  23  4.137E+04  8.958E-12
  23  4.756E+04  5.836E-12
  23  5.469E+04  3.806E-12
  23  6.288E+04  2.479E-12
  23  7.229E+04  1.616E-12
  23  8.312E+04  1.053E-12
  23  9.556E+04  6.862E-13
  23  1.099E+05  4.474E-13
  23  1.263E+05  2.914E-13
  23  1.452E+05  1.899E-13
  23  1.670E+05  1.237E-13
  23  1.920E+05  8.061E-14
  23  2.208E+05  5.255E-14
  23  2.538E+05  3.419E-14
  23  2.918E+05  2.231E-14
  23  3.355E+05  1.450E-14
  23  3.858E+05  9.484E-15
  23  4.436E+05  6.134E-15
  23  5.100E+05  4.049E-15
  24  5.200E-01  1.877E-04
  24  5.979E-01  2.182E-04
  24  6.874E-01  2.537E-04
  24  7.904E-01  2.947E-04
  24  9.087E-01  3.423E-04
  24  1.045E+00  3.972E-04
  24  1.201E+00  4.603E-04
  24  1.381E+00  5.324E-04
  24  1.588E+00  6.144E-04
  24  1.826E+00  7.069E-04
  24  2.099E+00  8.101E-04
  24  2.414E+00  9.241E-04
  24  2.775E+00  1.048E-03
  24  3.191E+00  1.181E-03
  24  3.668E+00  1.322E-03
  24  4.218E+00  1.466E-03
  24  4.850E+00  1.612E-03
  24  5.576E+00  1.754E-03
  24  6.411E+00  1.889E-03
  24  7.371E+00  2.010E-03
  24  8.475E+00  2.113E-03
  24  9.744E+00  2.192E-03
  24  1.120E+01  2.244E-03
  24  1.288E+01  2.265E-03
  24  1.481E+01  2.252E-03
  24  1.703E+01  2.206E-03
  24  1.958E+01  2.127E-03
  24  2.251E+01  2.018E-03
  24  2.588E+01  1.883E-03
  24  2.976E+01  1.729E-03
  24  3.421E+01  1.560E-03
  24  3.934E+01  1.383E-03
  24  4.523E+01  1.206E-03
  24  5.200E+01  1.033E-03
  24  5.979E+01  8.702E-04
  24  6.874E+01  7.203E-04
  24  7.904E+01  5.863E-04
  24  9.087E+01  4.695E-04
  24  1.045E+02  3.700E-04
  24  1.201E+02  2.872E-04
  24  1.381E+02  2.199E-04
  24  1.588E+02  1.659E-04
  24  1.826E+02  1.236E-04
  24  2.099E+02  9.093E-05
  24  2.414E+02  6.619E-05
  24  2.775E+02  4.764E-05
  24  3.191E+02  3.400E-05
  24  3.668E+02  2.406E-05
  24  4.218E+02  1.686E-05
  24  4.850E+02  1.174E-05
  24  5.576E+02  8.133E-06
  24  6.411E+02  5.591E-06
  24  7.371E+02  3.827E-06
  24  8.475E+02  2.607E-06
  24  9.744E+02  1.767E-06
  24  1.120E+03  1.196E-06
  24  1.288E+03  8.058E-07
  24  1.481E+03  5.408E-07
  24  1.703E+03  3.625E-07
  24  1.958E+03  2.423E-07
  24  2.251E+03  1.617E-07
  24  2.588E+03  1.077E-07
  24  2.976E+03  7.167E-08
  24  3.421E+03  4.758E-08
  24  3.934E+03  3.159E-08
  24  4.523E+03  2.094E-08
  24  5.200E+03  1.387E-08
  24  5.979E+03  9.180E-09
  24  6.874E+03  6.064E-09
  24  7.904E+03  4.013E-09
  24  9.087E+03  2.649E-09
  24  1.045E+04  1.750E-09
  24  1.201E+04  1.155E-09
  24  1.381E+04  7.618E-10
  24  1.588E+04  5.027E-10
  24  1.826E+04  3.316E-10
  24  2.099E+04  2.185E-10
  24  2.414E+04  1.442E-10
  24  2.775E+04  9.490E-11
  24  3.191E+04  6.259E-11
  24  3.668E+04  4.124E-11
  24  4.218E+04  2.716E-11
  24  4.850E+04  1.791E-11
  24  5.576E+04  1.178E-11
  24  6.411E+04  7.769E-12
  24  7.371E+04  5.114E-12
  24  8.475E+04  3.369E-12
  24  9.744E+04  2.220E-12
  24  1.120E+05  1.459E-12
  24  1.288E+05  9.624E-13
  24  1.481E+05  6.331E-13
  24  1.703E+05  4.175E-13
  24  1.958E+05  2.746E-13
  24  2.251E+05  1.810E-13
  24  2.588E+05  1.189E-13
  24  2.976E+05  7.855E-14
  24  3.421E+05  5.153E-14
  24  3.934E+05  3.411E-14
  24  4.523E+05  2.226E-14
  24  5.200E+05  1.486E-14
  25  5.500E-01  1.083E-04
  25  6.324E-01  1.258E-04
  25  7.271E-01  1.462E-04
  25  8.360E-01  1.698E-04
  25  9.611E-01  1.972E-04
  25  1.105E+00  2.287E-04
  25  1.271E+00  2.650E-04
  25  1.461E+00  3.064E-04
  25  1.680E+00  3.536E-04
  25  1.931E+00  4.067E-04
  25  2.220E+00  4.662E-04
  25  2.553E+00  5.319E-04
  25  2.935E+00  6.037E-04
  25  3.375E+00  6.809E-04
  25  3.880E+00  7.625E-04
  25  4.461E+00  8.471E-04
  25  5.129E+00  9.328E-04
  25  5.897E+00  1.017E-03
  25  6.781E+00  1.098E-03
  25  7.796E+00  1.171E-03
  25  8.964E+00  1.235E-03
  25  1.031E+01  1.286E-03
  25  1.185E+01  1.321E-03
  25  1.362E+01  1.339E-03
  25  1.566E+01  1.338E-03
  25  1.801E+01  1.316E-03
  25  2.071E+01  1.276E-03
  25  2.381E+01  1.217E-03
  25  2.737E+01  1.143E-03
  25  3.147E+01  1.055E-03
  25  3.619E+01  9.580E-04
  25  4.161E+01  8.550E-04
  25  4.784E+01  7.502E-04
  25  5.500E+01  6.473E-04
  25  6.324E+01  5.491E-04
  25  7.271E+01  4.578E-04
  25  8.360E+01  3.754E-04
  25  9.611E+01  3.029E-04
  25  1.105E+02  2.405E-04
  25  1.271E+02  1.883E-04
  25  1.461E+02  1.453E-04
  25  1.680E+02  1.106E-04
  25  1.931E+02  8.306E-05
  25  2.220E+02  6.167E-05
  25  2.553E+02  4.530E-05
  25  2.935E+02  3.291E-05
  25  3.375E+02  2.370E-05
  25  3.880E+02  1.692E-05
  25  4.461E+02  1.199E-05
  25  5.129E+02  8.426E-06
  25  5.897E+02  5.893E-06
  25  6.781E+02  4.094E-06
  25  7.796E+02  2.831E-06
  25  8.964E+02  1.949E-06
  25  1.031E+03  1.335E-06
  25  1.185E+03  9.123E-07
  25  1.362E+03  6.210E-07
  25  1.566E+03  4.217E-07
  25  1.801E+03  2.857E-07
  25  2.071E+03  1.930E-07
  25  2.381E+03  1.302E-07
  25  2.737E+03  8.774E-08
  25  3.147E+03  5.897E-08
  25  3.619E+03  3.957E-08
  25  4.161E+03  2.657E-08
  25  4.784E+03  1.780E-08
  25  5.500E+03  1.192E-08
  25  6.324E+03  7.979E-09
  25  7.271E+03  5.331E-09
  25  8.360E+03  3.565E-09
  25  9.611E+03  2.380E-09
  25  1.105E+04  1.590E-09
  25  1.271E+04  1.061E-09
  25  1.461E+04  7.072E-10
  25  1.680E+04  4.724E-10
  25  1.931E+04  3.147E-10
  25  2.220E+04  2.101E-10
  25  2.553E+04  1.399E-10
  25  2.935E+04  9.329E-11
  25  3.375E+04  6.213E-11
  25  3.880E+04  4.140E-11
  25  4.461E+04  2.761E-11
  25  5.129E+04  1.837E-11
  25  5.897E+04  1.224E-11
  25  6.781E+04  8.154E-12
  25  7.796E+04  5.430E-12
  25  8.964E+04  3.619E-12
  25  1.031E+05  2.408E-12
  25  1.185E+05  1.604E-12
  25  1.362E+05  1.068E-12
  25  1.566E+05  7.112E-13
  25  1.801E+05  4.739E-13
  25  2.071E+05  3.152E-13
  25  2.381E+05  2.103E-13
  25  2.737E+05  1.395E-13
  25  3.147E+05  9.327E-14
  25  3.619E+05  6.183E-14
  25  4.161E+05  4.141E-14
  25  4.784E+05  2.734E-14
  25  5.500E+05  1.844E-14
  26  5.600E-01  1.198E-03
  26  6.439E-01  1.393E-03
  26  7.403E-01  1.620E-03
  26  8.512E-01  1.883E-03
  26  9.786E-01  2.187E-03
  26  1.125E+00  2.539E-03
  26  1.294E+00  2.943E-03
  26  1.487E+00  3.405E-03
  26  1.710E+00  3.929E-03
  26  1.966E+00  4.520E-03
  26  2.261E+00  5.178E-03
  26  2.599E+00  5.903E-03
  26  2.989E+00  6.689E-03
  26  3.436E+00  7.529E-03
  26  3.951E+00  8.410E-03
  26  4.542E+00  9.312E-03
  26  5.223E+00  1.021E-02
  26  6.005E+00  1.109E-02
  26  6.904E+00  1.190E-02
  26  7.938E+00  1.263E-02
  26  9.127E+00  1.324E-02
  26  1.049E+01  1.370E-02
  26  1.206E+01  1.398E-02
  26  1.387E+01  1.408E-02
  26  1.595E+01  1.397E-02
  26  1.834E+01  1.367E-02
  26  2.108E+01  1.317E-02
  26  2.424E+01  1.250E-02
  26  2.787E+01  1.168E-02
  26  3.205E+01  1.075E-02
  26  3.684E+01  9.737E-03
  26  4.236E+01  8.679E-03
  26  4.871E+01  7.616E-03
  26  5.600E+01  6.579E-03
  26  6.439E+01  5.593E-03
  26  7.403E+01  4.680E-03
  26  8.512E+01  3.860E-03
  26  9.786E+01  3.137E-03
  26  1.125E+02  2.511E-03
  26  1.294E+02  1.985E-03
  26  1.487E+02  1.548E-03
  26  1.710E+02  1.191E-03
  26  1.966E+02  9.061E-04
  26  2.261E+02  6.823E-04
  26  2.599E+02  5.084E-04
  26  2.989E+02  3.749E-04
  26  3.436E+02  2.743E-04
  26  3.951E+02  1.991E-04
  26  4.542E+02  1.434E-04
  26  5.223E+02  1.026E-04
  26  6.005E+02  7.296E-05
  26  6.904E+02  5.162E-05
  26  7.938E+02  3.634E-05
  26  9.127E+02  2.548E-05
  26  1.049E+03  1.779E-05
  26  1.206E+03  1.238E-05
  26  1.387E+03  8.597E-06
  26  1.595E+03  5.948E-06
  26  1.834E+03  4.101E-06
  26  2.108E+03  2.830E-06
  26  2.424E+03  1.944E-06
  26  2.787E+03  1.336E-06
  26  3.205E+03  9.162E-07
  26  3.684E+03  6.267E-07
  26  4.236E+03  4.291E-07
  26  4.871E+03  2.933E-07
  26  5.600E+03  2.001E-07
  26  6.439E+03  1.368E-07
  26  7.403E+03  9.308E-08
  26  8.511E+03  6.357E-08
  26  9.786E+03  4.325E-08
  26  1.125E+04  2.947E-08
  26  1.294E+04  2.007E-08
  26  1.487E+04  1.364E-08
  26  1.710E+04  9.289E-09
  26  1.966E+04  6.319E-09
  26  2.261E+04  4.294E-09
  26  2.599E+04  2.922E-09
  26  2.989E+04  1.984E-09
  26  3.436E+04  1.351E-09
  26  3.951E+04  9.165E-10
  26  4.542E+04  6.238E-10
  26  5.223E+04  4.234E-10
  26  6.005E+04  2.877E-10
  26  6.904E+04  1.955E-10
  26  7.938E+04  1.328E-10
  26  9.127E+04  9.025E-11
  26  1.049E+05  6.128E-11
  26  1.206E+05  4.163E-11
  26  1.387E+05  2.828E-11
  26  1.595E+05  1.921E-11
  26  1.834E+05  1.305E-11
  26  2.108E+05  8.856E-12
  26  2.424E+05  6.022E-12
  26  2.787E+05  4.083E-12
  26  3.205E+05  2.781E-12
  26  3.684E+05  1.880E-12
  26  4.236E+05  1.286E-12
  26  4.871E+05  8.643E-13
  26  5.600E+05  5.955E-13
  27  5.900E-01  4.333E-06
  27  6.784E-01  5.035E-06
  27  7.799E-01  5.850E-06
  27  8.967E-01  6.795E-06
  27  1.031E+00  7.888E-06
  27  1.185E+00  9.150E-06
  27  1.363E+00  1.060E-05
  27  1.567E+00  1.226E-05
  27  1.802E+00  1.415E-05
  27  2.072E+00  1.628E-05
  27  2.382E+00  1.867E-05
  27  2.739E+00  2.131E-05
  27  3.149E+00  2.419E-05
  27  3.620E+00  2.731E-05
  27  4.162E+00  3.060E-05
  27  4.786E+00  3.403E-05
  27  5.502E+00  3.751E-05
  27  6.326E+00  4.095E-05
  27  7.274E+00  4.425E-05
  27  8.363E+00  4.730E-05
  27  9.616E+00  4.996E-05
  27  1.106E+01  5.213E-05
  27  1.271E+01  5.368E-05
  27  1.461E+01  5.454E-05
  27  1.680E+01  5.464E-05
  27  1.932E+01  5.394E-05
  27  2.221E+01  5.246E-05
  27  2.554E+01  5.024E-05
  27  2.936E+01  4.735E-05
  27  3.376E+01  4.392E-05
  27  3.882E+01  4.008E-05
  27  4.463E+01  3.596E-05
  27  5.132E+01  3.173E-05
  27  5.900E+01  2.755E-05
  27  6.784E+01  2.351E-05
  27  7.799E+01  1.974E-05
  27  8.967E+01  1.631E-05
  27  1.031E+02  1.327E-05
  27  1.185E+02  1.063E-05
  27  1.363E+02  8.388E-06
  27  1.567E+02  6.531E-06
  27  1.802E+02  5.018E-06
  27  2.072E+02  3.806E-06
  27  2.382E+02  2.855E-06
  27  2.739E+02  2.119E-06
  27  3.149E+02  1.556E-06
  27  3.620E+02  1.133E-06
  27  4.162E+02  8.180E-07
  27  4.786E+02  5.863E-07
  27  5.502E+02  4.168E-07
  27  6.326E+02  2.949E-07
  27  7.274E+02  2.073E-07
  27  8.363E+02  1.451E-07
  27  9.616E+02  1.011E-07
  27  1.106E+03  7.012E-08
  27  1.271E+03  4.853E-08
  27  1.461E+03  3.344E-08
  27  1.680E+03  2.299E-08
  27  1.932E+03  1.577E-08
  27  2.221E+03  1.079E-08
  27  2.554E+03  7.373E-09
  27  2.936E+03  5.029E-09
  27  3.376E+03  3.427E-09
  27  3.882E+03  2.327E-09
  27  4.463E+03  1.585E-09
  27  5.132E+03  1.074E-09
  27  5.900E+03  7.293E-10
  27  6.784E+03  4.941E-10
  27  7.799E+03  3.344E-10
  27  8.967E+03  2.267E-10
  27  1.031E+04  1.533E-10
  27  1.185E+04  1.037E-10
  27  1.363E+04  7.012E-11
  27  1.567E+04  4.735E-11
  27  1.802E+04  3.203E-11
  27  2.072E+04  2.163E-11
  27  2.382E+04  1.462E-11
  27  2.739E+04  9.870E-12
  27  3.149E+04  6.659E-12
  27  3.620E+04  4.499E-12
  27  4.162E+04  3.035E-12
  27  4.786E+04  2.049E-12
  27  5.502E+04  1.384E-12
  27  6.326E+04  9.325E-13
  27  7.274E+04  6.299E-13
  27  8.363E+04  4.247E-13
  27  9.616E+04  2.867E-13
  27  1.106E+05  1.935E-13
  27  1.271E+05  1.304E-13
  27  1.461E+05  8.807E-14
  27  1.680E+05  5.933E-14
  27  1.932E+05  4.011E-14
  27  2.221E+05  2.700E-14
  27  2.554E+05  1.825E-14
  27  2.936E+05  1.228E-14
  27  3.376E+05  8.306E-15
  27  3.882E+05  5.586E-15
  27  4.463E+05  3.788E-15
  27  5.132E+05  2.532E-15
  27  5.900E+05  1.731E-15
  28  5.800E-01  4.437E-05
  28  6.669E-01  5.155E-05
  28  7.667E-01  5.988E-05
  28  8.815E-01  6.954E-05
  28  1.014E+00  8.072E-05
  28  1.165E+00  9.364E-05
  28  1.340E+00  1.085E-04
  28  1.541E+00  1.256E-04
  28  1.771E+00  1.451E-04
  28  2.036E+00  1.671E-04
  28  2.341E+00  1.920E-04
  28  2.692E+00  2.196E-04
  28  3.095E+00  2.501E-04
  28  3.559E+00  2.832E-04
  28  4.092E+00  3.187E-04
  28  4.705E+00  3.561E-04
  28  5.409E+00  3.947E-04
  28  6.219E+00  4.335E-04
  28  7.151E+00  4.716E-04
  28  8.221E+00  5.076E-04
  28  9.453E+00  5.403E-04
  28  1.087E+01  5.683E-04
  28  1.250E+01  5.902E-04
  28  1.437E+01  6.048E-04
  28  1.652E+01  6.113E-04
  28  1.899E+01  6.089E-04
  28  2.184E+01  5.975E-04
  28  2.511E+01  5.772E-04
  28  2.887E+01  5.488E-04
  28  3.319E+01  5.134E-04
  28  3.816E+01  4.723E-04
  28  4.387E+01  4.271E-04
  28  5.045E+01  3.798E-04
  28  5.800E+01  3.319E-04
  28  6.669E+01  2.851E-04
  28  7.667E+01  2.408E-04
  28  8.815E+01  2.001E-04
  28  1.014E+02  1.636E-04
  28  1.165E+02  1.316E-04
  28  1.340E+02  1.043E-04
  28  1.541E+02  8.156E-05
  28  1.771E+02  6.285E-05
  28  2.036E+02  4.781E-05
  28  2.341E+02  3.596E-05
  28  2.692E+02  2.676E-05
  28  3.095E+02  1.970E-05
  28  3.559E+02  1.436E-05
  28  4.092E+02  1.039E-05
  28  4.705E+02  7.453E-06
  28  5.409E+02  5.308E-06
  28  6.219E+02  3.760E-06
  28  7.151E+02  2.646E-06
  28  8.221E+02  1.854E-06
  28  9.453E+02  1.291E-06
  28  1.087E+03  8.979E-07
  28  1.250E+03  6.210E-07
  28  1.437E+03  4.286E-07
  28  1.652E+03  2.950E-07
  28  1.899E+03  2.022E-07
  28  2.184E+03  1.386E-07
  28  2.511E+03  9.478E-08
  28  2.887E+03  6.466E-08
  28  3.319E+03  4.406E-08
  28  3.816E+03  2.998E-08
  28  4.387E+03  2.040E-08
  28  5.045E+03  1.386E-08
  28  5.800E+03  9.396E-09
  28  6.669E+03  6.374E-09
  28  7.667E+03  4.319E-09
  28  8.815E+03  2.928E-09
  28  1.014E+04  1.981E-09
  28  1.165E+04  1.340E-09
  28  1.340E+04  9.067E-10
  28  1.541E+04  6.131E-10
  28  1.771E+04  4.148E-10
  28  2.036E+04  2.802E-10
  28  2.341E+04  1.894E-10
  28  2.692E+04  1.278E-10
  28  3.095E+04  8.641E-11
  28  3.559E+04  5.836E-11
  28  4.092E+04  3.944E-11
  28  4.705E+04  2.660E-11
  28  5.409E+04  1.797E-11
  28  6.219E+04  1.212E-11
  28  7.151E+04  8.196E-12
  28  8.221E+04  5.529E-12
  28  9.453E+04  3.730E-12
  28  1.087E+05  2.519E-12
  28  1.250E+05  1.699E-12
  28  1.437E+05  1.148E-12
  28  1.652E+05  7.744E-13
  28  1.899E+05  5.225E-13
  28  2.184E+05  3.527E-13
  28  2.511E+05  2.381E-13
  28  2.887E+05  1.605E-13
  28  3.319E+05  1.086E-13
  28  3.816E+05  7.294E-14
  28  4.387E+05  4.958E-14
  28  5.045E+05  3.310E-14
  28  5.800E+05  2.267E-14
